[0.086s] Invoking command in '/home/cc/ee106a/fa25/class/ee106a-abg/REAL-Real-Steel/src/build/imu_tools': AMENT_PREFIX_PATH=/home/cc/ee106a/fa25/class/ee106a-abg/REAL-Real-Steel/src/install/rviz_imu_plugin:/home/cc/ee106a/fa25/class/ee106a-abg/REAL-Real-Steel/src/install/imu_filter_madgwick:/home/cc/ee106a/fa25/class/ee106a-abg/REAL-Real-Steel/src/install/imu_complementary_filter:${AMENT_PREFIX_PATH} CMAKE_PREFIX_PATH=/home/cc/ee106a/fa25/class/ee106a-abg/REAL-Real-Steel/src/install/rviz_imu_plugin:/home/cc/ee106a/fa25/class/ee106a-abg/REAL-Real-Steel/src/install/imu_filter_madgwick:/home/cc/ee106a/fa25/class/ee106a-abg/REAL-Real-Steel/src/install/imu_complementary_filter:/home/ff/ee106a/robot_workspaces/ur/install/ur7e_utils:/opt/ros/humble LD_LIBRARY_PATH=/home/cc/ee106a/fa25/class/ee106a-abg/REAL-Real-Steel/src/install/rviz_imu_plugin/lib:/home/cc/ee106a/fa25/class/ee106a-abg/REAL-Real-Steel/src/install/imu_filter_madgwick/lib:/home/cc/ee106a/fa25/class/ee106a-abg/REAL-Real-Steel/src/install/imu_complementary_filter/lib:${LD_LIBRARY_PATH} /usr/bin/cmake /home/cc/ee106a/fa25/class/ee106a-abg/REAL-Real-Steel/src/imu_tools/imu_tools -DCMAKE_INSTALL_PREFIX=/home/cc/ee106a/fa25/class/ee106a-abg/REAL-Real-Steel/src/install/imu_tools
[0.298s] -- The C compiler identification is GNU 11.4.0
[0.441s] -- The CXX compiler identification is GNU 11.4.0
[0.463s] -- Detecting C compiler ABI info
[0.736s] -- Detecting C compiler ABI info - done
[0.755s] -- Check for working C compiler: /usr/bin/cc - skipped
[0.756s] -- Detecting C compile features
[0.757s] -- Detecting C compile features - done
[0.773s] -- Detecting CXX compiler ABI info
[1.012s] -- Detecting CXX compiler ABI info - done
[1.028s] -- Check for working CXX compiler: /usr/bin/c++ - skipped
[1.029s] -- Detecting CXX compile features
[1.030s] -- Detecting CXX compile features - done
[1.053s] -- Found ament_cmake: 1.3.12 (/opt/ros/humble/share/ament_cmake/cmake)
[1.423s] -- Found Python3: /usr/bin/python3 (found version "3.10.12") found components: Interpreter 
[1.910s] -- Configuring done
[1.997s] -- Generating done
[2.041s] -- Build files have been written to: /home/cc/ee106a/fa25/class/ee106a-abg/REAL-Real-Steel/src/build/imu_tools
[2.049s] Invoked command in '/home/cc/ee106a/fa25/class/ee106a-abg/REAL-Real-Steel/src/build/imu_tools' returned '0': AMENT_PREFIX_PATH=/home/cc/ee106a/fa25/class/ee106a-abg/REAL-Real-Steel/src/install/rviz_imu_plugin:/home/cc/ee106a/fa25/class/ee106a-abg/REAL-Real-Steel/src/install/imu_filter_madgwick:/home/cc/ee106a/fa25/class/ee106a-abg/REAL-Real-Steel/src/install/imu_complementary_filter:${AMENT_PREFIX_PATH} CMAKE_PREFIX_PATH=/home/cc/ee106a/fa25/class/ee106a-abg/REAL-Real-Steel/src/install/rviz_imu_plugin:/home/cc/ee106a/fa25/class/ee106a-abg/REAL-Real-Steel/src/install/imu_filter_madgwick:/home/cc/ee106a/fa25/class/ee106a-abg/REAL-Real-Steel/src/install/imu_complementary_filter:/home/ff/ee106a/robot_workspaces/ur/install/ur7e_utils:/opt/ros/humble LD_LIBRARY_PATH=/home/cc/ee106a/fa25/class/ee106a-abg/REAL-Real-Steel/src/install/rviz_imu_plugin/lib:/home/cc/ee106a/fa25/class/ee106a-abg/REAL-Real-Steel/src/install/imu_filter_madgwick/lib:/home/cc/ee106a/fa25/class/ee106a-abg/REAL-Real-Steel/src/install/imu_complementary_filter/lib:${LD_LIBRARY_PATH} /usr/bin/cmake /home/cc/ee106a/fa25/class/ee106a-abg/REAL-Real-Steel/src/imu_tools/imu_tools -DCMAKE_INSTALL_PREFIX=/home/cc/ee106a/fa25/class/ee106a-abg/REAL-Real-Steel/src/install/imu_tools
[2.055s] Invoking command in '/home/cc/ee106a/fa25/class/ee106a-abg/REAL-Real-Steel/src/build/imu_tools': AMENT_PREFIX_PATH=/home/cc/ee106a/fa25/class/ee106a-abg/REAL-Real-Steel/src/install/rviz_imu_plugin:/home/cc/ee106a/fa25/class/ee106a-abg/REAL-Real-Steel/src/install/imu_filter_madgwick:/home/cc/ee106a/fa25/class/ee106a-abg/REAL-Real-Steel/src/install/imu_complementary_filter:${AMENT_PREFIX_PATH} CMAKE_PREFIX_PATH=/home/cc/ee106a/fa25/class/ee106a-abg/REAL-Real-Steel/src/install/rviz_imu_plugin:/home/cc/ee106a/fa25/class/ee106a-abg/REAL-Real-Steel/src/install/imu_filter_madgwick:/home/cc/ee106a/fa25/class/ee106a-abg/REAL-Real-Steel/src/install/imu_complementary_filter:/home/ff/ee106a/robot_workspaces/ur/install/ur7e_utils:/opt/ros/humble LD_LIBRARY_PATH=/home/cc/ee106a/fa25/class/ee106a-abg/REAL-Real-Steel/src/install/rviz_imu_plugin/lib:/home/cc/ee106a/fa25/class/ee106a-abg/REAL-Real-Steel/src/install/imu_filter_madgwick/lib:/home/cc/ee106a/fa25/class/ee106a-abg/REAL-Real-Steel/src/install/imu_complementary_filter/lib:${LD_LIBRARY_PATH} /usr/bin/cmake --build /home/cc/ee106a/fa25/class/ee106a-abg/REAL-Real-Steel/src/build/imu_tools -- -j32 -l32
[2.169s] Invoked command in '/home/cc/ee106a/fa25/class/ee106a-abg/REAL-Real-Steel/src/build/imu_tools' returned '0': AMENT_PREFIX_PATH=/home/cc/ee106a/fa25/class/ee106a-abg/REAL-Real-Steel/src/install/rviz_imu_plugin:/home/cc/ee106a/fa25/class/ee106a-abg/REAL-Real-Steel/src/install/imu_filter_madgwick:/home/cc/ee106a/fa25/class/ee106a-abg/REAL-Real-Steel/src/install/imu_complementary_filter:${AMENT_PREFIX_PATH} CMAKE_PREFIX_PATH=/home/cc/ee106a/fa25/class/ee106a-abg/REAL-Real-Steel/src/install/rviz_imu_plugin:/home/cc/ee106a/fa25/class/ee106a-abg/REAL-Real-Steel/src/install/imu_filter_madgwick:/home/cc/ee106a/fa25/class/ee106a-abg/REAL-Real-Steel/src/install/imu_complementary_filter:/home/ff/ee106a/robot_workspaces/ur/install/ur7e_utils:/opt/ros/humble LD_LIBRARY_PATH=/home/cc/ee106a/fa25/class/ee106a-abg/REAL-Real-Steel/src/install/rviz_imu_plugin/lib:/home/cc/ee106a/fa25/class/ee106a-abg/REAL-Real-Steel/src/install/imu_filter_madgwick/lib:/home/cc/ee106a/fa25/class/ee106a-abg/REAL-Real-Steel/src/install/imu_complementary_filter/lib:${LD_LIBRARY_PATH} /usr/bin/cmake --build /home/cc/ee106a/fa25/class/ee106a-abg/REAL-Real-Steel/src/build/imu_tools -- -j32 -l32
[2.175s] Invoking command in '/home/cc/ee106a/fa25/class/ee106a-abg/REAL-Real-Steel/src/build/imu_tools': AMENT_PREFIX_PATH=/home/cc/ee106a/fa25/class/ee106a-abg/REAL-Real-Steel/src/install/rviz_imu_plugin:/home/cc/ee106a/fa25/class/ee106a-abg/REAL-Real-Steel/src/install/imu_filter_madgwick:/home/cc/ee106a/fa25/class/ee106a-abg/REAL-Real-Steel/src/install/imu_complementary_filter:${AMENT_PREFIX_PATH} CMAKE_PREFIX_PATH=/home/cc/ee106a/fa25/class/ee106a-abg/REAL-Real-Steel/src/install/rviz_imu_plugin:/home/cc/ee106a/fa25/class/ee106a-abg/REAL-Real-Steel/src/install/imu_filter_madgwick:/home/cc/ee106a/fa25/class/ee106a-abg/REAL-Real-Steel/src/install/imu_complementary_filter:/home/ff/ee106a/robot_workspaces/ur/install/ur7e_utils:/opt/ros/humble LD_LIBRARY_PATH=/home/cc/ee106a/fa25/class/ee106a-abg/REAL-Real-Steel/src/install/rviz_imu_plugin/lib:/home/cc/ee106a/fa25/class/ee106a-abg/REAL-Real-Steel/src/install/imu_filter_madgwick/lib:/home/cc/ee106a/fa25/class/ee106a-abg/REAL-Real-Steel/src/install/imu_complementary_filter/lib:${LD_LIBRARY_PATH} /usr/bin/cmake --install /home/cc/ee106a/fa25/class/ee106a-abg/REAL-Real-Steel/src/build/imu_tools
[2.195s] -- Install configuration: ""
[2.203s] -- Installing: /home/cc/ee106a/fa25/class/ee106a-abg/REAL-Real-Steel/src/install/imu_tools/share/ament_index/resource_index/package_run_dependencies/imu_tools
[2.213s] -- Installing: /home/cc/ee106a/fa25/class/ee106a-abg/REAL-Real-Steel/src/install/imu_tools/share/ament_index/resource_index/parent_prefix_path/imu_tools
[2.224s] -- Installing: /home/cc/ee106a/fa25/class/ee106a-abg/REAL-Real-Steel/src/install/imu_tools/share/imu_tools/environment/ament_prefix_path.sh
[2.229s] -- Installing: /home/cc/ee106a/fa25/class/ee106a-abg/REAL-Real-Steel/src/install/imu_tools/share/imu_tools/environment/ament_prefix_path.dsv
[2.235s] -- Installing: /home/cc/ee106a/fa25/class/ee106a-abg/REAL-Real-Steel/src/install/imu_tools/share/imu_tools/environment/path.sh
[2.240s] -- Installing: /home/cc/ee106a/fa25/class/ee106a-abg/REAL-Real-Steel/src/install/imu_tools/share/imu_tools/environment/path.dsv
[2.246s] -- Installing: /home/cc/ee106a/fa25/class/ee106a-abg/REAL-Real-Steel/src/install/imu_tools/share/imu_tools/local_setup.bash
[2.252s] -- Installing: /home/cc/ee106a/fa25/class/ee106a-abg/REAL-Real-Steel/src/install/imu_tools/share/imu_tools/local_setup.sh
[2.259s] -- Installing: /home/cc/ee106a/fa25/class/ee106a-abg/REAL-Real-Steel/src/install/imu_tools/share/imu_tools/local_setup.zsh
[2.266s] -- Installing: /home/cc/ee106a/fa25/class/ee106a-abg/REAL-Real-Steel/src/install/imu_tools/share/imu_tools/local_setup.dsv
[2.272s] -- Installing: /home/cc/ee106a/fa25/class/ee106a-abg/REAL-Real-Steel/src/install/imu_tools/share/imu_tools/package.dsv
[2.282s] -- Installing: /home/cc/ee106a/fa25/class/ee106a-abg/REAL-Real-Steel/src/install/imu_tools/share/ament_index/resource_index/packages/imu_tools
[2.291s] -- Installing: /home/cc/ee106a/fa25/class/ee106a-abg/REAL-Real-Steel/src/install/imu_tools/share/imu_tools/cmake/imu_toolsConfig.cmake
[2.297s] -- Installing: /home/cc/ee106a/fa25/class/ee106a-abg/REAL-Real-Steel/src/install/imu_tools/share/imu_tools/cmake/imu_toolsConfig-version.cmake
[2.304s] -- Installing: /home/cc/ee106a/fa25/class/ee106a-abg/REAL-Real-Steel/src/install/imu_tools/share/imu_tools/package.xml
[2.315s] Invoked command in '/home/cc/ee106a/fa25/class/ee106a-abg/REAL-Real-Steel/src/build/imu_tools' returned '0': AMENT_PREFIX_PATH=/home/cc/ee106a/fa25/class/ee106a-abg/REAL-Real-Steel/src/install/rviz_imu_plugin:/home/cc/ee106a/fa25/class/ee106a-abg/REAL-Real-Steel/src/install/imu_filter_madgwick:/home/cc/ee106a/fa25/class/ee106a-abg/REAL-Real-Steel/src/install/imu_complementary_filter:${AMENT_PREFIX_PATH} CMAKE_PREFIX_PATH=/home/cc/ee106a/fa25/class/ee106a-abg/REAL-Real-Steel/src/install/rviz_imu_plugin:/home/cc/ee106a/fa25/class/ee106a-abg/REAL-Real-Steel/src/install/imu_filter_madgwick:/home/cc/ee106a/fa25/class/ee106a-abg/REAL-Real-Steel/src/install/imu_complementary_filter:/home/ff/ee106a/robot_workspaces/ur/install/ur7e_utils:/opt/ros/humble LD_LIBRARY_PATH=/home/cc/ee106a/fa25/class/ee106a-abg/REAL-Real-Steel/src/install/rviz_imu_plugin/lib:/home/cc/ee106a/fa25/class/ee106a-abg/REAL-Real-Steel/src/install/imu_filter_madgwick/lib:/home/cc/ee106a/fa25/class/ee106a-abg/REAL-Real-Steel/src/install/imu_complementary_filter/lib:${LD_LIBRARY_PATH} /usr/bin/cmake --install /home/cc/ee106a/fa25/class/ee106a-abg/REAL-Real-Steel/src/build/imu_tools
