[0.061s] Invoking command in '/home/cc/ee106a/fa25/class/ee106a-abj/REAL-Real-Steel/build/rviz_imu_plugin': CMAKE_PREFIX_PATH=/home/ff/ee106a/robot_workspaces/ur/install/ur7e_utils:/opt/ros/humble /usr/bin/cmake --build /home/cc/ee106a/fa25/class/ee106a-abj/REAL-Real-Steel/build/rviz_imu_plugin -- -j32 -l32
[0.171s] [ 11%] [34m[1mAutomatic MOC for target rviz_imu_plugin[0m
[0.224s] [ 11%] Built target rviz_imu_plugin_autogen
[0.328s] [100%] Built target rviz_imu_plugin
[0.431s] Invoked command in '/home/cc/ee106a/fa25/class/ee106a-abj/REAL-Real-Steel/build/rviz_imu_plugin' returned '0': CMAKE_PREFIX_PATH=/home/ff/ee106a/robot_workspaces/ur/install/ur7e_utils:/opt/ros/humble /usr/bin/cmake --build /home/cc/ee106a/fa25/class/ee106a-abj/REAL-Real-Steel/build/rviz_imu_plugin -- -j32 -l32
[0.434s] Invoking command in '/home/cc/ee106a/fa25/class/ee106a-abj/REAL-Real-Steel/build/rviz_imu_plugin': CMAKE_PREFIX_PATH=/home/ff/ee106a/robot_workspaces/ur/install/ur7e_utils:/opt/ros/humble /usr/bin/cmake --install /home/cc/ee106a/fa25/class/ee106a-abj/REAL-Real-Steel/build/rviz_imu_plugin
[0.450s] -- Install configuration: ""
[0.451s] -- Up-to-date: /home/cc/ee106a/fa25/class/ee106a-abj/REAL-Real-Steel/install/rviz_imu_plugin/share/rviz_imu_plugin/plugin_description.xml
[0.452s] -- Up-to-date: /home/cc/ee106a/fa25/class/ee106a-abj/REAL-Real-Steel/install/rviz_imu_plugin/share/rviz_imu_plugin/environment/library_path.sh
[0.453s] -- Up-to-date: /home/cc/ee106a/fa25/class/ee106a-abj/REAL-Real-Steel/install/rviz_imu_plugin/share/rviz_imu_plugin/environment/library_path.dsv
[0.457s] -- Up-to-date: /home/cc/ee106a/fa25/class/ee106a-abj/REAL-Real-Steel/install/rviz_imu_plugin/lib/librviz_imu_plugin.so
[0.462s] -- Up-to-date: /home/cc/ee106a/fa25/class/ee106a-abj/REAL-Real-Steel/install/rviz_imu_plugin/share/ament_index/resource_index/package_run_dependencies/rviz_imu_plugin
[0.463s] -- Up-to-date: /home/cc/ee106a/fa25/class/ee106a-abj/REAL-Real-Steel/install/rviz_imu_plugin/share/ament_index/resource_index/parent_prefix_path/rviz_imu_plugin
[0.464s] -- Up-to-date: /home/cc/ee106a/fa25/class/ee106a-abj/REAL-Real-Steel/install/rviz_imu_plugin/share/rviz_imu_plugin/environment/ament_prefix_path.sh
[0.465s] -- Up-to-date: /home/cc/ee106a/fa25/class/ee106a-abj/REAL-Real-Steel/install/rviz_imu_plugin/share/rviz_imu_plugin/environment/ament_prefix_path.dsv
[0.466s] -- Up-to-date: /home/cc/ee106a/fa25/class/ee106a-abj/REAL-Real-Steel/install/rviz_imu_plugin/share/rviz_imu_plugin/environment/path.sh
[0.467s] -- Up-to-date: /home/cc/ee106a/fa25/class/ee106a-abj/REAL-Real-Steel/install/rviz_imu_plugin/share/rviz_imu_plugin/environment/path.dsv
[0.467s] -- Up-to-date: /home/cc/ee106a/fa25/class/ee106a-abj/REAL-Real-Steel/install/rviz_imu_plugin/share/rviz_imu_plugin/local_setup.bash
[0.468s] -- Up-to-date: /home/cc/ee106a/fa25/class/ee106a-abj/REAL-Real-Steel/install/rviz_imu_plugin/share/rviz_imu_plugin/local_setup.sh
[0.469s] -- Up-to-date: /home/cc/ee106a/fa25/class/ee106a-abj/REAL-Real-Steel/install/rviz_imu_plugin/share/rviz_imu_plugin/local_setup.zsh
[0.470s] -- Up-to-date: /home/cc/ee106a/fa25/class/ee106a-abj/REAL-Real-Steel/install/rviz_imu_plugin/share/rviz_imu_plugin/local_setup.dsv
[0.471s] -- Installing: /home/cc/ee106a/fa25/class/ee106a-abj/REAL-Real-Steel/install/rviz_imu_plugin/share/rviz_imu_plugin/package.dsv
[0.479s] -- Up-to-date: /home/cc/ee106a/fa25/class/ee106a-abj/REAL-Real-Steel/install/rviz_imu_plugin/share/ament_index/resource_index/packages/rviz_imu_plugin
[0.480s] -- Up-to-date: /home/cc/ee106a/fa25/class/ee106a-abj/REAL-Real-Steel/install/rviz_imu_plugin/share/ament_index/resource_index/rviz_common__pluginlib__plugin/rviz_imu_plugin
[0.481s] -- Up-to-date: /home/cc/ee106a/fa25/class/ee106a-abj/REAL-Real-Steel/install/rviz_imu_plugin/share/rviz_imu_plugin/cmake/ament_cmake_export_include_directories-extras.cmake
[0.481s] -- Up-to-date: /home/cc/ee106a/fa25/class/ee106a-abj/REAL-Real-Steel/install/rviz_imu_plugin/share/rviz_imu_plugin/cmake/ament_cmake_export_libraries-extras.cmake
[0.482s] -- Up-to-date: /home/cc/ee106a/fa25/class/ee106a-abj/REAL-Real-Steel/install/rviz_imu_plugin/share/rviz_imu_plugin/cmake/ament_cmake_export_dependencies-extras.cmake
[0.483s] -- Up-to-date: /home/cc/ee106a/fa25/class/ee106a-abj/REAL-Real-Steel/install/rviz_imu_plugin/share/rviz_imu_plugin/cmake/rviz_imu_pluginConfig.cmake
[0.484s] -- Up-to-date: /home/cc/ee106a/fa25/class/ee106a-abj/REAL-Real-Steel/install/rviz_imu_plugin/share/rviz_imu_plugin/cmake/rviz_imu_pluginConfig-version.cmake
[0.485s] -- Up-to-date: /home/cc/ee106a/fa25/class/ee106a-abj/REAL-Real-Steel/install/rviz_imu_plugin/share/rviz_imu_plugin/package.xml
[0.489s] Invoked command in '/home/cc/ee106a/fa25/class/ee106a-abj/REAL-Real-Steel/build/rviz_imu_plugin' returned '0': CMAKE_PREFIX_PATH=/home/ff/ee106a/robot_workspaces/ur/install/ur7e_utils:/opt/ros/humble /usr/bin/cmake --install /home/cc/ee106a/fa25/class/ee106a-abj/REAL-Real-Steel/build/rviz_imu_plugin
