[0.000000] (-) TimerEvent: {}
[0.000113] (my-test-package) JobQueued: {'identifier': 'my-test-package', 'dependencies': OrderedDict()}
[0.000141] (my-test-package) JobStarted: {'identifier': 'my-test-package'}
[0.099042] (-) TimerEvent: {}
[0.199382] (-) TimerEvent: {}
[0.299734] (-) TimerEvent: {}
[0.400169] (-) TimerEvent: {}
[0.500548] (-) TimerEvent: {}
[0.600809] (-) TimerEvent: {}
[0.701255] (-) TimerEvent: {}
[0.709066] (my-test-package) Command: {'cmd': ['/home/ff/ee106a/venvs/turtlebot/bin/python3', '-W', 'ignore:setup.py install is deprecated', '-W', 'ignore:easy_install command is deprecated', 'setup.py', 'egg_info', '--egg-base', '../../../../../../../../../build/my-test-package', 'build', '--build-base', '/home/cc/ee106a/fa25/class/ee106a-abh/REAL-Real-Steel/build/my-test-package/build', 'install', '--record', '/home/cc/ee106a/fa25/class/ee106a-abh/REAL-Real-Steel/build/my-test-package/install.log', '--single-version-externally-managed'], 'cwd': '/home/cc/ee106a/fa25/class/ee106a-abh/REAL-Real-Steel/venvs/turtlebot/lib/python3.10/site-packages/pkg_resources/tests/data/my-test-package-source', 'env': {'ARCH': 'x86_64', 'QT_SCALE_FACTOR': '1', 'USER': 'ee106a-abh', 'HOSTNAME': 'ros2', 'XDG_SESSION_TYPE': 'x11', 'MASTERDIR': '/home/ff/ee106a', 'COMPIZ_CONFIG_PROFILE': 'mate', 'XDG_CACHE_HOME': '/home/cc/ee106a/fa25/class/ee106a-abh/.cache', 'SHLVL': '2', 'LD_LIBRARY_PATH': '/opt/ros/turtlebot3_ws/install/turtlebot3_msgs/lib:/opt/ros/turtlebot3_ws/install/dynamixel_sdk_custom_interfaces/lib:/opt/ros/turtlebot3_ws/install/dynamixel_sdk/lib:/usr/lib/x86_64-linux-gnu/gazebo-11/plugins:/opt/ros/humble/opt/rviz_ogre_vendor/lib:/opt/ros/humble/lib/x86_64-linux-gnu:/opt/ros/humble/lib', 'HOME': '/home/cc/ee106a/fa25/class/ee106a-abh', 'OLDPWD': '/home/cc/ee106a/fa25/class/ee106a-abh', 'DESKTOP_SESSION': 'mate', 'ROS_PYTHON_VERSION': '3', 'GTK_MODULES': 'gail:atk-bridge:appmenu-gtk-module:gail:atk-bridge:canberra-gtk-module', 'DISTROBOX_ENTER_PATH': '/usr/local/bin/distrobox-enter', 'SYSTEMD_EXEC_PID': '735968', 'NNTPSERVER': 'news.csua.berkeley.edu', 'VISUAL': 'emacs', 'XDG_STATE_HOME': '/home/cc/ee106a/fa25/class/ee106a-abh/.local/state', 'DBUS_SESSION_BUS_ADDRESS': 'unix:path=/run/user/90033/bus', 'COLORTERM': 'truecolor', 'container': 'podman', 'UBUNTU_MENUPROXY': '1', 'QT_QPA_PLATFORMTHEME': 'gtk2', 'COLCON_PREFIX_PATH': '/opt/ros/turtlebot3_ws/install', 'ROS_DISTRO': 'humble', 'GTK_IM_MODULE': 'ibus', 'LOGNAME': 'ee106a-abh', 'MASTER': 'ee106a', 'WINDOWID': '71316079', 'ROS_VERSION': '2', 'XDG_SESSION_CLASS': 'user', 'TERMINFO_DIRS': '/usr/share/terminfo:/run/host/usr/share/terminfo', 'USERNAME': 'ee106a-abh', 'TERM': 'xterm-256color', 'GTK_OVERLAY_SCROLLING': '0', 'XDG_SESSION_ID': '9017', 'ROS_LOCALHOST_ONLY': '0', 'WINDOWPATH': '2', 'PATH': '/home/ff/ee106a/venvs/turtlebot/bin:/opt/ros/humble/bin:/share/b/grading/bin:/home/ff/ee106a/bin:/home/ff/ee106a/bin/arch/x86_64:/share/b/grading/bin:/home/ff/ee106a/bin:/home/ff/ee106a/bin/arch/x86_64:/usr/local/sbin:/usr/local/bin:/usr/sbin:/usr/bin:/sbin:/bin:/usr/games:/usr/local/games:/snap/bin:/snap/bin:/share/b/grading/bin:/share/b/grading/sbin:/share/b/runas/x86_64:/share/b/bin:/home/ff/ee106a/venvs/all:/usr/local/sbin:/usr/local/bin:/usr/sbin:/usr/bin:/sbin:/bin:/share/b/grading/bin:/share/b/grading/sbin:/share/b/runas/x86_64:/share/b/bin:/home/ff/ee106a/venvs/all', 'SESSION_MANAGER': 'local/c105-5:@/tmp/.ICE-unix/736057,unix/c105-5:/tmp/.ICE-unix/736057', 'OS': 'Linux', 'XDG_RUNTIME_DIR': '/run/user/90033', 'DISPLAY': ':1', 'LANG': 'en_US.UTF-8', 'XDG_CURRENT_DESKTOP': 'MATE', 'VIRTUAL_ENV_PROMPT': '(turtlebot)', 'XDG_DATA_HOME': '/home/cc/ee106a/fa25/class/ee106a-abh/.local/share', 'XDG_CONFIG_HOME': '/home/cc/ee106a/fa25/class/ee106a-abh/.config', 'XMODIFIERS': '@im=ibus', 'XDG_SESSION_DESKTOP': 'mate', 'XAUTHORITY': '/run/user/90033/gdm/Xauthority', 'SSH_AUTH_SOCK': '/run/user/90033/keyring/ssh', 'ROS_DOMAIN_ID': '25', 'AMENT_PREFIX_PATH': '/opt/ros/turtlebot3_ws/install/turtlebot3:/opt/ros/turtlebot3_ws/install/turtlebot3_teleop:/opt/ros/turtlebot3_ws/install/turtlebot3_bringup:/opt/ros/turtlebot3_ws/install/turtlebot3_node:/opt/ros/turtlebot3_ws/install/turtlebot3_navigation2:/opt/ros/turtlebot3_ws/install/turtlebot3_example:/opt/ros/turtlebot3_ws/install/turtlebot3_msgs:/opt/ros/turtlebot3_ws/install/turtlebot3_description:/opt/ros/turtlebot3_ws/install/turtlebot3_cartographer:/opt/ros/turtlebot3_ws/install/dynamixel_sdk_examples:/opt/ros/turtlebot3_ws/install/dynamixel_sdk_custom_interfaces:/opt/ros/turtlebot3_ws/install/dynamixel_sdk:/opt/ros/humble', 'SHELL': '/usr/bin/bash', 'QT_ACCESSIBILITY': '1', 'GDMSESSION': 'mate', 'RUNAS': '/share/b/runas/x86_64', 'GPG_AGENT_INFO': '/run/user/90033/gnupg/S.gpg-agent:0:1', 'CONFIG_SHELL': '/usr/bin/ksh', 'VIRTUAL_ENV': '/home/ff/ee106a/venvs/turtlebot', 'QT_IM_MODULE': 'ibus', 'PWD': '/home/cc/ee106a/fa25/class/ee106a-abh/REAL-Real-Steel/build/my-test-package', 'EE106_ENV_SETUP': 'turtlebot_ros2', 'CONTAINER_ID': 'ros2', 'TURTLEBOT3_MODEL': 'burger', 'LC_ALL': 'C.UTF-8', 'XDG_CONFIG_DIRS': '/etc/xdg/xdg-mate:/etc/xdg', 'CLUTTER_IM_MODULE': 'ibus', 'XDG_DATA_DIRS': '/usr/share/mate:/usr/share/mate:/usr/share/gnome:/home/cc/ee106a/fa25/class/ee106a-abh/.local/share/flatpak/exports/share:/var/lib/flatpak/exports/share:/usr/local/share/:/usr/share/:/var/lib/snapd/desktop:/usr/local/share:/usr/share', 'PYTHONPATH': '/home/cc/ee106a/fa25/class/ee106a-abh/REAL-Real-Steel/build/my-test-package/prefix_override:/usr/lib/python3/dist-packages/colcon_core/task/python/colcon_distutils_commands:/home/cc/ee106a/fa25/class/ee106a-abh/REAL-Real-Steel/install/my-test-package/lib/python3.10/site-packages:/opt/ros/turtlebot3_ws/build/turtlebot3_teleop:/opt/ros/turtlebot3_ws/install/turtlebot3_teleop/lib/python3.10/site-packages:/opt/ros/turtlebot3_ws/build/turtlebot3_example:/opt/ros/turtlebot3_ws/install/turtlebot3_example/lib/python3.10/site-packages:/opt/ros/turtlebot3_ws/install/turtlebot3_msgs/local/lib/python3.10/dist-packages:/opt/ros/turtlebot3_ws/install/dynamixel_sdk_custom_interfaces/local/lib/python3.10/dist-packages:/opt/ros/turtlebot3_ws/install/dynamixel_sdk/local/lib/python3.10/dist-packages:/opt/ros/humble/lib/python3.10/site-packages:/opt/ros/humble/local/lib/python3.10/dist-packages', 'MATE_DESKTOP_SESSION_ID': 'this-is-deprecated', 'COLCON': '1', 'MANPATH': '/usr/local/man:/usr/man:/usr/X11/man:/usr/local/man:/share/b/grading/man:/usr/local/man:/usr/man:/usr/X11/man:/usr/local/man:/share/b/grading/man:', 'VTE_VERSION': '6800', 'EDITOR': 'emacs', 'CMAKE_PREFIX_PATH': '/opt/ros/turtlebot3_ws/install/turtlebot3:/opt/ros/turtlebot3_ws/install/turtlebot3_bringup:/opt/ros/turtlebot3_ws/install/turtlebot3_node:/opt/ros/turtlebot3_ws/install/turtlebot3_navigation2:/opt/ros/turtlebot3_ws/install/turtlebot3_msgs:/opt/ros/turtlebot3_ws/install/turtlebot3_description:/opt/ros/turtlebot3_ws/install/turtlebot3_cartographer:/opt/ros/turtlebot3_ws/install/dynamixel_sdk_examples:/opt/ros/turtlebot3_ws/install/dynamixel_sdk_custom_interfaces:/opt/ros/turtlebot3_ws/install/dynamixel_sdk', 'QT_FONT_DPI': '122'}, 'shell': False}
[0.801343] (-) TimerEvent: {}
[0.901562] (-) TimerEvent: {}
[0.978175] (my-test-package) StdoutLine: {'line': b'running egg_info\n'}
[0.978720] (my-test-package) StdoutLine: {'line': b'creating ../../../../../../../../../build/my-test-package/my_test_package.egg-info\n'}
[0.979608] (my-test-package) StdoutLine: {'line': b'writing ../../../../../../../../../build/my-test-package/my_test_package.egg-info/PKG-INFO\n'}
[0.983662] (my-test-package) StdoutLine: {'line': b'writing dependency_links to ../../../../../../../../../build/my-test-package/my_test_package.egg-info/dependency_links.txt\n'}
[0.986217] (my-test-package) StdoutLine: {'line': b'writing top-level names to ../../../../../../../../../build/my-test-package/my_test_package.egg-info/top_level.txt\n'}
[0.988018] (my-test-package) StdoutLine: {'line': b"writing manifest file '../../../../../../../../../build/my-test-package/my_test_package.egg-info/SOURCES.txt'\n"}
[0.991465] (my-test-package) StdoutLine: {'line': b"reading manifest file '../../../../../../../../../build/my-test-package/my_test_package.egg-info/SOURCES.txt'\n"}
[0.993859] (my-test-package) StdoutLine: {'line': b"writing manifest file '../../../../../../../../../build/my-test-package/my_test_package.egg-info/SOURCES.txt'\n"}
[0.994831] (my-test-package) StdoutLine: {'line': b'running build\n'}
[0.994988] (my-test-package) StdoutLine: {'line': b'running install\n'}
[0.995434] (my-test-package) StdoutLine: {'line': b'running install_egg_info\n'}
[1.000849] (my-test-package) StdoutLine: {'line': b'Copying ../../../../../../../../../build/my-test-package/my_test_package.egg-info to /home/cc/ee106a/fa25/class/ee106a-abh/REAL-Real-Steel/install/my-test-package/lib/python3.10/site-packages/my_test_package-1.0-py3.10.egg-info\n'}
[1.001615] (-) TimerEvent: {}
[1.021313] (my-test-package) StdoutLine: {'line': b'running install_scripts\n'}
[1.049115] (my-test-package) StdoutLine: {'line': b"writing list of installed files to '/home/cc/ee106a/fa25/class/ee106a-abh/REAL-Real-Steel/build/my-test-package/install.log'\n"}
[1.063181] (my-test-package) CommandEnded: {'returncode': 0}
[1.100316] (my-test-package) JobEnded: {'identifier': 'my-test-package', 'rc': 0}
[1.104299] (-) TimerEvent: {}
[1.104411] (-) EventReactorShutdown: {}
