[0.063s] Invoking command in '/home/cc/ee106a/fa25/class/ee106a-abg/REAL-Real-Steel/build/rviz_imu_plugin': CMAKE_PREFIX_PATH=/home/ff/ee106a/robot_workspaces/ur/install/ur7e_utils:/opt/ros/humble /usr/bin/cmake /home/cc/ee106a/fa25/class/ee106a-abg/REAL-Real-Steel/src/imu_tools/rviz_imu_plugin -DCMAKE_INSTALL_PREFIX=/home/cc/ee106a/fa25/class/ee106a-abg/REAL-Real-Steel/install/rviz_imu_plugin
[0.231s] -- The C compiler identification is GNU 11.4.0
[0.412s] -- The CXX compiler identification is GNU 11.4.0
[0.444s] -- Detecting C compiler ABI info
[0.751s] -- Detecting C compiler ABI info - done
[0.773s] -- Check for working C compiler: /usr/bin/cc - skipped
[0.773s] -- Detecting C compile features
[0.774s] -- Detecting C compile features - done
[0.796s] -- Detecting CXX compiler ABI info
[1.116s] -- Detecting CXX compiler ABI info - done
[1.137s] -- Check for working CXX compiler: /usr/bin/c++ - skipped
[1.137s] -- Detecting CXX compile features
[1.138s] -- Detecting CXX compile features - done
[1.172s] -- Found ament_cmake: 1.3.12 (/opt/ros/humble/share/ament_cmake/cmake)
[1.457s] -- Found Python3: /usr/bin/python3 (found version "3.10.12") found components: Interpreter 
[1.765s] -- Found message_filters: 4.3.8 (/opt/ros/humble/share/message_filters/cmake)
[1.842s] -- Found rosidl_generator_c: 3.1.7 (/opt/ros/humble/share/rosidl_generator_c/cmake)
[1.853s] -- Found rosidl_adapter: 3.1.7 (/opt/ros/humble/share/rosidl_adapter/cmake)
[1.867s] -- Found rosidl_generator_cpp: 3.1.7 (/opt/ros/humble/share/rosidl_generator_cpp/cmake)
[1.882s] -- Using all available rosidl_typesupport_c: rosidl_typesupport_fastrtps_c;rosidl_typesupport_introspection_c
[1.911s] -- Using all available rosidl_typesupport_cpp: rosidl_typesupport_fastrtps_cpp;rosidl_typesupport_introspection_cpp
[1.983s] -- Found rmw_implementation_cmake: 6.1.2 (/opt/ros/humble/share/rmw_implementation_cmake/cmake)
[1.988s] -- Found rmw_fastrtps_cpp: 6.2.8 (/opt/ros/humble/share/rmw_fastrtps_cpp/cmake)
[2.384s] -- Found OpenSSL: /usr/lib/x86_64-linux-gnu/libcrypto.so (found version "3.0.2")  
[2.431s] -- Found FastRTPS: /opt/ros/humble/include  
[2.482s] -- Using RMW implementation 'rmw_fastrtps_cpp' as default
[2.515s] -- Looking for pthread.h
[2.829s] -- Looking for pthread.h - found
[2.835s] -- Performing Test CMAKE_HAVE_LIBC_PTHREAD
[3.159s] -- Performing Test CMAKE_HAVE_LIBC_PTHREAD - Success
[3.161s] -- Found Threads: TRUE  
[3.277s] -- Found rviz_common: 11.2.20 (/opt/ros/humble/share/rviz_common/cmake)
[3.290s] -- Setting assimp_DIR to: '/opt/ros/humble/share/rviz_assimp_vendor/cmake/../../../opt/rviz_assimp_vendor/lib/cmake/assimp-4.1'
[3.311s] -- Setting OGRE_DIR to: '/opt/ros/humble/share/rviz_ogre_vendor/cmake/../../../opt/rviz_ogre_vendor/lib/OGRE/cmake'
[3.313s] -- Found OGRE
[3.314s] --   static     : OFF
[3.314s] --   components : HLMS;MeshLodGenerator;Overlay;Paging;Property;RTShaderSystem;Terrain;Volume
[3.314s] --   plugins    : Plugin_BSPSceneManager;Plugin_OctreeSceneManager;Plugin_PCZSceneManager;Plugin_ParticleFX;RenderSystem_GL;RenderSystem_GL3Plus;Codec_STBI
[3.314s] --   media      : /opt/ros/humble/opt/rviz_ogre_vendor/share/OGRE/Media
[3.314s] -- OGRE_LIBRARIES: OgreHLMS;OgreMeshLodGenerator;OgreOverlay;OgrePaging;OgreProperty;OgreRTShaderSystem;OgreTerrain;OgreVolume;OgreMain
[3.314s] -- OGRE_LIBRARY_DIRS: /opt/ros/humble/opt/rviz_ogre_vendor/lib
[3.315s] -- OGRE_PLUGINS: Plugin_BSPSceneManager;Plugin_OctreeSceneManager;Plugin_PCZSceneManager;Plugin_ParticleFX;RenderSystem_GL;RenderSystem_GL3Plus;Codec_STBI
[3.315s] -- OGRE_PLUGIN_DIR: /opt/ros/humble/opt/rviz_ogre_vendor/lib/OGRE
[3.315s] -- rviz_ogre_vendor::OgreOverlay for IMPORTED_LOCATION_RELEASE: /opt/ros/humble/opt/rviz_ogre_vendor/lib/libOgreOverlay.so
[3.315s] -- rviz_ogre_vendor::OgreOverlay for IMPORTED_LOCATION_DEBUG: /opt/ros/humble/opt/rviz_ogre_vendor/lib/libOgreOverlay.so
[3.315s] -- rviz_ogre_vendor::OgreMain for IMPORTED_LOCATION_RELEASE: /opt/ros/humble/opt/rviz_ogre_vendor/lib/libOgreMain.so
[3.315s] -- rviz_ogre_vendor::OgreMain for IMPORTED_LOCATION_DEBUG: /opt/ros/humble/opt/rviz_ogre_vendor/lib/libOgreMain.so
[3.335s] -- Found ZLIB: /usr/lib/x86_64-linux-gnu/libz.so (found version "1.2.11") 
[3.362s] -- Found OpenGL: /usr/lib/x86_64-linux-gnu/libOpenGL.so   
[3.484s] -- Found X11: /usr/include   
[3.484s] -- Looking for XOpenDisplay in /usr/lib/x86_64-linux-gnu/libX11.so;/usr/lib/x86_64-linux-gnu/libXext.so
[3.705s] -- Looking for XOpenDisplay in /usr/lib/x86_64-linux-gnu/libX11.so;/usr/lib/x86_64-linux-gnu/libXext.so - found
[3.708s] -- Looking for gethostbyname
[4.010s] -- Looking for gethostbyname - found
[4.012s] -- Looking for connect
[4.308s] -- Looking for connect - found
[4.310s] -- Looking for remove
[4.519s] -- Looking for remove - found
[4.521s] -- Looking for shmat
[4.716s] -- Looking for shmat - found
[4.718s] -- Looking for IceConnectionNumber in ICE
[4.891s] -- Looking for IceConnectionNumber in ICE - found
[4.996s] -- library: /usr/lib/x86_64-linux-gnu/libcurl.so
[5.090s] -- Found Eigen3: TRUE (found version "3.4.0") 
[5.091s] -- Ensuring Eigen3 include directory is part of orocos-kdl CMake target
[5.415s] -- Configuring done
[5.683s] -- Generating done
[5.755s] -- Build files have been written to: /home/cc/ee106a/fa25/class/ee106a-abg/REAL-Real-Steel/build/rviz_imu_plugin
[5.764s] Invoked command in '/home/cc/ee106a/fa25/class/ee106a-abg/REAL-Real-Steel/build/rviz_imu_plugin' returned '0': CMAKE_PREFIX_PATH=/home/ff/ee106a/robot_workspaces/ur/install/ur7e_utils:/opt/ros/humble /usr/bin/cmake /home/cc/ee106a/fa25/class/ee106a-abg/REAL-Real-Steel/src/imu_tools/rviz_imu_plugin -DCMAKE_INSTALL_PREFIX=/home/cc/ee106a/fa25/class/ee106a-abg/REAL-Real-Steel/install/rviz_imu_plugin
[5.769s] Invoking command in '/home/cc/ee106a/fa25/class/ee106a-abg/REAL-Real-Steel/build/rviz_imu_plugin': CMAKE_PREFIX_PATH=/home/ff/ee106a/robot_workspaces/ur/install/ur7e_utils:/opt/ros/humble /usr/bin/cmake --build /home/cc/ee106a/fa25/class/ee106a-abg/REAL-Real-Steel/build/rviz_imu_plugin -- -j32 -l32
[5.865s] [ 11%] [34m[1mAutomatic MOC for target rviz_imu_plugin[0m
[6.258s] [ 11%] Built target rviz_imu_plugin_autogen
[6.319s] [ 33%] [32mBuilding CXX object CMakeFiles/rviz_imu_plugin.dir/src/imu_display.cpp.o[0m
[6.319s] [ 33%] [32mBuilding CXX object CMakeFiles/rviz_imu_plugin.dir/rviz_imu_plugin_autogen/mocs_compilation.cpp.o[0m
[6.325s] [ 66%] [32mBuilding CXX object CMakeFiles/rviz_imu_plugin.dir/src/imu_orientation_visual.cpp.o[0m
[6.328s] [ 88%] [32mBuilding CXX object CMakeFiles/rviz_imu_plugin.dir/src/imu_acc_visual.cpp.o[0m
[6.328s] [ 88%] [32mBuilding CXX object CMakeFiles/rviz_imu_plugin.dir/src/imu_axes_visual.cpp.o[0m
[6.328s] [ 88%] [32mBuilding CXX object CMakeFiles/rviz_imu_plugin.dir/src/mag_display.cpp.o[0m
[6.330s] [ 88%] [32mBuilding CXX object CMakeFiles/rviz_imu_plugin.dir/src/mag_visual.cpp.o[0m
[15.881s] [100%] [32m[1mLinking CXX shared library librviz_imu_plugin.so[0m
[17.755s] [100%] Built target rviz_imu_plugin
[17.803s] Invoked command in '/home/cc/ee106a/fa25/class/ee106a-abg/REAL-Real-Steel/build/rviz_imu_plugin' returned '0': CMAKE_PREFIX_PATH=/home/ff/ee106a/robot_workspaces/ur/install/ur7e_utils:/opt/ros/humble /usr/bin/cmake --build /home/cc/ee106a/fa25/class/ee106a-abg/REAL-Real-Steel/build/rviz_imu_plugin -- -j32 -l32
[17.805s] Invoking command in '/home/cc/ee106a/fa25/class/ee106a-abg/REAL-Real-Steel/build/rviz_imu_plugin': CMAKE_PREFIX_PATH=/home/ff/ee106a/robot_workspaces/ur/install/ur7e_utils:/opt/ros/humble /usr/bin/cmake --install /home/cc/ee106a/fa25/class/ee106a-abg/REAL-Real-Steel/build/rviz_imu_plugin
[17.824s] -- Install configuration: ""
[17.829s] -- Installing: /home/cc/ee106a/fa25/class/ee106a-abg/REAL-Real-Steel/install/rviz_imu_plugin/share/rviz_imu_plugin/plugin_description.xml
[17.839s] -- Installing: /home/cc/ee106a/fa25/class/ee106a-abg/REAL-Real-Steel/install/rviz_imu_plugin/share/rviz_imu_plugin/environment/library_path.sh
[17.844s] -- Installing: /home/cc/ee106a/fa25/class/ee106a-abg/REAL-Real-Steel/install/rviz_imu_plugin/share/rviz_imu_plugin/environment/library_path.dsv
[17.854s] -- Installing: /home/cc/ee106a/fa25/class/ee106a-abg/REAL-Real-Steel/install/rviz_imu_plugin/lib/librviz_imu_plugin.so
[18.006s] -- Set runtime path of "/home/cc/ee106a/fa25/class/ee106a-abg/REAL-Real-Steel/install/rviz_imu_plugin/lib/librviz_imu_plugin.so" to ""
[18.012s] -- Installing: /home/cc/ee106a/fa25/class/ee106a-abg/REAL-Real-Steel/install/rviz_imu_plugin/share/ament_index/resource_index/package_run_dependencies/rviz_imu_plugin
[18.023s] -- Installing: /home/cc/ee106a/fa25/class/ee106a-abg/REAL-Real-Steel/install/rviz_imu_plugin/share/ament_index/resource_index/parent_prefix_path/rviz_imu_plugin
[18.031s] -- Installing: /home/cc/ee106a/fa25/class/ee106a-abg/REAL-Real-Steel/install/rviz_imu_plugin/share/rviz_imu_plugin/environment/ament_prefix_path.sh
[18.037s] -- Installing: /home/cc/ee106a/fa25/class/ee106a-abg/REAL-Real-Steel/install/rviz_imu_plugin/share/rviz_imu_plugin/environment/ament_prefix_path.dsv
[18.043s] -- Installing: /home/cc/ee106a/fa25/class/ee106a-abg/REAL-Real-Steel/install/rviz_imu_plugin/share/rviz_imu_plugin/environment/path.sh
[18.048s] -- Installing: /home/cc/ee106a/fa25/class/ee106a-abg/REAL-Real-Steel/install/rviz_imu_plugin/share/rviz_imu_plugin/environment/path.dsv
[18.055s] -- Installing: /home/cc/ee106a/fa25/class/ee106a-abg/REAL-Real-Steel/install/rviz_imu_plugin/share/rviz_imu_plugin/local_setup.bash
[18.064s] -- Installing: /home/cc/ee106a/fa25/class/ee106a-abg/REAL-Real-Steel/install/rviz_imu_plugin/share/rviz_imu_plugin/local_setup.sh
[18.072s] -- Installing: /home/cc/ee106a/fa25/class/ee106a-abg/REAL-Real-Steel/install/rviz_imu_plugin/share/rviz_imu_plugin/local_setup.zsh
[18.079s] -- Installing: /home/cc/ee106a/fa25/class/ee106a-abg/REAL-Real-Steel/install/rviz_imu_plugin/share/rviz_imu_plugin/local_setup.dsv
[18.086s] -- Installing: /home/cc/ee106a/fa25/class/ee106a-abg/REAL-Real-Steel/install/rviz_imu_plugin/share/rviz_imu_plugin/package.dsv
[18.098s] -- Installing: /home/cc/ee106a/fa25/class/ee106a-abg/REAL-Real-Steel/install/rviz_imu_plugin/share/ament_index/resource_index/packages/rviz_imu_plugin
[18.109s] -- Installing: /home/cc/ee106a/fa25/class/ee106a-abg/REAL-Real-Steel/install/rviz_imu_plugin/share/ament_index/resource_index/rviz_common__pluginlib__plugin/rviz_imu_plugin
[18.120s] -- Installing: /home/cc/ee106a/fa25/class/ee106a-abg/REAL-Real-Steel/install/rviz_imu_plugin/share/rviz_imu_plugin/cmake/ament_cmake_export_include_directories-extras.cmake
[18.126s] -- Installing: /home/cc/ee106a/fa25/class/ee106a-abg/REAL-Real-Steel/install/rviz_imu_plugin/share/rviz_imu_plugin/cmake/ament_cmake_export_libraries-extras.cmake
[18.133s] -- Installing: /home/cc/ee106a/fa25/class/ee106a-abg/REAL-Real-Steel/install/rviz_imu_plugin/share/rviz_imu_plugin/cmake/ament_cmake_export_dependencies-extras.cmake
[18.140s] -- Installing: /home/cc/ee106a/fa25/class/ee106a-abg/REAL-Real-Steel/install/rviz_imu_plugin/share/rviz_imu_plugin/cmake/rviz_imu_pluginConfig.cmake
[18.147s] -- Installing: /home/cc/ee106a/fa25/class/ee106a-abg/REAL-Real-Steel/install/rviz_imu_plugin/share/rviz_imu_plugin/cmake/rviz_imu_pluginConfig-version.cmake
[18.154s] -- Installing: /home/cc/ee106a/fa25/class/ee106a-abg/REAL-Real-Steel/install/rviz_imu_plugin/share/rviz_imu_plugin/package.xml
[18.164s] Invoked command in '/home/cc/ee106a/fa25/class/ee106a-abg/REAL-Real-Steel/build/rviz_imu_plugin' returned '0': CMAKE_PREFIX_PATH=/home/ff/ee106a/robot_workspaces/ur/install/ur7e_utils:/opt/ros/humble /usr/bin/cmake --install /home/cc/ee106a/fa25/class/ee106a-abg/REAL-Real-Steel/build/rviz_imu_plugin
