[0.000000] (-) TimerEvent: {}
[0.000237] (imu_pipeline) JobQueued: {'identifier': 'imu_pipeline', 'dependencies': OrderedDict()}
[0.000450] (imu_pipeline) JobStarted: {'identifier': 'imu_pipeline'}
[0.099624] (-) TimerEvent: {}
[0.199953] (-) TimerEvent: {}
[0.300339] (-) TimerEvent: {}
[0.400692] (-) TimerEvent: {}
[0.501032] (-) TimerEvent: {}
[0.518114] (imu_pipeline) Command: {'cmd': ['/usr/bin/python3', '-W', 'ignore:setup.py install is deprecated', '-W', 'ignore:easy_install command is deprecated', 'setup.py', 'egg_info', '--egg-base', '../build/imu_pipeline', 'build', '--build-base', '/home/cc/ee106a/fa25/class/ee106a-abg/REAL-Real-Steel/src/build/imu_pipeline/build', 'install', '--record', '/home/cc/ee106a/fa25/class/ee106a-abg/REAL-Real-Steel/src/build/imu_pipeline/install.log', '--single-version-externally-managed', 'install_data'], 'cwd': '/home/cc/ee106a/fa25/class/ee106a-abg/REAL-Real-Steel/src/imu_pipeline', 'env': {'ARCH': 'x86_64', 'QT_SCALE_FACTOR': '1', 'USER': 'ee106a-abg', 'HOSTNAME': 'ros2', 'XDG_SESSION_TYPE': 'x11', 'MASTERDIR': '/home/ff/ee106a', 'COMPIZ_CONFIG_PROFILE': 'mate', 'XDG_CACHE_HOME': '/home/cc/ee106a/fa25/class/ee106a-abg/.cache', 'SHLVL': '2', 'LD_LIBRARY_PATH': '/home/ff/ee106a/librealsense/build/Release:/usr/lib/x86_64-linux-gnu/gazebo-11/plugins:/opt/ros/humble/opt/rviz_ogre_vendor/lib:/opt/ros/humble/lib/x86_64-linux-gnu:/opt/ros/humble/lib', 'HOME': '/home/cc/ee106a/fa25/class/ee106a-abg', 'OLDPWD': '/home/cc/ee106a/fa25/class/ee106a-abg/REAL-Real-Steel', 'DESKTOP_SESSION': 'mate', 'ROS_PYTHON_VERSION': '3', 'GTK_MODULES': 'gail:atk-bridge:appmenu-gtk-module:gail:atk-bridge:canberra-gtk-module', 'EE106_UR_ROBOT_IP': '192.168.1.100', 'DISTROBOX_ENTER_PATH': '/usr/local/bin/distrobox-enter', 'SYSTEMD_EXEC_PID': '268087', 'NNTPSERVER': 'news.csua.berkeley.edu', 'VISUAL': 'emacs', 'XDG_STATE_HOME': '/home/cc/ee106a/fa25/class/ee106a-abg/.local/state', 'DBUS_SESSION_BUS_ADDRESS': 'unix:path=/run/user/90032/bus', 'COLORTERM': 'truecolor', 'container': 'podman', 'UBUNTU_MENUPROXY': '1', 'QT_QPA_PLATFORMTHEME': 'gtk2', 'COLCON_PREFIX_PATH': '/home/cc/ee106a/fa25/class/ee106a-abg/REAL-Real-Steel/src/install:/home/ff/ee106a/robot_workspaces/ur/install', 'ROS_DISTRO': 'humble', 'GTK_IM_MODULE': 'ibus', 'LOGNAME': 'ee106a-abg', 'MASTER': 'ee106a', 'WINDOWID': '35651590', 'ROS_VERSION': '2', 'XDG_SESSION_CLASS': 'user', 'TERMINFO_DIRS': '/usr/share/terminfo:/run/host/usr/share/terminfo', 'USERNAME': 'ee106a-abg', 'TERM': 'xterm-256color', 'GTK_OVERLAY_SCROLLING': '0', 'XDG_SESSION_ID': '600', 'ROS_LOCALHOST_ONLY': '0', 'WINDOWPATH': '2', 'PATH': '/opt/ros/humble/bin:/share/b/grading/bin:/home/ff/ee106a/bin:/home/ff/ee106a/bin/arch/x86_64:/share/b/grading/bin:/home/ff/ee106a/bin:/home/ff/ee106a/bin/arch/x86_64:/usr/local/sbin:/usr/local/bin:/usr/sbin:/usr/bin:/sbin:/bin:/usr/games:/usr/local/games:/snap/bin:/snap/bin:/share/b/grading/bin:/share/b/grading/sbin:/share/b/runas/x86_64:/share/b/bin:/home/ff/ee106a/venvs/all:/usr/local/sbin:/usr/local/bin:/usr/sbin:/usr/bin:/sbin:/bin:/share/b/grading/bin:/share/b/grading/sbin:/share/b/runas/x86_64:/share/b/bin:/home/ff/ee106a/venvs/all', 'SESSION_MANAGER': 'local/c105-6:@/tmp/.ICE-unix/268165,unix/c105-6:/tmp/.ICE-unix/268165', 'OS': 'Linux', 'XDG_RUNTIME_DIR': '/run/user/90032', 'DISPLAY': ':1', 'LANG': 'en_US.UTF-8', 'XDG_CURRENT_DESKTOP': 'MATE', 'XDG_DATA_HOME': '/home/cc/ee106a/fa25/class/ee106a-abg/.local/share', 'XDG_CONFIG_HOME': '/home/cc/ee106a/fa25/class/ee106a-abg/.config', 'XMODIFIERS': '@im=ibus', 'XDG_SESSION_DESKTOP': 'mate', 'XAUTHORITY': '/run/user/90032/gdm/Xauthority', 'SSH_AUTH_SOCK': '/run/user/90032/keyring/ssh', 'ROS_DOMAIN_ID': '26', 'AMENT_PREFIX_PATH': '/home/ff/ee106a/robot_workspaces/ur/install/ur7e_utils:/opt/ros/humble', 'SHELL': '/usr/bin/bash', 'QT_ACCESSIBILITY': '1', 'EE106_UR_ROBOT_NAME': 'baymax', 'GDMSESSION': 'mate', 'RUNAS': '/share/b/runas/x86_64', 'GPG_AGENT_INFO': '/run/user/90032/gnupg/S.gpg-agent:0:1', 'CONFIG_SHELL': '/usr/bin/ksh', 'QT_IM_MODULE': 'ibus', 'PWD': '/home/cc/ee106a/fa25/class/ee106a-abg/REAL-Real-Steel/src/build/imu_pipeline', 'EE106_ENV_SETUP': 'ur_ros2', 'CONTAINER_ID': 'ros2', 'LC_ALL': 'C.UTF-8', 'XDG_CONFIG_DIRS': '/etc/xdg/xdg-mate:/etc/xdg', 'CLUTTER_IM_MODULE': 'ibus', 'XDG_DATA_DIRS': '/usr/share/mate:/usr/share/mate:/usr/share/gnome:/home/cc/ee106a/fa25/class/ee106a-abg/.local/share/flatpak/exports/share:/var/lib/flatpak/exports/share:/usr/local/share/:/usr/share/:/var/lib/snapd/desktop:/usr/local/share:/usr/share', 'PYTHONPATH': '/home/cc/ee106a/fa25/class/ee106a-abg/REAL-Real-Steel/src/build/imu_pipeline/prefix_override:/usr/lib/python3/dist-packages/colcon_core/task/python/colcon_distutils_commands:/home/cc/ee106a/fa25/class/ee106a-abg/REAL-Real-Steel/src/install/imu_pipeline/lib/python3.10/site-packages:/home/cc/ee106a/fa25/class/ee106a-abg/REAL-Real-Steel/src/install/imu_pipeline/lib/python3.10/site-packages:/home/ff/ee106a/robot_workspaces/ur/install/ur7e_utils/lib/python3.10/site-packages:/opt/ros/humble/lib/python3.10/site-packages:/opt/ros/humble/local/lib/python3.10/dist-packages', 'MATE_DESKTOP_SESSION_ID': 'this-is-deprecated', 'COLCON': '1', 'MANPATH': '/usr/local/man:/usr/man:/usr/X11/man:/usr/local/man:/share/b/grading/man:/usr/local/man:/usr/man:/usr/X11/man:/usr/local/man:/share/b/grading/man:', 'VTE_VERSION': '6800', 'EDITOR': 'emacs', 'QT_FONT_DPI': '122'}, 'shell': False}
[0.601161] (-) TimerEvent: {}
[0.701384] (-) TimerEvent: {}
[0.711127] (imu_pipeline) StdoutLine: {'line': b'running egg_info\n'}
[0.711820] (imu_pipeline) StdoutLine: {'line': b'writing ../build/imu_pipeline/imu_pipeline.egg-info/PKG-INFO\n'}
[0.714734] (imu_pipeline) StdoutLine: {'line': b'writing dependency_links to ../build/imu_pipeline/imu_pipeline.egg-info/dependency_links.txt\n'}
[0.717137] (imu_pipeline) StdoutLine: {'line': b'writing entry points to ../build/imu_pipeline/imu_pipeline.egg-info/entry_points.txt\n'}
[0.719282] (imu_pipeline) StdoutLine: {'line': b'writing requirements to ../build/imu_pipeline/imu_pipeline.egg-info/requires.txt\n'}
[0.720946] (imu_pipeline) StdoutLine: {'line': b'writing top-level names to ../build/imu_pipeline/imu_pipeline.egg-info/top_level.txt\n'}
[0.726264] (imu_pipeline) StdoutLine: {'line': b"reading manifest file '../build/imu_pipeline/imu_pipeline.egg-info/SOURCES.txt'\n"}
[0.727951] (imu_pipeline) StdoutLine: {'line': b"writing manifest file '../build/imu_pipeline/imu_pipeline.egg-info/SOURCES.txt'\n"}
[0.729271] (imu_pipeline) StdoutLine: {'line': b'running build\n'}
[0.729532] (imu_pipeline) StdoutLine: {'line': b'running build_py\n'}
[0.730637] (imu_pipeline) StdoutLine: {'line': b'running install\n'}
[0.731094] (imu_pipeline) StdoutLine: {'line': b'running install_lib\n'}
[0.732131] (imu_pipeline) StdoutLine: {'line': b'creating /home/cc/ee106a/fa25/class/ee106a-abg/REAL-Real-Steel/src/install/imu_pipeline/lib/python3.10/site-packages/imu_pipeline\n'}
[0.733070] (imu_pipeline) StdoutLine: {'line': b'copying /home/cc/ee106a/fa25/class/ee106a-abg/REAL-Real-Steel/src/build/imu_pipeline/build/lib/imu_pipeline/__init__.py -> /home/cc/ee106a/fa25/class/ee106a-abg/REAL-Real-Steel/src/install/imu_pipeline/lib/python3.10/site-packages/imu_pipeline\n'}
[0.735764] (imu_pipeline) StdoutLine: {'line': b'copying /home/cc/ee106a/fa25/class/ee106a-abg/REAL-Real-Steel/src/build/imu_pipeline/build/lib/imu_pipeline/ble_imu_bridge.py -> /home/cc/ee106a/fa25/class/ee106a-abg/REAL-Real-Steel/src/install/imu_pipeline/lib/python3.10/site-packages/imu_pipeline\n'}
[0.740411] (imu_pipeline) StdoutLine: {'line': b'byte-compiling /home/cc/ee106a/fa25/class/ee106a-abg/REAL-Real-Steel/src/install/imu_pipeline/lib/python3.10/site-packages/imu_pipeline/__init__.py to __init__.cpython-310.pyc\n'}
[0.743990] (imu_pipeline) StdoutLine: {'line': b'byte-compiling /home/cc/ee106a/fa25/class/ee106a-abg/REAL-Real-Steel/src/install/imu_pipeline/lib/python3.10/site-packages/imu_pipeline/ble_imu_bridge.py to ble_imu_bridge.cpython-310.pyc\n'}
[0.748807] (imu_pipeline) StdoutLine: {'line': b'running install_data\n'}
[0.749182] (imu_pipeline) StdoutLine: {'line': b'creating /home/cc/ee106a/fa25/class/ee106a-abg/REAL-Real-Steel/src/install/imu_pipeline/share\n'}
[0.749686] (imu_pipeline) StdoutLine: {'line': b'creating /home/cc/ee106a/fa25/class/ee106a-abg/REAL-Real-Steel/src/install/imu_pipeline/share/ament_index\n'}
[0.750181] (imu_pipeline) StdoutLine: {'line': b'creating /home/cc/ee106a/fa25/class/ee106a-abg/REAL-Real-Steel/src/install/imu_pipeline/share/ament_index/resource_index\n'}
[0.751082] (imu_pipeline) StdoutLine: {'line': b'creating /home/cc/ee106a/fa25/class/ee106a-abg/REAL-Real-Steel/src/install/imu_pipeline/share/ament_index/resource_index/packages\n'}
[0.752543] (imu_pipeline) StdoutLine: {'line': b'copying resource/imu_pipeline -> /home/cc/ee106a/fa25/class/ee106a-abg/REAL-Real-Steel/src/install/imu_pipeline/share/ament_index/resource_index/packages\n'}
[0.755510] (imu_pipeline) StdoutLine: {'line': b'creating /home/cc/ee106a/fa25/class/ee106a-abg/REAL-Real-Steel/src/install/imu_pipeline/share/imu_pipeline\n'}
[0.756581] (imu_pipeline) StdoutLine: {'line': b'copying package.xml -> /home/cc/ee106a/fa25/class/ee106a-abg/REAL-Real-Steel/src/install/imu_pipeline/share/imu_pipeline\n'}
[0.759622] (imu_pipeline) StdoutLine: {'line': b'creating /home/cc/ee106a/fa25/class/ee106a-abg/REAL-Real-Steel/src/install/imu_pipeline/share/imu_pipeline/launch\n'}
[0.760801] (imu_pipeline) StdoutLine: {'line': b'copying launch/dual_imu_filter.launch.py -> /home/cc/ee106a/fa25/class/ee106a-abg/REAL-Real-Steel/src/install/imu_pipeline/share/imu_pipeline/launch\n'}
[0.764098] (imu_pipeline) StdoutLine: {'line': b'creating /home/cc/ee106a/fa25/class/ee106a-abg/REAL-Real-Steel/src/install/imu_pipeline/share/imu_pipeline/config\n'}
[0.765313] (imu_pipeline) StdoutLine: {'line': b'copying config/upper_filter.yaml -> /home/cc/ee106a/fa25/class/ee106a-abg/REAL-Real-Steel/src/install/imu_pipeline/share/imu_pipeline/config\n'}
[0.768662] (imu_pipeline) StdoutLine: {'line': b'copying config/forearm_filter.yaml -> /home/cc/ee106a/fa25/class/ee106a-abg/REAL-Real-Steel/src/install/imu_pipeline/share/imu_pipeline/config\n'}
[0.771694] (imu_pipeline) StdoutLine: {'line': b'running install_egg_info\n'}
[0.776278] (imu_pipeline) StdoutLine: {'line': b'Copying ../build/imu_pipeline/imu_pipeline.egg-info to /home/cc/ee106a/fa25/class/ee106a-abg/REAL-Real-Steel/src/install/imu_pipeline/lib/python3.10/site-packages/imu_pipeline-0.0.1-py3.10.egg-info\n'}
[0.800668] (imu_pipeline) StdoutLine: {'line': b'running install_scripts\n'}
[0.801453] (-) TimerEvent: {}
[0.824972] (imu_pipeline) StdoutLine: {'line': b'Installing ble_imu_bridge script to /home/cc/ee106a/fa25/class/ee106a-abg/REAL-Real-Steel/src/install/imu_pipeline/lib/imu_pipeline\n'}
[0.827800] (imu_pipeline) StdoutLine: {'line': b"writing list of installed files to '/home/cc/ee106a/fa25/class/ee106a-abg/REAL-Real-Steel/src/build/imu_pipeline/install.log'\n"}
[0.841944] (imu_pipeline) CommandEnded: {'returncode': 0}
[0.883415] (imu_pipeline) JobEnded: {'identifier': 'imu_pipeline', 'rc': 0}
[0.887650] (-) EventReactorShutdown: {}
