[0.082s] DEBUG:colcon:Command line arguments: ['/usr/bin/colcon', 'build']
[0.082s] DEBUG:colcon:Parsed command line arguments: Namespace(log_base=None, log_level=None, verb_name='build', build_base='build', install_base='install', merge_install=False, symlink_install=False, test_result_base=None, continue_on_error=False, executor='parallel', parallel_workers=32, event_handlers=None, ignore_user_meta=False, metas=['./colcon.meta'], base_paths=['.'], packages_ignore=None, packages_ignore_regex=None, paths=None, packages_up_to=None, packages_up_to_regex=None, packages_above=None, packages_above_and_dependencies=None, packages_above_depth=None, packages_select_by_dep=None, packages_skip_by_dep=None, packages_skip_up_to=None, packages_select_build_failed=False, packages_skip_build_finished=False, packages_select_test_failures=False, packages_skip_test_passed=False, packages_select=None, packages_skip=None, packages_select_regex=None, packages_skip_regex=None, packages_start=None, packages_end=None, cmake_args=None, cmake_target=None, cmake_target_skip_unavailable=False, cmake_clean_cache=False, cmake_clean_first=False, cmake_force_configure=False, ament_cmake_args=None, catkin_cmake_args=None, catkin_skip_building_tests=False, mixin_files=None, mixin=None, verb_parser=<colcon_mixin.mixin.mixin_argument.MixinArgumentDecorator object at 0x74a996e35810>, verb_extension=<colcon_core.verb.build.BuildVerb object at 0x74a996e34bb0>, main=<bound method BuildVerb.main of <colcon_core.verb.build.BuildVerb object at 0x74a996e34bb0>>, mixin_verb=('build',))
[0.196s] Level 1:colcon.colcon_core.package_discovery:discover_packages(colcon_meta) check parameters
[0.197s] Level 1:colcon.colcon_core.package_discovery:discover_packages(recursive) check parameters
[0.197s] Level 1:colcon.colcon_core.package_discovery:discover_packages(ignore) check parameters
[0.197s] Level 1:colcon.colcon_core.package_discovery:discover_packages(path) check parameters
[0.197s] Level 1:colcon.colcon_core.package_discovery:discover_packages(colcon_meta) discover
[0.197s] Level 1:colcon.colcon_core.package_discovery:discover_packages(recursive) discover
[0.197s] INFO:colcon.colcon_core.package_discovery:Crawling recursively for packages in '/home/cc/ee106a/fa25/class/ee106a-abg/REAL-Real-Steel/src'
[0.198s] Level 1:colcon.colcon_core.package_identification:_identify(.) by extensions ['ignore', 'ignore_ament_install']
[0.198s] Level 1:colcon.colcon_core.package_identification:_identify(.) by extension 'ignore'
[0.198s] Level 1:colcon.colcon_core.package_identification:_identify(.) by extension 'ignore_ament_install'
[0.198s] Level 1:colcon.colcon_core.package_identification:_identify(.) by extensions ['colcon_pkg']
[0.199s] Level 1:colcon.colcon_core.package_identification:_identify(.) by extension 'colcon_pkg'
[0.199s] Level 1:colcon.colcon_core.package_identification:_identify(.) by extensions ['colcon_meta']
[0.199s] Level 1:colcon.colcon_core.package_identification:_identify(.) by extension 'colcon_meta'
[0.199s] Level 1:colcon.colcon_core.package_identification:_identify(.) by extensions ['ros']
[0.199s] Level 1:colcon.colcon_core.package_identification:_identify(.) by extension 'ros'
[0.207s] Level 1:colcon.colcon_core.package_identification:_identify(.) by extensions ['cmake', 'python']
[0.207s] Level 1:colcon.colcon_core.package_identification:_identify(.) by extension 'cmake'
[0.207s] Level 1:colcon.colcon_core.package_identification:_identify(.) by extension 'python'
[0.207s] Level 1:colcon.colcon_core.package_identification:_identify(.) by extensions ['python_setup_py']
[0.207s] Level 1:colcon.colcon_core.package_identification:_identify(.) by extension 'python_setup_py'
[0.207s] Level 1:colcon.colcon_core.package_identification:_identify(build) by extensions ['ignore', 'ignore_ament_install']
[0.207s] Level 1:colcon.colcon_core.package_identification:_identify(build) by extension 'ignore'
[0.207s] Level 1:colcon.colcon_core.package_identification:_identify(build) ignored
[0.208s] Level 1:colcon.colcon_core.package_identification:_identify(imu_pipeline) by extensions ['ignore', 'ignore_ament_install']
[0.208s] Level 1:colcon.colcon_core.package_identification:_identify(imu_pipeline) by extension 'ignore'
[0.208s] Level 1:colcon.colcon_core.package_identification:_identify(imu_pipeline) by extension 'ignore_ament_install'
[0.208s] Level 1:colcon.colcon_core.package_identification:_identify(imu_pipeline) by extensions ['colcon_pkg']
[0.209s] Level 1:colcon.colcon_core.package_identification:_identify(imu_pipeline) by extension 'colcon_pkg'
[0.209s] Level 1:colcon.colcon_core.package_identification:_identify(imu_pipeline) by extensions ['colcon_meta']
[0.209s] Level 1:colcon.colcon_core.package_identification:_identify(imu_pipeline) by extension 'colcon_meta'
[0.209s] Level 1:colcon.colcon_core.package_identification:_identify(imu_pipeline) by extensions ['ros']
[0.209s] Level 1:colcon.colcon_core.package_identification:_identify(imu_pipeline) by extension 'ros'
[0.211s] DEBUG:colcon.colcon_core.package_identification:Failed to parse potential ROS package manifest in'imu_pipeline': Error(s) in package 'imu_pipeline/package.xml':
The manifest contains invalid XML:
junk after document element: line 2, column 0
[0.211s] Level 1:colcon.colcon_core.package_identification:_identify(imu_pipeline) by extensions ['cmake', 'python']
[0.211s] Level 1:colcon.colcon_core.package_identification:_identify(imu_pipeline) by extension 'cmake'
[0.211s] Level 1:colcon.colcon_core.package_identification:_identify(imu_pipeline) by extension 'python'
[0.212s] DEBUG:colcon.colcon_core.package_identification:Python package in 'imu_pipeline' passes arguments to the setup() function which requires a different identification extension than 'python'
[0.212s] Level 1:colcon.colcon_core.package_identification:_identify(imu_pipeline) by extensions ['python_setup_py']
[0.212s] Level 1:colcon.colcon_core.package_identification:_identify(imu_pipeline) by extension 'python_setup_py'
[0.393s] DEBUG:colcon.colcon_core.package_identification:Package 'imu_pipeline' with type 'python' and name 'imu_pipeline'
[0.394s] Level 1:colcon.colcon_core.package_identification:_identify(install) by extensions ['ignore', 'ignore_ament_install']
[0.394s] Level 1:colcon.colcon_core.package_identification:_identify(install) by extension 'ignore'
[0.394s] Level 1:colcon.colcon_core.package_identification:_identify(install) ignored
[0.396s] Level 1:colcon.colcon_core.package_identification:_identify(log) by extensions ['ignore', 'ignore_ament_install']
[0.396s] Level 1:colcon.colcon_core.package_identification:_identify(log) by extension 'ignore'
[0.396s] Level 1:colcon.colcon_core.package_identification:_identify(log) ignored
[0.396s] Level 1:colcon.colcon_core.package_discovery:discover_packages(recursive) using defaults
[0.397s] Level 1:colcon.colcon_core.package_discovery:discover_packages(ignore) discover
[0.397s] Level 1:colcon.colcon_core.package_discovery:discover_packages(ignore) using defaults
[0.397s] Level 1:colcon.colcon_core.package_discovery:discover_packages(path) discover
[0.397s] Level 1:colcon.colcon_core.package_discovery:discover_packages(path) using defaults
[0.411s] Level 5:colcon.colcon_core.verb:set package 'imu_pipeline' build argument 'cmake_args' from command line to 'None'
[0.411s] Level 5:colcon.colcon_core.verb:set package 'imu_pipeline' build argument 'cmake_target' from command line to 'None'
[0.412s] Level 5:colcon.colcon_core.verb:set package 'imu_pipeline' build argument 'cmake_target_skip_unavailable' from command line to 'False'
[0.412s] Level 5:colcon.colcon_core.verb:set package 'imu_pipeline' build argument 'cmake_clean_cache' from command line to 'False'
[0.412s] Level 5:colcon.colcon_core.verb:set package 'imu_pipeline' build argument 'cmake_clean_first' from command line to 'False'
[0.412s] Level 5:colcon.colcon_core.verb:set package 'imu_pipeline' build argument 'cmake_force_configure' from command line to 'False'
[0.412s] Level 5:colcon.colcon_core.verb:set package 'imu_pipeline' build argument 'ament_cmake_args' from command line to 'None'
[0.412s] Level 5:colcon.colcon_core.verb:set package 'imu_pipeline' build argument 'catkin_cmake_args' from command line to 'None'
[0.413s] Level 5:colcon.colcon_core.verb:set package 'imu_pipeline' build argument 'catkin_skip_building_tests' from command line to 'False'
[0.413s] DEBUG:colcon.colcon_core.verb:Building package 'imu_pipeline' with the following arguments: {'ament_cmake_args': None, 'build_base': '/home/cc/ee106a/fa25/class/ee106a-abg/REAL-Real-Steel/src/build/imu_pipeline', 'catkin_cmake_args': None, 'catkin_skip_building_tests': False, 'cmake_args': None, 'cmake_clean_cache': False, 'cmake_clean_first': False, 'cmake_force_configure': False, 'cmake_target': None, 'cmake_target_skip_unavailable': False, 'install_base': '/home/cc/ee106a/fa25/class/ee106a-abg/REAL-Real-Steel/src/install/imu_pipeline', 'merge_install': False, 'path': '/home/cc/ee106a/fa25/class/ee106a-abg/REAL-Real-Steel/src/imu_pipeline', 'symlink_install': False, 'test_result_base': None}
[0.413s] INFO:colcon.colcon_core.executor:Executing jobs using 'parallel' executor
[0.414s] DEBUG:colcon.colcon_parallel_executor.executor.parallel:run_until_complete
[0.415s] INFO:colcon.colcon_core.task.python.build:Building Python package in '/home/cc/ee106a/fa25/class/ee106a-abg/REAL-Real-Steel/src/imu_pipeline'
[0.416s] INFO:colcon.colcon_core.plugin_system:Skipping extension 'colcon_core.shell.bat': Not used on non-Windows systems
[0.417s] INFO:colcon.colcon_core.shell:Skip shell extension 'powershell' for command environment: Not usable outside of PowerShell
[0.417s] DEBUG:colcon.colcon_core.shell:Skip shell extension 'dsv' for command environment
[0.943s] DEBUG:colcon.colcon_core.event_handler.log_command:Invoking command in '/home/cc/ee106a/fa25/class/ee106a-abg/REAL-Real-Steel/src/imu_pipeline': PYTHONPATH=/home/cc/ee106a/fa25/class/ee106a-abg/REAL-Real-Steel/src/build/imu_pipeline/prefix_override:/usr/lib/python3/dist-packages/colcon_core/task/python/colcon_distutils_commands:/home/cc/ee106a/fa25/class/ee106a-abg/REAL-Real-Steel/src/install/imu_pipeline/lib/python3.10/site-packages:${PYTHONPATH} /usr/bin/python3 -W ignore:setup.py install is deprecated -W ignore:easy_install command is deprecated setup.py egg_info --egg-base ../build/imu_pipeline build --build-base /home/cc/ee106a/fa25/class/ee106a-abg/REAL-Real-Steel/src/build/imu_pipeline/build install --record /home/cc/ee106a/fa25/class/ee106a-abg/REAL-Real-Steel/src/build/imu_pipeline/install.log --single-version-externally-managed install_data
[1.257s] DEBUG:colcon.colcon_core.event_handler.log_command:Invoked command in '/home/cc/ee106a/fa25/class/ee106a-abg/REAL-Real-Steel/src/imu_pipeline' returned '0': PYTHONPATH=/home/cc/ee106a/fa25/class/ee106a-abg/REAL-Real-Steel/src/build/imu_pipeline/prefix_override:/usr/lib/python3/dist-packages/colcon_core/task/python/colcon_distutils_commands:/home/cc/ee106a/fa25/class/ee106a-abg/REAL-Real-Steel/src/install/imu_pipeline/lib/python3.10/site-packages:${PYTHONPATH} /usr/bin/python3 -W ignore:setup.py install is deprecated -W ignore:easy_install command is deprecated setup.py egg_info --egg-base ../build/imu_pipeline build --build-base /home/cc/ee106a/fa25/class/ee106a-abg/REAL-Real-Steel/src/build/imu_pipeline/build install --record /home/cc/ee106a/fa25/class/ee106a-abg/REAL-Real-Steel/src/build/imu_pipeline/install.log --single-version-externally-managed install_data
[1.259s] Level 1:colcon.colcon_core.environment:checking '/home/cc/ee106a/fa25/class/ee106a-abg/REAL-Real-Steel/src/install/imu_pipeline' for CMake module files
[1.263s] Level 1:colcon.colcon_core.environment:checking '/home/cc/ee106a/fa25/class/ee106a-abg/REAL-Real-Steel/src/install/imu_pipeline' for CMake config files
[1.270s] Level 1:colcon.colcon_core.environment:checking '/home/cc/ee106a/fa25/class/ee106a-abg/REAL-Real-Steel/src/install/imu_pipeline/lib'
[1.270s] Level 1:colcon.colcon_core.environment:checking '/home/cc/ee106a/fa25/class/ee106a-abg/REAL-Real-Steel/src/install/imu_pipeline/bin'
[1.271s] Level 1:colcon.colcon_core.environment:checking '/home/cc/ee106a/fa25/class/ee106a-abg/REAL-Real-Steel/src/install/imu_pipeline/lib/pkgconfig/imu_pipeline.pc'
[1.271s] Level 1:colcon.colcon_core.environment:checking '/home/cc/ee106a/fa25/class/ee106a-abg/REAL-Real-Steel/src/install/imu_pipeline/lib/python3.10/site-packages'
[1.271s] Level 1:colcon.colcon_core.shell:create_environment_hook('imu_pipeline', 'pythonpath')
[1.272s] INFO:colcon.colcon_core.shell:Creating environment hook '/home/cc/ee106a/fa25/class/ee106a-abg/REAL-Real-Steel/src/install/imu_pipeline/share/imu_pipeline/hook/pythonpath.ps1'
[1.275s] INFO:colcon.colcon_core.shell:Creating environment descriptor '/home/cc/ee106a/fa25/class/ee106a-abg/REAL-Real-Steel/src/install/imu_pipeline/share/imu_pipeline/hook/pythonpath.dsv'
[1.277s] INFO:colcon.colcon_core.shell:Creating environment hook '/home/cc/ee106a/fa25/class/ee106a-abg/REAL-Real-Steel/src/install/imu_pipeline/share/imu_pipeline/hook/pythonpath.sh'
[1.279s] Level 1:colcon.colcon_core.environment:checking '/home/cc/ee106a/fa25/class/ee106a-abg/REAL-Real-Steel/src/install/imu_pipeline/bin'
[1.280s] Level 1:colcon.colcon_core.environment:create_environment_scripts_only(imu_pipeline)
[1.280s] INFO:colcon.colcon_core.shell:Creating package script '/home/cc/ee106a/fa25/class/ee106a-abg/REAL-Real-Steel/src/install/imu_pipeline/share/imu_pipeline/package.ps1'
[1.284s] INFO:colcon.colcon_core.shell:Creating package descriptor '/home/cc/ee106a/fa25/class/ee106a-abg/REAL-Real-Steel/src/install/imu_pipeline/share/imu_pipeline/package.dsv'
[1.286s] INFO:colcon.colcon_core.shell:Creating package script '/home/cc/ee106a/fa25/class/ee106a-abg/REAL-Real-Steel/src/install/imu_pipeline/share/imu_pipeline/package.sh'
[1.289s] INFO:colcon.colcon_core.shell:Creating package script '/home/cc/ee106a/fa25/class/ee106a-abg/REAL-Real-Steel/src/install/imu_pipeline/share/imu_pipeline/package.bash'
[1.292s] INFO:colcon.colcon_core.shell:Creating package script '/home/cc/ee106a/fa25/class/ee106a-abg/REAL-Real-Steel/src/install/imu_pipeline/share/imu_pipeline/package.zsh'
[1.295s] Level 1:colcon.colcon_core.environment:create_file_with_runtime_dependencies(/home/cc/ee106a/fa25/class/ee106a-abg/REAL-Real-Steel/src/install/imu_pipeline/share/colcon-core/packages/imu_pipeline)
[1.298s] DEBUG:colcon.colcon_parallel_executor.executor.parallel:closing loop
[1.298s] DEBUG:colcon.colcon_parallel_executor.executor.parallel:loop closed
[1.299s] DEBUG:colcon.colcon_parallel_executor.executor.parallel:run_until_complete finished with '0'
[1.299s] DEBUG:colcon.colcon_core.event_reactor:joining thread
[1.314s] INFO:colcon.colcon_core.plugin_system:Skipping extension 'colcon_notification.desktop_notification.notify_send': Could not find 'notify-send'
[1.314s] INFO:colcon.colcon_core.plugin_system:Skipping extension 'colcon_notification.desktop_notification.terminal_notifier': Not used on non-Darwin systems
[1.314s] INFO:colcon.colcon_core.plugin_system:Skipping extension 'colcon_notification.desktop_notification.win32': Not used on non-Windows systems
[1.315s] INFO:colcon.colcon_notification.desktop_notification:Sending desktop notification using 'notify2'
[1.438s] DEBUG:colcon.colcon_core.event_reactor:joined thread
[1.439s] INFO:colcon.colcon_core.shell:Creating prefix script '/home/cc/ee106a/fa25/class/ee106a-abg/REAL-Real-Steel/src/install/local_setup.ps1'
[1.442s] INFO:colcon.colcon_core.shell:Creating prefix util module '/home/cc/ee106a/fa25/class/ee106a-abg/REAL-Real-Steel/src/install/_local_setup_util_ps1.py'
[1.444s] INFO:colcon.colcon_core.shell:Creating prefix chain script '/home/cc/ee106a/fa25/class/ee106a-abg/REAL-Real-Steel/src/install/setup.ps1'
[1.448s] INFO:colcon.colcon_core.shell:Creating prefix script '/home/cc/ee106a/fa25/class/ee106a-abg/REAL-Real-Steel/src/install/local_setup.sh'
[1.450s] INFO:colcon.colcon_core.shell:Creating prefix util module '/home/cc/ee106a/fa25/class/ee106a-abg/REAL-Real-Steel/src/install/_local_setup_util_sh.py'
[1.452s] INFO:colcon.colcon_core.shell:Creating prefix chain script '/home/cc/ee106a/fa25/class/ee106a-abg/REAL-Real-Steel/src/install/setup.sh'
[1.456s] INFO:colcon.colcon_core.shell:Creating prefix script '/home/cc/ee106a/fa25/class/ee106a-abg/REAL-Real-Steel/src/install/local_setup.bash'
[1.458s] INFO:colcon.colcon_core.shell:Creating prefix chain script '/home/cc/ee106a/fa25/class/ee106a-abg/REAL-Real-Steel/src/install/setup.bash'
[1.461s] INFO:colcon.colcon_core.shell:Creating prefix script '/home/cc/ee106a/fa25/class/ee106a-abg/REAL-Real-Steel/src/install/local_setup.zsh'
[1.463s] INFO:colcon.colcon_core.shell:Creating prefix chain script '/home/cc/ee106a/fa25/class/ee106a-abg/REAL-Real-Steel/src/install/setup.zsh'
