[0.000000] (-) TimerEvent: {}
[0.000120] (imu_pipeline) JobQueued: {'identifier': 'imu_pipeline', 'dependencies': OrderedDict()}
[0.000469] (imu_pipeline) JobStarted: {'identifier': 'imu_pipeline'}
[0.098045] (-) TimerEvent: {}
[0.198308] (-) TimerEvent: {}
[0.298614] (-) TimerEvent: {}
[0.398842] (-) TimerEvent: {}
[0.499091] (-) TimerEvent: {}
[0.599426] (-) TimerEvent: {}
[0.699684] (-) TimerEvent: {}
[0.800075] (-) TimerEvent: {}
[0.832196] (imu_pipeline) Command: {'cmd': ['/usr/bin/python3', '-W', 'ignore:setup.py install is deprecated', '-W', 'ignore:easy_install command is deprecated', 'setup.py', 'egg_info', '--egg-base', 'build/imu_pipeline', 'build', '--build-base', '/home/cc/ee106a/fa25/class/ee106a-abj/REAL-Real-Steel/imu_pipeline/build/imu_pipeline/build', 'install', '--record', '/home/cc/ee106a/fa25/class/ee106a-abj/REAL-Real-Steel/imu_pipeline/build/imu_pipeline/install.log', '--single-version-externally-managed', 'install_data'], 'cwd': '/home/cc/ee106a/fa25/class/ee106a-abj/REAL-Real-Steel/imu_pipeline', 'env': {'ARCH': 'x86_64', 'QT_SCALE_FACTOR': '1', 'USER': 'ee106a-abj', 'HOSTNAME': 'ros2', 'XDG_SESSION_TYPE': 'x11', 'MASTERDIR': '/home/ff/ee106a', 'COMPIZ_CONFIG_PROFILE': 'mate', 'XDG_CACHE_HOME': '/home/cc/ee106a/fa25/class/ee106a-abj/.cache', 'SHLVL': '2', 'LD_LIBRARY_PATH': '/home/ff/ee106a/librealsense/build/Release:/usr/lib/x86_64-linux-gnu/gazebo-11/plugins:/opt/ros/humble/opt/rviz_ogre_vendor/lib:/opt/ros/humble/lib/x86_64-linux-gnu:/opt/ros/humble/lib', 'HOME': '/home/cc/ee106a/fa25/class/ee106a-abj', 'OLDPWD': '/home/cc/ee106a/fa25/class/ee106a-abj/REAL-Real-Steel', 'DESKTOP_SESSION': 'mate', 'ROS_PYTHON_VERSION': '3', 'GTK_MODULES': 'gail:atk-bridge:appmenu-gtk-module:gail:atk-bridge:canberra-gtk-module', 'EE106_UR_ROBOT_IP': '192.168.1.100', 'DISTROBOX_ENTER_PATH': '/usr/local/bin/distrobox-enter', 'SYSTEMD_EXEC_PID': '255720', 'NNTPSERVER': 'news.csua.berkeley.edu', 'VISUAL': 'emacs', 'XDG_STATE_HOME': '/home/cc/ee106a/fa25/class/ee106a-abj/.local/state', 'DBUS_SESSION_BUS_ADDRESS': 'unix:path=/run/user/90035/bus', 'COLORTERM': 'truecolor', 'container': 'podman', 'UBUNTU_MENUPROXY': '1', 'QT_QPA_PLATFORMTHEME': 'gtk2', 'COLCON_PREFIX_PATH': '/home/ff/ee106a/robot_workspaces/ur/install', 'ROS_DISTRO': 'humble', 'GTK_IM_MODULE': 'ibus', 'LOGNAME': 'ee106a-abj', 'MASTER': 'ee106a', 'WINDOWID': '37748742', 'ROS_VERSION': '2', 'XDG_SESSION_CLASS': 'user', 'TERMINFO_DIRS': '/usr/share/terminfo:/run/host/usr/share/terminfo', 'USERNAME': 'ee106a-abj', 'TERM': 'xterm-256color', 'GTK_OVERLAY_SCROLLING': '0', 'XDG_SESSION_ID': '582', 'ROS_LOCALHOST_ONLY': '0', 'WINDOWPATH': '2', 'PATH': '/opt/ros/humble/bin:/share/b/grading/bin:/home/ff/ee106a/bin:/home/ff/ee106a/bin/arch/x86_64:/share/b/grading/bin:/home/ff/ee106a/bin:/home/ff/ee106a/bin/arch/x86_64:/usr/local/sbin:/usr/local/bin:/usr/sbin:/usr/bin:/sbin:/bin:/usr/games:/usr/local/games:/snap/bin:/snap/bin:/share/b/grading/bin:/share/b/grading/sbin:/share/b/runas/x86_64:/share/b/bin:/home/ff/ee106a/venvs/all:/usr/local/sbin:/usr/local/bin:/usr/sbin:/usr/bin:/sbin:/bin:/share/b/grading/bin:/share/b/grading/sbin:/share/b/runas/x86_64:/share/b/bin:/home/ff/ee106a/venvs/all', 'SESSION_MANAGER': 'local/c105-6:@/tmp/.ICE-unix/255815,unix/c105-6:/tmp/.ICE-unix/255815', 'OS': 'Linux', 'XDG_RUNTIME_DIR': '/run/user/90035', 'DISPLAY': ':1', 'LANG': 'en_US.UTF-8', 'XDG_CURRENT_DESKTOP': 'MATE', 'XDG_DATA_HOME': '/home/cc/ee106a/fa25/class/ee106a-abj/.local/share', 'XDG_CONFIG_HOME': '/home/cc/ee106a/fa25/class/ee106a-abj/.config', 'XMODIFIERS': '@im=ibus', 'XDG_SESSION_DESKTOP': 'mate', 'XAUTHORITY': '/run/user/90035/gdm/Xauthority', 'SSH_AUTH_SOCK': '/run/user/90035/keyring/ssh', 'ROS_DOMAIN_ID': '26', 'AMENT_PREFIX_PATH': '/home/ff/ee106a/robot_workspaces/ur/install/ur7e_utils:/opt/ros/humble', 'SHELL': '/usr/bin/bash', 'QT_ACCESSIBILITY': '1', 'EE106_UR_ROBOT_NAME': 'baymax', 'GDMSESSION': 'mate', 'RUNAS': '/share/b/runas/x86_64', 'GPG_AGENT_INFO': '/run/user/90035/gnupg/S.gpg-agent:0:1', 'CONFIG_SHELL': '/usr/bin/ksh', 'QT_IM_MODULE': 'ibus', 'PWD': '/home/cc/ee106a/fa25/class/ee106a-abj/REAL-Real-Steel/imu_pipeline/build/imu_pipeline', 'EE106_ENV_SETUP': 'ur_ros2', 'CONTAINER_ID': 'ros2', 'LC_ALL': 'C.UTF-8', 'XDG_CONFIG_DIRS': '/etc/xdg/xdg-mate:/etc/xdg', 'CLUTTER_IM_MODULE': 'ibus', 'XDG_DATA_DIRS': '/usr/share/mate:/usr/share/mate:/usr/share/gnome:/home/cc/ee106a/fa25/class/ee106a-abj/.local/share/flatpak/exports/share:/var/lib/flatpak/exports/share:/usr/local/share/:/usr/share/:/var/lib/snapd/desktop:/usr/local/share:/usr/share', 'PYTHONPATH': '/home/cc/ee106a/fa25/class/ee106a-abj/REAL-Real-Steel/imu_pipeline/build/imu_pipeline/prefix_override:/usr/lib/python3/dist-packages/colcon_core/task/python/colcon_distutils_commands:/home/cc/ee106a/fa25/class/ee106a-abj/REAL-Real-Steel/imu_pipeline/install/imu_pipeline/lib/python3.10/site-packages:/home/ff/ee106a/robot_workspaces/ur/install/ur7e_utils/lib/python3.10/site-packages:/opt/ros/humble/lib/python3.10/site-packages:/opt/ros/humble/local/lib/python3.10/dist-packages', 'MATE_DESKTOP_SESSION_ID': 'this-is-deprecated', 'COLCON': '1', 'MANPATH': '/usr/local/man:/usr/man:/usr/X11/man:/usr/local/man:/share/b/grading/man:/usr/local/man:/usr/man:/usr/X11/man:/usr/local/man:/share/b/grading/man:', 'VTE_VERSION': '6800', 'EDITOR': 'emacs', 'QT_FONT_DPI': '122'}, 'shell': False}
[0.900137] (-) TimerEvent: {}
[1.000303] (-) TimerEvent: {}
[1.037407] (imu_pipeline) StdoutLine: {'line': b'running egg_info\n'}
[1.037996] (imu_pipeline) StdoutLine: {'line': b'creating build/imu_pipeline/imu_pipeline.egg-info\n'}
[1.038897] (imu_pipeline) StdoutLine: {'line': b'writing build/imu_pipeline/imu_pipeline.egg-info/PKG-INFO\n'}
[1.041309] (imu_pipeline) StdoutLine: {'line': b'writing dependency_links to build/imu_pipeline/imu_pipeline.egg-info/dependency_links.txt\n'}
[1.043638] (imu_pipeline) StdoutLine: {'line': b'writing entry points to build/imu_pipeline/imu_pipeline.egg-info/entry_points.txt\n'}
[1.045222] (imu_pipeline) StdoutLine: {'line': b'writing requirements to build/imu_pipeline/imu_pipeline.egg-info/requires.txt\n'}
[1.046235] (imu_pipeline) StdoutLine: {'line': b'writing top-level names to build/imu_pipeline/imu_pipeline.egg-info/top_level.txt\n'}
[1.048104] (imu_pipeline) StdoutLine: {'line': b"writing manifest file 'build/imu_pipeline/imu_pipeline.egg-info/SOURCES.txt'\n"}
[1.053302] (imu_pipeline) StdoutLine: {'line': b"reading manifest file 'build/imu_pipeline/imu_pipeline.egg-info/SOURCES.txt'\n"}
[1.055524] (imu_pipeline) StdoutLine: {'line': b"writing manifest file 'build/imu_pipeline/imu_pipeline.egg-info/SOURCES.txt'\n"}
[1.056627] (imu_pipeline) StdoutLine: {'line': b'running build\n'}
[1.056688] (imu_pipeline) StdoutLine: {'line': b'running build_py\n'}
[1.057564] (imu_pipeline) StdoutLine: {'line': b'creating /home/cc/ee106a/fa25/class/ee106a-abj/REAL-Real-Steel/imu_pipeline/build/imu_pipeline/build\n'}
[1.058007] (imu_pipeline) StdoutLine: {'line': b'creating /home/cc/ee106a/fa25/class/ee106a-abj/REAL-Real-Steel/imu_pipeline/build/imu_pipeline/build/lib\n'}
[1.058836] (imu_pipeline) StdoutLine: {'line': b'creating /home/cc/ee106a/fa25/class/ee106a-abj/REAL-Real-Steel/imu_pipeline/build/imu_pipeline/build/lib/imu_pipeline\n'}
[1.060733] (imu_pipeline) StdoutLine: {'line': b'copying imu_pipeline/__init__.py -> /home/cc/ee106a/fa25/class/ee106a-abj/REAL-Real-Steel/imu_pipeline/build/imu_pipeline/build/lib/imu_pipeline\n'}
[1.063563] (imu_pipeline) StdoutLine: {'line': b'copying imu_pipeline/ble_imu_bridge.py -> /home/cc/ee106a/fa25/class/ee106a-abj/REAL-Real-Steel/imu_pipeline/build/imu_pipeline/build/lib/imu_pipeline\n'}
[1.066598] (imu_pipeline) StdoutLine: {'line': b'running install\n'}
[1.067312] (imu_pipeline) StdoutLine: {'line': b'running install_lib\n'}
[1.070719] (imu_pipeline) StdoutLine: {'line': b'creating /home/cc/ee106a/fa25/class/ee106a-abj/REAL-Real-Steel/imu_pipeline/install/imu_pipeline/lib/python3.10/site-packages/imu_pipeline\n'}
[1.071862] (imu_pipeline) StdoutLine: {'line': b'copying /home/cc/ee106a/fa25/class/ee106a-abj/REAL-Real-Steel/imu_pipeline/build/imu_pipeline/build/lib/imu_pipeline/__init__.py -> /home/cc/ee106a/fa25/class/ee106a-abj/REAL-Real-Steel/imu_pipeline/install/imu_pipeline/lib/python3.10/site-packages/imu_pipeline\n'}
[1.074614] (imu_pipeline) StdoutLine: {'line': b'copying /home/cc/ee106a/fa25/class/ee106a-abj/REAL-Real-Steel/imu_pipeline/build/imu_pipeline/build/lib/imu_pipeline/ble_imu_bridge.py -> /home/cc/ee106a/fa25/class/ee106a-abj/REAL-Real-Steel/imu_pipeline/install/imu_pipeline/lib/python3.10/site-packages/imu_pipeline\n'}
[1.080251] (imu_pipeline) StdoutLine: {'line': b'byte-compiling /home/cc/ee106a/fa25/class/ee106a-abj/REAL-Real-Steel/imu_pipeline/install/imu_pipeline/lib/python3.10/site-packages/imu_pipeline/__init__.py to __init__.cpython-310.pyc\n'}
[1.084810] (imu_pipeline) StdoutLine: {'line': b'byte-compiling /home/cc/ee106a/fa25/class/ee106a-abj/REAL-Real-Steel/imu_pipeline/install/imu_pipeline/lib/python3.10/site-packages/imu_pipeline/ble_imu_bridge.py to ble_imu_bridge.cpython-310.pyc\n'}
[1.090238] (imu_pipeline) StdoutLine: {'line': b'running install_data\n'}
[1.090760] (imu_pipeline) StdoutLine: {'line': b'creating /home/cc/ee106a/fa25/class/ee106a-abj/REAL-Real-Steel/imu_pipeline/install/imu_pipeline/share\n'}
[1.091350] (imu_pipeline) StdoutLine: {'line': b'creating /home/cc/ee106a/fa25/class/ee106a-abj/REAL-Real-Steel/imu_pipeline/install/imu_pipeline/share/ament_index\n'}
[1.092166] (imu_pipeline) StdoutLine: {'line': b'creating /home/cc/ee106a/fa25/class/ee106a-abj/REAL-Real-Steel/imu_pipeline/install/imu_pipeline/share/ament_index/resource_index\n'}
[1.092990] (imu_pipeline) StdoutLine: {'line': b'creating /home/cc/ee106a/fa25/class/ee106a-abj/REAL-Real-Steel/imu_pipeline/install/imu_pipeline/share/ament_index/resource_index/packages\n'}
[1.094403] (imu_pipeline) StdoutLine: {'line': b'copying resource/imu_pipeline -> /home/cc/ee106a/fa25/class/ee106a-abj/REAL-Real-Steel/imu_pipeline/install/imu_pipeline/share/ament_index/resource_index/packages\n'}
[1.097806] (imu_pipeline) StdoutLine: {'line': b'creating /home/cc/ee106a/fa25/class/ee106a-abj/REAL-Real-Steel/imu_pipeline/install/imu_pipeline/share/imu_pipeline\n'}
[1.098949] (imu_pipeline) StdoutLine: {'line': b'copying package.xml -> /home/cc/ee106a/fa25/class/ee106a-abj/REAL-Real-Steel/imu_pipeline/install/imu_pipeline/share/imu_pipeline\n'}
[1.100372] (-) TimerEvent: {}
[1.102221] (imu_pipeline) StdoutLine: {'line': b'creating /home/cc/ee106a/fa25/class/ee106a-abj/REAL-Real-Steel/imu_pipeline/install/imu_pipeline/share/imu_pipeline/launch\n'}
[1.103586] (imu_pipeline) StdoutLine: {'line': b'copying launch/dual_imu_filter.launch.py -> /home/cc/ee106a/fa25/class/ee106a-abj/REAL-Real-Steel/imu_pipeline/install/imu_pipeline/share/imu_pipeline/launch\n'}
[1.107182] (imu_pipeline) StdoutLine: {'line': b'creating /home/cc/ee106a/fa25/class/ee106a-abj/REAL-Real-Steel/imu_pipeline/install/imu_pipeline/share/imu_pipeline/config\n'}
[1.108416] (imu_pipeline) StdoutLine: {'line': b'copying config/upper_filter.yaml -> /home/cc/ee106a/fa25/class/ee106a-abj/REAL-Real-Steel/imu_pipeline/install/imu_pipeline/share/imu_pipeline/config\n'}
[1.111683] (imu_pipeline) StdoutLine: {'line': b'copying config/forearm_filter.yaml -> /home/cc/ee106a/fa25/class/ee106a-abj/REAL-Real-Steel/imu_pipeline/install/imu_pipeline/share/imu_pipeline/config\n'}
[1.114695] (imu_pipeline) StdoutLine: {'line': b'running install_egg_info\n'}
[1.119993] (imu_pipeline) StdoutLine: {'line': b'Copying build/imu_pipeline/imu_pipeline.egg-info to /home/cc/ee106a/fa25/class/ee106a-abj/REAL-Real-Steel/imu_pipeline/install/imu_pipeline/lib/python3.10/site-packages/imu_pipeline-0.0.1-py3.10.egg-info\n'}
[1.144501] (imu_pipeline) StdoutLine: {'line': b'running install_scripts\n'}
[1.180751] (imu_pipeline) StdoutLine: {'line': b'Installing ble_imu_bridge script to /home/cc/ee106a/fa25/class/ee106a-abj/REAL-Real-Steel/imu_pipeline/install/imu_pipeline/lib/imu_pipeline\n'}
[1.183502] (imu_pipeline) StdoutLine: {'line': b"writing list of installed files to '/home/cc/ee106a/fa25/class/ee106a-abj/REAL-Real-Steel/imu_pipeline/build/imu_pipeline/install.log'\n"}
[1.199503] (imu_pipeline) CommandEnded: {'returncode': 0}
[1.200427] (-) TimerEvent: {}
[1.253146] (imu_pipeline) JobEnded: {'identifier': 'imu_pipeline', 'rc': 0}
[1.257078] (-) EventReactorShutdown: {}
