[0.842s] Invoking command in '/home/cc/ee106a/fa25/class/ee106a-abj/REAL-Real-Steel/imu_pipeline': PYTHONPATH=/home/cc/ee106a/fa25/class/ee106a-abj/REAL-Real-Steel/imu_pipeline/build/imu_pipeline/prefix_override:/usr/lib/python3/dist-packages/colcon_core/task/python/colcon_distutils_commands:/home/cc/ee106a/fa25/class/ee106a-abj/REAL-Real-Steel/imu_pipeline/install/imu_pipeline/lib/python3.10/site-packages:${PYTHONPATH} /usr/bin/python3 -W ignore:setup.py install is deprecated -W ignore:easy_install command is deprecated setup.py egg_info --egg-base build/imu_pipeline build --build-base /home/cc/ee106a/fa25/class/ee106a-abj/REAL-Real-Steel/imu_pipeline/build/imu_pipeline/build install --record /home/cc/ee106a/fa25/class/ee106a-abj/REAL-Real-Steel/imu_pipeline/build/imu_pipeline/install.log --single-version-externally-managed install_data
[1.037s] running egg_info
[1.038s] creating build/imu_pipeline/imu_pipeline.egg-info
[1.038s] writing build/imu_pipeline/imu_pipeline.egg-info/PKG-INFO
[1.041s] writing dependency_links to build/imu_pipeline/imu_pipeline.egg-info/dependency_links.txt
[1.043s] writing entry points to build/imu_pipeline/imu_pipeline.egg-info/entry_points.txt
[1.045s] writing requirements to build/imu_pipeline/imu_pipeline.egg-info/requires.txt
[1.046s] writing top-level names to build/imu_pipeline/imu_pipeline.egg-info/top_level.txt
[1.048s] writing manifest file 'build/imu_pipeline/imu_pipeline.egg-info/SOURCES.txt'
[1.053s] reading manifest file 'build/imu_pipeline/imu_pipeline.egg-info/SOURCES.txt'
[1.055s] writing manifest file 'build/imu_pipeline/imu_pipeline.egg-info/SOURCES.txt'
[1.056s] running build
[1.057s] running build_py
[1.057s] creating /home/cc/ee106a/fa25/class/ee106a-abj/REAL-Real-Steel/imu_pipeline/build/imu_pipeline/build
[1.058s] creating /home/cc/ee106a/fa25/class/ee106a-abj/REAL-Real-Steel/imu_pipeline/build/imu_pipeline/build/lib
[1.059s] creating /home/cc/ee106a/fa25/class/ee106a-abj/REAL-Real-Steel/imu_pipeline/build/imu_pipeline/build/lib/imu_pipeline
[1.060s] copying imu_pipeline/__init__.py -> /home/cc/ee106a/fa25/class/ee106a-abj/REAL-Real-Steel/imu_pipeline/build/imu_pipeline/build/lib/imu_pipeline
[1.063s] copying imu_pipeline/ble_imu_bridge.py -> /home/cc/ee106a/fa25/class/ee106a-abj/REAL-Real-Steel/imu_pipeline/build/imu_pipeline/build/lib/imu_pipeline
[1.066s] running install
[1.067s] running install_lib
[1.070s] creating /home/cc/ee106a/fa25/class/ee106a-abj/REAL-Real-Steel/imu_pipeline/install/imu_pipeline/lib/python3.10/site-packages/imu_pipeline
[1.072s] copying /home/cc/ee106a/fa25/class/ee106a-abj/REAL-Real-Steel/imu_pipeline/build/imu_pipeline/build/lib/imu_pipeline/__init__.py -> /home/cc/ee106a/fa25/class/ee106a-abj/REAL-Real-Steel/imu_pipeline/install/imu_pipeline/lib/python3.10/site-packages/imu_pipeline
[1.074s] copying /home/cc/ee106a/fa25/class/ee106a-abj/REAL-Real-Steel/imu_pipeline/build/imu_pipeline/build/lib/imu_pipeline/ble_imu_bridge.py -> /home/cc/ee106a/fa25/class/ee106a-abj/REAL-Real-Steel/imu_pipeline/install/imu_pipeline/lib/python3.10/site-packages/imu_pipeline
[1.080s] byte-compiling /home/cc/ee106a/fa25/class/ee106a-abj/REAL-Real-Steel/imu_pipeline/install/imu_pipeline/lib/python3.10/site-packages/imu_pipeline/__init__.py to __init__.cpython-310.pyc
[1.084s] byte-compiling /home/cc/ee106a/fa25/class/ee106a-abj/REAL-Real-Steel/imu_pipeline/install/imu_pipeline/lib/python3.10/site-packages/imu_pipeline/ble_imu_bridge.py to ble_imu_bridge.cpython-310.pyc
[1.090s] running install_data
[1.091s] creating /home/cc/ee106a/fa25/class/ee106a-abj/REAL-Real-Steel/imu_pipeline/install/imu_pipeline/share
[1.091s] creating /home/cc/ee106a/fa25/class/ee106a-abj/REAL-Real-Steel/imu_pipeline/install/imu_pipeline/share/ament_index
[1.092s] creating /home/cc/ee106a/fa25/class/ee106a-abj/REAL-Real-Steel/imu_pipeline/install/imu_pipeline/share/ament_index/resource_index
[1.093s] creating /home/cc/ee106a/fa25/class/ee106a-abj/REAL-Real-Steel/imu_pipeline/install/imu_pipeline/share/ament_index/resource_index/packages
[1.094s] copying resource/imu_pipeline -> /home/cc/ee106a/fa25/class/ee106a-abj/REAL-Real-Steel/imu_pipeline/install/imu_pipeline/share/ament_index/resource_index/packages
[1.097s] creating /home/cc/ee106a/fa25/class/ee106a-abj/REAL-Real-Steel/imu_pipeline/install/imu_pipeline/share/imu_pipeline
[1.099s] copying package.xml -> /home/cc/ee106a/fa25/class/ee106a-abj/REAL-Real-Steel/imu_pipeline/install/imu_pipeline/share/imu_pipeline
[1.102s] creating /home/cc/ee106a/fa25/class/ee106a-abj/REAL-Real-Steel/imu_pipeline/install/imu_pipeline/share/imu_pipeline/launch
[1.103s] copying launch/dual_imu_filter.launch.py -> /home/cc/ee106a/fa25/class/ee106a-abj/REAL-Real-Steel/imu_pipeline/install/imu_pipeline/share/imu_pipeline/launch
[1.107s] creating /home/cc/ee106a/fa25/class/ee106a-abj/REAL-Real-Steel/imu_pipeline/install/imu_pipeline/share/imu_pipeline/config
[1.108s] copying config/upper_filter.yaml -> /home/cc/ee106a/fa25/class/ee106a-abj/REAL-Real-Steel/imu_pipeline/install/imu_pipeline/share/imu_pipeline/config
[1.111s] copying config/forearm_filter.yaml -> /home/cc/ee106a/fa25/class/ee106a-abj/REAL-Real-Steel/imu_pipeline/install/imu_pipeline/share/imu_pipeline/config
[1.114s] running install_egg_info
[1.120s] Copying build/imu_pipeline/imu_pipeline.egg-info to /home/cc/ee106a/fa25/class/ee106a-abj/REAL-Real-Steel/imu_pipeline/install/imu_pipeline/lib/python3.10/site-packages/imu_pipeline-0.0.1-py3.10.egg-info
[1.144s] running install_scripts
[1.180s] Installing ble_imu_bridge script to /home/cc/ee106a/fa25/class/ee106a-abj/REAL-Real-Steel/imu_pipeline/install/imu_pipeline/lib/imu_pipeline
[1.183s] writing list of installed files to '/home/cc/ee106a/fa25/class/ee106a-abj/REAL-Real-Steel/imu_pipeline/build/imu_pipeline/install.log'
[1.199s] Invoked command in '/home/cc/ee106a/fa25/class/ee106a-abj/REAL-Real-Steel/imu_pipeline' returned '0': PYTHONPATH=/home/cc/ee106a/fa25/class/ee106a-abj/REAL-Real-Steel/imu_pipeline/build/imu_pipeline/prefix_override:/usr/lib/python3/dist-packages/colcon_core/task/python/colcon_distutils_commands:/home/cc/ee106a/fa25/class/ee106a-abj/REAL-Real-Steel/imu_pipeline/install/imu_pipeline/lib/python3.10/site-packages:${PYTHONPATH} /usr/bin/python3 -W ignore:setup.py install is deprecated -W ignore:easy_install command is deprecated setup.py egg_info --egg-base build/imu_pipeline build --build-base /home/cc/ee106a/fa25/class/ee106a-abj/REAL-Real-Steel/imu_pipeline/build/imu_pipeline/build install --record /home/cc/ee106a/fa25/class/ee106a-abj/REAL-Real-Steel/imu_pipeline/build/imu_pipeline/install.log --single-version-externally-managed install_data
