[0.786s] Invoking command in '/home/cc/ee106a/fa25/class/ee106a-abg/REAL-Real-Steel/src/imu_pipeline': PYTHONPATH=/home/cc/ee106a/fa25/class/ee106a-abg/REAL-Real-Steel/build/imu_pipeline/prefix_override:/usr/lib/python3/dist-packages/colcon_core/task/python/colcon_distutils_commands:/home/cc/ee106a/fa25/class/ee106a-abg/REAL-Real-Steel/install/imu_pipeline/lib/python3.10/site-packages:${PYTHONPATH} /usr/bin/python3 -W ignore:setup.py install is deprecated -W ignore:easy_install command is deprecated setup.py egg_info --egg-base ../../build/imu_pipeline build --build-base /home/cc/ee106a/fa25/class/ee106a-abg/REAL-Real-Steel/build/imu_pipeline/build install --record /home/cc/ee106a/fa25/class/ee106a-abg/REAL-Real-Steel/build/imu_pipeline/install.log --single-version-externally-managed install_data
[1.005s] running egg_info
[1.006s] writing ../../build/imu_pipeline/imu_pipeline.egg-info/PKG-INFO
[1.008s] writing dependency_links to ../../build/imu_pipeline/imu_pipeline.egg-info/dependency_links.txt
[1.011s] writing entry points to ../../build/imu_pipeline/imu_pipeline.egg-info/entry_points.txt
[1.013s] writing requirements to ../../build/imu_pipeline/imu_pipeline.egg-info/requires.txt
[1.016s] writing top-level names to ../../build/imu_pipeline/imu_pipeline.egg-info/top_level.txt
[1.020s] reading manifest file '../../build/imu_pipeline/imu_pipeline.egg-info/SOURCES.txt'
[1.023s] writing manifest file '../../build/imu_pipeline/imu_pipeline.egg-info/SOURCES.txt'
[1.024s] running build
[1.025s] running build_py
[1.026s] running install
[1.026s] running install_lib
[1.028s] running install_data
[1.032s] running install_egg_info
[1.033s] removing '/home/cc/ee106a/fa25/class/ee106a-abg/REAL-Real-Steel/install/imu_pipeline/lib/python3.10/site-packages/imu_pipeline-0.0.1-py3.10.egg-info' (and everything under it)
[1.038s] Copying ../../build/imu_pipeline/imu_pipeline.egg-info to /home/cc/ee106a/fa25/class/ee106a-abg/REAL-Real-Steel/install/imu_pipeline/lib/python3.10/site-packages/imu_pipeline-0.0.1-py3.10.egg-info
[1.069s] running install_scripts
[1.097s] Installing ble_imu_bridge script to /home/cc/ee106a/fa25/class/ee106a-abg/REAL-Real-Steel/install/imu_pipeline/lib/imu_pipeline
[1.100s] Installing serial_imu_bridge script to /home/cc/ee106a/fa25/class/ee106a-abg/REAL-Real-Steel/install/imu_pipeline/lib/imu_pipeline
[1.102s] writing list of installed files to '/home/cc/ee106a/fa25/class/ee106a-abg/REAL-Real-Steel/build/imu_pipeline/install.log'
[1.118s] Invoked command in '/home/cc/ee106a/fa25/class/ee106a-abg/REAL-Real-Steel/src/imu_pipeline' returned '0': PYTHONPATH=/home/cc/ee106a/fa25/class/ee106a-abg/REAL-Real-Steel/build/imu_pipeline/prefix_override:/usr/lib/python3/dist-packages/colcon_core/task/python/colcon_distutils_commands:/home/cc/ee106a/fa25/class/ee106a-abg/REAL-Real-Steel/install/imu_pipeline/lib/python3.10/site-packages:${PYTHONPATH} /usr/bin/python3 -W ignore:setup.py install is deprecated -W ignore:easy_install command is deprecated setup.py egg_info --egg-base ../../build/imu_pipeline build --build-base /home/cc/ee106a/fa25/class/ee106a-abg/REAL-Real-Steel/build/imu_pipeline/build install --record /home/cc/ee106a/fa25/class/ee106a-abg/REAL-Real-Steel/build/imu_pipeline/install.log --single-version-externally-managed install_data
