[0.924s] Invoking command in '/home/cc/ee106a/fa25/class/ee106a-abj/REAL-Real-Steel/src/imu_pipeline': AMENT_PREFIX_PATH=/home/cc/ee106a/fa25/class/ee106a-abj/REAL-Real-Steel/install/imu_filter_madgwick:${AMENT_PREFIX_PATH} CMAKE_PREFIX_PATH=/home/cc/ee106a/fa25/class/ee106a-abj/REAL-Real-Steel/install/imu_filter_madgwick LD_LIBRARY_PATH=/home/cc/ee106a/fa25/class/ee106a-abj/REAL-Real-Steel/install/imu_filter_madgwick/lib:${LD_LIBRARY_PATH} PYTHONPATH=/home/cc/ee106a/fa25/class/ee106a-abj/REAL-Real-Steel/build/imu_pipeline/prefix_override:/usr/lib/python3/dist-packages/colcon_core/task/python/colcon_distutils_commands:/home/cc/ee106a/fa25/class/ee106a-abj/REAL-Real-Steel/install/imu_pipeline/lib/python3.10/site-packages:${PYTHONPATH} /usr/bin/python3 -W ignore:setup.py install is deprecated -W ignore:easy_install command is deprecated setup.py egg_info --egg-base ../../build/imu_pipeline build --build-base /home/cc/ee106a/fa25/class/ee106a-abj/REAL-Real-Steel/build/imu_pipeline/build install --record /home/cc/ee106a/fa25/class/ee106a-abj/REAL-Real-Steel/build/imu_pipeline/install.log --single-version-externally-managed install_data
[1.140s] running egg_info
[1.141s] writing ../../build/imu_pipeline/imu_pipeline.egg-info/PKG-INFO
[1.157s] writing dependency_links to ../../build/imu_pipeline/imu_pipeline.egg-info/dependency_links.txt
[1.160s] writing entry points to ../../build/imu_pipeline/imu_pipeline.egg-info/entry_points.txt
[1.162s] writing requirements to ../../build/imu_pipeline/imu_pipeline.egg-info/requires.txt
[1.164s] writing top-level names to ../../build/imu_pipeline/imu_pipeline.egg-info/top_level.txt
[1.176s] reading manifest file '../../build/imu_pipeline/imu_pipeline.egg-info/SOURCES.txt'
[1.183s] writing manifest file '../../build/imu_pipeline/imu_pipeline.egg-info/SOURCES.txt'
[1.186s] running build
[1.186s] running build_py
[1.192s] running install
[1.192s] running install_lib
[1.230s] running install_data
[1.233s] running install_egg_info
[1.237s] removing '/home/cc/ee106a/fa25/class/ee106a-abj/REAL-Real-Steel/install/imu_pipeline/lib/python3.10/site-packages/imu_pipeline-0.0.0-py3.10.egg-info' (and everything under it)
[1.244s] Copying ../../build/imu_pipeline/imu_pipeline.egg-info to /home/cc/ee106a/fa25/class/ee106a-abj/REAL-Real-Steel/install/imu_pipeline/lib/python3.10/site-packages/imu_pipeline-0.0.0-py3.10.egg-info
[1.285s] running install_scripts
[1.319s] Installing ble_imu_bridge script to /home/cc/ee106a/fa25/class/ee106a-abj/REAL-Real-Steel/install/imu_pipeline/lib/imu_pipeline
[1.324s] Installing serial_imu_bridge script to /home/cc/ee106a/fa25/class/ee106a-abj/REAL-Real-Steel/install/imu_pipeline/lib/imu_pipeline
[1.328s] writing list of installed files to '/home/cc/ee106a/fa25/class/ee106a-abj/REAL-Real-Steel/build/imu_pipeline/install.log'
[1.344s] Invoked command in '/home/cc/ee106a/fa25/class/ee106a-abj/REAL-Real-Steel/src/imu_pipeline' returned '0': AMENT_PREFIX_PATH=/home/cc/ee106a/fa25/class/ee106a-abj/REAL-Real-Steel/install/imu_filter_madgwick:${AMENT_PREFIX_PATH} CMAKE_PREFIX_PATH=/home/cc/ee106a/fa25/class/ee106a-abj/REAL-Real-Steel/install/imu_filter_madgwick LD_LIBRARY_PATH=/home/cc/ee106a/fa25/class/ee106a-abj/REAL-Real-Steel/install/imu_filter_madgwick/lib:${LD_LIBRARY_PATH} PYTHONPATH=/home/cc/ee106a/fa25/class/ee106a-abj/REAL-Real-Steel/build/imu_pipeline/prefix_override:/usr/lib/python3/dist-packages/colcon_core/task/python/colcon_distutils_commands:/home/cc/ee106a/fa25/class/ee106a-abj/REAL-Real-Steel/install/imu_pipeline/lib/python3.10/site-packages:${PYTHONPATH} /usr/bin/python3 -W ignore:setup.py install is deprecated -W ignore:easy_install command is deprecated setup.py egg_info --egg-base ../../build/imu_pipeline build --build-base /home/cc/ee106a/fa25/class/ee106a-abj/REAL-Real-Steel/build/imu_pipeline/build install --record /home/cc/ee106a/fa25/class/ee106a-abj/REAL-Real-Steel/build/imu_pipeline/install.log --single-version-externally-managed install_data
