[0.268s] Invoking command in '/home/cc/ee106a/fa25/class/ee106a-abj/REAL-Real-Steel/build/imu_tools': CMAKE_PREFIX_PATH=/home/cc/ee106a/fa25/class/ee106a-abj/REAL-Real-Steel/install/rviz_imu_plugin:/home/cc/ee106a/fa25/class/ee106a-abj/REAL-Real-Steel/install/imu_filter_madgwick:/home/cc/ee106a/fa25/class/ee106a-abj/REAL-Real-Steel/install/imu_complementary_filter:/home/cc/ee106a/fa25/class/ee106a-abj/REAL-Real-Steel/install/imu_tools:/home/cc/ee106a/fa25/class/ee106a-abj/REAL-Real-Steel/install/imu_pipeline:/home/ff/ee106a/robot_workspaces/ur/install/ur7e_utils:/opt/ros/humble /usr/bin/cmake --build /home/cc/ee106a/fa25/class/ee106a-abj/REAL-Real-Steel/build/imu_tools -- -j32 -l32
[0.311s] Invoked command in '/home/cc/ee106a/fa25/class/ee106a-abj/REAL-Real-Steel/build/imu_tools' returned '0': CMAKE_PREFIX_PATH=/home/cc/ee106a/fa25/class/ee106a-abj/REAL-Real-Steel/install/rviz_imu_plugin:/home/cc/ee106a/fa25/class/ee106a-abj/REAL-Real-Steel/install/imu_filter_madgwick:/home/cc/ee106a/fa25/class/ee106a-abj/REAL-Real-Steel/install/imu_complementary_filter:/home/cc/ee106a/fa25/class/ee106a-abj/REAL-Real-Steel/install/imu_tools:/home/cc/ee106a/fa25/class/ee106a-abj/REAL-Real-Steel/install/imu_pipeline:/home/ff/ee106a/robot_workspaces/ur/install/ur7e_utils:/opt/ros/humble /usr/bin/cmake --build /home/cc/ee106a/fa25/class/ee106a-abj/REAL-Real-Steel/build/imu_tools -- -j32 -l32
[0.314s] Invoking command in '/home/cc/ee106a/fa25/class/ee106a-abj/REAL-Real-Steel/build/imu_tools': CMAKE_PREFIX_PATH=/home/cc/ee106a/fa25/class/ee106a-abj/REAL-Real-Steel/install/rviz_imu_plugin:/home/cc/ee106a/fa25/class/ee106a-abj/REAL-Real-Steel/install/imu_filter_madgwick:/home/cc/ee106a/fa25/class/ee106a-abj/REAL-Real-Steel/install/imu_complementary_filter:/home/cc/ee106a/fa25/class/ee106a-abj/REAL-Real-Steel/install/imu_tools:/home/cc/ee106a/fa25/class/ee106a-abj/REAL-Real-Steel/install/imu_pipeline:/home/ff/ee106a/robot_workspaces/ur/install/ur7e_utils:/opt/ros/humble /usr/bin/cmake --install /home/cc/ee106a/fa25/class/ee106a-abj/REAL-Real-Steel/build/imu_tools
[0.323s] -- Install configuration: ""
[0.323s] -- Up-to-date: /home/cc/ee106a/fa25/class/ee106a-abj/REAL-Real-Steel/install/imu_tools/share/ament_index/resource_index/package_run_dependencies/imu_tools
[0.324s] -- Up-to-date: /home/cc/ee106a/fa25/class/ee106a-abj/REAL-Real-Steel/install/imu_tools/share/ament_index/resource_index/parent_prefix_path/imu_tools
[0.325s] -- Up-to-date: /home/cc/ee106a/fa25/class/ee106a-abj/REAL-Real-Steel/install/imu_tools/share/imu_tools/environment/ament_prefix_path.sh
[0.325s] -- Up-to-date: /home/cc/ee106a/fa25/class/ee106a-abj/REAL-Real-Steel/install/imu_tools/share/imu_tools/environment/ament_prefix_path.dsv
[0.326s] -- Up-to-date: /home/cc/ee106a/fa25/class/ee106a-abj/REAL-Real-Steel/install/imu_tools/share/imu_tools/environment/path.sh
[0.327s] -- Up-to-date: /home/cc/ee106a/fa25/class/ee106a-abj/REAL-Real-Steel/install/imu_tools/share/imu_tools/environment/path.dsv
[0.328s] -- Up-to-date: /home/cc/ee106a/fa25/class/ee106a-abj/REAL-Real-Steel/install/imu_tools/share/imu_tools/local_setup.bash
[0.328s] -- Up-to-date: /home/cc/ee106a/fa25/class/ee106a-abj/REAL-Real-Steel/install/imu_tools/share/imu_tools/local_setup.sh
[0.329s] -- Up-to-date: /home/cc/ee106a/fa25/class/ee106a-abj/REAL-Real-Steel/install/imu_tools/share/imu_tools/local_setup.zsh
[0.330s] -- Up-to-date: /home/cc/ee106a/fa25/class/ee106a-abj/REAL-Real-Steel/install/imu_tools/share/imu_tools/local_setup.dsv
[0.331s] -- Installing: /home/cc/ee106a/fa25/class/ee106a-abj/REAL-Real-Steel/install/imu_tools/share/imu_tools/package.dsv
[0.337s] -- Up-to-date: /home/cc/ee106a/fa25/class/ee106a-abj/REAL-Real-Steel/install/imu_tools/share/ament_index/resource_index/packages/imu_tools
[0.338s] -- Up-to-date: /home/cc/ee106a/fa25/class/ee106a-abj/REAL-Real-Steel/install/imu_tools/share/imu_tools/cmake/imu_toolsConfig.cmake
[0.339s] -- Up-to-date: /home/cc/ee106a/fa25/class/ee106a-abj/REAL-Real-Steel/install/imu_tools/share/imu_tools/cmake/imu_toolsConfig-version.cmake
[0.340s] -- Up-to-date: /home/cc/ee106a/fa25/class/ee106a-abj/REAL-Real-Steel/install/imu_tools/share/imu_tools/package.xml
[0.344s] Invoked command in '/home/cc/ee106a/fa25/class/ee106a-abj/REAL-Real-Steel/build/imu_tools' returned '0': CMAKE_PREFIX_PATH=/home/cc/ee106a/fa25/class/ee106a-abj/REAL-Real-Steel/install/rviz_imu_plugin:/home/cc/ee106a/fa25/class/ee106a-abj/REAL-Real-Steel/install/imu_filter_madgwick:/home/cc/ee106a/fa25/class/ee106a-abj/REAL-Real-Steel/install/imu_complementary_filter:/home/cc/ee106a/fa25/class/ee106a-abj/REAL-Real-Steel/install/imu_tools:/home/cc/ee106a/fa25/class/ee106a-abj/REAL-Real-Steel/install/imu_pipeline:/home/ff/ee106a/robot_workspaces/ur/install/ur7e_utils:/opt/ros/humble /usr/bin/cmake --install /home/cc/ee106a/fa25/class/ee106a-abj/REAL-Real-Steel/build/imu_tools
