[0.053s] Invoking command in '/home/cc/ee106a/fa25/class/ee106a-abg/REAL-Real-Steel/build/imu_filter_madgwick': CMAKE_PREFIX_PATH=/home/ff/ee106a/robot_workspaces/ur/install/ur7e_utils:/opt/ros/humble /usr/bin/cmake /home/cc/ee106a/fa25/class/ee106a-abg/REAL-Real-Steel/src/imu_tools/imu_filter_madgwick -DCMAKE_INSTALL_PREFIX=/home/cc/ee106a/fa25/class/ee106a-abg/REAL-Real-Steel/install/imu_filter_madgwick
[0.244s] -- The C compiler identification is GNU 11.4.0
[0.434s] -- The CXX compiler identification is GNU 11.4.0
[0.463s] -- Detecting C compiler ABI info
[0.767s] -- Detecting C compiler ABI info - done
[0.788s] -- Check for working C compiler: /usr/bin/cc - skipped
[0.789s] -- Detecting C compile features
[0.791s] -- Detecting C compile features - done
[0.813s] -- Detecting CXX compiler ABI info
[1.137s] -- Detecting CXX compiler ABI info - done
[1.157s] -- Check for working CXX compiler: /usr/bin/c++ - skipped
[1.158s] -- Detecting CXX compile features
[1.159s] -- Detecting CXX compile features - done
[1.192s] -- Found ament_cmake: 1.3.12 (/opt/ros/humble/share/ament_cmake/cmake)
[1.480s] -- Found Python3: /usr/bin/python3 (found version "3.10.12") found components: Interpreter 
[1.785s] -- Found rclcpp: 16.0.15 (/opt/ros/humble/share/rclcpp/cmake)
[1.852s] -- Found rosidl_generator_c: 3.1.7 (/opt/ros/humble/share/rosidl_generator_c/cmake)
[1.864s] -- Found rosidl_adapter: 3.1.7 (/opt/ros/humble/share/rosidl_adapter/cmake)
[1.881s] -- Found rosidl_generator_cpp: 3.1.7 (/opt/ros/humble/share/rosidl_generator_cpp/cmake)
[1.901s] -- Using all available rosidl_typesupport_c: rosidl_typesupport_fastrtps_c;rosidl_typesupport_introspection_c
[1.926s] -- Using all available rosidl_typesupport_cpp: rosidl_typesupport_fastrtps_cpp;rosidl_typesupport_introspection_cpp
[1.998s] -- Found rmw_implementation_cmake: 6.1.2 (/opt/ros/humble/share/rmw_implementation_cmake/cmake)
[2.003s] -- Found rmw_fastrtps_cpp: 6.2.8 (/opt/ros/humble/share/rmw_fastrtps_cpp/cmake)
[2.404s] -- Found OpenSSL: /usr/lib/x86_64-linux-gnu/libcrypto.so (found version "3.0.2")  
[2.453s] -- Found FastRTPS: /opt/ros/humble/include  
[2.502s] -- Using RMW implementation 'rmw_fastrtps_cpp' as default
[2.533s] -- Looking for pthread.h
[2.850s] -- Looking for pthread.h - found
[2.856s] -- Performing Test CMAKE_HAVE_LIBC_PTHREAD
[3.182s] -- Performing Test CMAKE_HAVE_LIBC_PTHREAD - Success
[3.185s] -- Found Threads: TRUE  
[3.255s] -- Found rclcpp_components: 16.0.15 (/opt/ros/humble/share/rclcpp_components/cmake)
[3.317s] -- Found geometry_msgs: 4.9.0 (/opt/ros/humble/share/geometry_msgs/cmake)
[3.333s] -- Found tf2_geometry_msgs: 0.25.16 (/opt/ros/humble/share/tf2_geometry_msgs/cmake)
[3.400s] -- Found eigen3_cmake_module: 0.1.1 (/opt/ros/humble/share/eigen3_cmake_module/cmake)
[3.402s] -- Found Eigen3: TRUE (found version "3.4.0") 
[3.403s] -- Ensuring Eigen3 include directory is part of orocos-kdl CMake target
[3.495s] -- Found sensor_msgs: 4.9.0 (/opt/ros/humble/share/sensor_msgs/cmake)
[3.515s] -- Found ament_cmake_gtest: 1.3.12 (/opt/ros/humble/share/ament_cmake_gtest/cmake)
[3.531s] -- Found gtest sources under '/opt/ros/humble/src/gtest_vendor': C++ tests using 'Google Test' will be built
[3.829s] -- Configuring done
[4.352s] -- Generating done
[4.481s] -- Build files have been written to: /home/cc/ee106a/fa25/class/ee106a-abg/REAL-Real-Steel/build/imu_filter_madgwick
[4.489s] Invoked command in '/home/cc/ee106a/fa25/class/ee106a-abg/REAL-Real-Steel/build/imu_filter_madgwick' returned '0': CMAKE_PREFIX_PATH=/home/ff/ee106a/robot_workspaces/ur/install/ur7e_utils:/opt/ros/humble /usr/bin/cmake /home/cc/ee106a/fa25/class/ee106a-abg/REAL-Real-Steel/src/imu_tools/imu_filter_madgwick -DCMAKE_INSTALL_PREFIX=/home/cc/ee106a/fa25/class/ee106a-abg/REAL-Real-Steel/install/imu_filter_madgwick
[4.492s] Invoking command in '/home/cc/ee106a/fa25/class/ee106a-abg/REAL-Real-Steel/build/imu_filter_madgwick': CMAKE_PREFIX_PATH=/home/ff/ee106a/robot_workspaces/ur/install/ur7e_utils:/opt/ros/humble /usr/bin/cmake --build /home/cc/ee106a/fa25/class/ee106a-abg/REAL-Real-Steel/build/imu_filter_madgwick -- -j32 -l32
[4.616s] [ 35%] [32mBuilding CXX object gtest/CMakeFiles/gtest.dir/src/gtest-all.cc.o[0m
[4.616s] [ 35%] [32mBuilding CXX object gtest/CMakeFiles/gtest_main.dir/src/gtest_main.cc.o[0m
[4.616s] [ 35%] [32mBuilding CXX object CMakeFiles/imu_filter_madgwick.dir/src/imu_filter.cpp.o[0m
[4.617s] [ 35%] [32mBuilding CXX object CMakeFiles/imu_filter_madgwick.dir/src/imu_filter_ros.cpp.o[0m
[4.618s] [ 35%] [32mBuilding CXX object CMakeFiles/imu_filter_madgwick.dir/src/stateless_orientation.cpp.o[0m
[5.192s] [ 42%] [32m[1mLinking CXX static library libgtest_main.a[0m
[5.253s] [ 42%] Built target gtest_main
[6.623s] [ 50%] [32m[1mLinking CXX static library libgtest.a[0m
[6.774s] [ 50%] Built target gtest
[15.412s] [ 57%] [32m[1mLinking CXX shared library libimu_filter_madgwick.so[0m
[17.414s] [ 57%] Built target imu_filter_madgwick
[17.564s] [ 71%] [32mBuilding CXX object test/CMakeFiles/stateless_orientation_test.dir/stateless_orientation_test.cpp.o[0m
[17.566s] [ 78%] [32mBuilding CXX object CMakeFiles/imu_filter_madgwick_node.dir/src/imu_filter_node.cpp.o[0m
[17.568s] [ 78%] [32mBuilding CXX object test/CMakeFiles/madgwick_test.dir/madgwick_test.cpp.o[0m
[18.476s] [ 85%] [32m[1mLinking CXX executable madgwick_test[0m
[18.501s] [ 92%] [32m[1mLinking CXX executable stateless_orientation_test[0m
[19.072s] [ 92%] Built target stateless_orientation_test
[19.073s] [ 92%] Built target madgwick_test
[19.378s] [100%] [32m[1mLinking CXX executable imu_filter_madgwick_node[0m
[19.705s] [100%] Built target imu_filter_madgwick_node
[19.745s] Invoked command in '/home/cc/ee106a/fa25/class/ee106a-abg/REAL-Real-Steel/build/imu_filter_madgwick' returned '0': CMAKE_PREFIX_PATH=/home/ff/ee106a/robot_workspaces/ur/install/ur7e_utils:/opt/ros/humble /usr/bin/cmake --build /home/cc/ee106a/fa25/class/ee106a-abg/REAL-Real-Steel/build/imu_filter_madgwick -- -j32 -l32
[19.753s] Invoking command in '/home/cc/ee106a/fa25/class/ee106a-abg/REAL-Real-Steel/build/imu_filter_madgwick': CMAKE_PREFIX_PATH=/home/ff/ee106a/robot_workspaces/ur/install/ur7e_utils:/opt/ros/humble /usr/bin/cmake --install /home/cc/ee106a/fa25/class/ee106a-abg/REAL-Real-Steel/build/imu_filter_madgwick
[19.772s] -- Install configuration: ""
[19.778s] -- Installing: /home/cc/ee106a/fa25/class/ee106a-abg/REAL-Real-Steel/install/imu_filter_madgwick/lib/libimu_filter_madgwick.so
[19.972s] -- Set runtime path of "/home/cc/ee106a/fa25/class/ee106a-abg/REAL-Real-Steel/install/imu_filter_madgwick/lib/libimu_filter_madgwick.so" to ""
[19.973s] -- Installing: /home/cc/ee106a/fa25/class/ee106a-abg/REAL-Real-Steel/install/imu_filter_madgwick/include
[19.978s] -- Installing: /home/cc/ee106a/fa25/class/ee106a-abg/REAL-Real-Steel/install/imu_filter_madgwick/include/imu_filter_madgwick
[19.983s] -- Installing: /home/cc/ee106a/fa25/class/ee106a-abg/REAL-Real-Steel/install/imu_filter_madgwick/include/imu_filter_madgwick/base_node.hpp
[19.991s] -- Installing: /home/cc/ee106a/fa25/class/ee106a-abg/REAL-Real-Steel/install/imu_filter_madgwick/include/imu_filter_madgwick/imu_filter.h
[19.998s] -- Installing: /home/cc/ee106a/fa25/class/ee106a-abg/REAL-Real-Steel/install/imu_filter_madgwick/include/imu_filter_madgwick/imu_filter_ros.h
[20.005s] -- Installing: /home/cc/ee106a/fa25/class/ee106a-abg/REAL-Real-Steel/install/imu_filter_madgwick/include/imu_filter_madgwick/stateless_orientation.h
[20.013s] -- Installing: /home/cc/ee106a/fa25/class/ee106a-abg/REAL-Real-Steel/install/imu_filter_madgwick/include/imu_filter_madgwick/visibility_control.h
[20.020s] -- Installing: /home/cc/ee106a/fa25/class/ee106a-abg/REAL-Real-Steel/install/imu_filter_madgwick/include/imu_filter_madgwick/world_frame.h
[20.032s] -- Installing: /home/cc/ee106a/fa25/class/ee106a-abg/REAL-Real-Steel/install/imu_filter_madgwick/lib/imu_filter_madgwick/imu_filter_madgwick_node
[20.048s] -- Set runtime path of "/home/cc/ee106a/fa25/class/ee106a-abg/REAL-Real-Steel/install/imu_filter_madgwick/lib/imu_filter_madgwick/imu_filter_madgwick_node" to ""
[20.049s] -- Installing: /home/cc/ee106a/fa25/class/ee106a-abg/REAL-Real-Steel/install/imu_filter_madgwick/share/imu_filter_madgwick/launch
[20.055s] -- Installing: /home/cc/ee106a/fa25/class/ee106a-abg/REAL-Real-Steel/install/imu_filter_madgwick/share/imu_filter_madgwick/launch/imu_filter.launch.py
[20.062s] -- Installing: /home/cc/ee106a/fa25/class/ee106a-abg/REAL-Real-Steel/install/imu_filter_madgwick/share/imu_filter_madgwick/launch/imu_filter_component.launch.py
[20.069s] -- Installing: /home/cc/ee106a/fa25/class/ee106a-abg/REAL-Real-Steel/install/imu_filter_madgwick/share/imu_filter_madgwick/config
[20.074s] -- Installing: /home/cc/ee106a/fa25/class/ee106a-abg/REAL-Real-Steel/install/imu_filter_madgwick/share/imu_filter_madgwick/config/imu_filter.yaml
[20.086s] -- Installing: /home/cc/ee106a/fa25/class/ee106a-abg/REAL-Real-Steel/install/imu_filter_madgwick/share/imu_filter_madgwick/environment/library_path.sh
[20.093s] -- Installing: /home/cc/ee106a/fa25/class/ee106a-abg/REAL-Real-Steel/install/imu_filter_madgwick/share/imu_filter_madgwick/environment/library_path.dsv
[20.107s] -- Installing: /home/cc/ee106a/fa25/class/ee106a-abg/REAL-Real-Steel/install/imu_filter_madgwick/share/ament_index/resource_index/package_run_dependencies/imu_filter_madgwick
[20.122s] -- Installing: /home/cc/ee106a/fa25/class/ee106a-abg/REAL-Real-Steel/install/imu_filter_madgwick/share/ament_index/resource_index/parent_prefix_path/imu_filter_madgwick
[20.130s] -- Installing: /home/cc/ee106a/fa25/class/ee106a-abg/REAL-Real-Steel/install/imu_filter_madgwick/share/imu_filter_madgwick/environment/ament_prefix_path.sh
[20.139s] -- Installing: /home/cc/ee106a/fa25/class/ee106a-abg/REAL-Real-Steel/install/imu_filter_madgwick/share/imu_filter_madgwick/environment/ament_prefix_path.dsv
[20.146s] -- Installing: /home/cc/ee106a/fa25/class/ee106a-abg/REAL-Real-Steel/install/imu_filter_madgwick/share/imu_filter_madgwick/environment/path.sh
[20.152s] -- Installing: /home/cc/ee106a/fa25/class/ee106a-abg/REAL-Real-Steel/install/imu_filter_madgwick/share/imu_filter_madgwick/environment/path.dsv
[20.161s] -- Installing: /home/cc/ee106a/fa25/class/ee106a-abg/REAL-Real-Steel/install/imu_filter_madgwick/share/imu_filter_madgwick/local_setup.bash
[20.169s] -- Installing: /home/cc/ee106a/fa25/class/ee106a-abg/REAL-Real-Steel/install/imu_filter_madgwick/share/imu_filter_madgwick/local_setup.sh
[20.178s] -- Installing: /home/cc/ee106a/fa25/class/ee106a-abg/REAL-Real-Steel/install/imu_filter_madgwick/share/imu_filter_madgwick/local_setup.zsh
[20.189s] -- Installing: /home/cc/ee106a/fa25/class/ee106a-abg/REAL-Real-Steel/install/imu_filter_madgwick/share/imu_filter_madgwick/local_setup.dsv
[20.196s] -- Installing: /home/cc/ee106a/fa25/class/ee106a-abg/REAL-Real-Steel/install/imu_filter_madgwick/share/imu_filter_madgwick/package.dsv
[20.207s] -- Installing: /home/cc/ee106a/fa25/class/ee106a-abg/REAL-Real-Steel/install/imu_filter_madgwick/share/ament_index/resource_index/packages/imu_filter_madgwick
[20.219s] -- Installing: /home/cc/ee106a/fa25/class/ee106a-abg/REAL-Real-Steel/install/imu_filter_madgwick/share/ament_index/resource_index/rclcpp_components/imu_filter_madgwick
[20.230s] -- Installing: /home/cc/ee106a/fa25/class/ee106a-abg/REAL-Real-Steel/install/imu_filter_madgwick/share/imu_filter_madgwick/cmake/export_imu_filter_madgwickExport.cmake
[20.239s] -- Installing: /home/cc/ee106a/fa25/class/ee106a-abg/REAL-Real-Steel/install/imu_filter_madgwick/share/imu_filter_madgwick/cmake/export_imu_filter_madgwickExport-noconfig.cmake
[20.262s] -- Installing: /home/cc/ee106a/fa25/class/ee106a-abg/REAL-Real-Steel/install/imu_filter_madgwick/share/imu_filter_madgwick/cmake/ament_cmake_export_include_directories-extras.cmake
[20.268s] -- Installing: /home/cc/ee106a/fa25/class/ee106a-abg/REAL-Real-Steel/install/imu_filter_madgwick/share/imu_filter_madgwick/cmake/ament_cmake_export_libraries-extras.cmake
[20.275s] -- Installing: /home/cc/ee106a/fa25/class/ee106a-abg/REAL-Real-Steel/install/imu_filter_madgwick/share/imu_filter_madgwick/cmake/ament_cmake_export_targets-extras.cmake
[20.283s] -- Installing: /home/cc/ee106a/fa25/class/ee106a-abg/REAL-Real-Steel/install/imu_filter_madgwick/share/imu_filter_madgwick/cmake/imu_filter_madgwickConfig.cmake
[20.290s] -- Installing: /home/cc/ee106a/fa25/class/ee106a-abg/REAL-Real-Steel/install/imu_filter_madgwick/share/imu_filter_madgwick/cmake/imu_filter_madgwickConfig-version.cmake
[20.298s] -- Installing: /home/cc/ee106a/fa25/class/ee106a-abg/REAL-Real-Steel/install/imu_filter_madgwick/share/imu_filter_madgwick/package.xml
[20.312s] Invoked command in '/home/cc/ee106a/fa25/class/ee106a-abg/REAL-Real-Steel/build/imu_filter_madgwick' returned '0': CMAKE_PREFIX_PATH=/home/ff/ee106a/robot_workspaces/ur/install/ur7e_utils:/opt/ros/humble /usr/bin/cmake --install /home/cc/ee106a/fa25/class/ee106a-abg/REAL-Real-Steel/build/imu_filter_madgwick
