[0.061s] Invoking command in '/home/cc/ee106a/fa25/class/ee106a-abg/REAL-Real-Steel/src/build/rviz_imu_plugin': CMAKE_PREFIX_PATH=/home/ff/ee106a/robot_workspaces/ur/install/ur7e_utils:/opt/ros/humble /usr/bin/cmake /home/cc/ee106a/fa25/class/ee106a-abg/REAL-Real-Steel/src/imu_tools/rviz_imu_plugin -DCMAKE_INSTALL_PREFIX=/home/cc/ee106a/fa25/class/ee106a-abg/REAL-Real-Steel/src/install/rviz_imu_plugin
[0.160s] -- The C compiler identification is GNU 11.4.0
[0.244s] -- The CXX compiler identification is GNU 11.4.0
[0.261s] -- Detecting C compiler ABI info
[0.478s] -- Detecting C compiler ABI info - done
[0.493s] -- Check for working C compiler: /usr/bin/cc - skipped
[0.493s] -- Detecting C compile features
[0.493s] -- Detecting C compile features - done
[0.508s] -- Detecting CXX compiler ABI info
[0.719s] -- Detecting CXX compiler ABI info - done
[0.733s] -- Check for working CXX compiler: /usr/bin/c++ - skipped
[0.733s] -- Detecting CXX compile features
[0.733s] -- Detecting CXX compile features - done
[0.748s] -- Found ament_cmake: 1.3.12 (/opt/ros/humble/share/ament_cmake/cmake)
[0.935s] -- Found Python3: /usr/bin/python3 (found version "3.10.12") found components: Interpreter 
[1.107s] -- Found message_filters: 4.3.8 (/opt/ros/humble/share/message_filters/cmake)
[1.186s] -- Found rosidl_generator_c: 3.1.7 (/opt/ros/humble/share/rosidl_generator_c/cmake)
[1.197s] -- Found rosidl_adapter: 3.1.7 (/opt/ros/humble/share/rosidl_adapter/cmake)
[1.211s] -- Found rosidl_generator_cpp: 3.1.7 (/opt/ros/humble/share/rosidl_generator_cpp/cmake)
[1.227s] -- Using all available rosidl_typesupport_c: rosidl_typesupport_fastrtps_c;rosidl_typesupport_introspection_c
[1.248s] -- Using all available rosidl_typesupport_cpp: rosidl_typesupport_fastrtps_cpp;rosidl_typesupport_introspection_cpp
[1.307s] -- Found rmw_implementation_cmake: 6.1.2 (/opt/ros/humble/share/rmw_implementation_cmake/cmake)
[1.312s] -- Found rmw_fastrtps_cpp: 6.2.8 (/opt/ros/humble/share/rmw_fastrtps_cpp/cmake)
[1.480s] -- Found OpenSSL: /usr/lib/x86_64-linux-gnu/libcrypto.so (found version "3.0.2")  
[1.520s] -- Found FastRTPS: /opt/ros/humble/include  
[1.565s] -- Using RMW implementation 'rmw_fastrtps_cpp' as default
[1.596s] -- Looking for pthread.h
[1.858s] -- Looking for pthread.h - found
[1.862s] -- Performing Test CMAKE_HAVE_LIBC_PTHREAD
[2.146s] -- Performing Test CMAKE_HAVE_LIBC_PTHREAD - Success
[2.149s] -- Found Threads: TRUE  
[2.219s] -- Found rviz_common: 11.2.20 (/opt/ros/humble/share/rviz_common/cmake)
[2.229s] -- Setting assimp_DIR to: '/opt/ros/humble/share/rviz_assimp_vendor/cmake/../../../opt/rviz_assimp_vendor/lib/cmake/assimp-4.1'
[2.247s] -- Setting OGRE_DIR to: '/opt/ros/humble/share/rviz_ogre_vendor/cmake/../../../opt/rviz_ogre_vendor/lib/OGRE/cmake'
[2.248s] -- Found OGRE
[2.248s] --   static     : OFF
[2.249s] --   components : HLMS;MeshLodGenerator;Overlay;Paging;Property;RTShaderSystem;Terrain;Volume
[2.249s] --   plugins    : Plugin_BSPSceneManager;Plugin_OctreeSceneManager;Plugin_PCZSceneManager;Plugin_ParticleFX;RenderSystem_GL;RenderSystem_GL3Plus;Codec_STBI
[2.249s] --   media      : /opt/ros/humble/opt/rviz_ogre_vendor/share/OGRE/Media
[2.250s] -- OGRE_LIBRARIES: OgreHLMS;OgreMeshLodGenerator;OgreOverlay;OgrePaging;OgreProperty;OgreRTShaderSystem;OgreTerrain;OgreVolume;OgreMain
[2.250s] -- OGRE_LIBRARY_DIRS: /opt/ros/humble/opt/rviz_ogre_vendor/lib
[2.250s] -- OGRE_PLUGINS: Plugin_BSPSceneManager;Plugin_OctreeSceneManager;Plugin_PCZSceneManager;Plugin_ParticleFX;RenderSystem_GL;RenderSystem_GL3Plus;Codec_STBI
[2.251s] -- OGRE_PLUGIN_DIR: /opt/ros/humble/opt/rviz_ogre_vendor/lib/OGRE
[2.251s] -- rviz_ogre_vendor::OgreOverlay for IMPORTED_LOCATION_RELEASE: /opt/ros/humble/opt/rviz_ogre_vendor/lib/libOgreOverlay.so
[2.251s] -- rviz_ogre_vendor::OgreOverlay for IMPORTED_LOCATION_DEBUG: /opt/ros/humble/opt/rviz_ogre_vendor/lib/libOgreOverlay.so
[2.251s] -- rviz_ogre_vendor::OgreMain for IMPORTED_LOCATION_RELEASE: /opt/ros/humble/opt/rviz_ogre_vendor/lib/libOgreMain.so
[2.252s] -- rviz_ogre_vendor::OgreMain for IMPORTED_LOCATION_DEBUG: /opt/ros/humble/opt/rviz_ogre_vendor/lib/libOgreMain.so
[2.262s] -- Found ZLIB: /usr/lib/x86_64-linux-gnu/libz.so (found version "1.2.11") 
[2.266s] -- Found OpenGL: /usr/lib/x86_64-linux-gnu/libOpenGL.so   
[2.351s] -- Found X11: /usr/include   
[2.351s] -- Looking for XOpenDisplay in /usr/lib/x86_64-linux-gnu/libX11.so;/usr/lib/x86_64-linux-gnu/libXext.so
[2.558s] -- Looking for XOpenDisplay in /usr/lib/x86_64-linux-gnu/libX11.so;/usr/lib/x86_64-linux-gnu/libXext.so - found
[2.560s] -- Looking for gethostbyname
[2.836s] -- Looking for gethostbyname - found
[2.837s] -- Looking for connect
[3.087s] -- Looking for connect - found
[3.089s] -- Looking for remove
[3.269s] -- Looking for remove - found
[3.270s] -- Looking for shmat
[3.452s] -- Looking for shmat - found
[3.453s] -- Looking for IceConnectionNumber in ICE
[3.620s] -- Looking for IceConnectionNumber in ICE - found
[3.718s] -- library: /usr/lib/x86_64-linux-gnu/libcurl.so
[3.804s] -- Found Eigen3: TRUE (found version "3.4.0") 
[3.805s] -- Ensuring Eigen3 include directory is part of orocos-kdl CMake target
[4.110s] -- Configuring done
[4.300s] -- Generating done
[4.356s] -- Build files have been written to: /home/cc/ee106a/fa25/class/ee106a-abg/REAL-Real-Steel/src/build/rviz_imu_plugin
[4.364s] Invoked command in '/home/cc/ee106a/fa25/class/ee106a-abg/REAL-Real-Steel/src/build/rviz_imu_plugin' returned '0': CMAKE_PREFIX_PATH=/home/ff/ee106a/robot_workspaces/ur/install/ur7e_utils:/opt/ros/humble /usr/bin/cmake /home/cc/ee106a/fa25/class/ee106a-abg/REAL-Real-Steel/src/imu_tools/rviz_imu_plugin -DCMAKE_INSTALL_PREFIX=/home/cc/ee106a/fa25/class/ee106a-abg/REAL-Real-Steel/src/install/rviz_imu_plugin
[4.369s] Invoking command in '/home/cc/ee106a/fa25/class/ee106a-abg/REAL-Real-Steel/src/build/rviz_imu_plugin': CMAKE_PREFIX_PATH=/home/ff/ee106a/robot_workspaces/ur/install/ur7e_utils:/opt/ros/humble /usr/bin/cmake --build /home/cc/ee106a/fa25/class/ee106a-abg/REAL-Real-Steel/src/build/rviz_imu_plugin -- -j32 -l32
[4.451s] [ 11%] [34m[1mAutomatic MOC for target rviz_imu_plugin[0m
[4.805s] [ 11%] Built target rviz_imu_plugin_autogen
[4.859s] [ 88%] [32mBuilding CXX object CMakeFiles/rviz_imu_plugin.dir/src/imu_axes_visual.cpp.o[0m
[4.860s] [ 88%] [32mBuilding CXX object CMakeFiles/rviz_imu_plugin.dir/src/imu_display.cpp.o[0m
[4.860s] [ 88%] [32mBuilding CXX object CMakeFiles/rviz_imu_plugin.dir/rviz_imu_plugin_autogen/mocs_compilation.cpp.o[0m
[4.860s] [ 88%] [32mBuilding CXX object CMakeFiles/rviz_imu_plugin.dir/src/imu_orientation_visual.cpp.o[0m
[4.860s] [ 88%] [32mBuilding CXX object CMakeFiles/rviz_imu_plugin.dir/src/imu_acc_visual.cpp.o[0m
[4.860s] [ 88%] [32mBuilding CXX object CMakeFiles/rviz_imu_plugin.dir/src/mag_display.cpp.o[0m
[4.860s] [ 88%] [32mBuilding CXX object CMakeFiles/rviz_imu_plugin.dir/src/mag_visual.cpp.o[0m
[14.209s] [100%] [32m[1mLinking CXX shared library librviz_imu_plugin.so[0m
[16.037s] [100%] Built target rviz_imu_plugin
[16.057s] Invoked command in '/home/cc/ee106a/fa25/class/ee106a-abg/REAL-Real-Steel/src/build/rviz_imu_plugin' returned '0': CMAKE_PREFIX_PATH=/home/ff/ee106a/robot_workspaces/ur/install/ur7e_utils:/opt/ros/humble /usr/bin/cmake --build /home/cc/ee106a/fa25/class/ee106a-abg/REAL-Real-Steel/src/build/rviz_imu_plugin -- -j32 -l32
[16.063s] Invoking command in '/home/cc/ee106a/fa25/class/ee106a-abg/REAL-Real-Steel/src/build/rviz_imu_plugin': CMAKE_PREFIX_PATH=/home/ff/ee106a/robot_workspaces/ur/install/ur7e_utils:/opt/ros/humble /usr/bin/cmake --install /home/cc/ee106a/fa25/class/ee106a-abg/REAL-Real-Steel/src/build/rviz_imu_plugin
[16.072s] -- Install configuration: ""
[16.078s] -- Installing: /home/cc/ee106a/fa25/class/ee106a-abg/REAL-Real-Steel/src/install/rviz_imu_plugin/share/rviz_imu_plugin/plugin_description.xml
[16.087s] -- Installing: /home/cc/ee106a/fa25/class/ee106a-abg/REAL-Real-Steel/src/install/rviz_imu_plugin/share/rviz_imu_plugin/environment/library_path.sh
[16.091s] -- Installing: /home/cc/ee106a/fa25/class/ee106a-abg/REAL-Real-Steel/src/install/rviz_imu_plugin/share/rviz_imu_plugin/environment/library_path.dsv
[16.100s] -- Installing: /home/cc/ee106a/fa25/class/ee106a-abg/REAL-Real-Steel/src/install/rviz_imu_plugin/lib/librviz_imu_plugin.so
[16.245s] -- Set runtime path of "/home/cc/ee106a/fa25/class/ee106a-abg/REAL-Real-Steel/src/install/rviz_imu_plugin/lib/librviz_imu_plugin.so" to ""
[16.251s] -- Installing: /home/cc/ee106a/fa25/class/ee106a-abg/REAL-Real-Steel/src/install/rviz_imu_plugin/share/ament_index/resource_index/package_run_dependencies/rviz_imu_plugin
[16.260s] -- Installing: /home/cc/ee106a/fa25/class/ee106a-abg/REAL-Real-Steel/src/install/rviz_imu_plugin/share/ament_index/resource_index/parent_prefix_path/rviz_imu_plugin
[16.266s] -- Installing: /home/cc/ee106a/fa25/class/ee106a-abg/REAL-Real-Steel/src/install/rviz_imu_plugin/share/rviz_imu_plugin/environment/ament_prefix_path.sh
[16.270s] -- Installing: /home/cc/ee106a/fa25/class/ee106a-abg/REAL-Real-Steel/src/install/rviz_imu_plugin/share/rviz_imu_plugin/environment/ament_prefix_path.dsv
[16.276s] -- Installing: /home/cc/ee106a/fa25/class/ee106a-abg/REAL-Real-Steel/src/install/rviz_imu_plugin/share/rviz_imu_plugin/environment/path.sh
[16.281s] -- Installing: /home/cc/ee106a/fa25/class/ee106a-abg/REAL-Real-Steel/src/install/rviz_imu_plugin/share/rviz_imu_plugin/environment/path.dsv
[16.286s] -- Installing: /home/cc/ee106a/fa25/class/ee106a-abg/REAL-Real-Steel/src/install/rviz_imu_plugin/share/rviz_imu_plugin/local_setup.bash
[16.293s] -- Installing: /home/cc/ee106a/fa25/class/ee106a-abg/REAL-Real-Steel/src/install/rviz_imu_plugin/share/rviz_imu_plugin/local_setup.sh
[16.300s] -- Installing: /home/cc/ee106a/fa25/class/ee106a-abg/REAL-Real-Steel/src/install/rviz_imu_plugin/share/rviz_imu_plugin/local_setup.zsh
[16.306s] -- Installing: /home/cc/ee106a/fa25/class/ee106a-abg/REAL-Real-Steel/src/install/rviz_imu_plugin/share/rviz_imu_plugin/local_setup.dsv
[16.312s] -- Installing: /home/cc/ee106a/fa25/class/ee106a-abg/REAL-Real-Steel/src/install/rviz_imu_plugin/share/rviz_imu_plugin/package.dsv
[16.321s] -- Installing: /home/cc/ee106a/fa25/class/ee106a-abg/REAL-Real-Steel/src/install/rviz_imu_plugin/share/ament_index/resource_index/packages/rviz_imu_plugin
[16.330s] -- Installing: /home/cc/ee106a/fa25/class/ee106a-abg/REAL-Real-Steel/src/install/rviz_imu_plugin/share/ament_index/resource_index/rviz_common__pluginlib__plugin/rviz_imu_plugin
[16.340s] -- Installing: /home/cc/ee106a/fa25/class/ee106a-abg/REAL-Real-Steel/src/install/rviz_imu_plugin/share/rviz_imu_plugin/cmake/ament_cmake_export_include_directories-extras.cmake
[16.346s] -- Installing: /home/cc/ee106a/fa25/class/ee106a-abg/REAL-Real-Steel/src/install/rviz_imu_plugin/share/rviz_imu_plugin/cmake/ament_cmake_export_libraries-extras.cmake
[16.352s] -- Installing: /home/cc/ee106a/fa25/class/ee106a-abg/REAL-Real-Steel/src/install/rviz_imu_plugin/share/rviz_imu_plugin/cmake/ament_cmake_export_dependencies-extras.cmake
[16.358s] -- Installing: /home/cc/ee106a/fa25/class/ee106a-abg/REAL-Real-Steel/src/install/rviz_imu_plugin/share/rviz_imu_plugin/cmake/rviz_imu_pluginConfig.cmake
[16.364s] -- Installing: /home/cc/ee106a/fa25/class/ee106a-abg/REAL-Real-Steel/src/install/rviz_imu_plugin/share/rviz_imu_plugin/cmake/rviz_imu_pluginConfig-version.cmake
[16.371s] -- Installing: /home/cc/ee106a/fa25/class/ee106a-abg/REAL-Real-Steel/src/install/rviz_imu_plugin/share/rviz_imu_plugin/package.xml
[16.379s] Invoked command in '/home/cc/ee106a/fa25/class/ee106a-abg/REAL-Real-Steel/src/build/rviz_imu_plugin' returned '0': CMAKE_PREFIX_PATH=/home/ff/ee106a/robot_workspaces/ur/install/ur7e_utils:/opt/ros/humble /usr/bin/cmake --install /home/cc/ee106a/fa25/class/ee106a-abg/REAL-Real-Steel/src/build/rviz_imu_plugin
