[0.082s] Invoking command in '/home/cc/ee106a/fa25/class/ee106a-abg/REAL-Real-Steel/build/rviz_imu_plugin': CMAKE_PREFIX_PATH=${CMAKE_PREFIX_PATH}:/home/cc/ee106a/fa25/class/ee106a-abg/REAL-Real-Steel/install/imu_pipe_test:/home/ff/ee106a/robot_workspaces/ur/install/ur7e_utils:/opt/ros/humble /usr/bin/cmake --build /home/cc/ee106a/fa25/class/ee106a-abg/REAL-Real-Steel/build/rviz_imu_plugin -- -j32 -l32
[0.205s] [ 11%] [34m[1mAutomatic MOC for target rviz_imu_plugin[0m
[0.320s] [ 11%] Built target rviz_imu_plugin_autogen
[0.364s] [35m[1mConsolidate compiler generated dependencies of target rviz_imu_plugin[0m
[0.467s] [100%] Built target rviz_imu_plugin
[0.507s] Invoked command in '/home/cc/ee106a/fa25/class/ee106a-abg/REAL-Real-Steel/build/rviz_imu_plugin' returned '0': CMAKE_PREFIX_PATH=${CMAKE_PREFIX_PATH}:/home/cc/ee106a/fa25/class/ee106a-abg/REAL-Real-Steel/install/imu_pipe_test:/home/ff/ee106a/robot_workspaces/ur/install/ur7e_utils:/opt/ros/humble /usr/bin/cmake --build /home/cc/ee106a/fa25/class/ee106a-abg/REAL-Real-Steel/build/rviz_imu_plugin -- -j32 -l32
[0.513s] Invoking command in '/home/cc/ee106a/fa25/class/ee106a-abg/REAL-Real-Steel/build/rviz_imu_plugin': CMAKE_PREFIX_PATH=${CMAKE_PREFIX_PATH}:/home/cc/ee106a/fa25/class/ee106a-abg/REAL-Real-Steel/install/imu_pipe_test:/home/ff/ee106a/robot_workspaces/ur/install/ur7e_utils:/opt/ros/humble /usr/bin/cmake --install /home/cc/ee106a/fa25/class/ee106a-abg/REAL-Real-Steel/build/rviz_imu_plugin
[0.522s] -- Install configuration: ""
[0.523s] -- Up-to-date: /home/cc/ee106a/fa25/class/ee106a-abg/REAL-Real-Steel/install/rviz_imu_plugin/share/rviz_imu_plugin/plugin_description.xml
[0.523s] -- Up-to-date: /home/cc/ee106a/fa25/class/ee106a-abg/REAL-Real-Steel/install/rviz_imu_plugin/share/rviz_imu_plugin/environment/library_path.sh
[0.524s] -- Up-to-date: /home/cc/ee106a/fa25/class/ee106a-abg/REAL-Real-Steel/install/rviz_imu_plugin/share/rviz_imu_plugin/environment/library_path.dsv
[0.535s] -- Up-to-date: /home/cc/ee106a/fa25/class/ee106a-abg/REAL-Real-Steel/install/rviz_imu_plugin/lib/librviz_imu_plugin.so
[0.539s] -- Up-to-date: /home/cc/ee106a/fa25/class/ee106a-abg/REAL-Real-Steel/install/rviz_imu_plugin/share/ament_index/resource_index/package_run_dependencies/rviz_imu_plugin
[0.540s] -- Up-to-date: /home/cc/ee106a/fa25/class/ee106a-abg/REAL-Real-Steel/install/rviz_imu_plugin/share/ament_index/resource_index/parent_prefix_path/rviz_imu_plugin
[0.541s] -- Up-to-date: /home/cc/ee106a/fa25/class/ee106a-abg/REAL-Real-Steel/install/rviz_imu_plugin/share/rviz_imu_plugin/environment/ament_prefix_path.sh
[0.541s] -- Up-to-date: /home/cc/ee106a/fa25/class/ee106a-abg/REAL-Real-Steel/install/rviz_imu_plugin/share/rviz_imu_plugin/environment/ament_prefix_path.dsv
[0.542s] -- Up-to-date: /home/cc/ee106a/fa25/class/ee106a-abg/REAL-Real-Steel/install/rviz_imu_plugin/share/rviz_imu_plugin/environment/path.sh
[0.543s] -- Up-to-date: /home/cc/ee106a/fa25/class/ee106a-abg/REAL-Real-Steel/install/rviz_imu_plugin/share/rviz_imu_plugin/environment/path.dsv
[0.544s] -- Up-to-date: /home/cc/ee106a/fa25/class/ee106a-abg/REAL-Real-Steel/install/rviz_imu_plugin/share/rviz_imu_plugin/local_setup.bash
[0.545s] -- Up-to-date: /home/cc/ee106a/fa25/class/ee106a-abg/REAL-Real-Steel/install/rviz_imu_plugin/share/rviz_imu_plugin/local_setup.sh
[0.546s] -- Up-to-date: /home/cc/ee106a/fa25/class/ee106a-abg/REAL-Real-Steel/install/rviz_imu_plugin/share/rviz_imu_plugin/local_setup.zsh
[0.547s] -- Up-to-date: /home/cc/ee106a/fa25/class/ee106a-abg/REAL-Real-Steel/install/rviz_imu_plugin/share/rviz_imu_plugin/local_setup.dsv
[0.548s] -- Installing: /home/cc/ee106a/fa25/class/ee106a-abg/REAL-Real-Steel/install/rviz_imu_plugin/share/rviz_imu_plugin/package.dsv
[0.556s] -- Up-to-date: /home/cc/ee106a/fa25/class/ee106a-abg/REAL-Real-Steel/install/rviz_imu_plugin/share/ament_index/resource_index/packages/rviz_imu_plugin
[0.556s] -- Up-to-date: /home/cc/ee106a/fa25/class/ee106a-abg/REAL-Real-Steel/install/rviz_imu_plugin/share/ament_index/resource_index/rviz_common__pluginlib__plugin/rviz_imu_plugin
[0.557s] -- Up-to-date: /home/cc/ee106a/fa25/class/ee106a-abg/REAL-Real-Steel/install/rviz_imu_plugin/share/rviz_imu_plugin/cmake/ament_cmake_export_include_directories-extras.cmake
[0.558s] -- Up-to-date: /home/cc/ee106a/fa25/class/ee106a-abg/REAL-Real-Steel/install/rviz_imu_plugin/share/rviz_imu_plugin/cmake/ament_cmake_export_libraries-extras.cmake
[0.559s] -- Up-to-date: /home/cc/ee106a/fa25/class/ee106a-abg/REAL-Real-Steel/install/rviz_imu_plugin/share/rviz_imu_plugin/cmake/ament_cmake_export_dependencies-extras.cmake
[0.559s] -- Up-to-date: /home/cc/ee106a/fa25/class/ee106a-abg/REAL-Real-Steel/install/rviz_imu_plugin/share/rviz_imu_plugin/cmake/rviz_imu_pluginConfig.cmake
[0.560s] -- Up-to-date: /home/cc/ee106a/fa25/class/ee106a-abg/REAL-Real-Steel/install/rviz_imu_plugin/share/rviz_imu_plugin/cmake/rviz_imu_pluginConfig-version.cmake
[0.561s] -- Up-to-date: /home/cc/ee106a/fa25/class/ee106a-abg/REAL-Real-Steel/install/rviz_imu_plugin/share/rviz_imu_plugin/package.xml
[0.695s] Invoked command in '/home/cc/ee106a/fa25/class/ee106a-abg/REAL-Real-Steel/build/rviz_imu_plugin' returned '0': CMAKE_PREFIX_PATH=${CMAKE_PREFIX_PATH}:/home/cc/ee106a/fa25/class/ee106a-abg/REAL-Real-Steel/install/imu_pipe_test:/home/ff/ee106a/robot_workspaces/ur/install/ur7e_utils:/opt/ros/humble /usr/bin/cmake --install /home/cc/ee106a/fa25/class/ee106a-abg/REAL-Real-Steel/build/rviz_imu_plugin
