[0.658s] Invoking command in '/home/cc/ee106a/fa25/class/ee106a-abj/REAL-Real-Steel/src/imu_pipeline': CMAKE_PREFIX_PATH=/home/cc/ee106a/fa25/class/ee106a-abj/REAL-Real-Steel/install/imu_filter_madgwick:/home/cc/ee106a/fa25/class/ee106a-abj/REAL-Real-Steel/install/imu_tools:/home/cc/ee106a/fa25/class/ee106a-abj/REAL-Real-Steel/install/rviz_imu_plugin:/home/cc/ee106a/fa25/class/ee106a-abj/REAL-Real-Steel/install/imu_complementary_filter LD_LIBRARY_PATH=/home/cc/ee106a/fa25/class/ee106a-abj/REAL-Real-Steel/install/imu_filter_madgwick/lib:/home/cc/ee106a/fa25/class/ee106a-abj/REAL-Real-Steel/install/rviz_imu_plugin/lib:/home/cc/ee106a/fa25/class/ee106a-abj/REAL-Real-Steel/install/imu_complementary_filter/lib:/home/ff/ee106a/librealsense/build/Release:/usr/lib/x86_64-linux-gnu/gazebo-11/plugins:/opt/ros/humble/opt/rviz_ogre_vendor/lib:/opt/ros/humble/lib/x86_64-linux-gnu:/opt/ros/humble/lib PYTHONPATH=/home/cc/ee106a/fa25/class/ee106a-abj/REAL-Real-Steel/build/imu_pipeline/prefix_override:/usr/lib/python3/dist-packages/colcon_core/task/python/colcon_distutils_commands:/home/cc/ee106a/fa25/class/ee106a-abj/REAL-Real-Steel/install/imu_pipeline/lib/python3.10/site-packages:${PYTHONPATH} /usr/bin/python3 -W ignore:setup.py install is deprecated -W ignore:easy_install command is deprecated setup.py egg_info --egg-base ../../build/imu_pipeline build --build-base /home/cc/ee106a/fa25/class/ee106a-abj/REAL-Real-Steel/build/imu_pipeline/build install --record /home/cc/ee106a/fa25/class/ee106a-abj/REAL-Real-Steel/build/imu_pipeline/install.log --single-version-externally-managed install_data
[0.877s] running egg_info
[0.878s] writing ../../build/imu_pipeline/imu_pipeline.egg-info/PKG-INFO
[0.882s] writing dependency_links to ../../build/imu_pipeline/imu_pipeline.egg-info/dependency_links.txt
[0.884s] writing entry points to ../../build/imu_pipeline/imu_pipeline.egg-info/entry_points.txt
[0.887s] writing requirements to ../../build/imu_pipeline/imu_pipeline.egg-info/requires.txt
[0.889s] writing top-level names to ../../build/imu_pipeline/imu_pipeline.egg-info/top_level.txt
[0.895s] reading manifest file '../../build/imu_pipeline/imu_pipeline.egg-info/SOURCES.txt'
[0.897s] writing manifest file '../../build/imu_pipeline/imu_pipeline.egg-info/SOURCES.txt'
[0.899s] running build
[0.899s] running build_py
[0.902s] running install
[0.902s] running install_lib
[0.905s] running install_data
[0.907s] running install_egg_info
[0.910s] removing '/home/cc/ee106a/fa25/class/ee106a-abj/REAL-Real-Steel/install/imu_pipeline/lib/python3.10/site-packages/imu_pipeline-0.0.0-py3.10.egg-info' (and everything under it)
[0.917s] Copying ../../build/imu_pipeline/imu_pipeline.egg-info to /home/cc/ee106a/fa25/class/ee106a-abj/REAL-Real-Steel/install/imu_pipeline/lib/python3.10/site-packages/imu_pipeline-0.0.0-py3.10.egg-info
[0.943s] running install_scripts
[0.971s] Installing ble_imu_bridge script to /home/cc/ee106a/fa25/class/ee106a-abj/REAL-Real-Steel/install/imu_pipeline/lib/imu_pipeline
[0.974s] Installing serial_imu_bridge script to /home/cc/ee106a/fa25/class/ee106a-abj/REAL-Real-Steel/install/imu_pipeline/lib/imu_pipeline
[0.978s] writing list of installed files to '/home/cc/ee106a/fa25/class/ee106a-abj/REAL-Real-Steel/build/imu_pipeline/install.log'
[0.993s] Invoked command in '/home/cc/ee106a/fa25/class/ee106a-abj/REAL-Real-Steel/src/imu_pipeline' returned '0': CMAKE_PREFIX_PATH=/home/cc/ee106a/fa25/class/ee106a-abj/REAL-Real-Steel/install/imu_filter_madgwick:/home/cc/ee106a/fa25/class/ee106a-abj/REAL-Real-Steel/install/imu_tools:/home/cc/ee106a/fa25/class/ee106a-abj/REAL-Real-Steel/install/rviz_imu_plugin:/home/cc/ee106a/fa25/class/ee106a-abj/REAL-Real-Steel/install/imu_complementary_filter LD_LIBRARY_PATH=/home/cc/ee106a/fa25/class/ee106a-abj/REAL-Real-Steel/install/imu_filter_madgwick/lib:/home/cc/ee106a/fa25/class/ee106a-abj/REAL-Real-Steel/install/rviz_imu_plugin/lib:/home/cc/ee106a/fa25/class/ee106a-abj/REAL-Real-Steel/install/imu_complementary_filter/lib:/home/ff/ee106a/librealsense/build/Release:/usr/lib/x86_64-linux-gnu/gazebo-11/plugins:/opt/ros/humble/opt/rviz_ogre_vendor/lib:/opt/ros/humble/lib/x86_64-linux-gnu:/opt/ros/humble/lib PYTHONPATH=/home/cc/ee106a/fa25/class/ee106a-abj/REAL-Real-Steel/build/imu_pipeline/prefix_override:/usr/lib/python3/dist-packages/colcon_core/task/python/colcon_distutils_commands:/home/cc/ee106a/fa25/class/ee106a-abj/REAL-Real-Steel/install/imu_pipeline/lib/python3.10/site-packages:${PYTHONPATH} /usr/bin/python3 -W ignore:setup.py install is deprecated -W ignore:easy_install command is deprecated setup.py egg_info --egg-base ../../build/imu_pipeline build --build-base /home/cc/ee106a/fa25/class/ee106a-abj/REAL-Real-Steel/build/imu_pipeline/build install --record /home/cc/ee106a/fa25/class/ee106a-abj/REAL-Real-Steel/build/imu_pipeline/install.log --single-version-externally-managed install_data
