[0.064s] Invoking command in '/home/cc/ee106a/fa25/class/ee106a-abj/REAL-Real-Steel/build/rviz_imu_plugin': CMAKE_PREFIX_PATH=/home/ff/ee106a/robot_workspaces/ur/install/ur7e_utils:/opt/ros/humble /usr/bin/cmake --build /home/cc/ee106a/fa25/class/ee106a-abj/REAL-Real-Steel/build/rviz_imu_plugin -- -j32 -l32
[0.162s] [ 11%] [34m[1mAutomatic MOC for target rviz_imu_plugin[0m
[0.201s] [ 11%] Built target rviz_imu_plugin_autogen
[0.283s] [100%] Built target rviz_imu_plugin
[0.407s] Invoked command in '/home/cc/ee106a/fa25/class/ee106a-abj/REAL-Real-Steel/build/rviz_imu_plugin' returned '0': CMAKE_PREFIX_PATH=/home/ff/ee106a/robot_workspaces/ur/install/ur7e_utils:/opt/ros/humble /usr/bin/cmake --build /home/cc/ee106a/fa25/class/ee106a-abj/REAL-Real-Steel/build/rviz_imu_plugin -- -j32 -l32
[0.417s] Invoking command in '/home/cc/ee106a/fa25/class/ee106a-abj/REAL-Real-Steel/build/rviz_imu_plugin': CMAKE_PREFIX_PATH=/home/ff/ee106a/robot_workspaces/ur/install/ur7e_utils:/opt/ros/humble /usr/bin/cmake --install /home/cc/ee106a/fa25/class/ee106a-abj/REAL-Real-Steel/build/rviz_imu_plugin
[0.434s] -- Install configuration: ""
[0.436s] -- Up-to-date: /home/cc/ee106a/fa25/class/ee106a-abj/REAL-Real-Steel/install/rviz_imu_plugin/share/rviz_imu_plugin/plugin_description.xml
[0.437s] -- Up-to-date: /home/cc/ee106a/fa25/class/ee106a-abj/REAL-Real-Steel/install/rviz_imu_plugin/share/rviz_imu_plugin/environment/library_path.sh
[0.438s] -- Up-to-date: /home/cc/ee106a/fa25/class/ee106a-abj/REAL-Real-Steel/install/rviz_imu_plugin/share/rviz_imu_plugin/environment/library_path.dsv
[0.443s] -- Up-to-date: /home/cc/ee106a/fa25/class/ee106a-abj/REAL-Real-Steel/install/rviz_imu_plugin/lib/librviz_imu_plugin.so
[0.448s] -- Up-to-date: /home/cc/ee106a/fa25/class/ee106a-abj/REAL-Real-Steel/install/rviz_imu_plugin/share/ament_index/resource_index/package_run_dependencies/rviz_imu_plugin
[0.449s] -- Up-to-date: /home/cc/ee106a/fa25/class/ee106a-abj/REAL-Real-Steel/install/rviz_imu_plugin/share/ament_index/resource_index/parent_prefix_path/rviz_imu_plugin
[0.450s] -- Up-to-date: /home/cc/ee106a/fa25/class/ee106a-abj/REAL-Real-Steel/install/rviz_imu_plugin/share/rviz_imu_plugin/environment/ament_prefix_path.sh
[0.451s] -- Up-to-date: /home/cc/ee106a/fa25/class/ee106a-abj/REAL-Real-Steel/install/rviz_imu_plugin/share/rviz_imu_plugin/environment/ament_prefix_path.dsv
[0.452s] -- Up-to-date: /home/cc/ee106a/fa25/class/ee106a-abj/REAL-Real-Steel/install/rviz_imu_plugin/share/rviz_imu_plugin/environment/path.sh
[0.453s] -- Up-to-date: /home/cc/ee106a/fa25/class/ee106a-abj/REAL-Real-Steel/install/rviz_imu_plugin/share/rviz_imu_plugin/environment/path.dsv
[0.454s] -- Up-to-date: /home/cc/ee106a/fa25/class/ee106a-abj/REAL-Real-Steel/install/rviz_imu_plugin/share/rviz_imu_plugin/local_setup.bash
[0.455s] -- Up-to-date: /home/cc/ee106a/fa25/class/ee106a-abj/REAL-Real-Steel/install/rviz_imu_plugin/share/rviz_imu_plugin/local_setup.sh
[0.456s] -- Up-to-date: /home/cc/ee106a/fa25/class/ee106a-abj/REAL-Real-Steel/install/rviz_imu_plugin/share/rviz_imu_plugin/local_setup.zsh
[0.457s] -- Up-to-date: /home/cc/ee106a/fa25/class/ee106a-abj/REAL-Real-Steel/install/rviz_imu_plugin/share/rviz_imu_plugin/local_setup.dsv
[0.458s] -- Installing: /home/cc/ee106a/fa25/class/ee106a-abj/REAL-Real-Steel/install/rviz_imu_plugin/share/rviz_imu_plugin/package.dsv
[0.466s] -- Up-to-date: /home/cc/ee106a/fa25/class/ee106a-abj/REAL-Real-Steel/install/rviz_imu_plugin/share/ament_index/resource_index/packages/rviz_imu_plugin
[0.467s] -- Up-to-date: /home/cc/ee106a/fa25/class/ee106a-abj/REAL-Real-Steel/install/rviz_imu_plugin/share/ament_index/resource_index/rviz_common__pluginlib__plugin/rviz_imu_plugin
[0.468s] -- Up-to-date: /home/cc/ee106a/fa25/class/ee106a-abj/REAL-Real-Steel/install/rviz_imu_plugin/share/rviz_imu_plugin/cmake/ament_cmake_export_include_directories-extras.cmake
[0.469s] -- Up-to-date: /home/cc/ee106a/fa25/class/ee106a-abj/REAL-Real-Steel/install/rviz_imu_plugin/share/rviz_imu_plugin/cmake/ament_cmake_export_libraries-extras.cmake
[0.470s] -- Up-to-date: /home/cc/ee106a/fa25/class/ee106a-abj/REAL-Real-Steel/install/rviz_imu_plugin/share/rviz_imu_plugin/cmake/ament_cmake_export_dependencies-extras.cmake
[0.471s] -- Up-to-date: /home/cc/ee106a/fa25/class/ee106a-abj/REAL-Real-Steel/install/rviz_imu_plugin/share/rviz_imu_plugin/cmake/rviz_imu_pluginConfig.cmake
[0.471s] -- Up-to-date: /home/cc/ee106a/fa25/class/ee106a-abj/REAL-Real-Steel/install/rviz_imu_plugin/share/rviz_imu_plugin/cmake/rviz_imu_pluginConfig-version.cmake
[0.472s] -- Up-to-date: /home/cc/ee106a/fa25/class/ee106a-abj/REAL-Real-Steel/install/rviz_imu_plugin/share/rviz_imu_plugin/package.xml
[0.476s] Invoked command in '/home/cc/ee106a/fa25/class/ee106a-abj/REAL-Real-Steel/build/rviz_imu_plugin' returned '0': CMAKE_PREFIX_PATH=/home/ff/ee106a/robot_workspaces/ur/install/ur7e_utils:/opt/ros/humble /usr/bin/cmake --install /home/cc/ee106a/fa25/class/ee106a-abj/REAL-Real-Steel/build/rviz_imu_plugin
