[0.637s] Invoking command in '/home/cc/ee106a/fa25/class/ee106a-abj/REAL-Real-Steel/src/imu_pipeline': AMENT_PREFIX_PATH=/home/cc/ee106a/fa25/class/ee106a-abj/REAL-Real-Steel/install/imu_filter_madgwick:${AMENT_PREFIX_PATH} CMAKE_PREFIX_PATH=/home/cc/ee106a/fa25/class/ee106a-abj/REAL-Real-Steel/install/imu_filter_madgwick:${CMAKE_PREFIX_PATH} LD_LIBRARY_PATH=/home/cc/ee106a/fa25/class/ee106a-abj/REAL-Real-Steel/install/imu_filter_madgwick/lib:${LD_LIBRARY_PATH} PYTHONPATH=/home/cc/ee106a/fa25/class/ee106a-abj/REAL-Real-Steel/build/imu_pipeline/prefix_override:/usr/lib/python3/dist-packages/colcon_core/task/python/colcon_distutils_commands:/home/cc/ee106a/fa25/class/ee106a-abj/REAL-Real-Steel/install/imu_pipeline/lib/python3.10/site-packages:${PYTHONPATH} /usr/bin/python3 -W ignore:setup.py install is deprecated -W ignore:easy_install command is deprecated setup.py egg_info --egg-base ../../build/imu_pipeline build --build-base /home/cc/ee106a/fa25/class/ee106a-abj/REAL-Real-Steel/build/imu_pipeline/build install --record /home/cc/ee106a/fa25/class/ee106a-abj/REAL-Real-Steel/build/imu_pipeline/install.log --single-version-externally-managed install_data
[0.840s] running egg_info
[0.840s] writing ../../build/imu_pipeline/imu_pipeline.egg-info/PKG-INFO
[0.843s] writing dependency_links to ../../build/imu_pipeline/imu_pipeline.egg-info/dependency_links.txt
[0.845s] writing entry points to ../../build/imu_pipeline/imu_pipeline.egg-info/entry_points.txt
[0.847s] writing requirements to ../../build/imu_pipeline/imu_pipeline.egg-info/requires.txt
[0.849s] writing top-level names to ../../build/imu_pipeline/imu_pipeline.egg-info/top_level.txt
[0.854s] reading manifest file '../../build/imu_pipeline/imu_pipeline.egg-info/SOURCES.txt'
[0.856s] writing manifest file '../../build/imu_pipeline/imu_pipeline.egg-info/SOURCES.txt'
[0.857s] running build
[0.857s] running build_py
[0.860s] running install
[0.861s] running install_lib
[0.865s] running install_data
[0.867s] running install_egg_info
[0.870s] removing '/home/cc/ee106a/fa25/class/ee106a-abj/REAL-Real-Steel/install/imu_pipeline/lib/python3.10/site-packages/imu_pipeline-0.0.0-py3.10.egg-info' (and everything under it)
[0.876s] Copying ../../build/imu_pipeline/imu_pipeline.egg-info to /home/cc/ee106a/fa25/class/ee106a-abj/REAL-Real-Steel/install/imu_pipeline/lib/python3.10/site-packages/imu_pipeline-0.0.0-py3.10.egg-info
[0.902s] running install_scripts
[0.937s] Installing ble_imu_bridge script to /home/cc/ee106a/fa25/class/ee106a-abj/REAL-Real-Steel/install/imu_pipeline/lib/imu_pipeline
[0.939s] Installing serial_imu_bridge script to /home/cc/ee106a/fa25/class/ee106a-abj/REAL-Real-Steel/install/imu_pipeline/lib/imu_pipeline
[0.942s] writing list of installed files to '/home/cc/ee106a/fa25/class/ee106a-abj/REAL-Real-Steel/build/imu_pipeline/install.log'
[0.959s] Invoked command in '/home/cc/ee106a/fa25/class/ee106a-abj/REAL-Real-Steel/src/imu_pipeline' returned '0': AMENT_PREFIX_PATH=/home/cc/ee106a/fa25/class/ee106a-abj/REAL-Real-Steel/install/imu_filter_madgwick:${AMENT_PREFIX_PATH} CMAKE_PREFIX_PATH=/home/cc/ee106a/fa25/class/ee106a-abj/REAL-Real-Steel/install/imu_filter_madgwick:${CMAKE_PREFIX_PATH} LD_LIBRARY_PATH=/home/cc/ee106a/fa25/class/ee106a-abj/REAL-Real-Steel/install/imu_filter_madgwick/lib:${LD_LIBRARY_PATH} PYTHONPATH=/home/cc/ee106a/fa25/class/ee106a-abj/REAL-Real-Steel/build/imu_pipeline/prefix_override:/usr/lib/python3/dist-packages/colcon_core/task/python/colcon_distutils_commands:/home/cc/ee106a/fa25/class/ee106a-abj/REAL-Real-Steel/install/imu_pipeline/lib/python3.10/site-packages:${PYTHONPATH} /usr/bin/python3 -W ignore:setup.py install is deprecated -W ignore:easy_install command is deprecated setup.py egg_info --egg-base ../../build/imu_pipeline build --build-base /home/cc/ee106a/fa25/class/ee106a-abj/REAL-Real-Steel/build/imu_pipeline/build install --record /home/cc/ee106a/fa25/class/ee106a-abj/REAL-Real-Steel/build/imu_pipeline/install.log --single-version-externally-managed install_data
