[0.495s] Invoking command in '/home/cc/ee106a/fa25/class/ee106a-abh/REAL-Real-Steel/build/ros2_aruco_interfaces': CMAKE_PREFIX_PATH=${CMAKE_PREFIX_PATH}:/opt/ros/turtlebot3_ws/install/turtlebot3_teleop:/opt/ros/turtlebot3_ws/install/turtlebot3_example:/opt/ros/humble /usr/bin/cmake /home/cc/ee106a/fa25/class/ee106a-abh/REAL-Real-Steel/src/ros2_aruco/ros2_aruco_interfaces -DCMAKE_INSTALL_PREFIX=/home/cc/ee106a/fa25/class/ee106a-abh/REAL-Real-Steel/install/ros2_aruco_interfaces
[0.603s] -- The C compiler identification is GNU 11.4.0
[0.695s] -- The CXX compiler identification is GNU 11.4.0
[0.712s] -- Detecting C compiler ABI info
[0.903s] -- Detecting C compiler ABI info - done
[0.919s] -- Check for working C compiler: /usr/bin/cc - skipped
[0.920s] -- Detecting C compile features
[0.921s] -- Detecting C compile features - done
[0.937s] -- Detecting CXX compiler ABI info
[1.108s] -- Detecting CXX compiler ABI info - done
[1.119s] -- Check for working CXX compiler: /usr/bin/c++ - skipped
[1.119s] -- Detecting CXX compile features
[1.119s] -- Detecting CXX compile features - done
[1.130s] -- Found ament_cmake: 1.3.12 (/opt/ros/humble/share/ament_cmake/cmake)
[1.335s] -- Found Python3: /usr/bin/python3 (found version "3.10.12") found components: Interpreter 
[1.494s] -- Found geometry_msgs: 4.9.0 (/opt/ros/humble/share/geometry_msgs/cmake)
[1.534s] -- Found rosidl_generator_c: 3.1.7 (/opt/ros/humble/share/rosidl_generator_c/cmake)
[1.539s] -- Found rosidl_adapter: 3.1.7 (/opt/ros/humble/share/rosidl_adapter/cmake)
[1.547s] -- Found rosidl_generator_cpp: 3.1.7 (/opt/ros/humble/share/rosidl_generator_cpp/cmake)
[1.558s] -- Using all available rosidl_typesupport_c: rosidl_typesupport_fastrtps_c;rosidl_typesupport_introspection_c
[1.572s] -- Using all available rosidl_typesupport_cpp: rosidl_typesupport_fastrtps_cpp;rosidl_typesupport_introspection_cpp
[1.604s] -- Found rosidl_default_generators: 1.2.0 (/opt/ros/humble/share/rosidl_default_generators/cmake)
[2.188s] -- Found ament_cmake_ros: 0.10.0 (/opt/ros/humble/share/ament_cmake_ros/cmake)
[3.650s] -- Using all available rosidl_typesupport_c: rosidl_typesupport_fastrtps_c;rosidl_typesupport_introspection_c
[4.232s] -- Using all available rosidl_typesupport_cpp: rosidl_typesupport_fastrtps_cpp;rosidl_typesupport_introspection_cpp
[4.278s] -- Found PythonInterp: /usr/bin/python3 (found suitable version "3.10.12", minimum required is "3.6") 
[4.280s] -- Found python_cmake_module: 0.10.0 (/opt/ros/humble/share/python_cmake_module/cmake)
[4.326s] -- Found PythonLibs: /usr/lib/x86_64-linux-gnu/libpython3.10.so (found suitable version "3.10.12", minimum required is "3.5") 
[4.327s] -- Using PYTHON_EXECUTABLE: /usr/bin/python3
[4.327s] -- Using PYTHON_INCLUDE_DIRS: /usr/include/python3.10
[4.327s] -- Using PYTHON_LIBRARIES: /usr/lib/x86_64-linux-gnu/libpython3.10.so
[4.369s] -- Found PythonExtra: .so  
[4.700s] -- Found ament_lint_auto: 0.12.14 (/opt/ros/humble/share/ament_lint_auto/cmake)
[4.835s] -- Added test 'copyright' to check source files copyright and LICENSE
[4.851s] -- Added test 'lint_cmake' to check CMake code style
[4.861s] -- Added test 'xmllint' to check XML markup files
[4.933s] -- Configuring done
[5.612s] -- Generating done
[5.773s] -- Build files have been written to: /home/cc/ee106a/fa25/class/ee106a-abh/REAL-Real-Steel/build/ros2_aruco_interfaces
[5.783s] Invoked command in '/home/cc/ee106a/fa25/class/ee106a-abh/REAL-Real-Steel/build/ros2_aruco_interfaces' returned '0': CMAKE_PREFIX_PATH=${CMAKE_PREFIX_PATH}:/opt/ros/turtlebot3_ws/install/turtlebot3_teleop:/opt/ros/turtlebot3_ws/install/turtlebot3_example:/opt/ros/humble /usr/bin/cmake /home/cc/ee106a/fa25/class/ee106a-abh/REAL-Real-Steel/src/ros2_aruco/ros2_aruco_interfaces -DCMAKE_INSTALL_PREFIX=/home/cc/ee106a/fa25/class/ee106a-abh/REAL-Real-Steel/install/ros2_aruco_interfaces
[5.788s] Invoking command in '/home/cc/ee106a/fa25/class/ee106a-abh/REAL-Real-Steel/build/ros2_aruco_interfaces': CMAKE_PREFIX_PATH=${CMAKE_PREFIX_PATH}:/opt/ros/turtlebot3_ws/install/turtlebot3_teleop:/opt/ros/turtlebot3_ws/install/turtlebot3_example:/opt/ros/humble /usr/bin/cmake --build /home/cc/ee106a/fa25/class/ee106a-abh/REAL-Real-Steel/build/ros2_aruco_interfaces -- -j32 -l32
[5.909s] [  3%] [34m[1mGenerating C code for ROS interfaces[0m
[5.935s] [  6%] [34m[1mGenerating C++ code for ROS interfaces[0m
[5.954s] [  6%] Built target ament_cmake_python_copy_ros2_aruco_interfaces
[6.133s] [  6%] Built target ros2_aruco_interfaces__cpp
[6.148s] [  9%] [32mBuilding C object CMakeFiles/ros2_aruco_interfaces__rosidl_generator_c.dir/rosidl_generator_c/ros2_aruco_interfaces/msg/detail/aruco_markers__functions.c.o[0m
[6.167s] [ 19%] [34m[1mGenerating C++ introspection for ROS interfaces[0m
[6.167s] [ 19%] [34m[1mGenerating C++ type support dispatch for ROS interfaces[0m
[6.168s] [ 19%] [34m[1mGenerating C++ type support for eProsima Fast-RTPS[0m
[6.193s] running egg_info
[6.194s] creating ros2_aruco_interfaces.egg-info
[6.195s] writing ros2_aruco_interfaces.egg-info/PKG-INFO
[6.198s] writing dependency_links to ros2_aruco_interfaces.egg-info/dependency_links.txt
[6.201s] writing top-level names to ros2_aruco_interfaces.egg-info/top_level.txt
[6.204s] writing manifest file 'ros2_aruco_interfaces.egg-info/SOURCES.txt'
[6.211s] reading manifest file 'ros2_aruco_interfaces.egg-info/SOURCES.txt'
[6.212s] writing manifest file 'ros2_aruco_interfaces.egg-info/SOURCES.txt'
[6.220s] [ 22%] [32m[1mLinking C shared library libros2_aruco_interfaces__rosidl_generator_c.so[0m
[6.237s] [ 22%] Built target ament_cmake_python_build_ros2_aruco_interfaces_egg
[6.273s] [ 22%] Built target ros2_aruco_interfaces__rosidl_generator_c
[6.304s] [ 32%] [34m[1mGenerating C type support dispatch for ROS interfaces[0m
[6.304s] [ 32%] [34m[1mGenerating C type support for eProsima Fast-RTPS[0m
[6.304s] [ 32%] [34m[1mGenerating C introspection for ROS interfaces[0m
[6.349s] [ 35%] [32mBuilding CXX object CMakeFiles/ros2_aruco_interfaces__rosidl_typesupport_cpp.dir/rosidl_typesupport_cpp/ros2_aruco_interfaces/msg/aruco_markers__type_support.cpp.o[0m
[6.374s] [ 38%] [32mBuilding CXX object CMakeFiles/ros2_aruco_interfaces__rosidl_typesupport_introspection_cpp.dir/rosidl_typesupport_introspection_cpp/ros2_aruco_interfaces/msg/detail/aruco_markers__type_support.cpp.o[0m
[6.380s] [ 41%] [32mBuilding CXX object CMakeFiles/ros2_aruco_interfaces__rosidl_typesupport_fastrtps_cpp.dir/rosidl_typesupport_fastrtps_cpp/ros2_aruco_interfaces/msg/detail/dds_fastrtps/aruco_markers__type_support.cpp.o[0m
[6.499s] [ 45%] [32mBuilding CXX object CMakeFiles/ros2_aruco_interfaces__rosidl_typesupport_c.dir/rosidl_typesupport_c/ros2_aruco_interfaces/msg/aruco_markers__type_support.cpp.o[0m
[6.510s] [ 48%] [32mBuilding C object CMakeFiles/ros2_aruco_interfaces__rosidl_typesupport_introspection_c.dir/rosidl_typesupport_introspection_c/ros2_aruco_interfaces/msg/detail/aruco_markers__type_support.c.o[0m
[6.521s] [ 51%] [32mBuilding CXX object CMakeFiles/ros2_aruco_interfaces__rosidl_typesupport_fastrtps_c.dir/rosidl_typesupport_fastrtps_c/ros2_aruco_interfaces/msg/detail/aruco_markers__type_support_c.cpp.o[0m
[6.549s] [ 54%] [32m[1mLinking CXX shared library libros2_aruco_interfaces__rosidl_typesupport_c.so[0m
[6.562s] [ 58%] [32m[1mLinking CXX shared library libros2_aruco_interfaces__rosidl_typesupport_cpp.so[0m
[6.577s] [ 61%] [32m[1mLinking C shared library libros2_aruco_interfaces__rosidl_typesupport_introspection_c.so[0m
[6.616s] [ 61%] Built target ros2_aruco_interfaces__rosidl_typesupport_c
[6.622s] [ 61%] Built target ros2_aruco_interfaces__rosidl_typesupport_cpp
[6.630s] [ 61%] Built target ros2_aruco_interfaces__rosidl_typesupport_introspection_c
[6.696s] [ 64%] [32m[1mLinking CXX shared library libros2_aruco_interfaces__rosidl_typesupport_introspection_cpp.so[0m
[6.726s] [ 67%] [32m[1mLinking CXX shared library libros2_aruco_interfaces__rosidl_typesupport_fastrtps_cpp.so[0m
[6.776s] [ 67%] Built target ros2_aruco_interfaces__rosidl_typesupport_introspection_cpp
[6.802s] [ 67%] Built target ros2_aruco_interfaces__rosidl_typesupport_fastrtps_cpp
[6.820s] [ 70%] [32m[1mLinking CXX shared library libros2_aruco_interfaces__rosidl_typesupport_fastrtps_c.so[0m
[6.912s] [ 70%] Built target ros2_aruco_interfaces__rosidl_typesupport_fastrtps_c
[6.964s] [ 70%] Built target ros2_aruco_interfaces
[7.022s] [ 74%] [34m[1mGenerating Python code for ROS interfaces[0m
[7.255s] [ 74%] Built target ros2_aruco_interfaces__py
[7.313s] [ 77%] [32mBuilding C object CMakeFiles/ros2_aruco_interfaces__rosidl_generator_py.dir/rosidl_generator_py/ros2_aruco_interfaces/msg/_aruco_markers_s.c.o[0m
[7.455s] [ 80%] [32m[1mLinking C shared library rosidl_generator_py/ros2_aruco_interfaces/libros2_aruco_interfaces__rosidl_generator_py.so[0m
[7.550s] [ 80%] Built target ros2_aruco_interfaces__rosidl_generator_py
[7.630s] [ 87%] [32mBuilding C object CMakeFiles/ros2_aruco_interfaces__rosidl_typesupport_fastrtps_c__pyext.dir/rosidl_generator_py/ros2_aruco_interfaces/_ros2_aruco_interfaces_s.ep.rosidl_typesupport_fastrtps_c.c.o[0m
[7.632s] [ 87%] [32mBuilding C object CMakeFiles/ros2_aruco_interfaces__rosidl_typesupport_introspection_c__pyext.dir/rosidl_generator_py/ros2_aruco_interfaces/_ros2_aruco_interfaces_s.ep.rosidl_typesupport_introspection_c.c.o[0m
[7.636s] [ 90%] [32mBuilding C object CMakeFiles/ros2_aruco_interfaces__rosidl_typesupport_c__pyext.dir/rosidl_generator_py/ros2_aruco_interfaces/_ros2_aruco_interfaces_s.ep.rosidl_typesupport_c.c.o[0m
[7.747s] [100%] [32m[1mLinking C shared library rosidl_generator_py/ros2_aruco_interfaces/ros2_aruco_interfaces_s__rosidl_typesupport_c.cpython-310-x86_64-linux-gnu.so[0m
[7.747s] [100%] [32m[1mLinking C shared library rosidl_generator_py/ros2_aruco_interfaces/ros2_aruco_interfaces_s__rosidl_typesupport_fastrtps_c.cpython-310-x86_64-linux-gnu.so[0m
[7.748s] [100%] [32m[1mLinking C shared library rosidl_generator_py/ros2_aruco_interfaces/ros2_aruco_interfaces_s__rosidl_typesupport_introspection_c.cpython-310-x86_64-linux-gnu.so[0m
[7.840s] [100%] Built target ros2_aruco_interfaces__rosidl_typesupport_fastrtps_c__pyext
[7.840s] [100%] Built target ros2_aruco_interfaces__rosidl_typesupport_introspection_c__pyext
[7.841s] [100%] Built target ros2_aruco_interfaces__rosidl_typesupport_c__pyext
[7.885s] Invoked command in '/home/cc/ee106a/fa25/class/ee106a-abh/REAL-Real-Steel/build/ros2_aruco_interfaces' returned '0': CMAKE_PREFIX_PATH=${CMAKE_PREFIX_PATH}:/opt/ros/turtlebot3_ws/install/turtlebot3_teleop:/opt/ros/turtlebot3_ws/install/turtlebot3_example:/opt/ros/humble /usr/bin/cmake --build /home/cc/ee106a/fa25/class/ee106a-abh/REAL-Real-Steel/build/ros2_aruco_interfaces -- -j32 -l32
[7.891s] Invoking command in '/home/cc/ee106a/fa25/class/ee106a-abh/REAL-Real-Steel/build/ros2_aruco_interfaces': CMAKE_PREFIX_PATH=${CMAKE_PREFIX_PATH}:/opt/ros/turtlebot3_ws/install/turtlebot3_teleop:/opt/ros/turtlebot3_ws/install/turtlebot3_example:/opt/ros/humble /usr/bin/cmake --install /home/cc/ee106a/fa25/class/ee106a-abh/REAL-Real-Steel/build/ros2_aruco_interfaces
[7.909s] -- Install configuration: ""
[7.915s] -- Installing: /home/cc/ee106a/fa25/class/ee106a-abh/REAL-Real-Steel/install/ros2_aruco_interfaces/share/ament_index/resource_index/rosidl_interfaces/ros2_aruco_interfaces
[7.923s] -- Installing: /home/cc/ee106a/fa25/class/ee106a-abh/REAL-Real-Steel/install/ros2_aruco_interfaces/include/ros2_aruco_interfaces/ros2_aruco_interfaces
[7.928s] -- Installing: /home/cc/ee106a/fa25/class/ee106a-abh/REAL-Real-Steel/install/ros2_aruco_interfaces/include/ros2_aruco_interfaces/ros2_aruco_interfaces/msg
[7.934s] -- Installing: /home/cc/ee106a/fa25/class/ee106a-abh/REAL-Real-Steel/install/ros2_aruco_interfaces/include/ros2_aruco_interfaces/ros2_aruco_interfaces/msg/aruco_markers.h
[7.942s] -- Installing: /home/cc/ee106a/fa25/class/ee106a-abh/REAL-Real-Steel/install/ros2_aruco_interfaces/include/ros2_aruco_interfaces/ros2_aruco_interfaces/msg/rosidl_generator_c__visibility_control.h
[7.950s] -- Installing: /home/cc/ee106a/fa25/class/ee106a-abh/REAL-Real-Steel/install/ros2_aruco_interfaces/include/ros2_aruco_interfaces/ros2_aruco_interfaces/msg/detail
[7.955s] -- Installing: /home/cc/ee106a/fa25/class/ee106a-abh/REAL-Real-Steel/install/ros2_aruco_interfaces/include/ros2_aruco_interfaces/ros2_aruco_interfaces/msg/detail/aruco_markers__functions.c
[7.963s] -- Installing: /home/cc/ee106a/fa25/class/ee106a-abh/REAL-Real-Steel/install/ros2_aruco_interfaces/include/ros2_aruco_interfaces/ros2_aruco_interfaces/msg/detail/aruco_markers__functions.h
[7.969s] -- Installing: /home/cc/ee106a/fa25/class/ee106a-abh/REAL-Real-Steel/install/ros2_aruco_interfaces/include/ros2_aruco_interfaces/ros2_aruco_interfaces/msg/detail/aruco_markers__struct.h
[7.976s] -- Installing: /home/cc/ee106a/fa25/class/ee106a-abh/REAL-Real-Steel/install/ros2_aruco_interfaces/include/ros2_aruco_interfaces/ros2_aruco_interfaces/msg/detail/aruco_markers__type_support.h
[7.987s] -- Installing: /home/cc/ee106a/fa25/class/ee106a-abh/REAL-Real-Steel/install/ros2_aruco_interfaces/share/ros2_aruco_interfaces/environment/library_path.sh
[7.992s] -- Installing: /home/cc/ee106a/fa25/class/ee106a-abh/REAL-Real-Steel/install/ros2_aruco_interfaces/share/ros2_aruco_interfaces/environment/library_path.dsv
[8.001s] -- Installing: /home/cc/ee106a/fa25/class/ee106a-abh/REAL-Real-Steel/install/ros2_aruco_interfaces/lib/libros2_aruco_interfaces__rosidl_generator_c.so
[8.012s] -- Set runtime path of "/home/cc/ee106a/fa25/class/ee106a-abh/REAL-Real-Steel/install/ros2_aruco_interfaces/lib/libros2_aruco_interfaces__rosidl_generator_c.so" to ""
[8.012s] -- Up-to-date: /home/cc/ee106a/fa25/class/ee106a-abh/REAL-Real-Steel/install/ros2_aruco_interfaces/include/ros2_aruco_interfaces/ros2_aruco_interfaces
[8.014s] -- Up-to-date: /home/cc/ee106a/fa25/class/ee106a-abh/REAL-Real-Steel/install/ros2_aruco_interfaces/include/ros2_aruco_interfaces/ros2_aruco_interfaces/msg
[8.016s] -- Up-to-date: /home/cc/ee106a/fa25/class/ee106a-abh/REAL-Real-Steel/install/ros2_aruco_interfaces/include/ros2_aruco_interfaces/ros2_aruco_interfaces/msg/detail
[8.018s] -- Installing: /home/cc/ee106a/fa25/class/ee106a-abh/REAL-Real-Steel/install/ros2_aruco_interfaces/include/ros2_aruco_interfaces/ros2_aruco_interfaces/msg/detail/aruco_markers__rosidl_typesupport_fastrtps_c.h
[8.025s] -- Installing: /home/cc/ee106a/fa25/class/ee106a-abh/REAL-Real-Steel/install/ros2_aruco_interfaces/include/ros2_aruco_interfaces/ros2_aruco_interfaces/msg/rosidl_typesupport_fastrtps_c__visibility_control.h
[8.033s] -- Installing: /home/cc/ee106a/fa25/class/ee106a-abh/REAL-Real-Steel/install/ros2_aruco_interfaces/lib/libros2_aruco_interfaces__rosidl_typesupport_fastrtps_c.so
[8.044s] -- Set runtime path of "/home/cc/ee106a/fa25/class/ee106a-abh/REAL-Real-Steel/install/ros2_aruco_interfaces/lib/libros2_aruco_interfaces__rosidl_typesupport_fastrtps_c.so" to ""
[8.045s] -- Up-to-date: /home/cc/ee106a/fa25/class/ee106a-abh/REAL-Real-Steel/install/ros2_aruco_interfaces/include/ros2_aruco_interfaces/ros2_aruco_interfaces
[8.047s] -- Up-to-date: /home/cc/ee106a/fa25/class/ee106a-abh/REAL-Real-Steel/install/ros2_aruco_interfaces/include/ros2_aruco_interfaces/ros2_aruco_interfaces/msg
[8.049s] -- Installing: /home/cc/ee106a/fa25/class/ee106a-abh/REAL-Real-Steel/install/ros2_aruco_interfaces/include/ros2_aruco_interfaces/ros2_aruco_interfaces/msg/aruco_markers.hpp
[8.057s] -- Installing: /home/cc/ee106a/fa25/class/ee106a-abh/REAL-Real-Steel/install/ros2_aruco_interfaces/include/ros2_aruco_interfaces/ros2_aruco_interfaces/msg/rosidl_generator_cpp__visibility_control.hpp
[8.064s] -- Up-to-date: /home/cc/ee106a/fa25/class/ee106a-abh/REAL-Real-Steel/install/ros2_aruco_interfaces/include/ros2_aruco_interfaces/ros2_aruco_interfaces/msg/detail
[8.066s] -- Installing: /home/cc/ee106a/fa25/class/ee106a-abh/REAL-Real-Steel/install/ros2_aruco_interfaces/include/ros2_aruco_interfaces/ros2_aruco_interfaces/msg/detail/aruco_markers__builder.hpp
[8.074s] -- Installing: /home/cc/ee106a/fa25/class/ee106a-abh/REAL-Real-Steel/install/ros2_aruco_interfaces/include/ros2_aruco_interfaces/ros2_aruco_interfaces/msg/detail/aruco_markers__struct.hpp
[8.081s] -- Installing: /home/cc/ee106a/fa25/class/ee106a-abh/REAL-Real-Steel/install/ros2_aruco_interfaces/include/ros2_aruco_interfaces/ros2_aruco_interfaces/msg/detail/aruco_markers__traits.hpp
[8.089s] -- Installing: /home/cc/ee106a/fa25/class/ee106a-abh/REAL-Real-Steel/install/ros2_aruco_interfaces/include/ros2_aruco_interfaces/ros2_aruco_interfaces/msg/detail/aruco_markers__type_support.hpp
[8.095s] -- Up-to-date: /home/cc/ee106a/fa25/class/ee106a-abh/REAL-Real-Steel/install/ros2_aruco_interfaces/include/ros2_aruco_interfaces/ros2_aruco_interfaces
[8.098s] -- Up-to-date: /home/cc/ee106a/fa25/class/ee106a-abh/REAL-Real-Steel/install/ros2_aruco_interfaces/include/ros2_aruco_interfaces/ros2_aruco_interfaces/msg
[8.100s] -- Up-to-date: /home/cc/ee106a/fa25/class/ee106a-abh/REAL-Real-Steel/install/ros2_aruco_interfaces/include/ros2_aruco_interfaces/ros2_aruco_interfaces/msg/detail
[8.102s] -- Installing: /home/cc/ee106a/fa25/class/ee106a-abh/REAL-Real-Steel/install/ros2_aruco_interfaces/include/ros2_aruco_interfaces/ros2_aruco_interfaces/msg/detail/aruco_markers__rosidl_typesupport_fastrtps_cpp.hpp
[8.108s] -- Installing: /home/cc/ee106a/fa25/class/ee106a-abh/REAL-Real-Steel/install/ros2_aruco_interfaces/include/ros2_aruco_interfaces/ros2_aruco_interfaces/msg/detail/dds_fastrtps
[8.114s] -- Installing: /home/cc/ee106a/fa25/class/ee106a-abh/REAL-Real-Steel/install/ros2_aruco_interfaces/include/ros2_aruco_interfaces/ros2_aruco_interfaces/msg/rosidl_typesupport_fastrtps_cpp__visibility_control.h
[8.120s] -- Installing: /home/cc/ee106a/fa25/class/ee106a-abh/REAL-Real-Steel/install/ros2_aruco_interfaces/lib/libros2_aruco_interfaces__rosidl_typesupport_fastrtps_cpp.so
[8.134s] -- Set runtime path of "/home/cc/ee106a/fa25/class/ee106a-abh/REAL-Real-Steel/install/ros2_aruco_interfaces/lib/libros2_aruco_interfaces__rosidl_typesupport_fastrtps_cpp.so" to ""
[8.134s] -- Up-to-date: /home/cc/ee106a/fa25/class/ee106a-abh/REAL-Real-Steel/install/ros2_aruco_interfaces/include/ros2_aruco_interfaces/ros2_aruco_interfaces
[8.136s] -- Up-to-date: /home/cc/ee106a/fa25/class/ee106a-abh/REAL-Real-Steel/install/ros2_aruco_interfaces/include/ros2_aruco_interfaces/ros2_aruco_interfaces/msg
[8.138s] -- Up-to-date: /home/cc/ee106a/fa25/class/ee106a-abh/REAL-Real-Steel/install/ros2_aruco_interfaces/include/ros2_aruco_interfaces/ros2_aruco_interfaces/msg/detail
[8.140s] -- Installing: /home/cc/ee106a/fa25/class/ee106a-abh/REAL-Real-Steel/install/ros2_aruco_interfaces/include/ros2_aruco_interfaces/ros2_aruco_interfaces/msg/detail/aruco_markers__rosidl_typesupport_introspection_c.h
[8.147s] -- Installing: /home/cc/ee106a/fa25/class/ee106a-abh/REAL-Real-Steel/install/ros2_aruco_interfaces/include/ros2_aruco_interfaces/ros2_aruco_interfaces/msg/detail/aruco_markers__type_support.c
[8.154s] -- Installing: /home/cc/ee106a/fa25/class/ee106a-abh/REAL-Real-Steel/install/ros2_aruco_interfaces/include/ros2_aruco_interfaces/ros2_aruco_interfaces/msg/rosidl_typesupport_introspection_c__visibility_control.h
[8.164s] -- Installing: /home/cc/ee106a/fa25/class/ee106a-abh/REAL-Real-Steel/install/ros2_aruco_interfaces/lib/libros2_aruco_interfaces__rosidl_typesupport_introspection_c.so
[8.174s] -- Set runtime path of "/home/cc/ee106a/fa25/class/ee106a-abh/REAL-Real-Steel/install/ros2_aruco_interfaces/lib/libros2_aruco_interfaces__rosidl_typesupport_introspection_c.so" to ""
[8.176s] -- Installing: /home/cc/ee106a/fa25/class/ee106a-abh/REAL-Real-Steel/install/ros2_aruco_interfaces/lib/libros2_aruco_interfaces__rosidl_typesupport_c.so
[8.186s] -- Set runtime path of "/home/cc/ee106a/fa25/class/ee106a-abh/REAL-Real-Steel/install/ros2_aruco_interfaces/lib/libros2_aruco_interfaces__rosidl_typesupport_c.so" to ""
[8.186s] -- Up-to-date: /home/cc/ee106a/fa25/class/ee106a-abh/REAL-Real-Steel/install/ros2_aruco_interfaces/include/ros2_aruco_interfaces/ros2_aruco_interfaces
[8.188s] -- Up-to-date: /home/cc/ee106a/fa25/class/ee106a-abh/REAL-Real-Steel/install/ros2_aruco_interfaces/include/ros2_aruco_interfaces/ros2_aruco_interfaces/msg
[8.190s] -- Up-to-date: /home/cc/ee106a/fa25/class/ee106a-abh/REAL-Real-Steel/install/ros2_aruco_interfaces/include/ros2_aruco_interfaces/ros2_aruco_interfaces/msg/detail
[8.191s] -- Installing: /home/cc/ee106a/fa25/class/ee106a-abh/REAL-Real-Steel/install/ros2_aruco_interfaces/include/ros2_aruco_interfaces/ros2_aruco_interfaces/msg/detail/aruco_markers__rosidl_typesupport_introspection_cpp.hpp
[8.198s] -- Installing: /home/cc/ee106a/fa25/class/ee106a-abh/REAL-Real-Steel/install/ros2_aruco_interfaces/include/ros2_aruco_interfaces/ros2_aruco_interfaces/msg/detail/aruco_markers__type_support.cpp
[8.204s] -- Installing: /home/cc/ee106a/fa25/class/ee106a-abh/REAL-Real-Steel/install/ros2_aruco_interfaces/lib/libros2_aruco_interfaces__rosidl_typesupport_introspection_cpp.so
[8.217s] -- Set runtime path of "/home/cc/ee106a/fa25/class/ee106a-abh/REAL-Real-Steel/install/ros2_aruco_interfaces/lib/libros2_aruco_interfaces__rosidl_typesupport_introspection_cpp.so" to ""
[8.219s] -- Installing: /home/cc/ee106a/fa25/class/ee106a-abh/REAL-Real-Steel/install/ros2_aruco_interfaces/lib/libros2_aruco_interfaces__rosidl_typesupport_cpp.so
[8.230s] -- Set runtime path of "/home/cc/ee106a/fa25/class/ee106a-abh/REAL-Real-Steel/install/ros2_aruco_interfaces/lib/libros2_aruco_interfaces__rosidl_typesupport_cpp.so" to ""
[8.231s] -- Installing: /home/cc/ee106a/fa25/class/ee106a-abh/REAL-Real-Steel/install/ros2_aruco_interfaces/share/ros2_aruco_interfaces/environment/pythonpath.sh
[8.240s] -- Installing: /home/cc/ee106a/fa25/class/ee106a-abh/REAL-Real-Steel/install/ros2_aruco_interfaces/share/ros2_aruco_interfaces/environment/pythonpath.dsv
[8.246s] -- Installing: /home/cc/ee106a/fa25/class/ee106a-abh/REAL-Real-Steel/install/ros2_aruco_interfaces/local/lib/python3.10/dist-packages/ros2_aruco_interfaces-0.1.0-py3.10.egg-info
[8.253s] -- Installing: /home/cc/ee106a/fa25/class/ee106a-abh/REAL-Real-Steel/install/ros2_aruco_interfaces/local/lib/python3.10/dist-packages/ros2_aruco_interfaces-0.1.0-py3.10.egg-info/PKG-INFO
[8.260s] -- Installing: /home/cc/ee106a/fa25/class/ee106a-abh/REAL-Real-Steel/install/ros2_aruco_interfaces/local/lib/python3.10/dist-packages/ros2_aruco_interfaces-0.1.0-py3.10.egg-info/dependency_links.txt
[8.267s] -- Installing: /home/cc/ee106a/fa25/class/ee106a-abh/REAL-Real-Steel/install/ros2_aruco_interfaces/local/lib/python3.10/dist-packages/ros2_aruco_interfaces-0.1.0-py3.10.egg-info/top_level.txt
[8.273s] -- Installing: /home/cc/ee106a/fa25/class/ee106a-abh/REAL-Real-Steel/install/ros2_aruco_interfaces/local/lib/python3.10/dist-packages/ros2_aruco_interfaces-0.1.0-py3.10.egg-info/SOURCES.txt
[8.279s] -- Installing: /home/cc/ee106a/fa25/class/ee106a-abh/REAL-Real-Steel/install/ros2_aruco_interfaces/local/lib/python3.10/dist-packages/ros2_aruco_interfaces
[8.285s] -- Installing: /home/cc/ee106a/fa25/class/ee106a-abh/REAL-Real-Steel/install/ros2_aruco_interfaces/local/lib/python3.10/dist-packages/ros2_aruco_interfaces/__init__.py
[8.291s] -- Installing: /home/cc/ee106a/fa25/class/ee106a-abh/REAL-Real-Steel/install/ros2_aruco_interfaces/local/lib/python3.10/dist-packages/ros2_aruco_interfaces/msg
[8.297s] -- Installing: /home/cc/ee106a/fa25/class/ee106a-abh/REAL-Real-Steel/install/ros2_aruco_interfaces/local/lib/python3.10/dist-packages/ros2_aruco_interfaces/msg/_aruco_markers.py
[8.306s] -- Installing: /home/cc/ee106a/fa25/class/ee106a-abh/REAL-Real-Steel/install/ros2_aruco_interfaces/local/lib/python3.10/dist-packages/ros2_aruco_interfaces/msg/_aruco_markers_s.c
[8.314s] -- Installing: /home/cc/ee106a/fa25/class/ee106a-abh/REAL-Real-Steel/install/ros2_aruco_interfaces/local/lib/python3.10/dist-packages/ros2_aruco_interfaces/msg/__init__.py
[8.320s] -- Installing: /home/cc/ee106a/fa25/class/ee106a-abh/REAL-Real-Steel/install/ros2_aruco_interfaces/local/lib/python3.10/dist-packages/ros2_aruco_interfaces/_ros2_aruco_interfaces_s.ep.rosidl_typesupport_fastrtps_c.c
[8.327s] -- Installing: /home/cc/ee106a/fa25/class/ee106a-abh/REAL-Real-Steel/install/ros2_aruco_interfaces/local/lib/python3.10/dist-packages/ros2_aruco_interfaces/_ros2_aruco_interfaces_s.ep.rosidl_typesupport_introspection_c.c
[8.334s] -- Installing: /home/cc/ee106a/fa25/class/ee106a-abh/REAL-Real-Steel/install/ros2_aruco_interfaces/local/lib/python3.10/dist-packages/ros2_aruco_interfaces/_ros2_aruco_interfaces_s.ep.rosidl_typesupport_c.c
[8.341s] -- Installing: /home/cc/ee106a/fa25/class/ee106a-abh/REAL-Real-Steel/install/ros2_aruco_interfaces/local/lib/python3.10/dist-packages/ros2_aruco_interfaces/libros2_aruco_interfaces__rosidl_generator_py.so
[8.348s] -- Installing: /home/cc/ee106a/fa25/class/ee106a-abh/REAL-Real-Steel/install/ros2_aruco_interfaces/local/lib/python3.10/dist-packages/ros2_aruco_interfaces/ros2_aruco_interfaces_s__rosidl_typesupport_fastrtps_c.cpython-310-x86_64-linux-gnu.so
[8.356s] -- Installing: /home/cc/ee106a/fa25/class/ee106a-abh/REAL-Real-Steel/install/ros2_aruco_interfaces/local/lib/python3.10/dist-packages/ros2_aruco_interfaces/ros2_aruco_interfaces_s__rosidl_typesupport_c.cpython-310-x86_64-linux-gnu.so
[8.364s] -- Installing: /home/cc/ee106a/fa25/class/ee106a-abh/REAL-Real-Steel/install/ros2_aruco_interfaces/local/lib/python3.10/dist-packages/ros2_aruco_interfaces/ros2_aruco_interfaces_s__rosidl_typesupport_introspection_c.cpython-310-x86_64-linux-gnu.so
[8.441s] Listing '/home/cc/ee106a/fa25/class/ee106a-abh/REAL-Real-Steel/install/ros2_aruco_interfaces/local/lib/python3.10/dist-packages/ros2_aruco_interfaces'...
[8.441s] Compiling '/home/cc/ee106a/fa25/class/ee106a-abh/REAL-Real-Steel/install/ros2_aruco_interfaces/local/lib/python3.10/dist-packages/ros2_aruco_interfaces/__init__.py'...
[8.442s] Listing '/home/cc/ee106a/fa25/class/ee106a-abh/REAL-Real-Steel/install/ros2_aruco_interfaces/local/lib/python3.10/dist-packages/ros2_aruco_interfaces/msg'...
[8.442s] Compiling '/home/cc/ee106a/fa25/class/ee106a-abh/REAL-Real-Steel/install/ros2_aruco_interfaces/local/lib/python3.10/dist-packages/ros2_aruco_interfaces/msg/__init__.py'...
[8.443s] Compiling '/home/cc/ee106a/fa25/class/ee106a-abh/REAL-Real-Steel/install/ros2_aruco_interfaces/local/lib/python3.10/dist-packages/ros2_aruco_interfaces/msg/_aruco_markers.py'...
[8.448s] -- Installing: /home/cc/ee106a/fa25/class/ee106a-abh/REAL-Real-Steel/install/ros2_aruco_interfaces/local/lib/python3.10/dist-packages/ros2_aruco_interfaces/ros2_aruco_interfaces_s__rosidl_typesupport_fastrtps_c.cpython-310-x86_64-linux-gnu.so
[8.458s] -- Set runtime path of "/home/cc/ee106a/fa25/class/ee106a-abh/REAL-Real-Steel/install/ros2_aruco_interfaces/local/lib/python3.10/dist-packages/ros2_aruco_interfaces/ros2_aruco_interfaces_s__rosidl_typesupport_fastrtps_c.cpython-310-x86_64-linux-gnu.so" to ""
[8.461s] -- Installing: /home/cc/ee106a/fa25/class/ee106a-abh/REAL-Real-Steel/install/ros2_aruco_interfaces/local/lib/python3.10/dist-packages/ros2_aruco_interfaces/ros2_aruco_interfaces_s__rosidl_typesupport_introspection_c.cpython-310-x86_64-linux-gnu.so
[8.471s] -- Set runtime path of "/home/cc/ee106a/fa25/class/ee106a-abh/REAL-Real-Steel/install/ros2_aruco_interfaces/local/lib/python3.10/dist-packages/ros2_aruco_interfaces/ros2_aruco_interfaces_s__rosidl_typesupport_introspection_c.cpython-310-x86_64-linux-gnu.so" to ""
[8.474s] -- Installing: /home/cc/ee106a/fa25/class/ee106a-abh/REAL-Real-Steel/install/ros2_aruco_interfaces/local/lib/python3.10/dist-packages/ros2_aruco_interfaces/ros2_aruco_interfaces_s__rosidl_typesupport_c.cpython-310-x86_64-linux-gnu.so
[8.484s] -- Set runtime path of "/home/cc/ee106a/fa25/class/ee106a-abh/REAL-Real-Steel/install/ros2_aruco_interfaces/local/lib/python3.10/dist-packages/ros2_aruco_interfaces/ros2_aruco_interfaces_s__rosidl_typesupport_c.cpython-310-x86_64-linux-gnu.so" to ""
[8.485s] -- Installing: /home/cc/ee106a/fa25/class/ee106a-abh/REAL-Real-Steel/install/ros2_aruco_interfaces/lib/libros2_aruco_interfaces__rosidl_generator_py.so
[8.496s] -- Set runtime path of "/home/cc/ee106a/fa25/class/ee106a-abh/REAL-Real-Steel/install/ros2_aruco_interfaces/lib/libros2_aruco_interfaces__rosidl_generator_py.so" to ""
[8.501s] -- Installing: /home/cc/ee106a/fa25/class/ee106a-abh/REAL-Real-Steel/install/ros2_aruco_interfaces/share/ros2_aruco_interfaces/msg/ArucoMarkers.idl
[8.508s] -- Installing: /home/cc/ee106a/fa25/class/ee106a-abh/REAL-Real-Steel/install/ros2_aruco_interfaces/share/ros2_aruco_interfaces/msg/ArucoMarkers.msg
[8.519s] -- Installing: /home/cc/ee106a/fa25/class/ee106a-abh/REAL-Real-Steel/install/ros2_aruco_interfaces/share/ament_index/resource_index/package_run_dependencies/ros2_aruco_interfaces
[8.530s] -- Installing: /home/cc/ee106a/fa25/class/ee106a-abh/REAL-Real-Steel/install/ros2_aruco_interfaces/share/ament_index/resource_index/parent_prefix_path/ros2_aruco_interfaces
[8.538s] -- Installing: /home/cc/ee106a/fa25/class/ee106a-abh/REAL-Real-Steel/install/ros2_aruco_interfaces/share/ros2_aruco_interfaces/environment/ament_prefix_path.sh
[8.543s] -- Installing: /home/cc/ee106a/fa25/class/ee106a-abh/REAL-Real-Steel/install/ros2_aruco_interfaces/share/ros2_aruco_interfaces/environment/ament_prefix_path.dsv
[8.550s] -- Installing: /home/cc/ee106a/fa25/class/ee106a-abh/REAL-Real-Steel/install/ros2_aruco_interfaces/share/ros2_aruco_interfaces/environment/path.sh
[8.555s] -- Installing: /home/cc/ee106a/fa25/class/ee106a-abh/REAL-Real-Steel/install/ros2_aruco_interfaces/share/ros2_aruco_interfaces/environment/path.dsv
[8.561s] -- Installing: /home/cc/ee106a/fa25/class/ee106a-abh/REAL-Real-Steel/install/ros2_aruco_interfaces/share/ros2_aruco_interfaces/local_setup.bash
[8.568s] -- Installing: /home/cc/ee106a/fa25/class/ee106a-abh/REAL-Real-Steel/install/ros2_aruco_interfaces/share/ros2_aruco_interfaces/local_setup.sh
[8.576s] -- Installing: /home/cc/ee106a/fa25/class/ee106a-abh/REAL-Real-Steel/install/ros2_aruco_interfaces/share/ros2_aruco_interfaces/local_setup.zsh
[8.583s] -- Installing: /home/cc/ee106a/fa25/class/ee106a-abh/REAL-Real-Steel/install/ros2_aruco_interfaces/share/ros2_aruco_interfaces/local_setup.dsv
[8.589s] -- Installing: /home/cc/ee106a/fa25/class/ee106a-abh/REAL-Real-Steel/install/ros2_aruco_interfaces/share/ros2_aruco_interfaces/package.dsv
[8.598s] -- Installing: /home/cc/ee106a/fa25/class/ee106a-abh/REAL-Real-Steel/install/ros2_aruco_interfaces/share/ament_index/resource_index/packages/ros2_aruco_interfaces
[8.607s] -- Installing: /home/cc/ee106a/fa25/class/ee106a-abh/REAL-Real-Steel/install/ros2_aruco_interfaces/share/ros2_aruco_interfaces/cmake/export_ros2_aruco_interfaces__rosidl_generator_cExport.cmake
[8.615s] -- Installing: /home/cc/ee106a/fa25/class/ee106a-abh/REAL-Real-Steel/install/ros2_aruco_interfaces/share/ros2_aruco_interfaces/cmake/export_ros2_aruco_interfaces__rosidl_generator_cExport-noconfig.cmake
[8.623s] -- Installing: /home/cc/ee106a/fa25/class/ee106a-abh/REAL-Real-Steel/install/ros2_aruco_interfaces/share/ros2_aruco_interfaces/cmake/export_ros2_aruco_interfaces__rosidl_typesupport_fastrtps_cExport.cmake
[8.630s] -- Installing: /home/cc/ee106a/fa25/class/ee106a-abh/REAL-Real-Steel/install/ros2_aruco_interfaces/share/ros2_aruco_interfaces/cmake/export_ros2_aruco_interfaces__rosidl_typesupport_fastrtps_cExport-noconfig.cmake
[8.638s] -- Installing: /home/cc/ee106a/fa25/class/ee106a-abh/REAL-Real-Steel/install/ros2_aruco_interfaces/share/ros2_aruco_interfaces/cmake/export_ros2_aruco_interfaces__rosidl_generator_cppExport.cmake
[8.646s] -- Installing: /home/cc/ee106a/fa25/class/ee106a-abh/REAL-Real-Steel/install/ros2_aruco_interfaces/share/ros2_aruco_interfaces/cmake/export_ros2_aruco_interfaces__rosidl_typesupport_fastrtps_cppExport.cmake
[8.654s] -- Installing: /home/cc/ee106a/fa25/class/ee106a-abh/REAL-Real-Steel/install/ros2_aruco_interfaces/share/ros2_aruco_interfaces/cmake/export_ros2_aruco_interfaces__rosidl_typesupport_fastrtps_cppExport-noconfig.cmake
[8.663s] -- Installing: /home/cc/ee106a/fa25/class/ee106a-abh/REAL-Real-Steel/install/ros2_aruco_interfaces/share/ros2_aruco_interfaces/cmake/ros2_aruco_interfaces__rosidl_typesupport_introspection_cExport.cmake
[8.671s] -- Installing: /home/cc/ee106a/fa25/class/ee106a-abh/REAL-Real-Steel/install/ros2_aruco_interfaces/share/ros2_aruco_interfaces/cmake/ros2_aruco_interfaces__rosidl_typesupport_introspection_cExport-noconfig.cmake
[8.678s] -- Installing: /home/cc/ee106a/fa25/class/ee106a-abh/REAL-Real-Steel/install/ros2_aruco_interfaces/share/ros2_aruco_interfaces/cmake/ros2_aruco_interfaces__rosidl_typesupport_cExport.cmake
[8.685s] -- Installing: /home/cc/ee106a/fa25/class/ee106a-abh/REAL-Real-Steel/install/ros2_aruco_interfaces/share/ros2_aruco_interfaces/cmake/ros2_aruco_interfaces__rosidl_typesupport_cExport-noconfig.cmake
[8.692s] -- Installing: /home/cc/ee106a/fa25/class/ee106a-abh/REAL-Real-Steel/install/ros2_aruco_interfaces/share/ros2_aruco_interfaces/cmake/ros2_aruco_interfaces__rosidl_typesupport_introspection_cppExport.cmake
[8.701s] -- Installing: /home/cc/ee106a/fa25/class/ee106a-abh/REAL-Real-Steel/install/ros2_aruco_interfaces/share/ros2_aruco_interfaces/cmake/ros2_aruco_interfaces__rosidl_typesupport_introspection_cppExport-noconfig.cmake
[8.708s] -- Installing: /home/cc/ee106a/fa25/class/ee106a-abh/REAL-Real-Steel/install/ros2_aruco_interfaces/share/ros2_aruco_interfaces/cmake/ros2_aruco_interfaces__rosidl_typesupport_cppExport.cmake
[8.724s] -- Installing: /home/cc/ee106a/fa25/class/ee106a-abh/REAL-Real-Steel/install/ros2_aruco_interfaces/share/ros2_aruco_interfaces/cmake/ros2_aruco_interfaces__rosidl_typesupport_cppExport-noconfig.cmake
[8.732s] -- Installing: /home/cc/ee106a/fa25/class/ee106a-abh/REAL-Real-Steel/install/ros2_aruco_interfaces/share/ros2_aruco_interfaces/cmake/export_ros2_aruco_interfaces__rosidl_generator_pyExport.cmake
[8.741s] -- Installing: /home/cc/ee106a/fa25/class/ee106a-abh/REAL-Real-Steel/install/ros2_aruco_interfaces/share/ros2_aruco_interfaces/cmake/export_ros2_aruco_interfaces__rosidl_generator_pyExport-noconfig.cmake
[8.749s] -- Installing: /home/cc/ee106a/fa25/class/ee106a-abh/REAL-Real-Steel/install/ros2_aruco_interfaces/share/ros2_aruco_interfaces/cmake/rosidl_cmake-extras.cmake
[8.756s] -- Installing: /home/cc/ee106a/fa25/class/ee106a-abh/REAL-Real-Steel/install/ros2_aruco_interfaces/share/ros2_aruco_interfaces/cmake/ament_cmake_export_dependencies-extras.cmake
[8.764s] -- Installing: /home/cc/ee106a/fa25/class/ee106a-abh/REAL-Real-Steel/install/ros2_aruco_interfaces/share/ros2_aruco_interfaces/cmake/ament_cmake_export_include_directories-extras.cmake
[8.770s] -- Installing: /home/cc/ee106a/fa25/class/ee106a-abh/REAL-Real-Steel/install/ros2_aruco_interfaces/share/ros2_aruco_interfaces/cmake/ament_cmake_export_libraries-extras.cmake
[8.778s] -- Installing: /home/cc/ee106a/fa25/class/ee106a-abh/REAL-Real-Steel/install/ros2_aruco_interfaces/share/ros2_aruco_interfaces/cmake/ament_cmake_export_targets-extras.cmake
[8.784s] -- Installing: /home/cc/ee106a/fa25/class/ee106a-abh/REAL-Real-Steel/install/ros2_aruco_interfaces/share/ros2_aruco_interfaces/cmake/rosidl_cmake_export_typesupport_targets-extras.cmake
[8.790s] -- Installing: /home/cc/ee106a/fa25/class/ee106a-abh/REAL-Real-Steel/install/ros2_aruco_interfaces/share/ros2_aruco_interfaces/cmake/rosidl_cmake_export_typesupport_libraries-extras.cmake
[8.796s] -- Installing: /home/cc/ee106a/fa25/class/ee106a-abh/REAL-Real-Steel/install/ros2_aruco_interfaces/share/ros2_aruco_interfaces/cmake/ros2_aruco_interfacesConfig.cmake
[8.802s] -- Installing: /home/cc/ee106a/fa25/class/ee106a-abh/REAL-Real-Steel/install/ros2_aruco_interfaces/share/ros2_aruco_interfaces/cmake/ros2_aruco_interfacesConfig-version.cmake
[8.810s] -- Installing: /home/cc/ee106a/fa25/class/ee106a-abh/REAL-Real-Steel/install/ros2_aruco_interfaces/share/ros2_aruco_interfaces/package.xml
[8.823s] Invoked command in '/home/cc/ee106a/fa25/class/ee106a-abh/REAL-Real-Steel/build/ros2_aruco_interfaces' returned '0': CMAKE_PREFIX_PATH=${CMAKE_PREFIX_PATH}:/opt/ros/turtlebot3_ws/install/turtlebot3_teleop:/opt/ros/turtlebot3_ws/install/turtlebot3_example:/opt/ros/humble /usr/bin/cmake --install /home/cc/ee106a/fa25/class/ee106a-abh/REAL-Real-Steel/build/ros2_aruco_interfaces
