[0.527s] Invoking command in '/home/cc/ee106a/fa25/class/ee106a-abg/REAL-Real-Steel/src/imu_pipeline': PYTHONPATH=/home/cc/ee106a/fa25/class/ee106a-abg/REAL-Real-Steel/src/build/imu_pipeline/prefix_override:/usr/lib/python3/dist-packages/colcon_core/task/python/colcon_distutils_commands:/home/cc/ee106a/fa25/class/ee106a-abg/REAL-Real-Steel/src/install/imu_pipeline/lib/python3.10/site-packages:${PYTHONPATH} /usr/bin/python3 -W ignore:setup.py install is deprecated -W ignore:easy_install command is deprecated setup.py egg_info --egg-base ../build/imu_pipeline build --build-base /home/cc/ee106a/fa25/class/ee106a-abg/REAL-Real-Steel/src/build/imu_pipeline/build install --record /home/cc/ee106a/fa25/class/ee106a-abg/REAL-Real-Steel/src/build/imu_pipeline/install.log --single-version-externally-managed install_data
[0.711s] running egg_info
[0.712s] writing ../build/imu_pipeline/imu_pipeline.egg-info/PKG-INFO
[0.714s] writing dependency_links to ../build/imu_pipeline/imu_pipeline.egg-info/dependency_links.txt
[0.717s] writing entry points to ../build/imu_pipeline/imu_pipeline.egg-info/entry_points.txt
[0.719s] writing requirements to ../build/imu_pipeline/imu_pipeline.egg-info/requires.txt
[0.721s] writing top-level names to ../build/imu_pipeline/imu_pipeline.egg-info/top_level.txt
[0.726s] reading manifest file '../build/imu_pipeline/imu_pipeline.egg-info/SOURCES.txt'
[0.728s] writing manifest file '../build/imu_pipeline/imu_pipeline.egg-info/SOURCES.txt'
[0.729s] running build
[0.729s] running build_py
[0.731s] running install
[0.731s] running install_lib
[0.732s] creating /home/cc/ee106a/fa25/class/ee106a-abg/REAL-Real-Steel/src/install/imu_pipeline/lib/python3.10/site-packages/imu_pipeline
[0.733s] copying /home/cc/ee106a/fa25/class/ee106a-abg/REAL-Real-Steel/src/build/imu_pipeline/build/lib/imu_pipeline/__init__.py -> /home/cc/ee106a/fa25/class/ee106a-abg/REAL-Real-Steel/src/install/imu_pipeline/lib/python3.10/site-packages/imu_pipeline
[0.735s] copying /home/cc/ee106a/fa25/class/ee106a-abg/REAL-Real-Steel/src/build/imu_pipeline/build/lib/imu_pipeline/ble_imu_bridge.py -> /home/cc/ee106a/fa25/class/ee106a-abg/REAL-Real-Steel/src/install/imu_pipeline/lib/python3.10/site-packages/imu_pipeline
[0.740s] byte-compiling /home/cc/ee106a/fa25/class/ee106a-abg/REAL-Real-Steel/src/install/imu_pipeline/lib/python3.10/site-packages/imu_pipeline/__init__.py to __init__.cpython-310.pyc
[0.744s] byte-compiling /home/cc/ee106a/fa25/class/ee106a-abg/REAL-Real-Steel/src/install/imu_pipeline/lib/python3.10/site-packages/imu_pipeline/ble_imu_bridge.py to ble_imu_bridge.cpython-310.pyc
[0.748s] running install_data
[0.749s] creating /home/cc/ee106a/fa25/class/ee106a-abg/REAL-Real-Steel/src/install/imu_pipeline/share
[0.750s] creating /home/cc/ee106a/fa25/class/ee106a-abg/REAL-Real-Steel/src/install/imu_pipeline/share/ament_index
[0.750s] creating /home/cc/ee106a/fa25/class/ee106a-abg/REAL-Real-Steel/src/install/imu_pipeline/share/ament_index/resource_index
[0.751s] creating /home/cc/ee106a/fa25/class/ee106a-abg/REAL-Real-Steel/src/install/imu_pipeline/share/ament_index/resource_index/packages
[0.752s] copying resource/imu_pipeline -> /home/cc/ee106a/fa25/class/ee106a-abg/REAL-Real-Steel/src/install/imu_pipeline/share/ament_index/resource_index/packages
[0.755s] creating /home/cc/ee106a/fa25/class/ee106a-abg/REAL-Real-Steel/src/install/imu_pipeline/share/imu_pipeline
[0.756s] copying package.xml -> /home/cc/ee106a/fa25/class/ee106a-abg/REAL-Real-Steel/src/install/imu_pipeline/share/imu_pipeline
[0.759s] creating /home/cc/ee106a/fa25/class/ee106a-abg/REAL-Real-Steel/src/install/imu_pipeline/share/imu_pipeline/launch
[0.761s] copying launch/dual_imu_filter.launch.py -> /home/cc/ee106a/fa25/class/ee106a-abg/REAL-Real-Steel/src/install/imu_pipeline/share/imu_pipeline/launch
[0.764s] creating /home/cc/ee106a/fa25/class/ee106a-abg/REAL-Real-Steel/src/install/imu_pipeline/share/imu_pipeline/config
[0.765s] copying config/upper_filter.yaml -> /home/cc/ee106a/fa25/class/ee106a-abg/REAL-Real-Steel/src/install/imu_pipeline/share/imu_pipeline/config
[0.768s] copying config/forearm_filter.yaml -> /home/cc/ee106a/fa25/class/ee106a-abg/REAL-Real-Steel/src/install/imu_pipeline/share/imu_pipeline/config
[0.771s] running install_egg_info
[0.776s] Copying ../build/imu_pipeline/imu_pipeline.egg-info to /home/cc/ee106a/fa25/class/ee106a-abg/REAL-Real-Steel/src/install/imu_pipeline/lib/python3.10/site-packages/imu_pipeline-0.0.1-py3.10.egg-info
[0.800s] running install_scripts
[0.825s] Installing ble_imu_bridge script to /home/cc/ee106a/fa25/class/ee106a-abg/REAL-Real-Steel/src/install/imu_pipeline/lib/imu_pipeline
[0.827s] writing list of installed files to '/home/cc/ee106a/fa25/class/ee106a-abg/REAL-Real-Steel/src/build/imu_pipeline/install.log'
[0.842s] Invoked command in '/home/cc/ee106a/fa25/class/ee106a-abg/REAL-Real-Steel/src/imu_pipeline' returned '0': PYTHONPATH=/home/cc/ee106a/fa25/class/ee106a-abg/REAL-Real-Steel/src/build/imu_pipeline/prefix_override:/usr/lib/python3/dist-packages/colcon_core/task/python/colcon_distutils_commands:/home/cc/ee106a/fa25/class/ee106a-abg/REAL-Real-Steel/src/install/imu_pipeline/lib/python3.10/site-packages:${PYTHONPATH} /usr/bin/python3 -W ignore:setup.py install is deprecated -W ignore:easy_install command is deprecated setup.py egg_info --egg-base ../build/imu_pipeline build --build-base /home/cc/ee106a/fa25/class/ee106a-abg/REAL-Real-Steel/src/build/imu_pipeline/build install --record /home/cc/ee106a/fa25/class/ee106a-abg/REAL-Real-Steel/src/build/imu_pipeline/install.log --single-version-externally-managed install_data
