[0.280s] Invoking command in '/home/cc/ee106a/fa25/class/ee106a-abg/REAL-Real-Steel/build/imu_tools': CMAKE_PREFIX_PATH=/home/cc/ee106a/fa25/class/ee106a-abg/REAL-Real-Steel/install/rviz_imu_plugin:/home/cc/ee106a/fa25/class/ee106a-abg/REAL-Real-Steel/install/imu_filter_madgwick:/home/cc/ee106a/fa25/class/ee106a-abg/REAL-Real-Steel/install/imu_complementary_filter:/home/cc/ee106a/fa25/class/ee106a-abg/REAL-Real-Steel/install/imu_tools:/home/cc/ee106a/fa25/class/ee106a-abg/REAL-Real-Steel/src/install/imu_tools:/home/cc/ee106a/fa25/class/ee106a-abg/REAL-Real-Steel/src/install/rviz_imu_plugin:/home/cc/ee106a/fa25/class/ee106a-abg/REAL-Real-Steel/src/install/imu_filter_madgwick:/home/cc/ee106a/fa25/class/ee106a-abg/REAL-Real-Steel/src/install/imu_complementary_filter:/home/ff/ee106a/robot_workspaces/ur/install/ur7e_utils:/opt/ros/humble /usr/bin/cmake /home/cc/ee106a/fa25/class/ee106a-abg/REAL-Real-Steel/src/imu_tools/imu_tools -DCMAKE_INSTALL_PREFIX=/home/cc/ee106a/fa25/class/ee106a-abg/REAL-Real-Steel/install/imu_tools
[0.413s] -- The C compiler identification is GNU 11.4.0
[0.491s] -- The CXX compiler identification is GNU 11.4.0
[0.510s] -- Detecting C compiler ABI info
[0.684s] -- Detecting C compiler ABI info - done
[0.695s] -- Check for working C compiler: /usr/bin/cc - skipped
[0.695s] -- Detecting C compile features
[0.696s] -- Detecting C compile features - done
[0.705s] -- Detecting CXX compiler ABI info
[0.883s] -- Detecting CXX compiler ABI info - done
[0.904s] -- Check for working CXX compiler: /usr/bin/c++ - skipped
[0.905s] -- Detecting CXX compile features
[0.906s] -- Detecting CXX compile features - done
[0.936s] -- Found ament_cmake: 1.3.12 (/opt/ros/humble/share/ament_cmake/cmake)
[1.290s] -- Found Python3: /usr/bin/python3 (found version "3.10.12") found components: Interpreter 
[1.751s] -- Configuring done
[1.833s] -- Generating done
[1.875s] -- Build files have been written to: /home/cc/ee106a/fa25/class/ee106a-abg/REAL-Real-Steel/build/imu_tools
[1.882s] Invoked command in '/home/cc/ee106a/fa25/class/ee106a-abg/REAL-Real-Steel/build/imu_tools' returned '0': CMAKE_PREFIX_PATH=/home/cc/ee106a/fa25/class/ee106a-abg/REAL-Real-Steel/install/rviz_imu_plugin:/home/cc/ee106a/fa25/class/ee106a-abg/REAL-Real-Steel/install/imu_filter_madgwick:/home/cc/ee106a/fa25/class/ee106a-abg/REAL-Real-Steel/install/imu_complementary_filter:/home/cc/ee106a/fa25/class/ee106a-abg/REAL-Real-Steel/install/imu_tools:/home/cc/ee106a/fa25/class/ee106a-abg/REAL-Real-Steel/src/install/imu_tools:/home/cc/ee106a/fa25/class/ee106a-abg/REAL-Real-Steel/src/install/rviz_imu_plugin:/home/cc/ee106a/fa25/class/ee106a-abg/REAL-Real-Steel/src/install/imu_filter_madgwick:/home/cc/ee106a/fa25/class/ee106a-abg/REAL-Real-Steel/src/install/imu_complementary_filter:/home/ff/ee106a/robot_workspaces/ur/install/ur7e_utils:/opt/ros/humble /usr/bin/cmake /home/cc/ee106a/fa25/class/ee106a-abg/REAL-Real-Steel/src/imu_tools/imu_tools -DCMAKE_INSTALL_PREFIX=/home/cc/ee106a/fa25/class/ee106a-abg/REAL-Real-Steel/install/imu_tools
[1.888s] Invoking command in '/home/cc/ee106a/fa25/class/ee106a-abg/REAL-Real-Steel/build/imu_tools': CMAKE_PREFIX_PATH=/home/cc/ee106a/fa25/class/ee106a-abg/REAL-Real-Steel/install/rviz_imu_plugin:/home/cc/ee106a/fa25/class/ee106a-abg/REAL-Real-Steel/install/imu_filter_madgwick:/home/cc/ee106a/fa25/class/ee106a-abg/REAL-Real-Steel/install/imu_complementary_filter:/home/cc/ee106a/fa25/class/ee106a-abg/REAL-Real-Steel/install/imu_tools:/home/cc/ee106a/fa25/class/ee106a-abg/REAL-Real-Steel/src/install/imu_tools:/home/cc/ee106a/fa25/class/ee106a-abg/REAL-Real-Steel/src/install/rviz_imu_plugin:/home/cc/ee106a/fa25/class/ee106a-abg/REAL-Real-Steel/src/install/imu_filter_madgwick:/home/cc/ee106a/fa25/class/ee106a-abg/REAL-Real-Steel/src/install/imu_complementary_filter:/home/ff/ee106a/robot_workspaces/ur/install/ur7e_utils:/opt/ros/humble /usr/bin/cmake --build /home/cc/ee106a/fa25/class/ee106a-abg/REAL-Real-Steel/build/imu_tools -- -j32 -l32
[1.993s] Invoked command in '/home/cc/ee106a/fa25/class/ee106a-abg/REAL-Real-Steel/build/imu_tools' returned '0': CMAKE_PREFIX_PATH=/home/cc/ee106a/fa25/class/ee106a-abg/REAL-Real-Steel/install/rviz_imu_plugin:/home/cc/ee106a/fa25/class/ee106a-abg/REAL-Real-Steel/install/imu_filter_madgwick:/home/cc/ee106a/fa25/class/ee106a-abg/REAL-Real-Steel/install/imu_complementary_filter:/home/cc/ee106a/fa25/class/ee106a-abg/REAL-Real-Steel/install/imu_tools:/home/cc/ee106a/fa25/class/ee106a-abg/REAL-Real-Steel/src/install/imu_tools:/home/cc/ee106a/fa25/class/ee106a-abg/REAL-Real-Steel/src/install/rviz_imu_plugin:/home/cc/ee106a/fa25/class/ee106a-abg/REAL-Real-Steel/src/install/imu_filter_madgwick:/home/cc/ee106a/fa25/class/ee106a-abg/REAL-Real-Steel/src/install/imu_complementary_filter:/home/ff/ee106a/robot_workspaces/ur/install/ur7e_utils:/opt/ros/humble /usr/bin/cmake --build /home/cc/ee106a/fa25/class/ee106a-abg/REAL-Real-Steel/build/imu_tools -- -j32 -l32
[2.000s] Invoking command in '/home/cc/ee106a/fa25/class/ee106a-abg/REAL-Real-Steel/build/imu_tools': CMAKE_PREFIX_PATH=/home/cc/ee106a/fa25/class/ee106a-abg/REAL-Real-Steel/install/rviz_imu_plugin:/home/cc/ee106a/fa25/class/ee106a-abg/REAL-Real-Steel/install/imu_filter_madgwick:/home/cc/ee106a/fa25/class/ee106a-abg/REAL-Real-Steel/install/imu_complementary_filter:/home/cc/ee106a/fa25/class/ee106a-abg/REAL-Real-Steel/install/imu_tools:/home/cc/ee106a/fa25/class/ee106a-abg/REAL-Real-Steel/src/install/imu_tools:/home/cc/ee106a/fa25/class/ee106a-abg/REAL-Real-Steel/src/install/rviz_imu_plugin:/home/cc/ee106a/fa25/class/ee106a-abg/REAL-Real-Steel/src/install/imu_filter_madgwick:/home/cc/ee106a/fa25/class/ee106a-abg/REAL-Real-Steel/src/install/imu_complementary_filter:/home/ff/ee106a/robot_workspaces/ur/install/ur7e_utils:/opt/ros/humble /usr/bin/cmake --install /home/cc/ee106a/fa25/class/ee106a-abg/REAL-Real-Steel/build/imu_tools
[2.019s] -- Install configuration: ""
[2.026s] -- Installing: /home/cc/ee106a/fa25/class/ee106a-abg/REAL-Real-Steel/install/imu_tools/share/ament_index/resource_index/package_run_dependencies/imu_tools
[2.037s] -- Installing: /home/cc/ee106a/fa25/class/ee106a-abg/REAL-Real-Steel/install/imu_tools/share/ament_index/resource_index/parent_prefix_path/imu_tools
[2.048s] -- Installing: /home/cc/ee106a/fa25/class/ee106a-abg/REAL-Real-Steel/install/imu_tools/share/imu_tools/environment/ament_prefix_path.sh
[2.053s] -- Installing: /home/cc/ee106a/fa25/class/ee106a-abg/REAL-Real-Steel/install/imu_tools/share/imu_tools/environment/ament_prefix_path.dsv
[2.059s] -- Installing: /home/cc/ee106a/fa25/class/ee106a-abg/REAL-Real-Steel/install/imu_tools/share/imu_tools/environment/path.sh
[2.064s] -- Installing: /home/cc/ee106a/fa25/class/ee106a-abg/REAL-Real-Steel/install/imu_tools/share/imu_tools/environment/path.dsv
[2.070s] -- Installing: /home/cc/ee106a/fa25/class/ee106a-abg/REAL-Real-Steel/install/imu_tools/share/imu_tools/local_setup.bash
[2.077s] -- Installing: /home/cc/ee106a/fa25/class/ee106a-abg/REAL-Real-Steel/install/imu_tools/share/imu_tools/local_setup.sh
[2.084s] -- Installing: /home/cc/ee106a/fa25/class/ee106a-abg/REAL-Real-Steel/install/imu_tools/share/imu_tools/local_setup.zsh
[2.092s] -- Installing: /home/cc/ee106a/fa25/class/ee106a-abg/REAL-Real-Steel/install/imu_tools/share/imu_tools/local_setup.dsv
[2.098s] -- Installing: /home/cc/ee106a/fa25/class/ee106a-abg/REAL-Real-Steel/install/imu_tools/share/imu_tools/package.dsv
[2.108s] -- Installing: /home/cc/ee106a/fa25/class/ee106a-abg/REAL-Real-Steel/install/imu_tools/share/ament_index/resource_index/packages/imu_tools
[2.117s] -- Installing: /home/cc/ee106a/fa25/class/ee106a-abg/REAL-Real-Steel/install/imu_tools/share/imu_tools/cmake/imu_toolsConfig.cmake
[2.124s] -- Installing: /home/cc/ee106a/fa25/class/ee106a-abg/REAL-Real-Steel/install/imu_tools/share/imu_tools/cmake/imu_toolsConfig-version.cmake
[2.131s] -- Installing: /home/cc/ee106a/fa25/class/ee106a-abg/REAL-Real-Steel/install/imu_tools/share/imu_tools/package.xml
[2.141s] Invoked command in '/home/cc/ee106a/fa25/class/ee106a-abg/REAL-Real-Steel/build/imu_tools' returned '0': CMAKE_PREFIX_PATH=/home/cc/ee106a/fa25/class/ee106a-abg/REAL-Real-Steel/install/rviz_imu_plugin:/home/cc/ee106a/fa25/class/ee106a-abg/REAL-Real-Steel/install/imu_filter_madgwick:/home/cc/ee106a/fa25/class/ee106a-abg/REAL-Real-Steel/install/imu_complementary_filter:/home/cc/ee106a/fa25/class/ee106a-abg/REAL-Real-Steel/install/imu_tools:/home/cc/ee106a/fa25/class/ee106a-abg/REAL-Real-Steel/src/install/imu_tools:/home/cc/ee106a/fa25/class/ee106a-abg/REAL-Real-Steel/src/install/rviz_imu_plugin:/home/cc/ee106a/fa25/class/ee106a-abg/REAL-Real-Steel/src/install/imu_filter_madgwick:/home/cc/ee106a/fa25/class/ee106a-abg/REAL-Real-Steel/src/install/imu_complementary_filter:/home/ff/ee106a/robot_workspaces/ur/install/ur7e_utils:/opt/ros/humble /usr/bin/cmake --install /home/cc/ee106a/fa25/class/ee106a-abg/REAL-Real-Steel/build/imu_tools
