[0.935s] Invoking command in '/home/cc/ee106a/fa25/class/ee106a-abh/REAL-Real-Steel/src/ros2_aruco/ros2_aruco': PYTHONPATH=/home/cc/ee106a/fa25/class/ee106a-abh/REAL-Real-Steel/build/ros2_aruco/prefix_override:/usr/lib/python3/dist-packages/colcon_core/task/python/colcon_distutils_commands:/home/cc/ee106a/fa25/class/ee106a-abh/REAL-Real-Steel/install/ros2_aruco/lib/python3.10/site-packages:${PYTHONPATH} /usr/bin/python3 -W ignore:setup.py install is deprecated -W ignore:easy_install command is deprecated setup.py egg_info --egg-base ../../../build/ros2_aruco build --build-base /home/cc/ee106a/fa25/class/ee106a-abh/REAL-Real-Steel/build/ros2_aruco/build install --record /home/cc/ee106a/fa25/class/ee106a-abh/REAL-Real-Steel/build/ros2_aruco/install.log --single-version-externally-managed install_data
[1.149s] running egg_info
[1.149s] creating ../../../build/ros2_aruco/ros2_aruco.egg-info
[1.150s] writing ../../../build/ros2_aruco/ros2_aruco.egg-info/PKG-INFO
[1.154s] writing dependency_links to ../../../build/ros2_aruco/ros2_aruco.egg-info/dependency_links.txt
[1.156s] writing entry points to ../../../build/ros2_aruco/ros2_aruco.egg-info/entry_points.txt
[1.157s] writing requirements to ../../../build/ros2_aruco/ros2_aruco.egg-info/requires.txt
[1.159s] writing top-level names to ../../../build/ros2_aruco/ros2_aruco.egg-info/top_level.txt
[1.161s] writing manifest file '../../../build/ros2_aruco/ros2_aruco.egg-info/SOURCES.txt'
[1.169s] reading manifest file '../../../build/ros2_aruco/ros2_aruco.egg-info/SOURCES.txt'
[1.171s] writing manifest file '../../../build/ros2_aruco/ros2_aruco.egg-info/SOURCES.txt'
[1.173s] running build
[1.173s] running build_py
[1.173s] creating /home/cc/ee106a/fa25/class/ee106a-abh/REAL-Real-Steel/build/ros2_aruco/build
[1.174s] creating /home/cc/ee106a/fa25/class/ee106a-abh/REAL-Real-Steel/build/ros2_aruco/build/lib
[1.175s] creating /home/cc/ee106a/fa25/class/ee106a-abh/REAL-Real-Steel/build/ros2_aruco/build/lib/ros2_aruco
[1.177s] copying ros2_aruco/__init__.py -> /home/cc/ee106a/fa25/class/ee106a-abh/REAL-Real-Steel/build/ros2_aruco/build/lib/ros2_aruco
[1.179s] copying ros2_aruco/aruco_generate_marker.py -> /home/cc/ee106a/fa25/class/ee106a-abh/REAL-Real-Steel/build/ros2_aruco/build/lib/ros2_aruco
[1.182s] copying ros2_aruco/aruco_node.py -> /home/cc/ee106a/fa25/class/ee106a-abh/REAL-Real-Steel/build/ros2_aruco/build/lib/ros2_aruco
[1.185s] running install
[1.185s] running install_lib
[1.188s] creating /home/cc/ee106a/fa25/class/ee106a-abh/REAL-Real-Steel/install/ros2_aruco/lib/python3.10/site-packages/ros2_aruco
[1.189s] copying /home/cc/ee106a/fa25/class/ee106a-abh/REAL-Real-Steel/build/ros2_aruco/build/lib/ros2_aruco/__init__.py -> /home/cc/ee106a/fa25/class/ee106a-abh/REAL-Real-Steel/install/ros2_aruco/lib/python3.10/site-packages/ros2_aruco
[1.192s] copying /home/cc/ee106a/fa25/class/ee106a-abh/REAL-Real-Steel/build/ros2_aruco/build/lib/ros2_aruco/aruco_generate_marker.py -> /home/cc/ee106a/fa25/class/ee106a-abh/REAL-Real-Steel/install/ros2_aruco/lib/python3.10/site-packages/ros2_aruco
[1.196s] copying /home/cc/ee106a/fa25/class/ee106a-abh/REAL-Real-Steel/build/ros2_aruco/build/lib/ros2_aruco/aruco_node.py -> /home/cc/ee106a/fa25/class/ee106a-abh/REAL-Real-Steel/install/ros2_aruco/lib/python3.10/site-packages/ros2_aruco
[1.201s] byte-compiling /home/cc/ee106a/fa25/class/ee106a-abh/REAL-Real-Steel/install/ros2_aruco/lib/python3.10/site-packages/ros2_aruco/__init__.py to __init__.cpython-310.pyc
[1.205s] byte-compiling /home/cc/ee106a/fa25/class/ee106a-abh/REAL-Real-Steel/install/ros2_aruco/lib/python3.10/site-packages/ros2_aruco/aruco_generate_marker.py to aruco_generate_marker.cpython-310.pyc
[1.210s] byte-compiling /home/cc/ee106a/fa25/class/ee106a-abh/REAL-Real-Steel/install/ros2_aruco/lib/python3.10/site-packages/ros2_aruco/aruco_node.py to aruco_node.cpython-310.pyc
[1.215s] running install_data
[1.216s] creating /home/cc/ee106a/fa25/class/ee106a-abh/REAL-Real-Steel/install/ros2_aruco/share/ament_index
[1.217s] creating /home/cc/ee106a/fa25/class/ee106a-abh/REAL-Real-Steel/install/ros2_aruco/share/ament_index/resource_index
[1.217s] creating /home/cc/ee106a/fa25/class/ee106a-abh/REAL-Real-Steel/install/ros2_aruco/share/ament_index/resource_index/packages
[1.219s] copying resource/ros2_aruco -> /home/cc/ee106a/fa25/class/ee106a-abh/REAL-Real-Steel/install/ros2_aruco/share/ament_index/resource_index/packages
[1.222s] copying package.xml -> /home/cc/ee106a/fa25/class/ee106a-abh/REAL-Real-Steel/install/ros2_aruco/share/ros2_aruco
[1.225s] creating /home/cc/ee106a/fa25/class/ee106a-abh/REAL-Real-Steel/install/ros2_aruco/share/ros2_aruco/launch
[1.226s] copying launch/aruco_recognition.launch.py -> /home/cc/ee106a/fa25/class/ee106a-abh/REAL-Real-Steel/install/ros2_aruco/share/ros2_aruco/launch
[1.229s] creating /home/cc/ee106a/fa25/class/ee106a-abh/REAL-Real-Steel/install/ros2_aruco/share/ros2_aruco/config
[1.231s] copying config/aruco_parameters.yaml -> /home/cc/ee106a/fa25/class/ee106a-abh/REAL-Real-Steel/install/ros2_aruco/share/ros2_aruco/config
[1.235s] copying config/aruco_parameters_old.yaml -> /home/cc/ee106a/fa25/class/ee106a-abh/REAL-Real-Steel/install/ros2_aruco/share/ros2_aruco/config
[1.238s] running install_egg_info
[1.243s] Copying ../../../build/ros2_aruco/ros2_aruco.egg-info to /home/cc/ee106a/fa25/class/ee106a-abh/REAL-Real-Steel/install/ros2_aruco/lib/python3.10/site-packages/ros2_aruco-0.1.0-py3.10.egg-info
[1.273s] running install_scripts
[1.296s] Installing aruco_generate_marker script to /home/cc/ee106a/fa25/class/ee106a-abh/REAL-Real-Steel/install/ros2_aruco/lib/ros2_aruco
[1.298s] Installing aruco_node script to /home/cc/ee106a/fa25/class/ee106a-abh/REAL-Real-Steel/install/ros2_aruco/lib/ros2_aruco
[1.301s] writing list of installed files to '/home/cc/ee106a/fa25/class/ee106a-abh/REAL-Real-Steel/build/ros2_aruco/install.log'
[1.316s] Invoked command in '/home/cc/ee106a/fa25/class/ee106a-abh/REAL-Real-Steel/src/ros2_aruco/ros2_aruco' returned '0': PYTHONPATH=/home/cc/ee106a/fa25/class/ee106a-abh/REAL-Real-Steel/build/ros2_aruco/prefix_override:/usr/lib/python3/dist-packages/colcon_core/task/python/colcon_distutils_commands:/home/cc/ee106a/fa25/class/ee106a-abh/REAL-Real-Steel/install/ros2_aruco/lib/python3.10/site-packages:${PYTHONPATH} /usr/bin/python3 -W ignore:setup.py install is deprecated -W ignore:easy_install command is deprecated setup.py egg_info --egg-base ../../../build/ros2_aruco build --build-base /home/cc/ee106a/fa25/class/ee106a-abh/REAL-Real-Steel/build/ros2_aruco/build install --record /home/cc/ee106a/fa25/class/ee106a-abh/REAL-Real-Steel/build/ros2_aruco/install.log --single-version-externally-managed install_data
