[0.078s] Invoking command in '/home/cc/ee106a/fa25/class/ee106a-abg/REAL-Real-Steel/build/rviz_imu_plugin': CMAKE_PREFIX_PATH=${CMAKE_PREFIX_PATH}:/home/ff/ee106a/robot_workspaces/ur/install/ur7e_utils:/opt/ros/humble /usr/bin/cmake /home/cc/ee106a/fa25/class/ee106a-abg/REAL-Real-Steel/src/imu_tools/rviz_imu_plugin -DCMAKE_INSTALL_PREFIX=/home/cc/ee106a/fa25/class/ee106a-abg/REAL-Real-Steel/install/rviz_imu_plugin
[0.196s] -- The C compiler identification is GNU 11.4.0
[0.289s] -- The CXX compiler identification is GNU 11.4.0
[0.306s] -- Detecting C compiler ABI info
[0.522s] -- Detecting C compiler ABI info - done
[0.536s] -- Check for working C compiler: /usr/bin/cc - skipped
[0.536s] -- Detecting C compile features
[0.536s] -- Detecting C compile features - done
[0.552s] -- Detecting CXX compiler ABI info
[0.776s] -- Detecting CXX compiler ABI info - done
[0.786s] -- Check for working CXX compiler: /usr/bin/c++ - skipped
[0.787s] -- Detecting CXX compile features
[0.788s] -- Detecting CXX compile features - done
[0.807s] -- Found ament_cmake: 1.3.12 (/opt/ros/humble/share/ament_cmake/cmake)
[1.012s] -- Found Python3: /usr/bin/python3 (found version "3.10.12") found components: Interpreter 
[1.183s] -- Found message_filters: 4.3.8 (/opt/ros/humble/share/message_filters/cmake)
[1.269s] -- Found rosidl_generator_c: 3.1.7 (/opt/ros/humble/share/rosidl_generator_c/cmake)
[1.278s] -- Found rosidl_adapter: 3.1.7 (/opt/ros/humble/share/rosidl_adapter/cmake)
[1.290s] -- Found rosidl_generator_cpp: 3.1.7 (/opt/ros/humble/share/rosidl_generator_cpp/cmake)
[1.306s] -- Using all available rosidl_typesupport_c: rosidl_typesupport_fastrtps_c;rosidl_typesupport_introspection_c
[1.329s] -- Using all available rosidl_typesupport_cpp: rosidl_typesupport_fastrtps_cpp;rosidl_typesupport_introspection_cpp
[1.391s] -- Found rmw_implementation_cmake: 6.1.2 (/opt/ros/humble/share/rmw_implementation_cmake/cmake)
[1.396s] -- Found rmw_fastrtps_cpp: 6.2.8 (/opt/ros/humble/share/rmw_fastrtps_cpp/cmake)
[1.589s] -- Found OpenSSL: /usr/lib/x86_64-linux-gnu/libcrypto.so (found version "3.0.2")  
[1.631s] -- Found FastRTPS: /opt/ros/humble/include  
[1.674s] -- Using RMW implementation 'rmw_fastrtps_cpp' as default
[1.701s] -- Looking for pthread.h
[1.983s] -- Looking for pthread.h - found
[1.987s] -- Performing Test CMAKE_HAVE_LIBC_PTHREAD
[2.256s] -- Performing Test CMAKE_HAVE_LIBC_PTHREAD - Success
[2.259s] -- Found Threads: TRUE  
[2.338s] -- Found rviz_common: 11.2.20 (/opt/ros/humble/share/rviz_common/cmake)
[2.347s] -- Setting assimp_DIR to: '/opt/ros/humble/share/rviz_assimp_vendor/cmake/../../../opt/rviz_assimp_vendor/lib/cmake/assimp-4.1'
[2.366s] -- Setting OGRE_DIR to: '/opt/ros/humble/share/rviz_ogre_vendor/cmake/../../../opt/rviz_ogre_vendor/lib/OGRE/cmake'
[2.367s] -- Found OGRE
[2.367s] --   static     : OFF
[2.367s] --   components : HLMS;MeshLodGenerator;Overlay;Paging;Property;RTShaderSystem;Terrain;Volume
[2.367s] --   plugins    : Plugin_BSPSceneManager;Plugin_OctreeSceneManager;Plugin_PCZSceneManager;Plugin_ParticleFX;RenderSystem_GL;RenderSystem_GL3Plus;Codec_STBI
[2.368s] --   media      : /opt/ros/humble/opt/rviz_ogre_vendor/share/OGRE/Media
[2.368s] -- OGRE_LIBRARIES: OgreHLMS;OgreMeshLodGenerator;OgreOverlay;OgrePaging;OgreProperty;OgreRTShaderSystem;OgreTerrain;OgreVolume;OgreMain
[2.368s] -- OGRE_LIBRARY_DIRS: /opt/ros/humble/opt/rviz_ogre_vendor/lib
[2.368s] -- OGRE_PLUGINS: Plugin_BSPSceneManager;Plugin_OctreeSceneManager;Plugin_PCZSceneManager;Plugin_ParticleFX;RenderSystem_GL;RenderSystem_GL3Plus;Codec_STBI
[2.369s] -- OGRE_PLUGIN_DIR: /opt/ros/humble/opt/rviz_ogre_vendor/lib/OGRE
[2.369s] -- rviz_ogre_vendor::OgreOverlay for IMPORTED_LOCATION_RELEASE: /opt/ros/humble/opt/rviz_ogre_vendor/lib/libOgreOverlay.so
[2.369s] -- rviz_ogre_vendor::OgreOverlay for IMPORTED_LOCATION_DEBUG: /opt/ros/humble/opt/rviz_ogre_vendor/lib/libOgreOverlay.so
[2.369s] -- rviz_ogre_vendor::OgreMain for IMPORTED_LOCATION_RELEASE: /opt/ros/humble/opt/rviz_ogre_vendor/lib/libOgreMain.so
[2.369s] -- rviz_ogre_vendor::OgreMain for IMPORTED_LOCATION_DEBUG: /opt/ros/humble/opt/rviz_ogre_vendor/lib/libOgreMain.so
[2.384s] -- Found ZLIB: /usr/lib/x86_64-linux-gnu/libz.so (found version "1.2.11") 
[2.389s] -- Found OpenGL: /usr/lib/x86_64-linux-gnu/libOpenGL.so   
[2.488s] -- Found X11: /usr/include   
[2.488s] -- Looking for XOpenDisplay in /usr/lib/x86_64-linux-gnu/libX11.so;/usr/lib/x86_64-linux-gnu/libXext.so
[2.715s] -- Looking for XOpenDisplay in /usr/lib/x86_64-linux-gnu/libX11.so;/usr/lib/x86_64-linux-gnu/libXext.so - found
[2.717s] -- Looking for gethostbyname
[2.983s] -- Looking for gethostbyname - found
[2.985s] -- Looking for connect
[3.218s] -- Looking for connect - found
[3.219s] -- Looking for remove
[3.398s] -- Looking for remove - found
[3.400s] -- Looking for shmat
[3.585s] -- Looking for shmat - found
[3.587s] -- Looking for IceConnectionNumber in ICE
[3.756s] -- Looking for IceConnectionNumber in ICE - found
[3.856s] -- library: /usr/lib/x86_64-linux-gnu/libcurl.so
[3.945s] -- Found Eigen3: TRUE (found version "3.4.0") 
[3.947s] -- Ensuring Eigen3 include directory is part of orocos-kdl CMake target
[4.252s] -- Configuring done
[4.423s] -- Generating done
[4.479s] -- Build files have been written to: /home/cc/ee106a/fa25/class/ee106a-abg/REAL-Real-Steel/build/rviz_imu_plugin
[4.487s] Invoked command in '/home/cc/ee106a/fa25/class/ee106a-abg/REAL-Real-Steel/build/rviz_imu_plugin' returned '0': CMAKE_PREFIX_PATH=${CMAKE_PREFIX_PATH}:/home/ff/ee106a/robot_workspaces/ur/install/ur7e_utils:/opt/ros/humble /usr/bin/cmake /home/cc/ee106a/fa25/class/ee106a-abg/REAL-Real-Steel/src/imu_tools/rviz_imu_plugin -DCMAKE_INSTALL_PREFIX=/home/cc/ee106a/fa25/class/ee106a-abg/REAL-Real-Steel/install/rviz_imu_plugin
[4.490s] Invoking command in '/home/cc/ee106a/fa25/class/ee106a-abg/REAL-Real-Steel/build/rviz_imu_plugin': CMAKE_PREFIX_PATH=${CMAKE_PREFIX_PATH}:/home/ff/ee106a/robot_workspaces/ur/install/ur7e_utils:/opt/ros/humble /usr/bin/cmake --build /home/cc/ee106a/fa25/class/ee106a-abg/REAL-Real-Steel/build/rviz_imu_plugin -- -j32 -l32
[4.576s] [ 11%] [34m[1mAutomatic MOC for target rviz_imu_plugin[0m
[4.932s] [ 11%] Built target rviz_imu_plugin_autogen
[4.985s] [ 33%] [32mBuilding CXX object CMakeFiles/rviz_imu_plugin.dir/src/imu_display.cpp.o[0m
[4.988s] [ 66%] [32mBuilding CXX object CMakeFiles/rviz_imu_plugin.dir/rviz_imu_plugin_autogen/mocs_compilation.cpp.o[0m
[4.989s] [ 66%] [32mBuilding CXX object CMakeFiles/rviz_imu_plugin.dir/src/mag_display.cpp.o[0m
[4.990s] [ 88%] [32mBuilding CXX object CMakeFiles/rviz_imu_plugin.dir/src/mag_visual.cpp.o[0m
[4.990s] [ 88%] [32mBuilding CXX object CMakeFiles/rviz_imu_plugin.dir/src/imu_axes_visual.cpp.o[0m
[4.990s] [ 88%] [32mBuilding CXX object CMakeFiles/rviz_imu_plugin.dir/src/imu_orientation_visual.cpp.o[0m
[4.991s] [ 88%] [32mBuilding CXX object CMakeFiles/rviz_imu_plugin.dir/src/imu_acc_visual.cpp.o[0m
[14.732s] [100%] [32m[1mLinking CXX shared library librviz_imu_plugin.so[0m
[16.565s] [100%] Built target rviz_imu_plugin
[16.585s] Invoked command in '/home/cc/ee106a/fa25/class/ee106a-abg/REAL-Real-Steel/build/rviz_imu_plugin' returned '0': CMAKE_PREFIX_PATH=${CMAKE_PREFIX_PATH}:/home/ff/ee106a/robot_workspaces/ur/install/ur7e_utils:/opt/ros/humble /usr/bin/cmake --build /home/cc/ee106a/fa25/class/ee106a-abg/REAL-Real-Steel/build/rviz_imu_plugin -- -j32 -l32
[16.590s] Invoking command in '/home/cc/ee106a/fa25/class/ee106a-abg/REAL-Real-Steel/build/rviz_imu_plugin': CMAKE_PREFIX_PATH=${CMAKE_PREFIX_PATH}:/home/ff/ee106a/robot_workspaces/ur/install/ur7e_utils:/opt/ros/humble /usr/bin/cmake --install /home/cc/ee106a/fa25/class/ee106a-abg/REAL-Real-Steel/build/rviz_imu_plugin
[16.600s] -- Install configuration: ""
[16.604s] -- Installing: /home/cc/ee106a/fa25/class/ee106a-abg/REAL-Real-Steel/install/rviz_imu_plugin/share/rviz_imu_plugin/plugin_description.xml
[16.613s] -- Installing: /home/cc/ee106a/fa25/class/ee106a-abg/REAL-Real-Steel/install/rviz_imu_plugin/share/rviz_imu_plugin/environment/library_path.sh
[16.618s] -- Installing: /home/cc/ee106a/fa25/class/ee106a-abg/REAL-Real-Steel/install/rviz_imu_plugin/share/rviz_imu_plugin/environment/library_path.dsv
[16.626s] -- Installing: /home/cc/ee106a/fa25/class/ee106a-abg/REAL-Real-Steel/install/rviz_imu_plugin/lib/librviz_imu_plugin.so
[16.771s] -- Set runtime path of "/home/cc/ee106a/fa25/class/ee106a-abg/REAL-Real-Steel/install/rviz_imu_plugin/lib/librviz_imu_plugin.so" to ""
[16.777s] -- Installing: /home/cc/ee106a/fa25/class/ee106a-abg/REAL-Real-Steel/install/rviz_imu_plugin/share/ament_index/resource_index/package_run_dependencies/rviz_imu_plugin
[16.787s] -- Installing: /home/cc/ee106a/fa25/class/ee106a-abg/REAL-Real-Steel/install/rviz_imu_plugin/share/ament_index/resource_index/parent_prefix_path/rviz_imu_plugin
[16.793s] -- Installing: /home/cc/ee106a/fa25/class/ee106a-abg/REAL-Real-Steel/install/rviz_imu_plugin/share/rviz_imu_plugin/environment/ament_prefix_path.sh
[16.797s] -- Installing: /home/cc/ee106a/fa25/class/ee106a-abg/REAL-Real-Steel/install/rviz_imu_plugin/share/rviz_imu_plugin/environment/ament_prefix_path.dsv
[16.803s] -- Installing: /home/cc/ee106a/fa25/class/ee106a-abg/REAL-Real-Steel/install/rviz_imu_plugin/share/rviz_imu_plugin/environment/path.sh
[16.808s] -- Installing: /home/cc/ee106a/fa25/class/ee106a-abg/REAL-Real-Steel/install/rviz_imu_plugin/share/rviz_imu_plugin/environment/path.dsv
[16.814s] -- Installing: /home/cc/ee106a/fa25/class/ee106a-abg/REAL-Real-Steel/install/rviz_imu_plugin/share/rviz_imu_plugin/local_setup.bash
[16.820s] -- Installing: /home/cc/ee106a/fa25/class/ee106a-abg/REAL-Real-Steel/install/rviz_imu_plugin/share/rviz_imu_plugin/local_setup.sh
[16.827s] -- Installing: /home/cc/ee106a/fa25/class/ee106a-abg/REAL-Real-Steel/install/rviz_imu_plugin/share/rviz_imu_plugin/local_setup.zsh
[16.833s] -- Installing: /home/cc/ee106a/fa25/class/ee106a-abg/REAL-Real-Steel/install/rviz_imu_plugin/share/rviz_imu_plugin/local_setup.dsv
[16.839s] -- Installing: /home/cc/ee106a/fa25/class/ee106a-abg/REAL-Real-Steel/install/rviz_imu_plugin/share/rviz_imu_plugin/package.dsv
[16.848s] -- Installing: /home/cc/ee106a/fa25/class/ee106a-abg/REAL-Real-Steel/install/rviz_imu_plugin/share/ament_index/resource_index/packages/rviz_imu_plugin
[16.857s] -- Installing: /home/cc/ee106a/fa25/class/ee106a-abg/REAL-Real-Steel/install/rviz_imu_plugin/share/ament_index/resource_index/rviz_common__pluginlib__plugin/rviz_imu_plugin
[16.867s] -- Installing: /home/cc/ee106a/fa25/class/ee106a-abg/REAL-Real-Steel/install/rviz_imu_plugin/share/rviz_imu_plugin/cmake/ament_cmake_export_include_directories-extras.cmake
[16.875s] -- Installing: /home/cc/ee106a/fa25/class/ee106a-abg/REAL-Real-Steel/install/rviz_imu_plugin/share/rviz_imu_plugin/cmake/ament_cmake_export_libraries-extras.cmake
[16.881s] -- Installing: /home/cc/ee106a/fa25/class/ee106a-abg/REAL-Real-Steel/install/rviz_imu_plugin/share/rviz_imu_plugin/cmake/ament_cmake_export_dependencies-extras.cmake
[16.887s] -- Installing: /home/cc/ee106a/fa25/class/ee106a-abg/REAL-Real-Steel/install/rviz_imu_plugin/share/rviz_imu_plugin/cmake/rviz_imu_pluginConfig.cmake
[16.897s] -- Installing: /home/cc/ee106a/fa25/class/ee106a-abg/REAL-Real-Steel/install/rviz_imu_plugin/share/rviz_imu_plugin/cmake/rviz_imu_pluginConfig-version.cmake
[16.911s] -- Installing: /home/cc/ee106a/fa25/class/ee106a-abg/REAL-Real-Steel/install/rviz_imu_plugin/share/rviz_imu_plugin/package.xml
[16.923s] Invoked command in '/home/cc/ee106a/fa25/class/ee106a-abg/REAL-Real-Steel/build/rviz_imu_plugin' returned '0': CMAKE_PREFIX_PATH=${CMAKE_PREFIX_PATH}:/home/ff/ee106a/robot_workspaces/ur/install/ur7e_utils:/opt/ros/humble /usr/bin/cmake --install /home/cc/ee106a/fa25/class/ee106a-abg/REAL-Real-Steel/build/rviz_imu_plugin
