[0.691s] Invoking command in '/home/cc/ee106a/fa25/class/ee106a-abg/REAL-Real-Steel/src/imu_pipeline': PYTHONPATH=/home/cc/ee106a/fa25/class/ee106a-abg/REAL-Real-Steel/src/build/imu_pipeline/prefix_override:/usr/lib/python3/dist-packages/colcon_core/task/python/colcon_distutils_commands:/home/cc/ee106a/fa25/class/ee106a-abg/REAL-Real-Steel/src/install/imu_pipeline/lib/python3.10/site-packages:${PYTHONPATH} /usr/bin/python3 -W ignore:setup.py install is deprecated -W ignore:easy_install command is deprecated setup.py egg_info --egg-base ../build/imu_pipeline build --build-base /home/cc/ee106a/fa25/class/ee106a-abg/REAL-Real-Steel/src/build/imu_pipeline/build install --record /home/cc/ee106a/fa25/class/ee106a-abg/REAL-Real-Steel/src/build/imu_pipeline/install.log --single-version-externally-managed install_data
[0.919s] running egg_info
[0.920s] writing ../build/imu_pipeline/imu_pipeline.egg-info/PKG-INFO
[0.923s] writing dependency_links to ../build/imu_pipeline/imu_pipeline.egg-info/dependency_links.txt
[0.926s] writing entry points to ../build/imu_pipeline/imu_pipeline.egg-info/entry_points.txt
[0.929s] writing requirements to ../build/imu_pipeline/imu_pipeline.egg-info/requires.txt
[0.931s] writing top-level names to ../build/imu_pipeline/imu_pipeline.egg-info/top_level.txt
[0.936s] reading manifest file '../build/imu_pipeline/imu_pipeline.egg-info/SOURCES.txt'
[0.938s] writing manifest file '../build/imu_pipeline/imu_pipeline.egg-info/SOURCES.txt'
[0.940s] running build
[0.940s] running build_py
[0.941s] running install
[0.941s] running install_lib
[0.945s] running install_data
[0.948s] running install_egg_info
[0.949s] removing '/home/cc/ee106a/fa25/class/ee106a-abg/REAL-Real-Steel/src/install/imu_pipeline/lib/python3.10/site-packages/imu_pipeline-0.0.1-py3.10.egg-info' (and everything under it)
[0.954s] Copying ../build/imu_pipeline/imu_pipeline.egg-info to /home/cc/ee106a/fa25/class/ee106a-abg/REAL-Real-Steel/src/install/imu_pipeline/lib/python3.10/site-packages/imu_pipeline-0.0.1-py3.10.egg-info
[0.976s] running install_scripts
[0.996s] Installing ble_imu_bridge script to /home/cc/ee106a/fa25/class/ee106a-abg/REAL-Real-Steel/src/install/imu_pipeline/lib/imu_pipeline
[0.999s] writing list of installed files to '/home/cc/ee106a/fa25/class/ee106a-abg/REAL-Real-Steel/src/build/imu_pipeline/install.log'
[1.016s] Invoked command in '/home/cc/ee106a/fa25/class/ee106a-abg/REAL-Real-Steel/src/imu_pipeline' returned '0': PYTHONPATH=/home/cc/ee106a/fa25/class/ee106a-abg/REAL-Real-Steel/src/build/imu_pipeline/prefix_override:/usr/lib/python3/dist-packages/colcon_core/task/python/colcon_distutils_commands:/home/cc/ee106a/fa25/class/ee106a-abg/REAL-Real-Steel/src/install/imu_pipeline/lib/python3.10/site-packages:${PYTHONPATH} /usr/bin/python3 -W ignore:setup.py install is deprecated -W ignore:easy_install command is deprecated setup.py egg_info --egg-base ../build/imu_pipeline build --build-base /home/cc/ee106a/fa25/class/ee106a-abg/REAL-Real-Steel/src/build/imu_pipeline/build install --record /home/cc/ee106a/fa25/class/ee106a-abg/REAL-Real-Steel/src/build/imu_pipeline/install.log --single-version-externally-managed install_data
