[0.027s] Invoking command in '/home/cc/ee106a/fa25/class/ee106a-abj/REAL-Real-Steel/build/rviz_imu_plugin': CMAKE_PREFIX_PATH=/home/ff/ee106a/robot_workspaces/ur/install/ur7e_utils:/opt/ros/humble /usr/bin/cmake --build /home/cc/ee106a/fa25/class/ee106a-abj/REAL-Real-Steel/build/rviz_imu_plugin -- -j32 -l32
[0.096s] [ 11%] [34m[1mAutomatic MOC for target rviz_imu_plugin[0m
[0.131s] [ 11%] Built target rviz_imu_plugin_autogen
[0.198s] [100%] Built target rviz_imu_plugin
[0.306s] Invoked command in '/home/cc/ee106a/fa25/class/ee106a-abj/REAL-Real-Steel/build/rviz_imu_plugin' returned '0': CMAKE_PREFIX_PATH=/home/ff/ee106a/robot_workspaces/ur/install/ur7e_utils:/opt/ros/humble /usr/bin/cmake --build /home/cc/ee106a/fa25/class/ee106a-abj/REAL-Real-Steel/build/rviz_imu_plugin -- -j32 -l32
[0.309s] Invoking command in '/home/cc/ee106a/fa25/class/ee106a-abj/REAL-Real-Steel/build/rviz_imu_plugin': CMAKE_PREFIX_PATH=/home/ff/ee106a/robot_workspaces/ur/install/ur7e_utils:/opt/ros/humble /usr/bin/cmake --install /home/cc/ee106a/fa25/class/ee106a-abj/REAL-Real-Steel/build/rviz_imu_plugin
[0.315s] -- Install configuration: ""
[0.316s] -- Up-to-date: /home/cc/ee106a/fa25/class/ee106a-abj/REAL-Real-Steel/install/rviz_imu_plugin/share/rviz_imu_plugin/plugin_description.xml
[0.316s] -- Up-to-date: /home/cc/ee106a/fa25/class/ee106a-abj/REAL-Real-Steel/install/rviz_imu_plugin/share/rviz_imu_plugin/environment/library_path.sh
[0.318s] -- Up-to-date: /home/cc/ee106a/fa25/class/ee106a-abj/REAL-Real-Steel/install/rviz_imu_plugin/share/rviz_imu_plugin/environment/library_path.dsv
[0.322s] -- Up-to-date: /home/cc/ee106a/fa25/class/ee106a-abj/REAL-Real-Steel/install/rviz_imu_plugin/lib/librviz_imu_plugin.so
[0.329s] -- Up-to-date: /home/cc/ee106a/fa25/class/ee106a-abj/REAL-Real-Steel/install/rviz_imu_plugin/share/ament_index/resource_index/package_run_dependencies/rviz_imu_plugin
[0.330s] -- Up-to-date: /home/cc/ee106a/fa25/class/ee106a-abj/REAL-Real-Steel/install/rviz_imu_plugin/share/ament_index/resource_index/parent_prefix_path/rviz_imu_plugin
[0.331s] -- Up-to-date: /home/cc/ee106a/fa25/class/ee106a-abj/REAL-Real-Steel/install/rviz_imu_plugin/share/rviz_imu_plugin/environment/ament_prefix_path.sh
[0.332s] -- Up-to-date: /home/cc/ee106a/fa25/class/ee106a-abj/REAL-Real-Steel/install/rviz_imu_plugin/share/rviz_imu_plugin/environment/ament_prefix_path.dsv
[0.333s] -- Up-to-date: /home/cc/ee106a/fa25/class/ee106a-abj/REAL-Real-Steel/install/rviz_imu_plugin/share/rviz_imu_plugin/environment/path.sh
[0.335s] -- Up-to-date: /home/cc/ee106a/fa25/class/ee106a-abj/REAL-Real-Steel/install/rviz_imu_plugin/share/rviz_imu_plugin/environment/path.dsv
[0.336s] -- Up-to-date: /home/cc/ee106a/fa25/class/ee106a-abj/REAL-Real-Steel/install/rviz_imu_plugin/share/rviz_imu_plugin/local_setup.bash
[0.337s] -- Up-to-date: /home/cc/ee106a/fa25/class/ee106a-abj/REAL-Real-Steel/install/rviz_imu_plugin/share/rviz_imu_plugin/local_setup.sh
[0.338s] -- Up-to-date: /home/cc/ee106a/fa25/class/ee106a-abj/REAL-Real-Steel/install/rviz_imu_plugin/share/rviz_imu_plugin/local_setup.zsh
[0.339s] -- Up-to-date: /home/cc/ee106a/fa25/class/ee106a-abj/REAL-Real-Steel/install/rviz_imu_plugin/share/rviz_imu_plugin/local_setup.dsv
[0.340s] -- Installing: /home/cc/ee106a/fa25/class/ee106a-abj/REAL-Real-Steel/install/rviz_imu_plugin/share/rviz_imu_plugin/package.dsv
[0.348s] -- Up-to-date: /home/cc/ee106a/fa25/class/ee106a-abj/REAL-Real-Steel/install/rviz_imu_plugin/share/ament_index/resource_index/packages/rviz_imu_plugin
[0.349s] -- Up-to-date: /home/cc/ee106a/fa25/class/ee106a-abj/REAL-Real-Steel/install/rviz_imu_plugin/share/ament_index/resource_index/rviz_common__pluginlib__plugin/rviz_imu_plugin
[0.350s] -- Up-to-date: /home/cc/ee106a/fa25/class/ee106a-abj/REAL-Real-Steel/install/rviz_imu_plugin/share/rviz_imu_plugin/cmake/ament_cmake_export_include_directories-extras.cmake
[0.351s] -- Up-to-date: /home/cc/ee106a/fa25/class/ee106a-abj/REAL-Real-Steel/install/rviz_imu_plugin/share/rviz_imu_plugin/cmake/ament_cmake_export_libraries-extras.cmake
[0.351s] -- Up-to-date: /home/cc/ee106a/fa25/class/ee106a-abj/REAL-Real-Steel/install/rviz_imu_plugin/share/rviz_imu_plugin/cmake/ament_cmake_export_dependencies-extras.cmake
[0.352s] -- Up-to-date: /home/cc/ee106a/fa25/class/ee106a-abj/REAL-Real-Steel/install/rviz_imu_plugin/share/rviz_imu_plugin/cmake/rviz_imu_pluginConfig.cmake
[0.353s] -- Up-to-date: /home/cc/ee106a/fa25/class/ee106a-abj/REAL-Real-Steel/install/rviz_imu_plugin/share/rviz_imu_plugin/cmake/rviz_imu_pluginConfig-version.cmake
[0.354s] -- Up-to-date: /home/cc/ee106a/fa25/class/ee106a-abj/REAL-Real-Steel/install/rviz_imu_plugin/share/rviz_imu_plugin/package.xml
[0.356s] Invoked command in '/home/cc/ee106a/fa25/class/ee106a-abj/REAL-Real-Steel/build/rviz_imu_plugin' returned '0': CMAKE_PREFIX_PATH=/home/ff/ee106a/robot_workspaces/ur/install/ur7e_utils:/opt/ros/humble /usr/bin/cmake --install /home/cc/ee106a/fa25/class/ee106a-abj/REAL-Real-Steel/build/rviz_imu_plugin
