[0.338s] Invoking command in '/home/cc/ee106a/fa25/class/ee106a-abh/REAL-Real-Steel/build/usb_cam': CMAKE_PREFIX_PATH=${CMAKE_PREFIX_PATH}:/opt/ros/turtlebot3_ws/install/turtlebot3_teleop:/opt/ros/turtlebot3_ws/install/turtlebot3_example:/opt/ros/humble VIRTUAL_ENV_PROMPT=(turtlebot) /usr/bin/cmake /home/cc/ee106a/fa25/class/ee106a-abh/REAL-Real-Steel/src/usb_cam -DCMAKE_INSTALL_PREFIX=/home/cc/ee106a/fa25/class/ee106a-abh/REAL-Real-Steel/install/usb_cam
[0.443s] -- The C compiler identification is GNU 11.4.0
[0.518s] -- The CXX compiler identification is GNU 11.4.0
[0.533s] -- Detecting C compiler ABI info
[0.722s] -- Detecting C compiler ABI info - done
[0.732s] -- Check for working C compiler: /usr/bin/cc - skipped
[0.732s] -- Detecting C compile features
[0.733s] -- Detecting C compile features - done
[0.742s] -- Detecting CXX compiler ABI info
[0.917s] -- Detecting CXX compiler ABI info - done
[0.930s] -- Check for working CXX compiler: /usr/bin/c++ - skipped
[0.930s] -- Detecting CXX compile features
[0.931s] -- Detecting CXX compile features - done
[0.941s] -- Found ament_cmake_auto: 1.3.12 (/opt/ros/humble/share/ament_cmake_auto/cmake)
[1.177s] -- Found Python3: /home/ff/ee106a/venvs/turtlebot/bin/python3 (found version "3.10.12") found components: Interpreter 
[1.477s] -- Found rosidl_generator_c: 3.1.7 (/opt/ros/humble/share/rosidl_generator_c/cmake)
[1.482s] -- Found rosidl_adapter: 3.1.7 (/opt/ros/humble/share/rosidl_adapter/cmake)
[1.490s] -- Found rosidl_generator_cpp: 3.1.7 (/opt/ros/humble/share/rosidl_generator_cpp/cmake)
[1.501s] -- Using all available rosidl_typesupport_c: rosidl_typesupport_fastrtps_c;rosidl_typesupport_introspection_c
[1.515s] -- Using all available rosidl_typesupport_cpp: rosidl_typesupport_fastrtps_cpp;rosidl_typesupport_introspection_cpp
[1.554s] -- Found rmw_implementation_cmake: 6.1.2 (/opt/ros/humble/share/rmw_implementation_cmake/cmake)
[1.557s] -- Found rmw_fastrtps_cpp: 6.2.8 (/opt/ros/humble/share/rmw_fastrtps_cpp/cmake)
[1.689s] -- Found OpenSSL: /usr/lib/x86_64-linux-gnu/libcrypto.so (found version "3.0.2")  
[1.734s] -- Found FastRTPS: /opt/ros/humble/include  
[1.799s] -- Using RMW implementation 'rmw_fastrtps_cpp' as default
[1.829s] -- Looking for pthread.h
[2.055s] -- Looking for pthread.h - found
[2.059s] -- Performing Test CMAKE_HAVE_LIBC_PTHREAD
[2.283s] -- Performing Test CMAKE_HAVE_LIBC_PTHREAD - Success
[2.286s] -- Found Threads: TRUE  
[2.543s] -- Found OpenCV: /usr (found version "4.5.4") 
[2.548s] -- Found PkgConfig: /usr/bin/pkg-config (found version "0.29.2") 
[2.549s] -- Checking for module 'libavcodec'
[2.571s] --   Found libavcodec, version 58.134.100
[2.641s] -- Checking for module 'libavutil'
[2.668s] --   Found libavutil, version 56.70.100
[2.732s] -- Checking for module 'libswscale'
[2.759s] --   Found libswscale, version 5.9.100
[2.858s] -- Found ament_lint_auto: 0.12.14 (/opt/ros/humble/share/ament_lint_auto/cmake)
[2.893s] -- Found gtest sources under '/opt/ros/humble/src/gtest_vendor': C++ tests using 'Google Test' will be built
[2.905s] [0mIn this package, headers install destination is set to `include` by ament_auto_package. It is recommended to install `include/usb_cam` instead and will be the default behavior of ament_auto_package from ROS 2 Kilted Kaiju. On distributions before Kilted, ament_auto_package behaves the same way when you use USE_SCOPED_HEADER_INSTALL_DIR option.[0m
[2.956s] -- Added test 'copyright' to check source files copyright and LICENSE
[3.050s] -- Added test 'cppcheck' to perform static code analysis on C / C++ code
[3.051s] -- Configured cppcheck include dirs: /home/cc/ee106a/fa25/class/ee106a-abh/REAL-Real-Steel/src/usb_cam/include
[3.051s] -- Configured cppcheck exclude dirs and/or files: 
[3.127s] -- Added test 'cpplint' to check C / C++ code against the Google style
[3.129s] -- Configured cpplint exclude dirs and/or files: 
[3.141s] -- Added test 'flake8' to check Python code syntax and style conventions
[3.165s] -- Added test 'lint_cmake' to check CMake code style
[3.178s] -- Added test 'pep257' to check Python code against some of the docstring style conventions in PEP 257
[3.253s] -- Added test 'uncrustify' to check C / C++ code style
[3.254s] -- Configured uncrustify additional arguments: 
[3.266s] -- Added test 'xmllint' to check XML markup files
[3.330s] -- Configuring done
[3.719s] -- Generating done
[3.825s] -- Build files have been written to: /home/cc/ee106a/fa25/class/ee106a-abh/REAL-Real-Steel/build/usb_cam
[3.839s] Invoked command in '/home/cc/ee106a/fa25/class/ee106a-abh/REAL-Real-Steel/build/usb_cam' returned '0': CMAKE_PREFIX_PATH=${CMAKE_PREFIX_PATH}:/opt/ros/turtlebot3_ws/install/turtlebot3_teleop:/opt/ros/turtlebot3_ws/install/turtlebot3_example:/opt/ros/humble VIRTUAL_ENV_PROMPT=(turtlebot) /usr/bin/cmake /home/cc/ee106a/fa25/class/ee106a-abh/REAL-Real-Steel/src/usb_cam -DCMAKE_INSTALL_PREFIX=/home/cc/ee106a/fa25/class/ee106a-abh/REAL-Real-Steel/install/usb_cam
[3.845s] Invoking command in '/home/cc/ee106a/fa25/class/ee106a-abh/REAL-Real-Steel/build/usb_cam': CMAKE_PREFIX_PATH=${CMAKE_PREFIX_PATH}:/opt/ros/turtlebot3_ws/install/turtlebot3_teleop:/opt/ros/turtlebot3_ws/install/turtlebot3_example:/opt/ros/humble VIRTUAL_ENV_PROMPT=(turtlebot) /usr/bin/cmake --build /home/cc/ee106a/fa25/class/ee106a-abh/REAL-Real-Steel/build/usb_cam -- -j32 -l32
[4.025s] [ 28%] [32mBuilding CXX object CMakeFiles/usb_cam.dir/src/usb_cam.cpp.o[0m
[4.026s] [ 28%] [32mBuilding CXX object CMakeFiles/usb_cam_node_exe.dir/rclcpp_components/node_main_usb_cam_node_exe.cpp.o[0m
[4.027s] [ 28%] [32mBuilding CXX object gtest/CMakeFiles/gtest.dir/src/gtest-all.cc.o[0m
[4.027s] [ 28%] [32mBuilding CXX object gtest/CMakeFiles/gtest_main.dir/src/gtest_main.cc.o[0m
[4.560s] [ 35%] [32m[1mLinking CXX static library libgtest_main.a[0m
[4.614s] [ 35%] Built target gtest_main
[5.205s] [ 42%] [32m[1mLinking CXX shared library libusb_cam.so[0m
[5.381s] [ 42%] Built target usb_cam
[5.418s] [ 50%] [32mBuilding CXX object CMakeFiles/usb_cam_node.dir/src/usb_cam_node.cpp.o[0m
[5.839s] [ 57%] [32m[1mLinking CXX executable usb_cam_node_exe[0m
[5.949s] [ 64%] [32m[1mLinking CXX static library libgtest.a[0m
[6.047s] [ 64%] Built target usb_cam_node_exe
[6.116s] [ 64%] Built target gtest
[6.164s] [ 78%] [32mBuilding CXX object CMakeFiles/test_pixel_formats.dir/test/test_pixel_formats.cpp.o[0m
[6.165s] [ 78%] [32mBuilding CXX object CMakeFiles/test_usb_cam_utils.dir/test/test_usb_cam_utils.cpp.o[0m
[6.935s] [ 85%] [32m[1mLinking CXX executable test_usb_cam_utils[0m
[7.121s] [ 92%] [32m[1mLinking CXX executable test_pixel_formats[0m
[7.139s] [ 92%] Built target test_usb_cam_utils
[7.362s] [ 92%] Built target test_pixel_formats
[9.923s] [100%] [32m[1mLinking CXX shared library libusb_cam_node.so[0m
[10.451s] [100%] Built target usb_cam_node
[10.483s] Invoked command in '/home/cc/ee106a/fa25/class/ee106a-abh/REAL-Real-Steel/build/usb_cam' returned '0': CMAKE_PREFIX_PATH=${CMAKE_PREFIX_PATH}:/opt/ros/turtlebot3_ws/install/turtlebot3_teleop:/opt/ros/turtlebot3_ws/install/turtlebot3_example:/opt/ros/humble VIRTUAL_ENV_PROMPT=(turtlebot) /usr/bin/cmake --build /home/cc/ee106a/fa25/class/ee106a-abh/REAL-Real-Steel/build/usb_cam -- -j32 -l32
[10.506s] Invoking command in '/home/cc/ee106a/fa25/class/ee106a-abh/REAL-Real-Steel/build/usb_cam': CMAKE_PREFIX_PATH=${CMAKE_PREFIX_PATH}:/opt/ros/turtlebot3_ws/install/turtlebot3_teleop:/opt/ros/turtlebot3_ws/install/turtlebot3_example:/opt/ros/humble VIRTUAL_ENV_PROMPT=(turtlebot) /usr/bin/cmake --install /home/cc/ee106a/fa25/class/ee106a-abh/REAL-Real-Steel/build/usb_cam
[10.523s] -- Install configuration: ""
[10.529s] -- Installing: /home/cc/ee106a/fa25/class/ee106a-abh/REAL-Real-Steel/install/usb_cam/share/usb_cam/environment/library_path.sh
[10.534s] -- Installing: /home/cc/ee106a/fa25/class/ee106a-abh/REAL-Real-Steel/install/usb_cam/share/usb_cam/environment/library_path.dsv
[10.544s] -- Installing: /home/cc/ee106a/fa25/class/ee106a-abh/REAL-Real-Steel/install/usb_cam/lib/usb_cam/usb_cam_node_exe
[10.569s] -- Set runtime path of "/home/cc/ee106a/fa25/class/ee106a-abh/REAL-Real-Steel/install/usb_cam/lib/usb_cam/usb_cam_node_exe" to ""
[10.571s] -- Installing: /home/cc/ee106a/fa25/class/ee106a-abh/REAL-Real-Steel/install/usb_cam/lib/usb_cam/show_image.py
[10.578s] -- Installing: /home/cc/ee106a/fa25/class/ee106a-abh/REAL-Real-Steel/install/usb_cam/lib/libusb_cam.so
[10.607s] -- Installing: /home/cc/ee106a/fa25/class/ee106a-abh/REAL-Real-Steel/install/usb_cam/lib/libusb_cam_node.so
[10.665s] -- Set runtime path of "/home/cc/ee106a/fa25/class/ee106a-abh/REAL-Real-Steel/install/usb_cam/lib/libusb_cam_node.so" to ""
[10.666s] -- Installing: /home/cc/ee106a/fa25/class/ee106a-abh/REAL-Real-Steel/install/usb_cam/include
[10.670s] -- Installing: /home/cc/ee106a/fa25/class/ee106a-abh/REAL-Real-Steel/install/usb_cam/include/usb_cam
[10.675s] -- Installing: /home/cc/ee106a/fa25/class/ee106a-abh/REAL-Real-Steel/install/usb_cam/include/usb_cam/constants.hpp
[10.681s] -- Installing: /home/cc/ee106a/fa25/class/ee106a-abh/REAL-Real-Steel/install/usb_cam/include/usb_cam/conversions.hpp
[10.687s] -- Installing: /home/cc/ee106a/fa25/class/ee106a-abh/REAL-Real-Steel/install/usb_cam/include/usb_cam/formats
[10.692s] -- Installing: /home/cc/ee106a/fa25/class/ee106a-abh/REAL-Real-Steel/install/usb_cam/include/usb_cam/formats/av_pixel_format_helper.hpp
[10.699s] -- Installing: /home/cc/ee106a/fa25/class/ee106a-abh/REAL-Real-Steel/install/usb_cam/include/usb_cam/formats/m420.hpp
[10.705s] -- Installing: /home/cc/ee106a/fa25/class/ee106a-abh/REAL-Real-Steel/install/usb_cam/include/usb_cam/formats/mjpeg.hpp
[10.712s] -- Installing: /home/cc/ee106a/fa25/class/ee106a-abh/REAL-Real-Steel/install/usb_cam/include/usb_cam/formats/mono.hpp
[10.718s] -- Installing: /home/cc/ee106a/fa25/class/ee106a-abh/REAL-Real-Steel/install/usb_cam/include/usb_cam/formats/pixel_format_base.hpp
[10.725s] -- Installing: /home/cc/ee106a/fa25/class/ee106a-abh/REAL-Real-Steel/install/usb_cam/include/usb_cam/formats/rgb.hpp
[10.731s] -- Installing: /home/cc/ee106a/fa25/class/ee106a-abh/REAL-Real-Steel/install/usb_cam/include/usb_cam/formats/utils.hpp
[10.737s] -- Installing: /home/cc/ee106a/fa25/class/ee106a-abh/REAL-Real-Steel/install/usb_cam/include/usb_cam/formats/uyvy.hpp
[10.744s] -- Installing: /home/cc/ee106a/fa25/class/ee106a-abh/REAL-Real-Steel/install/usb_cam/include/usb_cam/formats/yuyv.hpp
[10.750s] -- Installing: /home/cc/ee106a/fa25/class/ee106a-abh/REAL-Real-Steel/install/usb_cam/include/usb_cam/usb_cam.hpp
[10.757s] -- Installing: /home/cc/ee106a/fa25/class/ee106a-abh/REAL-Real-Steel/install/usb_cam/include/usb_cam/usb_cam_node.hpp
[10.763s] -- Installing: /home/cc/ee106a/fa25/class/ee106a-abh/REAL-Real-Steel/install/usb_cam/include/usb_cam/utils.hpp
[10.772s] -- Up-to-date: /home/cc/ee106a/fa25/class/ee106a-abh/REAL-Real-Steel/install/usb_cam/lib/libusb_cam_node.so
[10.776s] -- Installing: /home/cc/ee106a/fa25/class/ee106a-abh/REAL-Real-Steel/install/usb_cam/share/usb_cam/launch
[10.781s] -- Installing: /home/cc/ee106a/fa25/class/ee106a-abh/REAL-Real-Steel/install/usb_cam/share/usb_cam/launch/__init__.py
[10.787s] -- Installing: /home/cc/ee106a/fa25/class/ee106a-abh/REAL-Real-Steel/install/usb_cam/share/usb_cam/launch/camera.launch.py
[10.794s] -- Installing: /home/cc/ee106a/fa25/class/ee106a-abh/REAL-Real-Steel/install/usb_cam/share/usb_cam/launch/camera_config.py
[10.800s] -- Installing: /home/cc/ee106a/fa25/class/ee106a-abh/REAL-Real-Steel/install/usb_cam/share/usb_cam/config
[10.805s] -- Installing: /home/cc/ee106a/fa25/class/ee106a-abh/REAL-Real-Steel/install/usb_cam/share/usb_cam/config/camera_info.yaml
[10.811s] -- Installing: /home/cc/ee106a/fa25/class/ee106a-abh/REAL-Real-Steel/install/usb_cam/share/usb_cam/config/params_1.yaml
[10.817s] -- Installing: /home/cc/ee106a/fa25/class/ee106a-abh/REAL-Real-Steel/install/usb_cam/share/usb_cam/config/params_2.yaml
[10.828s] -- Installing: /home/cc/ee106a/fa25/class/ee106a-abh/REAL-Real-Steel/install/usb_cam/share/ament_index/resource_index/package_run_dependencies/usb_cam
[10.838s] -- Installing: /home/cc/ee106a/fa25/class/ee106a-abh/REAL-Real-Steel/install/usb_cam/share/ament_index/resource_index/parent_prefix_path/usb_cam
[10.846s] -- Installing: /home/cc/ee106a/fa25/class/ee106a-abh/REAL-Real-Steel/install/usb_cam/share/usb_cam/environment/ament_prefix_path.sh
[10.851s] -- Installing: /home/cc/ee106a/fa25/class/ee106a-abh/REAL-Real-Steel/install/usb_cam/share/usb_cam/environment/ament_prefix_path.dsv
[10.857s] -- Installing: /home/cc/ee106a/fa25/class/ee106a-abh/REAL-Real-Steel/install/usb_cam/share/usb_cam/environment/path.sh
[10.862s] -- Installing: /home/cc/ee106a/fa25/class/ee106a-abh/REAL-Real-Steel/install/usb_cam/share/usb_cam/environment/path.dsv
[10.869s] -- Installing: /home/cc/ee106a/fa25/class/ee106a-abh/REAL-Real-Steel/install/usb_cam/share/usb_cam/local_setup.bash
[10.876s] -- Installing: /home/cc/ee106a/fa25/class/ee106a-abh/REAL-Real-Steel/install/usb_cam/share/usb_cam/local_setup.sh
[10.883s] -- Installing: /home/cc/ee106a/fa25/class/ee106a-abh/REAL-Real-Steel/install/usb_cam/share/usb_cam/local_setup.zsh
[10.889s] -- Installing: /home/cc/ee106a/fa25/class/ee106a-abh/REAL-Real-Steel/install/usb_cam/share/usb_cam/local_setup.dsv
[10.896s] -- Installing: /home/cc/ee106a/fa25/class/ee106a-abh/REAL-Real-Steel/install/usb_cam/share/usb_cam/package.dsv
[10.905s] -- Installing: /home/cc/ee106a/fa25/class/ee106a-abh/REAL-Real-Steel/install/usb_cam/share/ament_index/resource_index/packages/usb_cam
[10.915s] -- Installing: /home/cc/ee106a/fa25/class/ee106a-abh/REAL-Real-Steel/install/usb_cam/share/ament_index/resource_index/rclcpp_components/usb_cam
[10.925s] -- Installing: /home/cc/ee106a/fa25/class/ee106a-abh/REAL-Real-Steel/install/usb_cam/share/usb_cam/cmake/ament_cmake_export_libraries-extras.cmake
[10.931s] -- Installing: /home/cc/ee106a/fa25/class/ee106a-abh/REAL-Real-Steel/install/usb_cam/share/usb_cam/cmake/ament_cmake_export_dependencies-extras.cmake
[10.937s] -- Installing: /home/cc/ee106a/fa25/class/ee106a-abh/REAL-Real-Steel/install/usb_cam/share/usb_cam/cmake/ament_cmake_export_include_directories-extras.cmake
[10.944s] -- Installing: /home/cc/ee106a/fa25/class/ee106a-abh/REAL-Real-Steel/install/usb_cam/share/usb_cam/cmake/usb_camConfig.cmake
[10.951s] -- Installing: /home/cc/ee106a/fa25/class/ee106a-abh/REAL-Real-Steel/install/usb_cam/share/usb_cam/cmake/usb_camConfig-version.cmake
[10.957s] -- Installing: /home/cc/ee106a/fa25/class/ee106a-abh/REAL-Real-Steel/install/usb_cam/share/usb_cam/package.xml
[10.969s] Invoked command in '/home/cc/ee106a/fa25/class/ee106a-abh/REAL-Real-Steel/build/usb_cam' returned '0': CMAKE_PREFIX_PATH=${CMAKE_PREFIX_PATH}:/opt/ros/turtlebot3_ws/install/turtlebot3_teleop:/opt/ros/turtlebot3_ws/install/turtlebot3_example:/opt/ros/humble VIRTUAL_ENV_PROMPT=(turtlebot) /usr/bin/cmake --install /home/cc/ee106a/fa25/class/ee106a-abh/REAL-Real-Steel/build/usb_cam
