[0.000000] (-) TimerEvent: {}
[0.000294] (my-test-package) JobQueued: {'identifier': 'my-test-package', 'dependencies': OrderedDict()}
[0.000375] (usb_cam) JobQueued: {'identifier': 'usb_cam', 'dependencies': OrderedDict()}
[0.000419] (my-test-package) JobStarted: {'identifier': 'my-test-package'}
[0.080859] (usb_cam) JobStarted: {'identifier': 'usb_cam'}
[0.096472] (-) TimerEvent: {}
[0.196891] (-) TimerEvent: {}
[0.297286] (-) TimerEvent: {}
[0.397470] (-) TimerEvent: {}
[0.407244] (usb_cam) JobProgress: {'identifier': 'usb_cam', 'progress': 'cmake'}
[0.415483] (usb_cam) Command: {'cmd': ['/usr/bin/cmake', '/home/cc/ee106a/fa25/class/ee106a-abh/REAL-Real-Steel/src/usb_cam', '-DCMAKE_INSTALL_PREFIX=/home/cc/ee106a/fa25/class/ee106a-abh/REAL-Real-Steel/install/usb_cam'], 'cwd': '/home/cc/ee106a/fa25/class/ee106a-abh/REAL-Real-Steel/build/usb_cam', 'env': OrderedDict([('ARCH', 'x86_64'), ('QT_SCALE_FACTOR', '1'), ('USER', 'ee106a-abh'), ('HOSTNAME', 'ros2'), ('XDG_SESSION_TYPE', 'x11'), ('MASTERDIR', '/home/ff/ee106a'), ('COMPIZ_CONFIG_PROFILE', 'mate'), ('XDG_CACHE_HOME', '/home/cc/ee106a/fa25/class/ee106a-abh/.cache'), ('SHLVL', '2'), ('LD_LIBRARY_PATH', '/opt/ros/turtlebot3_ws/install/turtlebot3_msgs/lib:/opt/ros/turtlebot3_ws/install/dynamixel_sdk_custom_interfaces/lib:/opt/ros/turtlebot3_ws/install/dynamixel_sdk/lib:/usr/lib/x86_64-linux-gnu/gazebo-11/plugins:/opt/ros/humble/opt/rviz_ogre_vendor/lib:/opt/ros/humble/lib/x86_64-linux-gnu:/opt/ros/humble/lib'), ('HOME', '/home/cc/ee106a/fa25/class/ee106a-abh'), ('OLDPWD', '/home/cc/ee106a/fa25/class/ee106a-abh/REAL-Real-Steel/src'), ('DESKTOP_SESSION', 'mate'), ('ROS_PYTHON_VERSION', '3'), ('GTK_MODULES', 'gail:atk-bridge:appmenu-gtk-module:gail:atk-bridge:canberra-gtk-module'), ('DISTROBOX_ENTER_PATH', '/usr/local/bin/distrobox-enter'), ('SYSTEMD_EXEC_PID', '735968'), ('NNTPSERVER', 'news.csua.berkeley.edu'), ('VISUAL', 'emacs'), ('XDG_STATE_HOME', '/home/cc/ee106a/fa25/class/ee106a-abh/.local/state'), ('DBUS_SESSION_BUS_ADDRESS', 'unix:path=/run/user/90033/bus'), ('COLORTERM', 'truecolor'), ('container', 'podman'), ('UBUNTU_MENUPROXY', '1'), ('QT_QPA_PLATFORMTHEME', 'gtk2'), ('COLCON_PREFIX_PATH', '/opt/ros/turtlebot3_ws/install'), ('ROS_DISTRO', 'humble'), ('GTK_IM_MODULE', 'ibus'), ('LOGNAME', 'ee106a-abh'), ('MASTER', 'ee106a'), ('WINDOWID', '71316079'), ('ROS_VERSION', '2'), ('XDG_SESSION_CLASS', 'user'), ('TERMINFO_DIRS', '/usr/share/terminfo:/run/host/usr/share/terminfo'), ('USERNAME', 'ee106a-abh'), ('TERM', 'xterm-256color'), ('GTK_OVERLAY_SCROLLING', '0'), ('XDG_SESSION_ID', '9017'), ('ROS_LOCALHOST_ONLY', '0'), ('WINDOWPATH', '2'), ('PATH', '/home/ff/ee106a/venvs/turtlebot/bin:/opt/ros/humble/bin:/share/b/grading/bin:/home/ff/ee106a/bin:/home/ff/ee106a/bin/arch/x86_64:/share/b/grading/bin:/home/ff/ee106a/bin:/home/ff/ee106a/bin/arch/x86_64:/usr/local/sbin:/usr/local/bin:/usr/sbin:/usr/bin:/sbin:/bin:/usr/games:/usr/local/games:/snap/bin:/snap/bin:/share/b/grading/bin:/share/b/grading/sbin:/share/b/runas/x86_64:/share/b/bin:/home/ff/ee106a/venvs/all:/usr/local/sbin:/usr/local/bin:/usr/sbin:/usr/bin:/sbin:/bin:/share/b/grading/bin:/share/b/grading/sbin:/share/b/runas/x86_64:/share/b/bin:/home/ff/ee106a/venvs/all'), ('SESSION_MANAGER', 'local/c105-5:@/tmp/.ICE-unix/736057,unix/c105-5:/tmp/.ICE-unix/736057'), ('OS', 'Linux'), ('XDG_RUNTIME_DIR', '/run/user/90033'), ('DISPLAY', ':1'), ('LANG', 'en_US.UTF-8'), ('XDG_CURRENT_DESKTOP', 'MATE'), ('VIRTUAL_ENV_PROMPT', '(turtlebot)'), ('XDG_DATA_HOME', '/home/cc/ee106a/fa25/class/ee106a-abh/.local/share'), ('XDG_CONFIG_HOME', '/home/cc/ee106a/fa25/class/ee106a-abh/.config'), ('XMODIFIERS', '@im=ibus'), ('XDG_SESSION_DESKTOP', 'mate'), ('XAUTHORITY', '/run/user/90033/gdm/Xauthority'), ('SSH_AUTH_SOCK', '/run/user/90033/keyring/ssh'), ('ROS_DOMAIN_ID', '25'), ('AMENT_PREFIX_PATH', '/opt/ros/turtlebot3_ws/install/turtlebot3:/opt/ros/turtlebot3_ws/install/turtlebot3_teleop:/opt/ros/turtlebot3_ws/install/turtlebot3_bringup:/opt/ros/turtlebot3_ws/install/turtlebot3_node:/opt/ros/turtlebot3_ws/install/turtlebot3_navigation2:/opt/ros/turtlebot3_ws/install/turtlebot3_example:/opt/ros/turtlebot3_ws/install/turtlebot3_msgs:/opt/ros/turtlebot3_ws/install/turtlebot3_description:/opt/ros/turtlebot3_ws/install/turtlebot3_cartographer:/opt/ros/turtlebot3_ws/install/dynamixel_sdk_examples:/opt/ros/turtlebot3_ws/install/dynamixel_sdk_custom_interfaces:/opt/ros/turtlebot3_ws/install/dynamixel_sdk:/opt/ros/humble'), ('SHELL', '/usr/bin/bash'), ('QT_ACCESSIBILITY', '1'), ('GDMSESSION', 'mate'), ('RUNAS', '/share/b/runas/x86_64'), ('GPG_AGENT_INFO', '/run/user/90033/gnupg/S.gpg-agent:0:1'), ('CONFIG_SHELL', '/usr/bin/ksh'), ('VIRTUAL_ENV', '/home/ff/ee106a/venvs/turtlebot'), ('QT_IM_MODULE', 'ibus'), ('PWD', '/home/cc/ee106a/fa25/class/ee106a-abh/REAL-Real-Steel/build/usb_cam'), ('EE106_ENV_SETUP', 'turtlebot_ros2'), ('CONTAINER_ID', 'ros2'), ('TURTLEBOT3_MODEL', 'burger'), ('LC_ALL', 'C.UTF-8'), ('XDG_CONFIG_DIRS', '/etc/xdg/xdg-mate:/etc/xdg'), ('CLUTTER_IM_MODULE', 'ibus'), ('XDG_DATA_DIRS', '/usr/share/mate:/usr/share/mate:/usr/share/gnome:/home/cc/ee106a/fa25/class/ee106a-abh/.local/share/flatpak/exports/share:/var/lib/flatpak/exports/share:/usr/local/share/:/usr/share/:/var/lib/snapd/desktop:/usr/local/share:/usr/share'), ('PYTHONPATH', '/opt/ros/turtlebot3_ws/build/turtlebot3_teleop:/opt/ros/turtlebot3_ws/install/turtlebot3_teleop/lib/python3.10/site-packages:/opt/ros/turtlebot3_ws/build/turtlebot3_example:/opt/ros/turtlebot3_ws/install/turtlebot3_example/lib/python3.10/site-packages:/opt/ros/turtlebot3_ws/install/turtlebot3_msgs/local/lib/python3.10/dist-packages:/opt/ros/turtlebot3_ws/install/dynamixel_sdk_custom_interfaces/local/lib/python3.10/dist-packages:/opt/ros/turtlebot3_ws/install/dynamixel_sdk/local/lib/python3.10/dist-packages:/opt/ros/humble/lib/python3.10/site-packages:/opt/ros/humble/local/lib/python3.10/dist-packages'), ('MATE_DESKTOP_SESSION_ID', 'this-is-deprecated'), ('COLCON', '1'), ('MANPATH', '/usr/local/man:/usr/man:/usr/X11/man:/usr/local/man:/share/b/grading/man:/usr/local/man:/usr/man:/usr/X11/man:/usr/local/man:/share/b/grading/man:'), ('VTE_VERSION', '6800'), ('EDITOR', 'emacs'), ('CMAKE_PREFIX_PATH', '/opt/ros/turtlebot3_ws/install/turtlebot3:/opt/ros/turtlebot3_ws/install/turtlebot3_bringup:/opt/ros/turtlebot3_ws/install/turtlebot3_node:/opt/ros/turtlebot3_ws/install/turtlebot3_navigation2:/opt/ros/turtlebot3_ws/install/turtlebot3_msgs:/opt/ros/turtlebot3_ws/install/turtlebot3_description:/opt/ros/turtlebot3_ws/install/turtlebot3_cartographer:/opt/ros/turtlebot3_ws/install/dynamixel_sdk_examples:/opt/ros/turtlebot3_ws/install/dynamixel_sdk_custom_interfaces:/opt/ros/turtlebot3_ws/install/dynamixel_sdk:/opt/ros/turtlebot3_ws/install/turtlebot3_teleop:/opt/ros/turtlebot3_ws/install/turtlebot3_example:/opt/ros/humble'), ('QT_FONT_DPI', '122')]), 'shell': False}
[0.497582] (-) TimerEvent: {}
[0.523774] (usb_cam) StdoutLine: {'line': b'-- The C compiler identification is GNU 11.4.0\n'}
[0.597661] (-) TimerEvent: {}
[0.598762] (usb_cam) StdoutLine: {'line': b'-- The CXX compiler identification is GNU 11.4.0\n'}
[0.614067] (usb_cam) StdoutLine: {'line': b'-- Detecting C compiler ABI info\n'}
[0.697768] (-) TimerEvent: {}
[0.797935] (-) TimerEvent: {}
[0.802755] (usb_cam) StdoutLine: {'line': b'-- Detecting C compiler ABI info - done\n'}
[0.812947] (usb_cam) StdoutLine: {'line': b'-- Check for working C compiler: /usr/bin/cc - skipped\n'}
[0.813153] (usb_cam) StdoutLine: {'line': b'-- Detecting C compile features\n'}
[0.813564] (usb_cam) StdoutLine: {'line': b'-- Detecting C compile features - done\n'}
[0.823549] (usb_cam) StdoutLine: {'line': b'-- Detecting CXX compiler ABI info\n'}
[0.834304] (my-test-package) Command: {'cmd': ['/home/ff/ee106a/venvs/turtlebot/bin/python3', '-W', 'ignore:setup.py install is deprecated', '-W', 'ignore:easy_install command is deprecated', 'setup.py', 'egg_info', '--egg-base', '../../../../../../../../../build/my-test-package', 'build', '--build-base', '/home/cc/ee106a/fa25/class/ee106a-abh/REAL-Real-Steel/build/my-test-package/build', 'install', '--record', '/home/cc/ee106a/fa25/class/ee106a-abh/REAL-Real-Steel/build/my-test-package/install.log', '--single-version-externally-managed'], 'cwd': '/home/cc/ee106a/fa25/class/ee106a-abh/REAL-Real-Steel/venvs/turtlebot/lib/python3.10/site-packages/pkg_resources/tests/data/my-test-package-source', 'env': {'ARCH': 'x86_64', 'QT_SCALE_FACTOR': '1', 'USER': 'ee106a-abh', 'HOSTNAME': 'ros2', 'XDG_SESSION_TYPE': 'x11', 'MASTERDIR': '/home/ff/ee106a', 'COMPIZ_CONFIG_PROFILE': 'mate', 'XDG_CACHE_HOME': '/home/cc/ee106a/fa25/class/ee106a-abh/.cache', 'SHLVL': '2', 'LD_LIBRARY_PATH': '/opt/ros/turtlebot3_ws/install/turtlebot3_msgs/lib:/opt/ros/turtlebot3_ws/install/dynamixel_sdk_custom_interfaces/lib:/opt/ros/turtlebot3_ws/install/dynamixel_sdk/lib:/usr/lib/x86_64-linux-gnu/gazebo-11/plugins:/opt/ros/humble/opt/rviz_ogre_vendor/lib:/opt/ros/humble/lib/x86_64-linux-gnu:/opt/ros/humble/lib', 'HOME': '/home/cc/ee106a/fa25/class/ee106a-abh', 'OLDPWD': '/home/cc/ee106a/fa25/class/ee106a-abh/REAL-Real-Steel/src', 'DESKTOP_SESSION': 'mate', 'ROS_PYTHON_VERSION': '3', 'GTK_MODULES': 'gail:atk-bridge:appmenu-gtk-module:gail:atk-bridge:canberra-gtk-module', 'DISTROBOX_ENTER_PATH': '/usr/local/bin/distrobox-enter', 'SYSTEMD_EXEC_PID': '735968', 'NNTPSERVER': 'news.csua.berkeley.edu', 'VISUAL': 'emacs', 'XDG_STATE_HOME': '/home/cc/ee106a/fa25/class/ee106a-abh/.local/state', 'DBUS_SESSION_BUS_ADDRESS': 'unix:path=/run/user/90033/bus', 'COLORTERM': 'truecolor', 'container': 'podman', 'UBUNTU_MENUPROXY': '1', 'QT_QPA_PLATFORMTHEME': 'gtk2', 'COLCON_PREFIX_PATH': '/opt/ros/turtlebot3_ws/install', 'ROS_DISTRO': 'humble', 'GTK_IM_MODULE': 'ibus', 'LOGNAME': 'ee106a-abh', 'MASTER': 'ee106a', 'WINDOWID': '71316079', 'ROS_VERSION': '2', 'XDG_SESSION_CLASS': 'user', 'TERMINFO_DIRS': '/usr/share/terminfo:/run/host/usr/share/terminfo', 'USERNAME': 'ee106a-abh', 'TERM': 'xterm-256color', 'GTK_OVERLAY_SCROLLING': '0', 'XDG_SESSION_ID': '9017', 'ROS_LOCALHOST_ONLY': '0', 'WINDOWPATH': '2', 'PATH': '/home/ff/ee106a/venvs/turtlebot/bin:/opt/ros/humble/bin:/share/b/grading/bin:/home/ff/ee106a/bin:/home/ff/ee106a/bin/arch/x86_64:/share/b/grading/bin:/home/ff/ee106a/bin:/home/ff/ee106a/bin/arch/x86_64:/usr/local/sbin:/usr/local/bin:/usr/sbin:/usr/bin:/sbin:/bin:/usr/games:/usr/local/games:/snap/bin:/snap/bin:/share/b/grading/bin:/share/b/grading/sbin:/share/b/runas/x86_64:/share/b/bin:/home/ff/ee106a/venvs/all:/usr/local/sbin:/usr/local/bin:/usr/sbin:/usr/bin:/sbin:/bin:/share/b/grading/bin:/share/b/grading/sbin:/share/b/runas/x86_64:/share/b/bin:/home/ff/ee106a/venvs/all', 'SESSION_MANAGER': 'local/c105-5:@/tmp/.ICE-unix/736057,unix/c105-5:/tmp/.ICE-unix/736057', 'OS': 'Linux', 'XDG_RUNTIME_DIR': '/run/user/90033', 'DISPLAY': ':1', 'LANG': 'en_US.UTF-8', 'XDG_CURRENT_DESKTOP': 'MATE', 'VIRTUAL_ENV_PROMPT': '(turtlebot)', 'XDG_DATA_HOME': '/home/cc/ee106a/fa25/class/ee106a-abh/.local/share', 'XDG_CONFIG_HOME': '/home/cc/ee106a/fa25/class/ee106a-abh/.config', 'XMODIFIERS': '@im=ibus', 'XDG_SESSION_DESKTOP': 'mate', 'XAUTHORITY': '/run/user/90033/gdm/Xauthority', 'SSH_AUTH_SOCK': '/run/user/90033/keyring/ssh', 'ROS_DOMAIN_ID': '25', 'AMENT_PREFIX_PATH': '/opt/ros/turtlebot3_ws/install/turtlebot3:/opt/ros/turtlebot3_ws/install/turtlebot3_teleop:/opt/ros/turtlebot3_ws/install/turtlebot3_bringup:/opt/ros/turtlebot3_ws/install/turtlebot3_node:/opt/ros/turtlebot3_ws/install/turtlebot3_navigation2:/opt/ros/turtlebot3_ws/install/turtlebot3_example:/opt/ros/turtlebot3_ws/install/turtlebot3_msgs:/opt/ros/turtlebot3_ws/install/turtlebot3_description:/opt/ros/turtlebot3_ws/install/turtlebot3_cartographer:/opt/ros/turtlebot3_ws/install/dynamixel_sdk_examples:/opt/ros/turtlebot3_ws/install/dynamixel_sdk_custom_interfaces:/opt/ros/turtlebot3_ws/install/dynamixel_sdk:/opt/ros/humble', 'SHELL': '/usr/bin/bash', 'QT_ACCESSIBILITY': '1', 'GDMSESSION': 'mate', 'RUNAS': '/share/b/runas/x86_64', 'GPG_AGENT_INFO': '/run/user/90033/gnupg/S.gpg-agent:0:1', 'CONFIG_SHELL': '/usr/bin/ksh', 'VIRTUAL_ENV': '/home/ff/ee106a/venvs/turtlebot', 'QT_IM_MODULE': 'ibus', 'PWD': '/home/cc/ee106a/fa25/class/ee106a-abh/REAL-Real-Steel/build/my-test-package', 'EE106_ENV_SETUP': 'turtlebot_ros2', 'CONTAINER_ID': 'ros2', 'TURTLEBOT3_MODEL': 'burger', 'LC_ALL': 'C.UTF-8', 'XDG_CONFIG_DIRS': '/etc/xdg/xdg-mate:/etc/xdg', 'CLUTTER_IM_MODULE': 'ibus', 'XDG_DATA_DIRS': '/usr/share/mate:/usr/share/mate:/usr/share/gnome:/home/cc/ee106a/fa25/class/ee106a-abh/.local/share/flatpak/exports/share:/var/lib/flatpak/exports/share:/usr/local/share/:/usr/share/:/var/lib/snapd/desktop:/usr/local/share:/usr/share', 'PYTHONPATH': '/home/cc/ee106a/fa25/class/ee106a-abh/REAL-Real-Steel/build/my-test-package/prefix_override:/usr/lib/python3/dist-packages/colcon_core/task/python/colcon_distutils_commands:/home/cc/ee106a/fa25/class/ee106a-abh/REAL-Real-Steel/install/my-test-package/lib/python3.10/site-packages:/opt/ros/turtlebot3_ws/build/turtlebot3_teleop:/opt/ros/turtlebot3_ws/install/turtlebot3_teleop/lib/python3.10/site-packages:/opt/ros/turtlebot3_ws/build/turtlebot3_example:/opt/ros/turtlebot3_ws/install/turtlebot3_example/lib/python3.10/site-packages:/opt/ros/turtlebot3_ws/install/turtlebot3_msgs/local/lib/python3.10/dist-packages:/opt/ros/turtlebot3_ws/install/dynamixel_sdk_custom_interfaces/local/lib/python3.10/dist-packages:/opt/ros/turtlebot3_ws/install/dynamixel_sdk/local/lib/python3.10/dist-packages:/opt/ros/humble/lib/python3.10/site-packages:/opt/ros/humble/local/lib/python3.10/dist-packages', 'MATE_DESKTOP_SESSION_ID': 'this-is-deprecated', 'COLCON': '1', 'MANPATH': '/usr/local/man:/usr/man:/usr/X11/man:/usr/local/man:/share/b/grading/man:/usr/local/man:/usr/man:/usr/X11/man:/usr/local/man:/share/b/grading/man:', 'VTE_VERSION': '6800', 'EDITOR': 'emacs', 'CMAKE_PREFIX_PATH': '/opt/ros/turtlebot3_ws/install/turtlebot3:/opt/ros/turtlebot3_ws/install/turtlebot3_bringup:/opt/ros/turtlebot3_ws/install/turtlebot3_node:/opt/ros/turtlebot3_ws/install/turtlebot3_navigation2:/opt/ros/turtlebot3_ws/install/turtlebot3_msgs:/opt/ros/turtlebot3_ws/install/turtlebot3_description:/opt/ros/turtlebot3_ws/install/turtlebot3_cartographer:/opt/ros/turtlebot3_ws/install/dynamixel_sdk_examples:/opt/ros/turtlebot3_ws/install/dynamixel_sdk_custom_interfaces:/opt/ros/turtlebot3_ws/install/dynamixel_sdk', 'QT_FONT_DPI': '122'}, 'shell': False}
[0.898040] (-) TimerEvent: {}
[0.998297] (usb_cam) StdoutLine: {'line': b'-- Detecting CXX compiler ABI info - done\n'}
[0.998456] (-) TimerEvent: {}
[1.010645] (usb_cam) StdoutLine: {'line': b'-- Check for working CXX compiler: /usr/bin/c++ - skipped\n'}
[1.010884] (usb_cam) StdoutLine: {'line': b'-- Detecting CXX compile features\n'}
[1.011314] (usb_cam) StdoutLine: {'line': b'-- Detecting CXX compile features - done\n'}
[1.022078] (usb_cam) StdoutLine: {'line': b'-- Found ament_cmake_auto: 1.3.12 (/opt/ros/humble/share/ament_cmake_auto/cmake)\n'}
[1.094088] (my-test-package) StdoutLine: {'line': b'running egg_info\n'}
[1.094856] (my-test-package) StdoutLine: {'line': b'writing ../../../../../../../../../build/my-test-package/my_test_package.egg-info/PKG-INFO\n'}
[1.097818] (my-test-package) StdoutLine: {'line': b'writing dependency_links to ../../../../../../../../../build/my-test-package/my_test_package.egg-info/dependency_links.txt\n'}
[1.098512] (-) TimerEvent: {}
[1.101459] (my-test-package) StdoutLine: {'line': b'writing top-level names to ../../../../../../../../../build/my-test-package/my_test_package.egg-info/top_level.txt\n'}
[1.104668] (my-test-package) StdoutLine: {'line': b"reading manifest file '../../../../../../../../../build/my-test-package/my_test_package.egg-info/SOURCES.txt'\n"}
[1.107202] (my-test-package) StdoutLine: {'line': b"writing manifest file '../../../../../../../../../build/my-test-package/my_test_package.egg-info/SOURCES.txt'\n"}
[1.109252] (my-test-package) StdoutLine: {'line': b'running build\n'}
[1.109608] (my-test-package) StdoutLine: {'line': b'running install\n'}
[1.109754] (my-test-package) StdoutLine: {'line': b'running install_egg_info\n'}
[1.117324] (my-test-package) StdoutLine: {'line': b"removing '/home/cc/ee106a/fa25/class/ee106a-abh/REAL-Real-Steel/install/my-test-package/lib/python3.10/site-packages/my_test_package-1.0-py3.10.egg-info' (and everything under it)\n"}
[1.122215] (my-test-package) StdoutLine: {'line': b'Copying ../../../../../../../../../build/my-test-package/my_test_package.egg-info to /home/cc/ee106a/fa25/class/ee106a-abh/REAL-Real-Steel/install/my-test-package/lib/python3.10/site-packages/my_test_package-1.0-py3.10.egg-info\n'}
[1.142730] (my-test-package) StdoutLine: {'line': b'running install_scripts\n'}
[1.179026] (my-test-package) StdoutLine: {'line': b"writing list of installed files to '/home/cc/ee106a/fa25/class/ee106a-abh/REAL-Real-Steel/build/my-test-package/install.log'\n"}
[1.198537] (my-test-package) CommandEnded: {'returncode': 0}
[1.198867] (-) TimerEvent: {}
[1.231133] (my-test-package) JobEnded: {'identifier': 'my-test-package', 'rc': 0}
[1.257701] (usb_cam) StdoutLine: {'line': b'-- Found Python3: /home/ff/ee106a/venvs/turtlebot/bin/python3 (found version "3.10.12") found components: Interpreter \n'}
[1.299079] (-) TimerEvent: {}
[1.399418] (-) TimerEvent: {}
[1.499618] (-) TimerEvent: {}
[1.558058] (usb_cam) StdoutLine: {'line': b'-- Found rosidl_generator_c: 3.1.7 (/opt/ros/humble/share/rosidl_generator_c/cmake)\n'}
[1.562961] (usb_cam) StdoutLine: {'line': b'-- Found rosidl_adapter: 3.1.7 (/opt/ros/humble/share/rosidl_adapter/cmake)\n'}
[1.570709] (usb_cam) StdoutLine: {'line': b'-- Found rosidl_generator_cpp: 3.1.7 (/opt/ros/humble/share/rosidl_generator_cpp/cmake)\n'}
[1.581736] (usb_cam) StdoutLine: {'line': b'-- Using all available rosidl_typesupport_c: rosidl_typesupport_fastrtps_c;rosidl_typesupport_introspection_c\n'}
[1.596043] (usb_cam) StdoutLine: {'line': b'-- Using all available rosidl_typesupport_cpp: rosidl_typesupport_fastrtps_cpp;rosidl_typesupport_introspection_cpp\n'}
[1.599685] (-) TimerEvent: {}
[1.635420] (usb_cam) StdoutLine: {'line': b'-- Found rmw_implementation_cmake: 6.1.2 (/opt/ros/humble/share/rmw_implementation_cmake/cmake)\n'}
[1.638507] (usb_cam) StdoutLine: {'line': b'-- Found rmw_fastrtps_cpp: 6.2.8 (/opt/ros/humble/share/rmw_fastrtps_cpp/cmake)\n'}
[1.699781] (-) TimerEvent: {}
[1.769824] (usb_cam) StdoutLine: {'line': b'-- Found OpenSSL: /usr/lib/x86_64-linux-gnu/libcrypto.so (found version "3.0.2")  \n'}
[1.799889] (-) TimerEvent: {}
[1.815276] (usb_cam) StdoutLine: {'line': b'-- Found FastRTPS: /opt/ros/humble/include  \n'}
[1.880454] (usb_cam) StdoutLine: {'line': b"-- Using RMW implementation 'rmw_fastrtps_cpp' as default\n"}
[1.899949] (-) TimerEvent: {}
[1.910308] (usb_cam) StdoutLine: {'line': b'-- Looking for pthread.h\n'}
[2.000081] (-) TimerEvent: {}
[2.100367] (-) TimerEvent: {}
[2.136291] (usb_cam) StdoutLine: {'line': b'-- Looking for pthread.h - found\n'}
[2.139694] (usb_cam) StdoutLine: {'line': b'-- Performing Test CMAKE_HAVE_LIBC_PTHREAD\n'}
[2.200472] (-) TimerEvent: {}
[2.300790] (-) TimerEvent: {}
[2.363613] (usb_cam) StdoutLine: {'line': b'-- Performing Test CMAKE_HAVE_LIBC_PTHREAD - Success\n'}
[2.366805] (usb_cam) StdoutLine: {'line': b'-- Found Threads: TRUE  \n'}
[2.400846] (-) TimerEvent: {}
[2.501069] (-) TimerEvent: {}
[2.601279] (-) TimerEvent: {}
[2.624568] (usb_cam) StdoutLine: {'line': b'-- Found OpenCV: /usr (found version "4.5.4") \n'}
[2.629451] (usb_cam) StdoutLine: {'line': b'-- Found PkgConfig: /usr/bin/pkg-config (found version "0.29.2") \n'}
[2.629936] (usb_cam) StdoutLine: {'line': b"-- Checking for module 'libavcodec'\n"}
[2.651660] (usb_cam) StdoutLine: {'line': b'--   Found libavcodec, version 58.134.100\n'}
[2.701405] (-) TimerEvent: {}
[2.722157] (usb_cam) StdoutLine: {'line': b"-- Checking for module 'libavutil'\n"}
[2.748689] (usb_cam) StdoutLine: {'line': b'--   Found libavutil, version 56.70.100\n'}
[2.801499] (-) TimerEvent: {}
[2.813438] (usb_cam) StdoutLine: {'line': b"-- Checking for module 'libswscale'\n"}
[2.840286] (usb_cam) StdoutLine: {'line': b'--   Found libswscale, version 5.9.100\n'}
[2.901592] (-) TimerEvent: {}
[2.938882] (usb_cam) StdoutLine: {'line': b'-- Found ament_lint_auto: 0.12.14 (/opt/ros/humble/share/ament_lint_auto/cmake)\n'}
[2.974591] (usb_cam) StdoutLine: {'line': b"-- Found gtest sources under '/opt/ros/humble/src/gtest_vendor': C++ tests using 'Google Test' will be built\n"}
[2.986053] (usb_cam) StderrLine: {'line': b'\x1b[0mIn this package, headers install destination is set to `include` by ament_auto_package. It is recommended to install `include/usb_cam` instead and will be the default behavior of ament_auto_package from ROS 2 Kilted Kaiju. On distributions before Kilted, ament_auto_package behaves the same way when you use USE_SCOPED_HEADER_INSTALL_DIR option.\x1b[0m\n'}
[3.001661] (-) TimerEvent: {}
[3.036801] (usb_cam) StdoutLine: {'line': b"-- Added test 'copyright' to check source files copyright and LICENSE\n"}
[3.101746] (-) TimerEvent: {}
[3.131295] (usb_cam) StdoutLine: {'line': b"-- Added test 'cppcheck' to perform static code analysis on C / C++ code\n"}
[3.131697] (usb_cam) StdoutLine: {'line': b'-- Configured cppcheck include dirs: /home/cc/ee106a/fa25/class/ee106a-abh/REAL-Real-Steel/src/usb_cam/include\n'}
[3.131991] (usb_cam) StdoutLine: {'line': b'-- Configured cppcheck exclude dirs and/or files: \n'}
[3.201846] (-) TimerEvent: {}
[3.208464] (usb_cam) StdoutLine: {'line': b"-- Added test 'cpplint' to check C / C++ code against the Google style\n"}
[3.208640] (usb_cam) StdoutLine: {'line': b'-- Configured cpplint exclude dirs and/or files: \n'}
[3.222143] (usb_cam) StdoutLine: {'line': b"-- Added test 'flake8' to check Python code syntax and style conventions\n"}
[3.246268] (usb_cam) StdoutLine: {'line': b"-- Added test 'lint_cmake' to check CMake code style\n"}
[3.259246] (usb_cam) StdoutLine: {'line': b"-- Added test 'pep257' to check Python code against some of the docstring style conventions in PEP 257\n"}
[3.301960] (-) TimerEvent: {}
[3.333666] (usb_cam) StdoutLine: {'line': b"-- Added test 'uncrustify' to check C / C++ code style\n"}
[3.333820] (usb_cam) StdoutLine: {'line': b'-- Configured uncrustify additional arguments: \n'}
[3.346693] (usb_cam) StdoutLine: {'line': b"-- Added test 'xmllint' to check XML markup files\n"}
[3.402062] (-) TimerEvent: {}
[3.410795] (usb_cam) StdoutLine: {'line': b'-- Configuring done\n'}
[3.502162] (-) TimerEvent: {}
[3.602416] (-) TimerEvent: {}
[3.702665] (-) TimerEvent: {}
[3.799972] (usb_cam) StdoutLine: {'line': b'-- Generating done\n'}
[3.802739] (-) TimerEvent: {}
[3.902954] (-) TimerEvent: {}
[3.906472] (usb_cam) StdoutLine: {'line': b'-- Build files have been written to: /home/cc/ee106a/fa25/class/ee106a-abh/REAL-Real-Steel/build/usb_cam\n'}
[3.920102] (usb_cam) CommandEnded: {'returncode': 0}
[3.921566] (usb_cam) JobProgress: {'identifier': 'usb_cam', 'progress': 'build'}
[3.923234] (usb_cam) Command: {'cmd': ['/usr/bin/cmake', '--build', '/home/cc/ee106a/fa25/class/ee106a-abh/REAL-Real-Steel/build/usb_cam', '--', '-j32', '-l32'], 'cwd': '/home/cc/ee106a/fa25/class/ee106a-abh/REAL-Real-Steel/build/usb_cam', 'env': OrderedDict([('ARCH', 'x86_64'), ('QT_SCALE_FACTOR', '1'), ('USER', 'ee106a-abh'), ('HOSTNAME', 'ros2'), ('XDG_SESSION_TYPE', 'x11'), ('MASTERDIR', '/home/ff/ee106a'), ('COMPIZ_CONFIG_PROFILE', 'mate'), ('XDG_CACHE_HOME', '/home/cc/ee106a/fa25/class/ee106a-abh/.cache'), ('SHLVL', '2'), ('LD_LIBRARY_PATH', '/opt/ros/turtlebot3_ws/install/turtlebot3_msgs/lib:/opt/ros/turtlebot3_ws/install/dynamixel_sdk_custom_interfaces/lib:/opt/ros/turtlebot3_ws/install/dynamixel_sdk/lib:/usr/lib/x86_64-linux-gnu/gazebo-11/plugins:/opt/ros/humble/opt/rviz_ogre_vendor/lib:/opt/ros/humble/lib/x86_64-linux-gnu:/opt/ros/humble/lib'), ('HOME', '/home/cc/ee106a/fa25/class/ee106a-abh'), ('OLDPWD', '/home/cc/ee106a/fa25/class/ee106a-abh/REAL-Real-Steel/src'), ('DESKTOP_SESSION', 'mate'), ('ROS_PYTHON_VERSION', '3'), ('GTK_MODULES', 'gail:atk-bridge:appmenu-gtk-module:gail:atk-bridge:canberra-gtk-module'), ('DISTROBOX_ENTER_PATH', '/usr/local/bin/distrobox-enter'), ('SYSTEMD_EXEC_PID', '735968'), ('NNTPSERVER', 'news.csua.berkeley.edu'), ('VISUAL', 'emacs'), ('XDG_STATE_HOME', '/home/cc/ee106a/fa25/class/ee106a-abh/.local/state'), ('DBUS_SESSION_BUS_ADDRESS', 'unix:path=/run/user/90033/bus'), ('COLORTERM', 'truecolor'), ('container', 'podman'), ('UBUNTU_MENUPROXY', '1'), ('QT_QPA_PLATFORMTHEME', 'gtk2'), ('COLCON_PREFIX_PATH', '/opt/ros/turtlebot3_ws/install'), ('ROS_DISTRO', 'humble'), ('GTK_IM_MODULE', 'ibus'), ('LOGNAME', 'ee106a-abh'), ('MASTER', 'ee106a'), ('WINDOWID', '71316079'), ('ROS_VERSION', '2'), ('XDG_SESSION_CLASS', 'user'), ('TERMINFO_DIRS', '/usr/share/terminfo:/run/host/usr/share/terminfo'), ('USERNAME', 'ee106a-abh'), ('TERM', 'xterm-256color'), ('GTK_OVERLAY_SCROLLING', '0'), ('XDG_SESSION_ID', '9017'), ('ROS_LOCALHOST_ONLY', '0'), ('WINDOWPATH', '2'), ('PATH', '/home/ff/ee106a/venvs/turtlebot/bin:/opt/ros/humble/bin:/share/b/grading/bin:/home/ff/ee106a/bin:/home/ff/ee106a/bin/arch/x86_64:/share/b/grading/bin:/home/ff/ee106a/bin:/home/ff/ee106a/bin/arch/x86_64:/usr/local/sbin:/usr/local/bin:/usr/sbin:/usr/bin:/sbin:/bin:/usr/games:/usr/local/games:/snap/bin:/snap/bin:/share/b/grading/bin:/share/b/grading/sbin:/share/b/runas/x86_64:/share/b/bin:/home/ff/ee106a/venvs/all:/usr/local/sbin:/usr/local/bin:/usr/sbin:/usr/bin:/sbin:/bin:/share/b/grading/bin:/share/b/grading/sbin:/share/b/runas/x86_64:/share/b/bin:/home/ff/ee106a/venvs/all'), ('SESSION_MANAGER', 'local/c105-5:@/tmp/.ICE-unix/736057,unix/c105-5:/tmp/.ICE-unix/736057'), ('OS', 'Linux'), ('XDG_RUNTIME_DIR', '/run/user/90033'), ('DISPLAY', ':1'), ('LANG', 'en_US.UTF-8'), ('XDG_CURRENT_DESKTOP', 'MATE'), ('VIRTUAL_ENV_PROMPT', '(turtlebot)'), ('XDG_DATA_HOME', '/home/cc/ee106a/fa25/class/ee106a-abh/.local/share'), ('XDG_CONFIG_HOME', '/home/cc/ee106a/fa25/class/ee106a-abh/.config'), ('XMODIFIERS', '@im=ibus'), ('XDG_SESSION_DESKTOP', 'mate'), ('XAUTHORITY', '/run/user/90033/gdm/Xauthority'), ('SSH_AUTH_SOCK', '/run/user/90033/keyring/ssh'), ('ROS_DOMAIN_ID', '25'), ('AMENT_PREFIX_PATH', '/opt/ros/turtlebot3_ws/install/turtlebot3:/opt/ros/turtlebot3_ws/install/turtlebot3_teleop:/opt/ros/turtlebot3_ws/install/turtlebot3_bringup:/opt/ros/turtlebot3_ws/install/turtlebot3_node:/opt/ros/turtlebot3_ws/install/turtlebot3_navigation2:/opt/ros/turtlebot3_ws/install/turtlebot3_example:/opt/ros/turtlebot3_ws/install/turtlebot3_msgs:/opt/ros/turtlebot3_ws/install/turtlebot3_description:/opt/ros/turtlebot3_ws/install/turtlebot3_cartographer:/opt/ros/turtlebot3_ws/install/dynamixel_sdk_examples:/opt/ros/turtlebot3_ws/install/dynamixel_sdk_custom_interfaces:/opt/ros/turtlebot3_ws/install/dynamixel_sdk:/opt/ros/humble'), ('SHELL', '/usr/bin/bash'), ('QT_ACCESSIBILITY', '1'), ('GDMSESSION', 'mate'), ('RUNAS', '/share/b/runas/x86_64'), ('GPG_AGENT_INFO', '/run/user/90033/gnupg/S.gpg-agent:0:1'), ('CONFIG_SHELL', '/usr/bin/ksh'), ('VIRTUAL_ENV', '/home/ff/ee106a/venvs/turtlebot'), ('QT_IM_MODULE', 'ibus'), ('PWD', '/home/cc/ee106a/fa25/class/ee106a-abh/REAL-Real-Steel/build/usb_cam'), ('EE106_ENV_SETUP', 'turtlebot_ros2'), ('CONTAINER_ID', 'ros2'), ('TURTLEBOT3_MODEL', 'burger'), ('LC_ALL', 'C.UTF-8'), ('XDG_CONFIG_DIRS', '/etc/xdg/xdg-mate:/etc/xdg'), ('CLUTTER_IM_MODULE', 'ibus'), ('XDG_DATA_DIRS', '/usr/share/mate:/usr/share/mate:/usr/share/gnome:/home/cc/ee106a/fa25/class/ee106a-abh/.local/share/flatpak/exports/share:/var/lib/flatpak/exports/share:/usr/local/share/:/usr/share/:/var/lib/snapd/desktop:/usr/local/share:/usr/share'), ('PYTHONPATH', '/opt/ros/turtlebot3_ws/build/turtlebot3_teleop:/opt/ros/turtlebot3_ws/install/turtlebot3_teleop/lib/python3.10/site-packages:/opt/ros/turtlebot3_ws/build/turtlebot3_example:/opt/ros/turtlebot3_ws/install/turtlebot3_example/lib/python3.10/site-packages:/opt/ros/turtlebot3_ws/install/turtlebot3_msgs/local/lib/python3.10/dist-packages:/opt/ros/turtlebot3_ws/install/dynamixel_sdk_custom_interfaces/local/lib/python3.10/dist-packages:/opt/ros/turtlebot3_ws/install/dynamixel_sdk/local/lib/python3.10/dist-packages:/opt/ros/humble/lib/python3.10/site-packages:/opt/ros/humble/local/lib/python3.10/dist-packages'), ('MATE_DESKTOP_SESSION_ID', 'this-is-deprecated'), ('COLCON', '1'), ('MANPATH', '/usr/local/man:/usr/man:/usr/X11/man:/usr/local/man:/share/b/grading/man:/usr/local/man:/usr/man:/usr/X11/man:/usr/local/man:/share/b/grading/man:'), ('VTE_VERSION', '6800'), ('EDITOR', 'emacs'), ('CMAKE_PREFIX_PATH', '/opt/ros/turtlebot3_ws/install/turtlebot3:/opt/ros/turtlebot3_ws/install/turtlebot3_bringup:/opt/ros/turtlebot3_ws/install/turtlebot3_node:/opt/ros/turtlebot3_ws/install/turtlebot3_navigation2:/opt/ros/turtlebot3_ws/install/turtlebot3_msgs:/opt/ros/turtlebot3_ws/install/turtlebot3_description:/opt/ros/turtlebot3_ws/install/turtlebot3_cartographer:/opt/ros/turtlebot3_ws/install/dynamixel_sdk_examples:/opt/ros/turtlebot3_ws/install/dynamixel_sdk_custom_interfaces:/opt/ros/turtlebot3_ws/install/dynamixel_sdk:/opt/ros/turtlebot3_ws/install/turtlebot3_teleop:/opt/ros/turtlebot3_ws/install/turtlebot3_example:/opt/ros/humble'), ('QT_FONT_DPI', '122')]), 'shell': False}
[4.003077] (-) TimerEvent: {}
[4.103430] (-) TimerEvent: {}
[4.105893] (usb_cam) StdoutLine: {'line': b'[ 28%] \x1b[32mBuilding CXX object CMakeFiles/usb_cam.dir/src/usb_cam.cpp.o\x1b[0m\n'}
[4.106173] (usb_cam) StdoutLine: {'line': b'[ 28%] \x1b[32mBuilding CXX object CMakeFiles/usb_cam_node_exe.dir/rclcpp_components/node_main_usb_cam_node_exe.cpp.o\x1b[0m\n'}
[4.107215] (usb_cam) StdoutLine: {'line': b'[ 28%] \x1b[32mBuilding CXX object gtest/CMakeFiles/gtest.dir/src/gtest-all.cc.o\x1b[0m\n'}
[4.107722] (usb_cam) StdoutLine: {'line': b'[ 28%] \x1b[32mBuilding CXX object gtest/CMakeFiles/gtest_main.dir/src/gtest_main.cc.o\x1b[0m\n'}
[4.203527] (-) TimerEvent: {}
[4.303812] (-) TimerEvent: {}
[4.404111] (-) TimerEvent: {}
[4.504425] (-) TimerEvent: {}
[4.604656] (-) TimerEvent: {}
[4.641387] (usb_cam) StdoutLine: {'line': b'[ 35%] \x1b[32m\x1b[1mLinking CXX static library libgtest_main.a\x1b[0m\n'}
[4.694815] (usb_cam) StdoutLine: {'line': b'[ 35%] Built target gtest_main\n'}
[4.704724] (-) TimerEvent: {}
[4.805090] (-) TimerEvent: {}
[4.905371] (-) TimerEvent: {}
[5.005655] (-) TimerEvent: {}
[5.105892] (-) TimerEvent: {}
[5.206065] (-) TimerEvent: {}
[5.286490] (usb_cam) StdoutLine: {'line': b'[ 42%] \x1b[32m\x1b[1mLinking CXX shared library libusb_cam.so\x1b[0m\n'}
[5.306149] (-) TimerEvent: {}
[5.406381] (-) TimerEvent: {}
[5.461941] (usb_cam) StdoutLine: {'line': b'[ 42%] Built target usb_cam\n'}
[5.499326] (usb_cam) StdoutLine: {'line': b'[ 50%] \x1b[32mBuilding CXX object CMakeFiles/usb_cam_node.dir/src/usb_cam_node.cpp.o\x1b[0m\n'}
[5.506440] (-) TimerEvent: {}
[5.606652] (-) TimerEvent: {}
[5.706966] (-) TimerEvent: {}
[5.807243] (-) TimerEvent: {}
[5.907513] (-) TimerEvent: {}
[5.919781] (usb_cam) StdoutLine: {'line': b'[ 57%] \x1b[32m\x1b[1mLinking CXX executable usb_cam_node_exe\x1b[0m\n'}
[6.007605] (-) TimerEvent: {}
[6.030286] (usb_cam) StdoutLine: {'line': b'[ 64%] \x1b[32m\x1b[1mLinking CXX static library libgtest.a\x1b[0m\n'}
[6.107700] (-) TimerEvent: {}
[6.127715] (usb_cam) StdoutLine: {'line': b'[ 64%] Built target usb_cam_node_exe\n'}
[6.197207] (usb_cam) StdoutLine: {'line': b'[ 64%] Built target gtest\n'}
[6.207798] (-) TimerEvent: {}
[6.244643] (usb_cam) StdoutLine: {'line': b'[ 78%] \x1b[32mBuilding CXX object CMakeFiles/test_pixel_formats.dir/test/test_pixel_formats.cpp.o\x1b[0m\n'}
[6.244768] (usb_cam) StdoutLine: {'line': b'[ 78%] \x1b[32mBuilding CXX object CMakeFiles/test_usb_cam_utils.dir/test/test_usb_cam_utils.cpp.o\x1b[0m\n'}
[6.307910] (-) TimerEvent: {}
[6.408180] (-) TimerEvent: {}
[6.508423] (-) TimerEvent: {}
[6.608650] (-) TimerEvent: {}
[6.708891] (-) TimerEvent: {}
[6.809211] (-) TimerEvent: {}
[6.909483] (-) TimerEvent: {}
[7.009740] (-) TimerEvent: {}
[7.015785] (usb_cam) StdoutLine: {'line': b'[ 85%] \x1b[32m\x1b[1mLinking CXX executable test_usb_cam_utils\x1b[0m\n'}
[7.109822] (-) TimerEvent: {}
[7.202344] (usb_cam) StdoutLine: {'line': b'[ 92%] \x1b[32m\x1b[1mLinking CXX executable test_pixel_formats\x1b[0m\n'}
[7.209887] (-) TimerEvent: {}
[7.220559] (usb_cam) StdoutLine: {'line': b'[ 92%] Built target test_usb_cam_utils\n'}
[7.310087] (-) TimerEvent: {}
[7.410351] (-) TimerEvent: {}
[7.442815] (usb_cam) StdoutLine: {'line': b'[ 92%] Built target test_pixel_formats\n'}
[7.510561] (-) TimerEvent: {}
[7.610947] (-) TimerEvent: {}
[7.711505] (-) TimerEvent: {}
[7.811880] (-) TimerEvent: {}
[7.912229] (-) TimerEvent: {}
[8.012584] (-) TimerEvent: {}
[8.112961] (-) TimerEvent: {}
[8.213352] (-) TimerEvent: {}
[8.313723] (-) TimerEvent: {}
[8.414092] (-) TimerEvent: {}
[8.514479] (-) TimerEvent: {}
[8.614798] (-) TimerEvent: {}
[8.715130] (-) TimerEvent: {}
[8.815438] (-) TimerEvent: {}
[8.915649] (-) TimerEvent: {}
[9.015956] (-) TimerEvent: {}
[9.116177] (-) TimerEvent: {}
[9.216376] (-) TimerEvent: {}
[9.316668] (-) TimerEvent: {}
[9.416961] (-) TimerEvent: {}
[9.517252] (-) TimerEvent: {}
[9.617542] (-) TimerEvent: {}
[9.717755] (-) TimerEvent: {}
[9.818088] (-) TimerEvent: {}
[9.918334] (-) TimerEvent: {}
[10.003535] (usb_cam) StdoutLine: {'line': b'[100%] \x1b[32m\x1b[1mLinking CXX shared library libusb_cam_node.so\x1b[0m\n'}
[10.018517] (-) TimerEvent: {}
[10.118784] (-) TimerEvent: {}
[10.219098] (-) TimerEvent: {}
[10.319450] (-) TimerEvent: {}
[10.419776] (-) TimerEvent: {}
[10.520195] (-) TimerEvent: {}
[10.532272] (usb_cam) StdoutLine: {'line': b'[100%] Built target usb_cam_node\n'}
[10.564141] (usb_cam) CommandEnded: {'returncode': 0}
[10.567573] (usb_cam) JobProgress: {'identifier': 'usb_cam', 'progress': 'install'}
[10.585637] (usb_cam) Command: {'cmd': ['/usr/bin/cmake', '--install', '/home/cc/ee106a/fa25/class/ee106a-abh/REAL-Real-Steel/build/usb_cam'], 'cwd': '/home/cc/ee106a/fa25/class/ee106a-abh/REAL-Real-Steel/build/usb_cam', 'env': OrderedDict([('ARCH', 'x86_64'), ('QT_SCALE_FACTOR', '1'), ('USER', 'ee106a-abh'), ('HOSTNAME', 'ros2'), ('XDG_SESSION_TYPE', 'x11'), ('MASTERDIR', '/home/ff/ee106a'), ('COMPIZ_CONFIG_PROFILE', 'mate'), ('XDG_CACHE_HOME', '/home/cc/ee106a/fa25/class/ee106a-abh/.cache'), ('SHLVL', '2'), ('LD_LIBRARY_PATH', '/opt/ros/turtlebot3_ws/install/turtlebot3_msgs/lib:/opt/ros/turtlebot3_ws/install/dynamixel_sdk_custom_interfaces/lib:/opt/ros/turtlebot3_ws/install/dynamixel_sdk/lib:/usr/lib/x86_64-linux-gnu/gazebo-11/plugins:/opt/ros/humble/opt/rviz_ogre_vendor/lib:/opt/ros/humble/lib/x86_64-linux-gnu:/opt/ros/humble/lib'), ('HOME', '/home/cc/ee106a/fa25/class/ee106a-abh'), ('OLDPWD', '/home/cc/ee106a/fa25/class/ee106a-abh/REAL-Real-Steel/src'), ('DESKTOP_SESSION', 'mate'), ('ROS_PYTHON_VERSION', '3'), ('GTK_MODULES', 'gail:atk-bridge:appmenu-gtk-module:gail:atk-bridge:canberra-gtk-module'), ('DISTROBOX_ENTER_PATH', '/usr/local/bin/distrobox-enter'), ('SYSTEMD_EXEC_PID', '735968'), ('NNTPSERVER', 'news.csua.berkeley.edu'), ('VISUAL', 'emacs'), ('XDG_STATE_HOME', '/home/cc/ee106a/fa25/class/ee106a-abh/.local/state'), ('DBUS_SESSION_BUS_ADDRESS', 'unix:path=/run/user/90033/bus'), ('COLORTERM', 'truecolor'), ('container', 'podman'), ('UBUNTU_MENUPROXY', '1'), ('QT_QPA_PLATFORMTHEME', 'gtk2'), ('COLCON_PREFIX_PATH', '/opt/ros/turtlebot3_ws/install'), ('ROS_DISTRO', 'humble'), ('GTK_IM_MODULE', 'ibus'), ('LOGNAME', 'ee106a-abh'), ('MASTER', 'ee106a'), ('WINDOWID', '71316079'), ('ROS_VERSION', '2'), ('XDG_SESSION_CLASS', 'user'), ('TERMINFO_DIRS', '/usr/share/terminfo:/run/host/usr/share/terminfo'), ('USERNAME', 'ee106a-abh'), ('TERM', 'xterm-256color'), ('GTK_OVERLAY_SCROLLING', '0'), ('XDG_SESSION_ID', '9017'), ('ROS_LOCALHOST_ONLY', '0'), ('WINDOWPATH', '2'), ('PATH', '/home/ff/ee106a/venvs/turtlebot/bin:/opt/ros/humble/bin:/share/b/grading/bin:/home/ff/ee106a/bin:/home/ff/ee106a/bin/arch/x86_64:/share/b/grading/bin:/home/ff/ee106a/bin:/home/ff/ee106a/bin/arch/x86_64:/usr/local/sbin:/usr/local/bin:/usr/sbin:/usr/bin:/sbin:/bin:/usr/games:/usr/local/games:/snap/bin:/snap/bin:/share/b/grading/bin:/share/b/grading/sbin:/share/b/runas/x86_64:/share/b/bin:/home/ff/ee106a/venvs/all:/usr/local/sbin:/usr/local/bin:/usr/sbin:/usr/bin:/sbin:/bin:/share/b/grading/bin:/share/b/grading/sbin:/share/b/runas/x86_64:/share/b/bin:/home/ff/ee106a/venvs/all'), ('SESSION_MANAGER', 'local/c105-5:@/tmp/.ICE-unix/736057,unix/c105-5:/tmp/.ICE-unix/736057'), ('OS', 'Linux'), ('XDG_RUNTIME_DIR', '/run/user/90033'), ('DISPLAY', ':1'), ('LANG', 'en_US.UTF-8'), ('XDG_CURRENT_DESKTOP', 'MATE'), ('VIRTUAL_ENV_PROMPT', '(turtlebot)'), ('XDG_DATA_HOME', '/home/cc/ee106a/fa25/class/ee106a-abh/.local/share'), ('XDG_CONFIG_HOME', '/home/cc/ee106a/fa25/class/ee106a-abh/.config'), ('XMODIFIERS', '@im=ibus'), ('XDG_SESSION_DESKTOP', 'mate'), ('XAUTHORITY', '/run/user/90033/gdm/Xauthority'), ('SSH_AUTH_SOCK', '/run/user/90033/keyring/ssh'), ('ROS_DOMAIN_ID', '25'), ('AMENT_PREFIX_PATH', '/opt/ros/turtlebot3_ws/install/turtlebot3:/opt/ros/turtlebot3_ws/install/turtlebot3_teleop:/opt/ros/turtlebot3_ws/install/turtlebot3_bringup:/opt/ros/turtlebot3_ws/install/turtlebot3_node:/opt/ros/turtlebot3_ws/install/turtlebot3_navigation2:/opt/ros/turtlebot3_ws/install/turtlebot3_example:/opt/ros/turtlebot3_ws/install/turtlebot3_msgs:/opt/ros/turtlebot3_ws/install/turtlebot3_description:/opt/ros/turtlebot3_ws/install/turtlebot3_cartographer:/opt/ros/turtlebot3_ws/install/dynamixel_sdk_examples:/opt/ros/turtlebot3_ws/install/dynamixel_sdk_custom_interfaces:/opt/ros/turtlebot3_ws/install/dynamixel_sdk:/opt/ros/humble'), ('SHELL', '/usr/bin/bash'), ('QT_ACCESSIBILITY', '1'), ('GDMSESSION', 'mate'), ('RUNAS', '/share/b/runas/x86_64'), ('GPG_AGENT_INFO', '/run/user/90033/gnupg/S.gpg-agent:0:1'), ('CONFIG_SHELL', '/usr/bin/ksh'), ('VIRTUAL_ENV', '/home/ff/ee106a/venvs/turtlebot'), ('QT_IM_MODULE', 'ibus'), ('PWD', '/home/cc/ee106a/fa25/class/ee106a-abh/REAL-Real-Steel/build/usb_cam'), ('EE106_ENV_SETUP', 'turtlebot_ros2'), ('CONTAINER_ID', 'ros2'), ('TURTLEBOT3_MODEL', 'burger'), ('LC_ALL', 'C.UTF-8'), ('XDG_CONFIG_DIRS', '/etc/xdg/xdg-mate:/etc/xdg'), ('CLUTTER_IM_MODULE', 'ibus'), ('XDG_DATA_DIRS', '/usr/share/mate:/usr/share/mate:/usr/share/gnome:/home/cc/ee106a/fa25/class/ee106a-abh/.local/share/flatpak/exports/share:/var/lib/flatpak/exports/share:/usr/local/share/:/usr/share/:/var/lib/snapd/desktop:/usr/local/share:/usr/share'), ('PYTHONPATH', '/opt/ros/turtlebot3_ws/build/turtlebot3_teleop:/opt/ros/turtlebot3_ws/install/turtlebot3_teleop/lib/python3.10/site-packages:/opt/ros/turtlebot3_ws/build/turtlebot3_example:/opt/ros/turtlebot3_ws/install/turtlebot3_example/lib/python3.10/site-packages:/opt/ros/turtlebot3_ws/install/turtlebot3_msgs/local/lib/python3.10/dist-packages:/opt/ros/turtlebot3_ws/install/dynamixel_sdk_custom_interfaces/local/lib/python3.10/dist-packages:/opt/ros/turtlebot3_ws/install/dynamixel_sdk/local/lib/python3.10/dist-packages:/opt/ros/humble/lib/python3.10/site-packages:/opt/ros/humble/local/lib/python3.10/dist-packages'), ('MATE_DESKTOP_SESSION_ID', 'this-is-deprecated'), ('COLCON', '1'), ('MANPATH', '/usr/local/man:/usr/man:/usr/X11/man:/usr/local/man:/share/b/grading/man:/usr/local/man:/usr/man:/usr/X11/man:/usr/local/man:/share/b/grading/man:'), ('VTE_VERSION', '6800'), ('EDITOR', 'emacs'), ('CMAKE_PREFIX_PATH', '/opt/ros/turtlebot3_ws/install/turtlebot3:/opt/ros/turtlebot3_ws/install/turtlebot3_bringup:/opt/ros/turtlebot3_ws/install/turtlebot3_node:/opt/ros/turtlebot3_ws/install/turtlebot3_navigation2:/opt/ros/turtlebot3_ws/install/turtlebot3_msgs:/opt/ros/turtlebot3_ws/install/turtlebot3_description:/opt/ros/turtlebot3_ws/install/turtlebot3_cartographer:/opt/ros/turtlebot3_ws/install/dynamixel_sdk_examples:/opt/ros/turtlebot3_ws/install/dynamixel_sdk_custom_interfaces:/opt/ros/turtlebot3_ws/install/dynamixel_sdk:/opt/ros/turtlebot3_ws/install/turtlebot3_teleop:/opt/ros/turtlebot3_ws/install/turtlebot3_example:/opt/ros/humble'), ('QT_FONT_DPI', '122')]), 'shell': False}
[10.603758] (usb_cam) StdoutLine: {'line': b'-- Install configuration: ""\n'}
[10.609715] (usb_cam) StdoutLine: {'line': b'-- Installing: /home/cc/ee106a/fa25/class/ee106a-abh/REAL-Real-Steel/install/usb_cam/share/usb_cam/environment/library_path.sh\n'}
[10.614636] (usb_cam) StdoutLine: {'line': b'-- Installing: /home/cc/ee106a/fa25/class/ee106a-abh/REAL-Real-Steel/install/usb_cam/share/usb_cam/environment/library_path.dsv\n'}
[10.620288] (-) TimerEvent: {}
[10.624887] (usb_cam) StdoutLine: {'line': b'-- Installing: /home/cc/ee106a/fa25/class/ee106a-abh/REAL-Real-Steel/install/usb_cam/lib/usb_cam/usb_cam_node_exe\n'}
[10.650404] (usb_cam) StdoutLine: {'line': b'-- Set runtime path of "/home/cc/ee106a/fa25/class/ee106a-abh/REAL-Real-Steel/install/usb_cam/lib/usb_cam/usb_cam_node_exe" to ""\n'}
[10.652466] (usb_cam) StdoutLine: {'line': b'-- Installing: /home/cc/ee106a/fa25/class/ee106a-abh/REAL-Real-Steel/install/usb_cam/lib/usb_cam/show_image.py\n'}
[10.658916] (usb_cam) StdoutLine: {'line': b'-- Installing: /home/cc/ee106a/fa25/class/ee106a-abh/REAL-Real-Steel/install/usb_cam/lib/libusb_cam.so\n'}
[10.687773] (usb_cam) StdoutLine: {'line': b'-- Installing: /home/cc/ee106a/fa25/class/ee106a-abh/REAL-Real-Steel/install/usb_cam/lib/libusb_cam_node.so\n'}
[10.720378] (-) TimerEvent: {}
[10.745696] (usb_cam) StdoutLine: {'line': b'-- Set runtime path of "/home/cc/ee106a/fa25/class/ee106a-abh/REAL-Real-Steel/install/usb_cam/lib/libusb_cam_node.so" to ""\n'}
[10.746379] (usb_cam) StdoutLine: {'line': b'-- Installing: /home/cc/ee106a/fa25/class/ee106a-abh/REAL-Real-Steel/install/usb_cam/include\n'}
[10.750656] (usb_cam) StdoutLine: {'line': b'-- Installing: /home/cc/ee106a/fa25/class/ee106a-abh/REAL-Real-Steel/install/usb_cam/include/usb_cam\n'}
[10.755797] (usb_cam) StdoutLine: {'line': b'-- Installing: /home/cc/ee106a/fa25/class/ee106a-abh/REAL-Real-Steel/install/usb_cam/include/usb_cam/constants.hpp\n'}
[10.762457] (usb_cam) StdoutLine: {'line': b'-- Installing: /home/cc/ee106a/fa25/class/ee106a-abh/REAL-Real-Steel/install/usb_cam/include/usb_cam/conversions.hpp\n'}
[10.768286] (usb_cam) StdoutLine: {'line': b'-- Installing: /home/cc/ee106a/fa25/class/ee106a-abh/REAL-Real-Steel/install/usb_cam/include/usb_cam/formats\n'}
[10.773143] (usb_cam) StdoutLine: {'line': b'-- Installing: /home/cc/ee106a/fa25/class/ee106a-abh/REAL-Real-Steel/install/usb_cam/include/usb_cam/formats/av_pixel_format_helper.hpp\n'}
[10.780592] (usb_cam) StdoutLine: {'line': b'-- Installing: /home/cc/ee106a/fa25/class/ee106a-abh/REAL-Real-Steel/install/usb_cam/include/usb_cam/formats/m420.hpp\n'}
[10.786526] (usb_cam) StdoutLine: {'line': b'-- Installing: /home/cc/ee106a/fa25/class/ee106a-abh/REAL-Real-Steel/install/usb_cam/include/usb_cam/formats/mjpeg.hpp\n'}
[10.793195] (usb_cam) StdoutLine: {'line': b'-- Installing: /home/cc/ee106a/fa25/class/ee106a-abh/REAL-Real-Steel/install/usb_cam/include/usb_cam/formats/mono.hpp\n'}
[10.799524] (usb_cam) StdoutLine: {'line': b'-- Installing: /home/cc/ee106a/fa25/class/ee106a-abh/REAL-Real-Steel/install/usb_cam/include/usb_cam/formats/pixel_format_base.hpp\n'}
[10.806084] (usb_cam) StdoutLine: {'line': b'-- Installing: /home/cc/ee106a/fa25/class/ee106a-abh/REAL-Real-Steel/install/usb_cam/include/usb_cam/formats/rgb.hpp\n'}
[10.812122] (usb_cam) StdoutLine: {'line': b'-- Installing: /home/cc/ee106a/fa25/class/ee106a-abh/REAL-Real-Steel/install/usb_cam/include/usb_cam/formats/utils.hpp\n'}
[10.818397] (usb_cam) StdoutLine: {'line': b'-- Installing: /home/cc/ee106a/fa25/class/ee106a-abh/REAL-Real-Steel/install/usb_cam/include/usb_cam/formats/uyvy.hpp\n'}
[10.820449] (-) TimerEvent: {}
[10.824666] (usb_cam) StdoutLine: {'line': b'-- Installing: /home/cc/ee106a/fa25/class/ee106a-abh/REAL-Real-Steel/install/usb_cam/include/usb_cam/formats/yuyv.hpp\n'}
[10.831106] (usb_cam) StdoutLine: {'line': b'-- Installing: /home/cc/ee106a/fa25/class/ee106a-abh/REAL-Real-Steel/install/usb_cam/include/usb_cam/usb_cam.hpp\n'}
[10.838326] (usb_cam) StdoutLine: {'line': b'-- Installing: /home/cc/ee106a/fa25/class/ee106a-abh/REAL-Real-Steel/install/usb_cam/include/usb_cam/usb_cam_node.hpp\n'}
[10.844407] (usb_cam) StdoutLine: {'line': b'-- Installing: /home/cc/ee106a/fa25/class/ee106a-abh/REAL-Real-Steel/install/usb_cam/include/usb_cam/utils.hpp\n'}
[10.853215] (usb_cam) StdoutLine: {'line': b'-- Up-to-date: /home/cc/ee106a/fa25/class/ee106a-abh/REAL-Real-Steel/install/usb_cam/lib/libusb_cam_node.so\n'}
[10.856739] (usb_cam) StdoutLine: {'line': b'-- Installing: /home/cc/ee106a/fa25/class/ee106a-abh/REAL-Real-Steel/install/usb_cam/share/usb_cam/launch\n'}
[10.861789] (usb_cam) StdoutLine: {'line': b'-- Installing: /home/cc/ee106a/fa25/class/ee106a-abh/REAL-Real-Steel/install/usb_cam/share/usb_cam/launch/__init__.py\n'}
[10.868268] (usb_cam) StdoutLine: {'line': b'-- Installing: /home/cc/ee106a/fa25/class/ee106a-abh/REAL-Real-Steel/install/usb_cam/share/usb_cam/launch/camera.launch.py\n'}
[10.875170] (usb_cam) StdoutLine: {'line': b'-- Installing: /home/cc/ee106a/fa25/class/ee106a-abh/REAL-Real-Steel/install/usb_cam/share/usb_cam/launch/camera_config.py\n'}
[10.880817] (usb_cam) StdoutLine: {'line': b'-- Installing: /home/cc/ee106a/fa25/class/ee106a-abh/REAL-Real-Steel/install/usb_cam/share/usb_cam/config\n'}
[10.885701] (usb_cam) StdoutLine: {'line': b'-- Installing: /home/cc/ee106a/fa25/class/ee106a-abh/REAL-Real-Steel/install/usb_cam/share/usb_cam/config/camera_info.yaml\n'}
[10.892352] (usb_cam) StdoutLine: {'line': b'-- Installing: /home/cc/ee106a/fa25/class/ee106a-abh/REAL-Real-Steel/install/usb_cam/share/usb_cam/config/params_1.yaml\n'}
[10.898299] (usb_cam) StdoutLine: {'line': b'-- Installing: /home/cc/ee106a/fa25/class/ee106a-abh/REAL-Real-Steel/install/usb_cam/share/usb_cam/config/params_2.yaml\n'}
[10.909523] (usb_cam) StdoutLine: {'line': b'-- Installing: /home/cc/ee106a/fa25/class/ee106a-abh/REAL-Real-Steel/install/usb_cam/share/ament_index/resource_index/package_run_dependencies/usb_cam\n'}
[10.919533] (usb_cam) StdoutLine: {'line': b'-- Installing: /home/cc/ee106a/fa25/class/ee106a-abh/REAL-Real-Steel/install/usb_cam/share/ament_index/resource_index/parent_prefix_path/usb_cam\n'}
[10.920520] (-) TimerEvent: {}
[10.927050] (usb_cam) StdoutLine: {'line': b'-- Installing: /home/cc/ee106a/fa25/class/ee106a-abh/REAL-Real-Steel/install/usb_cam/share/usb_cam/environment/ament_prefix_path.sh\n'}
[10.932163] (usb_cam) StdoutLine: {'line': b'-- Installing: /home/cc/ee106a/fa25/class/ee106a-abh/REAL-Real-Steel/install/usb_cam/share/usb_cam/environment/ament_prefix_path.dsv\n'}
[10.938147] (usb_cam) StdoutLine: {'line': b'-- Installing: /home/cc/ee106a/fa25/class/ee106a-abh/REAL-Real-Steel/install/usb_cam/share/usb_cam/environment/path.sh\n'}
[10.943198] (usb_cam) StdoutLine: {'line': b'-- Installing: /home/cc/ee106a/fa25/class/ee106a-abh/REAL-Real-Steel/install/usb_cam/share/usb_cam/environment/path.dsv\n'}
[10.950238] (usb_cam) StdoutLine: {'line': b'-- Installing: /home/cc/ee106a/fa25/class/ee106a-abh/REAL-Real-Steel/install/usb_cam/share/usb_cam/local_setup.bash\n'}
[10.956920] (usb_cam) StdoutLine: {'line': b'-- Installing: /home/cc/ee106a/fa25/class/ee106a-abh/REAL-Real-Steel/install/usb_cam/share/usb_cam/local_setup.sh\n'}
[10.963915] (usb_cam) StdoutLine: {'line': b'-- Installing: /home/cc/ee106a/fa25/class/ee106a-abh/REAL-Real-Steel/install/usb_cam/share/usb_cam/local_setup.zsh\n'}
[10.970330] (usb_cam) StdoutLine: {'line': b'-- Installing: /home/cc/ee106a/fa25/class/ee106a-abh/REAL-Real-Steel/install/usb_cam/share/usb_cam/local_setup.dsv\n'}
[10.976841] (usb_cam) StdoutLine: {'line': b'-- Installing: /home/cc/ee106a/fa25/class/ee106a-abh/REAL-Real-Steel/install/usb_cam/share/usb_cam/package.dsv\n'}
[10.986511] (usb_cam) StdoutLine: {'line': b'-- Installing: /home/cc/ee106a/fa25/class/ee106a-abh/REAL-Real-Steel/install/usb_cam/share/ament_index/resource_index/packages/usb_cam\n'}
[10.996593] (usb_cam) StdoutLine: {'line': b'-- Installing: /home/cc/ee106a/fa25/class/ee106a-abh/REAL-Real-Steel/install/usb_cam/share/ament_index/resource_index/rclcpp_components/usb_cam\n'}
[11.006118] (usb_cam) StdoutLine: {'line': b'-- Installing: /home/cc/ee106a/fa25/class/ee106a-abh/REAL-Real-Steel/install/usb_cam/share/usb_cam/cmake/ament_cmake_export_libraries-extras.cmake\n'}
[11.012361] (usb_cam) StdoutLine: {'line': b'-- Installing: /home/cc/ee106a/fa25/class/ee106a-abh/REAL-Real-Steel/install/usb_cam/share/usb_cam/cmake/ament_cmake_export_dependencies-extras.cmake\n'}
[11.018369] (usb_cam) StdoutLine: {'line': b'-- Installing: /home/cc/ee106a/fa25/class/ee106a-abh/REAL-Real-Steel/install/usb_cam/share/usb_cam/cmake/ament_cmake_export_include_directories-extras.cmake\n'}
[11.020589] (-) TimerEvent: {}
[11.024693] (usb_cam) StdoutLine: {'line': b'-- Installing: /home/cc/ee106a/fa25/class/ee106a-abh/REAL-Real-Steel/install/usb_cam/share/usb_cam/cmake/usb_camConfig.cmake\n'}
[11.031674] (usb_cam) StdoutLine: {'line': b'-- Installing: /home/cc/ee106a/fa25/class/ee106a-abh/REAL-Real-Steel/install/usb_cam/share/usb_cam/cmake/usb_camConfig-version.cmake\n'}
[11.038452] (usb_cam) StdoutLine: {'line': b'-- Installing: /home/cc/ee106a/fa25/class/ee106a-abh/REAL-Real-Steel/install/usb_cam/share/usb_cam/package.xml\n'}
[11.048928] (usb_cam) CommandEnded: {'returncode': 0}
[11.120701] (-) TimerEvent: {}
[11.139889] (usb_cam) JobEnded: {'identifier': 'usb_cam', 'rc': 0}
[11.143446] (-) EventReactorShutdown: {}
