[0.496s] Invoking command in '/home/cc/ee106a/fa25/class/ee106a-abh/REAL-Real-Steel/build/usb_cam': CMAKE_PREFIX_PATH=${CMAKE_PREFIX_PATH}:/opt/ros/turtlebot3_ws/install/turtlebot3_teleop:/opt/ros/turtlebot3_ws/install/turtlebot3_example:/opt/ros/humble /usr/bin/cmake --build /home/cc/ee106a/fa25/class/ee106a-abh/REAL-Real-Steel/build/usb_cam -- -j32 -l32
[0.620s] [ 14%] Built target usb_cam
[0.627s] [ 50%] Built target gtest
[0.629s] [ 57%] Built target gtest_main
[0.630s] [ 57%] Built target usb_cam_node_exe
[0.688s] [ 78%] Built target usb_cam_node
[0.690s] [100%] Built target test_usb_cam_utils
[0.691s] [100%] Built target test_pixel_formats
[0.715s] Invoked command in '/home/cc/ee106a/fa25/class/ee106a-abh/REAL-Real-Steel/build/usb_cam' returned '0': CMAKE_PREFIX_PATH=${CMAKE_PREFIX_PATH}:/opt/ros/turtlebot3_ws/install/turtlebot3_teleop:/opt/ros/turtlebot3_ws/install/turtlebot3_example:/opt/ros/humble /usr/bin/cmake --build /home/cc/ee106a/fa25/class/ee106a-abh/REAL-Real-Steel/build/usb_cam -- -j32 -l32
[0.727s] Invoking command in '/home/cc/ee106a/fa25/class/ee106a-abh/REAL-Real-Steel/build/usb_cam': CMAKE_PREFIX_PATH=${CMAKE_PREFIX_PATH}:/opt/ros/turtlebot3_ws/install/turtlebot3_teleop:/opt/ros/turtlebot3_ws/install/turtlebot3_example:/opt/ros/humble /usr/bin/cmake --install /home/cc/ee106a/fa25/class/ee106a-abh/REAL-Real-Steel/build/usb_cam
[0.735s] -- Install configuration: ""
[0.736s] -- Up-to-date: /home/cc/ee106a/fa25/class/ee106a-abh/REAL-Real-Steel/install/usb_cam/share/usb_cam/environment/library_path.sh
[0.737s] -- Up-to-date: /home/cc/ee106a/fa25/class/ee106a-abh/REAL-Real-Steel/install/usb_cam/share/usb_cam/environment/library_path.dsv
[0.738s] -- Up-to-date: /home/cc/ee106a/fa25/class/ee106a-abh/REAL-Real-Steel/install/usb_cam/lib/usb_cam/usb_cam_node_exe
[0.743s] -- Up-to-date: /home/cc/ee106a/fa25/class/ee106a-abh/REAL-Real-Steel/install/usb_cam/lib/usb_cam/show_image.py
[0.746s] -- Up-to-date: /home/cc/ee106a/fa25/class/ee106a-abh/REAL-Real-Steel/install/usb_cam/lib/libusb_cam.so
[0.749s] -- Up-to-date: /home/cc/ee106a/fa25/class/ee106a-abh/REAL-Real-Steel/install/usb_cam/lib/libusb_cam_node.so
[0.752s] -- Up-to-date: /home/cc/ee106a/fa25/class/ee106a-abh/REAL-Real-Steel/install/usb_cam/include
[0.754s] -- Up-to-date: /home/cc/ee106a/fa25/class/ee106a-abh/REAL-Real-Steel/install/usb_cam/include/usb_cam
[0.756s] -- Up-to-date: /home/cc/ee106a/fa25/class/ee106a-abh/REAL-Real-Steel/install/usb_cam/include/usb_cam/constants.hpp
[0.756s] -- Up-to-date: /home/cc/ee106a/fa25/class/ee106a-abh/REAL-Real-Steel/install/usb_cam/include/usb_cam/conversions.hpp
[0.757s] -- Up-to-date: /home/cc/ee106a/fa25/class/ee106a-abh/REAL-Real-Steel/install/usb_cam/include/usb_cam/formats
[0.758s] -- Up-to-date: /home/cc/ee106a/fa25/class/ee106a-abh/REAL-Real-Steel/install/usb_cam/include/usb_cam/formats/av_pixel_format_helper.hpp
[0.759s] -- Up-to-date: /home/cc/ee106a/fa25/class/ee106a-abh/REAL-Real-Steel/install/usb_cam/include/usb_cam/formats/m420.hpp
[0.759s] -- Up-to-date: /home/cc/ee106a/fa25/class/ee106a-abh/REAL-Real-Steel/install/usb_cam/include/usb_cam/formats/mjpeg.hpp
[0.761s] -- Up-to-date: /home/cc/ee106a/fa25/class/ee106a-abh/REAL-Real-Steel/install/usb_cam/include/usb_cam/formats/mono.hpp
[0.761s] -- Up-to-date: /home/cc/ee106a/fa25/class/ee106a-abh/REAL-Real-Steel/install/usb_cam/include/usb_cam/formats/pixel_format_base.hpp
[0.762s] -- Up-to-date: /home/cc/ee106a/fa25/class/ee106a-abh/REAL-Real-Steel/install/usb_cam/include/usb_cam/formats/rgb.hpp
[0.763s] -- Up-to-date: /home/cc/ee106a/fa25/class/ee106a-abh/REAL-Real-Steel/install/usb_cam/include/usb_cam/formats/utils.hpp
[0.764s] -- Up-to-date: /home/cc/ee106a/fa25/class/ee106a-abh/REAL-Real-Steel/install/usb_cam/include/usb_cam/formats/uyvy.hpp
[0.764s] -- Up-to-date: /home/cc/ee106a/fa25/class/ee106a-abh/REAL-Real-Steel/install/usb_cam/include/usb_cam/formats/yuyv.hpp
[0.766s] -- Up-to-date: /home/cc/ee106a/fa25/class/ee106a-abh/REAL-Real-Steel/install/usb_cam/include/usb_cam/usb_cam.hpp
[0.766s] -- Up-to-date: /home/cc/ee106a/fa25/class/ee106a-abh/REAL-Real-Steel/install/usb_cam/include/usb_cam/usb_cam_node.hpp
[0.768s] -- Up-to-date: /home/cc/ee106a/fa25/class/ee106a-abh/REAL-Real-Steel/install/usb_cam/include/usb_cam/utils.hpp
[0.771s] -- Up-to-date: /home/cc/ee106a/fa25/class/ee106a-abh/REAL-Real-Steel/install/usb_cam/lib/libusb_cam_node.so
[0.774s] -- Up-to-date: /home/cc/ee106a/fa25/class/ee106a-abh/REAL-Real-Steel/install/usb_cam/share/usb_cam/launch
[0.778s] -- Up-to-date: /home/cc/ee106a/fa25/class/ee106a-abh/REAL-Real-Steel/install/usb_cam/share/usb_cam/launch/__init__.py
[0.780s] -- Up-to-date: /home/cc/ee106a/fa25/class/ee106a-abh/REAL-Real-Steel/install/usb_cam/share/usb_cam/launch/camera.launch.py
[0.782s] -- Up-to-date: /home/cc/ee106a/fa25/class/ee106a-abh/REAL-Real-Steel/install/usb_cam/share/usb_cam/launch/camera_config.py
[0.783s] -- Up-to-date: /home/cc/ee106a/fa25/class/ee106a-abh/REAL-Real-Steel/install/usb_cam/share/usb_cam/config
[0.785s] -- Up-to-date: /home/cc/ee106a/fa25/class/ee106a-abh/REAL-Real-Steel/install/usb_cam/share/usb_cam/config/camera_info.yaml
[0.786s] -- Up-to-date: /home/cc/ee106a/fa25/class/ee106a-abh/REAL-Real-Steel/install/usb_cam/share/usb_cam/config/params_1.yaml
[0.788s] -- Up-to-date: /home/cc/ee106a/fa25/class/ee106a-abh/REAL-Real-Steel/install/usb_cam/share/usb_cam/config/params_2.yaml
[0.789s] -- Up-to-date: /home/cc/ee106a/fa25/class/ee106a-abh/REAL-Real-Steel/install/usb_cam/share/ament_index/resource_index/package_run_dependencies/usb_cam
[0.789s] -- Up-to-date: /home/cc/ee106a/fa25/class/ee106a-abh/REAL-Real-Steel/install/usb_cam/share/ament_index/resource_index/parent_prefix_path/usb_cam
[0.791s] -- Up-to-date: /home/cc/ee106a/fa25/class/ee106a-abh/REAL-Real-Steel/install/usb_cam/share/usb_cam/environment/ament_prefix_path.sh
[0.792s] -- Up-to-date: /home/cc/ee106a/fa25/class/ee106a-abh/REAL-Real-Steel/install/usb_cam/share/usb_cam/environment/ament_prefix_path.dsv
[0.792s] -- Up-to-date: /home/cc/ee106a/fa25/class/ee106a-abh/REAL-Real-Steel/install/usb_cam/share/usb_cam/environment/path.sh
[0.793s] -- Up-to-date: /home/cc/ee106a/fa25/class/ee106a-abh/REAL-Real-Steel/install/usb_cam/share/usb_cam/environment/path.dsv
[0.794s] -- Up-to-date: /home/cc/ee106a/fa25/class/ee106a-abh/REAL-Real-Steel/install/usb_cam/share/usb_cam/local_setup.bash
[0.795s] -- Up-to-date: /home/cc/ee106a/fa25/class/ee106a-abh/REAL-Real-Steel/install/usb_cam/share/usb_cam/local_setup.sh
[0.796s] -- Up-to-date: /home/cc/ee106a/fa25/class/ee106a-abh/REAL-Real-Steel/install/usb_cam/share/usb_cam/local_setup.zsh
[0.797s] -- Up-to-date: /home/cc/ee106a/fa25/class/ee106a-abh/REAL-Real-Steel/install/usb_cam/share/usb_cam/local_setup.dsv
[0.798s] -- Installing: /home/cc/ee106a/fa25/class/ee106a-abh/REAL-Real-Steel/install/usb_cam/share/usb_cam/package.dsv
[0.804s] -- Up-to-date: /home/cc/ee106a/fa25/class/ee106a-abh/REAL-Real-Steel/install/usb_cam/share/ament_index/resource_index/packages/usb_cam
[0.805s] -- Up-to-date: /home/cc/ee106a/fa25/class/ee106a-abh/REAL-Real-Steel/install/usb_cam/share/ament_index/resource_index/rclcpp_components/usb_cam
[0.805s] -- Up-to-date: /home/cc/ee106a/fa25/class/ee106a-abh/REAL-Real-Steel/install/usb_cam/share/usb_cam/cmake/ament_cmake_export_libraries-extras.cmake
[0.806s] -- Up-to-date: /home/cc/ee106a/fa25/class/ee106a-abh/REAL-Real-Steel/install/usb_cam/share/usb_cam/cmake/ament_cmake_export_dependencies-extras.cmake
[0.807s] -- Up-to-date: /home/cc/ee106a/fa25/class/ee106a-abh/REAL-Real-Steel/install/usb_cam/share/usb_cam/cmake/ament_cmake_export_include_directories-extras.cmake
[0.808s] -- Up-to-date: /home/cc/ee106a/fa25/class/ee106a-abh/REAL-Real-Steel/install/usb_cam/share/usb_cam/cmake/usb_camConfig.cmake
[0.809s] -- Up-to-date: /home/cc/ee106a/fa25/class/ee106a-abh/REAL-Real-Steel/install/usb_cam/share/usb_cam/cmake/usb_camConfig-version.cmake
[0.810s] -- Up-to-date: /home/cc/ee106a/fa25/class/ee106a-abh/REAL-Real-Steel/install/usb_cam/share/usb_cam/package.xml
[0.816s] Invoked command in '/home/cc/ee106a/fa25/class/ee106a-abh/REAL-Real-Steel/build/usb_cam' returned '0': CMAKE_PREFIX_PATH=${CMAKE_PREFIX_PATH}:/opt/ros/turtlebot3_ws/install/turtlebot3_teleop:/opt/ros/turtlebot3_ws/install/turtlebot3_example:/opt/ros/humble /usr/bin/cmake --install /home/cc/ee106a/fa25/class/ee106a-abh/REAL-Real-Steel/build/usb_cam
