[0.081s] DEBUG:colcon:Command line arguments: ['/usr/bin/colcon', 'build']
[0.081s] DEBUG:colcon:Parsed command line arguments: Namespace(log_base=None, log_level=None, verb_name='build', build_base='build', install_base='install', merge_install=False, symlink_install=False, test_result_base=None, continue_on_error=False, executor='parallel', parallel_workers=32, event_handlers=None, ignore_user_meta=False, metas=['./colcon.meta'], base_paths=['.'], packages_ignore=None, packages_ignore_regex=None, paths=None, packages_up_to=None, packages_up_to_regex=None, packages_above=None, packages_above_and_dependencies=None, packages_above_depth=None, packages_select_by_dep=None, packages_skip_by_dep=None, packages_skip_up_to=None, packages_select_build_failed=False, packages_skip_build_finished=False, packages_select_test_failures=False, packages_skip_test_passed=False, packages_select=None, packages_skip=None, packages_select_regex=None, packages_skip_regex=None, packages_start=None, packages_end=None, cmake_args=None, cmake_target=None, cmake_target_skip_unavailable=False, cmake_clean_cache=False, cmake_clean_first=False, cmake_force_configure=False, ament_cmake_args=None, catkin_cmake_args=None, catkin_skip_building_tests=False, mixin_files=None, mixin=None, verb_parser=<colcon_mixin.mixin.mixin_argument.MixinArgumentDecorator object at 0x7faeccd41b40>, verb_extension=<colcon_core.verb.build.BuildVerb object at 0x7faeccd40ee0>, main=<bound method BuildVerb.main of <colcon_core.verb.build.BuildVerb object at 0x7faeccd40ee0>>, mixin_verb=('build',))
[0.203s] Level 1:colcon.colcon_core.package_discovery:discover_packages(colcon_meta) check parameters
[0.203s] Level 1:colcon.colcon_core.package_discovery:discover_packages(recursive) check parameters
[0.203s] Level 1:colcon.colcon_core.package_discovery:discover_packages(ignore) check parameters
[0.203s] Level 1:colcon.colcon_core.package_discovery:discover_packages(path) check parameters
[0.203s] Level 1:colcon.colcon_core.package_discovery:discover_packages(colcon_meta) discover
[0.204s] Level 1:colcon.colcon_core.package_discovery:discover_packages(recursive) discover
[0.204s] INFO:colcon.colcon_core.package_discovery:Crawling recursively for packages in '/home/cc/ee106a/fa25/class/ee106a-abg/REAL-Real-Steel'
[0.205s] Level 1:colcon.colcon_core.package_identification:_identify(.) by extensions ['ignore', 'ignore_ament_install']
[0.205s] Level 1:colcon.colcon_core.package_identification:_identify(.) by extension 'ignore'
[0.205s] Level 1:colcon.colcon_core.package_identification:_identify(.) by extension 'ignore_ament_install'
[0.205s] Level 1:colcon.colcon_core.package_identification:_identify(.) by extensions ['colcon_pkg']
[0.206s] Level 1:colcon.colcon_core.package_identification:_identify(.) by extension 'colcon_pkg'
[0.206s] Level 1:colcon.colcon_core.package_identification:_identify(.) by extensions ['colcon_meta']
[0.206s] Level 1:colcon.colcon_core.package_identification:_identify(.) by extension 'colcon_meta'
[0.206s] Level 1:colcon.colcon_core.package_identification:_identify(.) by extensions ['ros']
[0.207s] Level 1:colcon.colcon_core.package_identification:_identify(.) by extension 'ros'
[0.214s] Level 1:colcon.colcon_core.package_identification:_identify(.) by extensions ['cmake', 'python']
[0.214s] Level 1:colcon.colcon_core.package_identification:_identify(.) by extension 'cmake'
[0.214s] Level 1:colcon.colcon_core.package_identification:_identify(.) by extension 'python'
[0.215s] Level 1:colcon.colcon_core.package_identification:_identify(.) by extensions ['python_setup_py']
[0.215s] Level 1:colcon.colcon_core.package_identification:_identify(.) by extension 'python_setup_py'
[0.216s] Level 1:colcon.colcon_core.package_identification:_identify(build) by extensions ['ignore', 'ignore_ament_install']
[0.216s] Level 1:colcon.colcon_core.package_identification:_identify(build) by extension 'ignore'
[0.217s] Level 1:colcon.colcon_core.package_identification:_identify(build) ignored
[0.218s] Level 1:colcon.colcon_core.package_identification:_identify(install) by extensions ['ignore', 'ignore_ament_install']
[0.218s] Level 1:colcon.colcon_core.package_identification:_identify(install) by extension 'ignore'
[0.219s] Level 1:colcon.colcon_core.package_identification:_identify(install) ignored
[0.220s] Level 1:colcon.colcon_core.package_identification:_identify(log) by extensions ['ignore', 'ignore_ament_install']
[0.220s] Level 1:colcon.colcon_core.package_identification:_identify(log) by extension 'ignore'
[0.220s] Level 1:colcon.colcon_core.package_identification:_identify(log) ignored
[0.220s] Level 1:colcon.colcon_core.package_identification:_identify(main) by extensions ['ignore', 'ignore_ament_install']
[0.220s] Level 1:colcon.colcon_core.package_identification:_identify(main) by extension 'ignore'
[0.221s] Level 1:colcon.colcon_core.package_identification:_identify(main) by extension 'ignore_ament_install'
[0.221s] Level 1:colcon.colcon_core.package_identification:_identify(main) by extensions ['colcon_pkg']
[0.221s] Level 1:colcon.colcon_core.package_identification:_identify(main) by extension 'colcon_pkg'
[0.221s] Level 1:colcon.colcon_core.package_identification:_identify(main) by extensions ['colcon_meta']
[0.221s] Level 1:colcon.colcon_core.package_identification:_identify(main) by extension 'colcon_meta'
[0.222s] Level 1:colcon.colcon_core.package_identification:_identify(main) by extensions ['ros']
[0.222s] Level 1:colcon.colcon_core.package_identification:_identify(main) by extension 'ros'
[0.222s] Level 1:colcon.colcon_core.package_identification:_identify(main) by extensions ['cmake', 'python']
[0.222s] Level 1:colcon.colcon_core.package_identification:_identify(main) by extension 'cmake'
[0.222s] Level 1:colcon.colcon_core.package_identification:_identify(main) by extension 'python'
[0.223s] Level 1:colcon.colcon_core.package_identification:_identify(main) by extensions ['python_setup_py']
[0.223s] Level 1:colcon.colcon_core.package_identification:_identify(main) by extension 'python_setup_py'
[0.224s] Level 1:colcon.colcon_core.package_identification:_identify(schematics) by extensions ['ignore', 'ignore_ament_install']
[0.224s] Level 1:colcon.colcon_core.package_identification:_identify(schematics) by extension 'ignore'
[0.224s] Level 1:colcon.colcon_core.package_identification:_identify(schematics) by extension 'ignore_ament_install'
[0.225s] Level 1:colcon.colcon_core.package_identification:_identify(schematics) by extensions ['colcon_pkg']
[0.225s] Level 1:colcon.colcon_core.package_identification:_identify(schematics) by extension 'colcon_pkg'
[0.225s] Level 1:colcon.colcon_core.package_identification:_identify(schematics) by extensions ['colcon_meta']
[0.226s] Level 1:colcon.colcon_core.package_identification:_identify(schematics) by extension 'colcon_meta'
[0.226s] Level 1:colcon.colcon_core.package_identification:_identify(schematics) by extensions ['ros']
[0.226s] Level 1:colcon.colcon_core.package_identification:_identify(schematics) by extension 'ros'
[0.226s] Level 1:colcon.colcon_core.package_identification:_identify(schematics) by extensions ['cmake', 'python']
[0.227s] Level 1:colcon.colcon_core.package_identification:_identify(schematics) by extension 'cmake'
[0.227s] Level 1:colcon.colcon_core.package_identification:_identify(schematics) by extension 'python'
[0.227s] Level 1:colcon.colcon_core.package_identification:_identify(schematics) by extensions ['python_setup_py']
[0.227s] Level 1:colcon.colcon_core.package_identification:_identify(schematics) by extension 'python_setup_py'
[0.228s] Level 1:colcon.colcon_core.package_identification:_identify(schematics/schematics-backups) by extensions ['ignore', 'ignore_ament_install']
[0.228s] Level 1:colcon.colcon_core.package_identification:_identify(schematics/schematics-backups) by extension 'ignore'
[0.228s] Level 1:colcon.colcon_core.package_identification:_identify(schematics/schematics-backups) by extension 'ignore_ament_install'
[0.229s] Level 1:colcon.colcon_core.package_identification:_identify(schematics/schematics-backups) by extensions ['colcon_pkg']
[0.229s] Level 1:colcon.colcon_core.package_identification:_identify(schematics/schematics-backups) by extension 'colcon_pkg'
[0.229s] Level 1:colcon.colcon_core.package_identification:_identify(schematics/schematics-backups) by extensions ['colcon_meta']
[0.229s] Level 1:colcon.colcon_core.package_identification:_identify(schematics/schematics-backups) by extension 'colcon_meta'
[0.229s] Level 1:colcon.colcon_core.package_identification:_identify(schematics/schematics-backups) by extensions ['ros']
[0.230s] Level 1:colcon.colcon_core.package_identification:_identify(schematics/schematics-backups) by extension 'ros'
[0.230s] Level 1:colcon.colcon_core.package_identification:_identify(schematics/schematics-backups) by extensions ['cmake', 'python']
[0.230s] Level 1:colcon.colcon_core.package_identification:_identify(schematics/schematics-backups) by extension 'cmake'
[0.230s] Level 1:colcon.colcon_core.package_identification:_identify(schematics/schematics-backups) by extension 'python'
[0.230s] Level 1:colcon.colcon_core.package_identification:_identify(schematics/schematics-backups) by extensions ['python_setup_py']
[0.230s] Level 1:colcon.colcon_core.package_identification:_identify(schematics/schematics-backups) by extension 'python_setup_py'
[0.231s] Level 1:colcon.colcon_core.package_identification:_identify(src) by extensions ['ignore', 'ignore_ament_install']
[0.231s] Level 1:colcon.colcon_core.package_identification:_identify(src) by extension 'ignore'
[0.232s] Level 1:colcon.colcon_core.package_identification:_identify(src) by extension 'ignore_ament_install'
[0.232s] Level 1:colcon.colcon_core.package_identification:_identify(src) by extensions ['colcon_pkg']
[0.232s] Level 1:colcon.colcon_core.package_identification:_identify(src) by extension 'colcon_pkg'
[0.232s] Level 1:colcon.colcon_core.package_identification:_identify(src) by extensions ['colcon_meta']
[0.232s] Level 1:colcon.colcon_core.package_identification:_identify(src) by extension 'colcon_meta'
[0.232s] Level 1:colcon.colcon_core.package_identification:_identify(src) by extensions ['ros']
[0.233s] Level 1:colcon.colcon_core.package_identification:_identify(src) by extension 'ros'
[0.233s] Level 1:colcon.colcon_core.package_identification:_identify(src) by extensions ['cmake', 'python']
[0.233s] Level 1:colcon.colcon_core.package_identification:_identify(src) by extension 'cmake'
[0.233s] Level 1:colcon.colcon_core.package_identification:_identify(src) by extension 'python'
[0.233s] Level 1:colcon.colcon_core.package_identification:_identify(src) by extensions ['python_setup_py']
[0.233s] Level 1:colcon.colcon_core.package_identification:_identify(src) by extension 'python_setup_py'
[0.234s] Level 1:colcon.colcon_core.package_identification:_identify(src/imu_pipe_test) by extensions ['ignore', 'ignore_ament_install']
[0.234s] Level 1:colcon.colcon_core.package_identification:_identify(src/imu_pipe_test) by extension 'ignore'
[0.235s] Level 1:colcon.colcon_core.package_identification:_identify(src/imu_pipe_test) by extension 'ignore_ament_install'
[0.236s] Level 1:colcon.colcon_core.package_identification:_identify(src/imu_pipe_test) by extensions ['colcon_pkg']
[0.236s] Level 1:colcon.colcon_core.package_identification:_identify(src/imu_pipe_test) by extension 'colcon_pkg'
[0.236s] Level 1:colcon.colcon_core.package_identification:_identify(src/imu_pipe_test) by extensions ['colcon_meta']
[0.236s] Level 1:colcon.colcon_core.package_identification:_identify(src/imu_pipe_test) by extension 'colcon_meta'
[0.236s] Level 1:colcon.colcon_core.package_identification:_identify(src/imu_pipe_test) by extensions ['ros']
[0.237s] Level 1:colcon.colcon_core.package_identification:_identify(src/imu_pipe_test) by extension 'ros'
[0.241s] DEBUG:colcon.colcon_core.package_identification:Package 'src/imu_pipe_test' with type 'ros.ament_python' and name 'imu_pipe_test'
[0.241s] Level 1:colcon.colcon_core.package_identification:_identify(src/imu_pipeline) by extensions ['ignore', 'ignore_ament_install']
[0.241s] Level 1:colcon.colcon_core.package_identification:_identify(src/imu_pipeline) by extension 'ignore'
[0.242s] Level 1:colcon.colcon_core.package_identification:_identify(src/imu_pipeline) by extension 'ignore_ament_install'
[0.243s] Level 1:colcon.colcon_core.package_identification:_identify(src/imu_pipeline) by extensions ['colcon_pkg']
[0.243s] Level 1:colcon.colcon_core.package_identification:_identify(src/imu_pipeline) by extension 'colcon_pkg'
[0.243s] Level 1:colcon.colcon_core.package_identification:_identify(src/imu_pipeline) by extensions ['colcon_meta']
[0.243s] Level 1:colcon.colcon_core.package_identification:_identify(src/imu_pipeline) by extension 'colcon_meta'
[0.243s] Level 1:colcon.colcon_core.package_identification:_identify(src/imu_pipeline) by extensions ['ros']
[0.244s] Level 1:colcon.colcon_core.package_identification:_identify(src/imu_pipeline) by extension 'ros'
[0.245s] DEBUG:colcon.colcon_core.package_identification:Failed to parse potential ROS package manifest in'src/imu_pipeline': Error(s) in package 'src/imu_pipeline/package.xml':
The manifest contains invalid XML:
junk after document element: line 2, column 0
[0.246s] Level 1:colcon.colcon_core.package_identification:_identify(src/imu_pipeline) by extensions ['cmake', 'python']
[0.246s] Level 1:colcon.colcon_core.package_identification:_identify(src/imu_pipeline) by extension 'cmake'
[0.246s] Level 1:colcon.colcon_core.package_identification:_identify(src/imu_pipeline) by extension 'python'
[0.247s] DEBUG:colcon.colcon_core.package_identification:Python package in 'src/imu_pipeline' passes arguments to the setup() function which requires a different identification extension than 'python'
[0.247s] Level 1:colcon.colcon_core.package_identification:_identify(src/imu_pipeline) by extensions ['python_setup_py']
[0.247s] Level 1:colcon.colcon_core.package_identification:_identify(src/imu_pipeline) by extension 'python_setup_py'
[0.457s] DEBUG:colcon.colcon_core.package_identification:Package 'src/imu_pipeline' with type 'python' and name 'imu_pipeline'
[0.458s] Level 1:colcon.colcon_core.package_identification:_identify(src/imu_tools) by extensions ['ignore', 'ignore_ament_install']
[0.458s] Level 1:colcon.colcon_core.package_identification:_identify(src/imu_tools) by extension 'ignore'
[0.458s] Level 1:colcon.colcon_core.package_identification:_identify(src/imu_tools) by extension 'ignore_ament_install'
[0.459s] Level 1:colcon.colcon_core.package_identification:_identify(src/imu_tools) by extensions ['colcon_pkg']
[0.459s] Level 1:colcon.colcon_core.package_identification:_identify(src/imu_tools) by extension 'colcon_pkg'
[0.459s] Level 1:colcon.colcon_core.package_identification:_identify(src/imu_tools) by extensions ['colcon_meta']
[0.460s] Level 1:colcon.colcon_core.package_identification:_identify(src/imu_tools) by extension 'colcon_meta'
[0.460s] Level 1:colcon.colcon_core.package_identification:_identify(src/imu_tools) by extensions ['ros']
[0.460s] Level 1:colcon.colcon_core.package_identification:_identify(src/imu_tools) by extension 'ros'
[0.460s] Level 1:colcon.colcon_core.package_identification:_identify(src/imu_tools) by extensions ['cmake', 'python']
[0.460s] Level 1:colcon.colcon_core.package_identification:_identify(src/imu_tools) by extension 'cmake'
[0.460s] Level 1:colcon.colcon_core.package_identification:_identify(src/imu_tools) by extension 'python'
[0.461s] Level 1:colcon.colcon_core.package_identification:_identify(src/imu_tools) by extensions ['python_setup_py']
[0.461s] Level 1:colcon.colcon_core.package_identification:_identify(src/imu_tools) by extension 'python_setup_py'
[0.461s] Level 1:colcon.colcon_core.package_identification:_identify(src/imu_tools/imu_complementary_filter) by extensions ['ignore', 'ignore_ament_install']
[0.462s] Level 1:colcon.colcon_core.package_identification:_identify(src/imu_tools/imu_complementary_filter) by extension 'ignore'
[0.462s] Level 1:colcon.colcon_core.package_identification:_identify(src/imu_tools/imu_complementary_filter) by extension 'ignore_ament_install'
[0.462s] Level 1:colcon.colcon_core.package_identification:_identify(src/imu_tools/imu_complementary_filter) by extensions ['colcon_pkg']
[0.462s] Level 1:colcon.colcon_core.package_identification:_identify(src/imu_tools/imu_complementary_filter) by extension 'colcon_pkg'
[0.462s] Level 1:colcon.colcon_core.package_identification:_identify(src/imu_tools/imu_complementary_filter) by extensions ['colcon_meta']
[0.463s] Level 1:colcon.colcon_core.package_identification:_identify(src/imu_tools/imu_complementary_filter) by extension 'colcon_meta'
[0.463s] Level 1:colcon.colcon_core.package_identification:_identify(src/imu_tools/imu_complementary_filter) by extensions ['ros']
[0.463s] Level 1:colcon.colcon_core.package_identification:_identify(src/imu_tools/imu_complementary_filter) by extension 'ros'
[0.464s] DEBUG:colcon.colcon_core.package_identification:Package 'src/imu_tools/imu_complementary_filter' with type 'ros.ament_cmake' and name 'imu_complementary_filter'
[0.465s] Level 1:colcon.colcon_core.package_identification:_identify(src/imu_tools/imu_filter_madgwick) by extensions ['ignore', 'ignore_ament_install']
[0.465s] Level 1:colcon.colcon_core.package_identification:_identify(src/imu_tools/imu_filter_madgwick) by extension 'ignore'
[0.465s] Level 1:colcon.colcon_core.package_identification:_identify(src/imu_tools/imu_filter_madgwick) by extension 'ignore_ament_install'
[0.466s] Level 1:colcon.colcon_core.package_identification:_identify(src/imu_tools/imu_filter_madgwick) by extensions ['colcon_pkg']
[0.466s] Level 1:colcon.colcon_core.package_identification:_identify(src/imu_tools/imu_filter_madgwick) by extension 'colcon_pkg'
[0.466s] Level 1:colcon.colcon_core.package_identification:_identify(src/imu_tools/imu_filter_madgwick) by extensions ['colcon_meta']
[0.466s] Level 1:colcon.colcon_core.package_identification:_identify(src/imu_tools/imu_filter_madgwick) by extension 'colcon_meta'
[0.466s] Level 1:colcon.colcon_core.package_identification:_identify(src/imu_tools/imu_filter_madgwick) by extensions ['ros']
[0.467s] Level 1:colcon.colcon_core.package_identification:_identify(src/imu_tools/imu_filter_madgwick) by extension 'ros'
[0.468s] DEBUG:colcon.colcon_core.package_identification:Package 'src/imu_tools/imu_filter_madgwick' with type 'ros.ament_cmake' and name 'imu_filter_madgwick'
[0.468s] Level 1:colcon.colcon_core.package_identification:_identify(src/imu_tools/imu_tools) by extensions ['ignore', 'ignore_ament_install']
[0.469s] Level 1:colcon.colcon_core.package_identification:_identify(src/imu_tools/imu_tools) by extension 'ignore'
[0.469s] Level 1:colcon.colcon_core.package_identification:_identify(src/imu_tools/imu_tools) by extension 'ignore_ament_install'
[0.469s] Level 1:colcon.colcon_core.package_identification:_identify(src/imu_tools/imu_tools) by extensions ['colcon_pkg']
[0.470s] Level 1:colcon.colcon_core.package_identification:_identify(src/imu_tools/imu_tools) by extension 'colcon_pkg'
[0.470s] Level 1:colcon.colcon_core.package_identification:_identify(src/imu_tools/imu_tools) by extensions ['colcon_meta']
[0.470s] Level 1:colcon.colcon_core.package_identification:_identify(src/imu_tools/imu_tools) by extension 'colcon_meta'
[0.470s] Level 1:colcon.colcon_core.package_identification:_identify(src/imu_tools/imu_tools) by extensions ['ros']
[0.471s] Level 1:colcon.colcon_core.package_identification:_identify(src/imu_tools/imu_tools) by extension 'ros'
[0.472s] DEBUG:colcon.colcon_core.package_identification:Package 'src/imu_tools/imu_tools' with type 'ros.ament_cmake' and name 'imu_tools'
[0.472s] Level 1:colcon.colcon_core.package_identification:_identify(src/imu_tools/rviz_imu_plugin) by extensions ['ignore', 'ignore_ament_install']
[0.472s] Level 1:colcon.colcon_core.package_identification:_identify(src/imu_tools/rviz_imu_plugin) by extension 'ignore'
[0.473s] Level 1:colcon.colcon_core.package_identification:_identify(src/imu_tools/rviz_imu_plugin) by extension 'ignore_ament_install'
[0.473s] Level 1:colcon.colcon_core.package_identification:_identify(src/imu_tools/rviz_imu_plugin) by extensions ['colcon_pkg']
[0.474s] Level 1:colcon.colcon_core.package_identification:_identify(src/imu_tools/rviz_imu_plugin) by extension 'colcon_pkg'
[0.474s] Level 1:colcon.colcon_core.package_identification:_identify(src/imu_tools/rviz_imu_plugin) by extensions ['colcon_meta']
[0.474s] Level 1:colcon.colcon_core.package_identification:_identify(src/imu_tools/rviz_imu_plugin) by extension 'colcon_meta'
[0.474s] Level 1:colcon.colcon_core.package_identification:_identify(src/imu_tools/rviz_imu_plugin) by extensions ['ros']
[0.475s] Level 1:colcon.colcon_core.package_identification:_identify(src/imu_tools/rviz_imu_plugin) by extension 'ros'
[0.477s] DEBUG:colcon.colcon_core.package_identification:Package 'src/imu_tools/rviz_imu_plugin' with type 'ros.ament_cmake' and name 'rviz_imu_plugin'
[0.477s] Level 1:colcon.colcon_core.package_discovery:discover_packages(recursive) using defaults
[0.477s] Level 1:colcon.colcon_core.package_discovery:discover_packages(ignore) discover
[0.477s] Level 1:colcon.colcon_core.package_discovery:discover_packages(ignore) using defaults
[0.478s] Level 1:colcon.colcon_core.package_discovery:discover_packages(path) discover
[0.478s] Level 1:colcon.colcon_core.package_discovery:discover_packages(path) using defaults
[0.504s] Level 5:colcon.colcon_core.verb:set package 'imu_complementary_filter' build argument 'cmake_args' from command line to 'None'
[0.504s] Level 5:colcon.colcon_core.verb:set package 'imu_complementary_filter' build argument 'cmake_target' from command line to 'None'
[0.504s] Level 5:colcon.colcon_core.verb:set package 'imu_complementary_filter' build argument 'cmake_target_skip_unavailable' from command line to 'False'
[0.504s] Level 5:colcon.colcon_core.verb:set package 'imu_complementary_filter' build argument 'cmake_clean_cache' from command line to 'False'
[0.504s] Level 5:colcon.colcon_core.verb:set package 'imu_complementary_filter' build argument 'cmake_clean_first' from command line to 'False'
[0.504s] Level 5:colcon.colcon_core.verb:set package 'imu_complementary_filter' build argument 'cmake_force_configure' from command line to 'False'
[0.504s] Level 5:colcon.colcon_core.verb:set package 'imu_complementary_filter' build argument 'ament_cmake_args' from command line to 'None'
[0.505s] Level 5:colcon.colcon_core.verb:set package 'imu_complementary_filter' build argument 'catkin_cmake_args' from command line to 'None'
[0.505s] Level 5:colcon.colcon_core.verb:set package 'imu_complementary_filter' build argument 'catkin_skip_building_tests' from command line to 'False'
[0.505s] DEBUG:colcon.colcon_core.verb:Building package 'imu_complementary_filter' with the following arguments: {'ament_cmake_args': None, 'build_base': '/home/cc/ee106a/fa25/class/ee106a-abg/REAL-Real-Steel/build/imu_complementary_filter', 'catkin_cmake_args': None, 'catkin_skip_building_tests': False, 'cmake_args': None, 'cmake_clean_cache': False, 'cmake_clean_first': False, 'cmake_force_configure': False, 'cmake_target': None, 'cmake_target_skip_unavailable': False, 'install_base': '/home/cc/ee106a/fa25/class/ee106a-abg/REAL-Real-Steel/install/imu_complementary_filter', 'merge_install': False, 'path': '/home/cc/ee106a/fa25/class/ee106a-abg/REAL-Real-Steel/src/imu_tools/imu_complementary_filter', 'symlink_install': False, 'test_result_base': None}
[0.506s] Level 5:colcon.colcon_core.verb:set package 'imu_filter_madgwick' build argument 'cmake_args' from command line to 'None'
[0.506s] Level 5:colcon.colcon_core.verb:set package 'imu_filter_madgwick' build argument 'cmake_target' from command line to 'None'
[0.506s] Level 5:colcon.colcon_core.verb:set package 'imu_filter_madgwick' build argument 'cmake_target_skip_unavailable' from command line to 'False'
[0.507s] Level 5:colcon.colcon_core.verb:set package 'imu_filter_madgwick' build argument 'cmake_clean_cache' from command line to 'False'
[0.507s] Level 5:colcon.colcon_core.verb:set package 'imu_filter_madgwick' build argument 'cmake_clean_first' from command line to 'False'
[0.507s] Level 5:colcon.colcon_core.verb:set package 'imu_filter_madgwick' build argument 'cmake_force_configure' from command line to 'False'
[0.507s] Level 5:colcon.colcon_core.verb:set package 'imu_filter_madgwick' build argument 'ament_cmake_args' from command line to 'None'
[0.507s] Level 5:colcon.colcon_core.verb:set package 'imu_filter_madgwick' build argument 'catkin_cmake_args' from command line to 'None'
[0.508s] Level 5:colcon.colcon_core.verb:set package 'imu_filter_madgwick' build argument 'catkin_skip_building_tests' from command line to 'False'
[0.508s] DEBUG:colcon.colcon_core.verb:Building package 'imu_filter_madgwick' with the following arguments: {'ament_cmake_args': None, 'build_base': '/home/cc/ee106a/fa25/class/ee106a-abg/REAL-Real-Steel/build/imu_filter_madgwick', 'catkin_cmake_args': None, 'catkin_skip_building_tests': False, 'cmake_args': None, 'cmake_clean_cache': False, 'cmake_clean_first': False, 'cmake_force_configure': False, 'cmake_target': None, 'cmake_target_skip_unavailable': False, 'install_base': '/home/cc/ee106a/fa25/class/ee106a-abg/REAL-Real-Steel/install/imu_filter_madgwick', 'merge_install': False, 'path': '/home/cc/ee106a/fa25/class/ee106a-abg/REAL-Real-Steel/src/imu_tools/imu_filter_madgwick', 'symlink_install': False, 'test_result_base': None}
[0.509s] Level 5:colcon.colcon_core.verb:set package 'imu_pipeline' build argument 'cmake_args' from command line to 'None'
[0.509s] Level 5:colcon.colcon_core.verb:set package 'imu_pipeline' build argument 'cmake_target' from command line to 'None'
[0.509s] Level 5:colcon.colcon_core.verb:set package 'imu_pipeline' build argument 'cmake_target_skip_unavailable' from command line to 'False'
[0.509s] Level 5:colcon.colcon_core.verb:set package 'imu_pipeline' build argument 'cmake_clean_cache' from command line to 'False'
[0.509s] Level 5:colcon.colcon_core.verb:set package 'imu_pipeline' build argument 'cmake_clean_first' from command line to 'False'
[0.509s] Level 5:colcon.colcon_core.verb:set package 'imu_pipeline' build argument 'cmake_force_configure' from command line to 'False'
[0.510s] Level 5:colcon.colcon_core.verb:set package 'imu_pipeline' build argument 'ament_cmake_args' from command line to 'None'
[0.510s] Level 5:colcon.colcon_core.verb:set package 'imu_pipeline' build argument 'catkin_cmake_args' from command line to 'None'
[0.510s] Level 5:colcon.colcon_core.verb:set package 'imu_pipeline' build argument 'catkin_skip_building_tests' from command line to 'False'
[0.510s] DEBUG:colcon.colcon_core.verb:Building package 'imu_pipeline' with the following arguments: {'ament_cmake_args': None, 'build_base': '/home/cc/ee106a/fa25/class/ee106a-abg/REAL-Real-Steel/build/imu_pipeline', 'catkin_cmake_args': None, 'catkin_skip_building_tests': False, 'cmake_args': None, 'cmake_clean_cache': False, 'cmake_clean_first': False, 'cmake_force_configure': False, 'cmake_target': None, 'cmake_target_skip_unavailable': False, 'install_base': '/home/cc/ee106a/fa25/class/ee106a-abg/REAL-Real-Steel/install/imu_pipeline', 'merge_install': False, 'path': '/home/cc/ee106a/fa25/class/ee106a-abg/REAL-Real-Steel/src/imu_pipeline', 'symlink_install': False, 'test_result_base': None}
[0.511s] Level 5:colcon.colcon_core.verb:set package 'rviz_imu_plugin' build argument 'cmake_args' from command line to 'None'
[0.511s] Level 5:colcon.colcon_core.verb:set package 'rviz_imu_plugin' build argument 'cmake_target' from command line to 'None'
[0.511s] Level 5:colcon.colcon_core.verb:set package 'rviz_imu_plugin' build argument 'cmake_target_skip_unavailable' from command line to 'False'
[0.511s] Level 5:colcon.colcon_core.verb:set package 'rviz_imu_plugin' build argument 'cmake_clean_cache' from command line to 'False'
[0.511s] Level 5:colcon.colcon_core.verb:set package 'rviz_imu_plugin' build argument 'cmake_clean_first' from command line to 'False'
[0.512s] Level 5:colcon.colcon_core.verb:set package 'rviz_imu_plugin' build argument 'cmake_force_configure' from command line to 'False'
[0.512s] Level 5:colcon.colcon_core.verb:set package 'rviz_imu_plugin' build argument 'ament_cmake_args' from command line to 'None'
[0.512s] Level 5:colcon.colcon_core.verb:set package 'rviz_imu_plugin' build argument 'catkin_cmake_args' from command line to 'None'
[0.512s] Level 5:colcon.colcon_core.verb:set package 'rviz_imu_plugin' build argument 'catkin_skip_building_tests' from command line to 'False'
[0.512s] DEBUG:colcon.colcon_core.verb:Building package 'rviz_imu_plugin' with the following arguments: {'ament_cmake_args': None, 'build_base': '/home/cc/ee106a/fa25/class/ee106a-abg/REAL-Real-Steel/build/rviz_imu_plugin', 'catkin_cmake_args': None, 'catkin_skip_building_tests': False, 'cmake_args': None, 'cmake_clean_cache': False, 'cmake_clean_first': False, 'cmake_force_configure': False, 'cmake_target': None, 'cmake_target_skip_unavailable': False, 'install_base': '/home/cc/ee106a/fa25/class/ee106a-abg/REAL-Real-Steel/install/rviz_imu_plugin', 'merge_install': False, 'path': '/home/cc/ee106a/fa25/class/ee106a-abg/REAL-Real-Steel/src/imu_tools/rviz_imu_plugin', 'symlink_install': False, 'test_result_base': None}
[0.513s] Level 5:colcon.colcon_core.verb:set package 'imu_pipe_test' build argument 'cmake_args' from command line to 'None'
[0.513s] Level 5:colcon.colcon_core.verb:set package 'imu_pipe_test' build argument 'cmake_target' from command line to 'None'
[0.513s] Level 5:colcon.colcon_core.verb:set package 'imu_pipe_test' build argument 'cmake_target_skip_unavailable' from command line to 'False'
[0.513s] Level 5:colcon.colcon_core.verb:set package 'imu_pipe_test' build argument 'cmake_clean_cache' from command line to 'False'
[0.514s] Level 5:colcon.colcon_core.verb:set package 'imu_pipe_test' build argument 'cmake_clean_first' from command line to 'False'
[0.514s] Level 5:colcon.colcon_core.verb:set package 'imu_pipe_test' build argument 'cmake_force_configure' from command line to 'False'
[0.514s] Level 5:colcon.colcon_core.verb:set package 'imu_pipe_test' build argument 'ament_cmake_args' from command line to 'None'
[0.514s] Level 5:colcon.colcon_core.verb:set package 'imu_pipe_test' build argument 'catkin_cmake_args' from command line to 'None'
[0.514s] Level 5:colcon.colcon_core.verb:set package 'imu_pipe_test' build argument 'catkin_skip_building_tests' from command line to 'False'
[0.514s] DEBUG:colcon.colcon_core.verb:Building package 'imu_pipe_test' with the following arguments: {'ament_cmake_args': None, 'build_base': '/home/cc/ee106a/fa25/class/ee106a-abg/REAL-Real-Steel/build/imu_pipe_test', 'catkin_cmake_args': None, 'catkin_skip_building_tests': False, 'cmake_args': None, 'cmake_clean_cache': False, 'cmake_clean_first': False, 'cmake_force_configure': False, 'cmake_target': None, 'cmake_target_skip_unavailable': False, 'install_base': '/home/cc/ee106a/fa25/class/ee106a-abg/REAL-Real-Steel/install/imu_pipe_test', 'merge_install': False, 'path': '/home/cc/ee106a/fa25/class/ee106a-abg/REAL-Real-Steel/src/imu_pipe_test', 'symlink_install': False, 'test_result_base': None}
[0.515s] Level 5:colcon.colcon_core.verb:set package 'imu_tools' build argument 'cmake_args' from command line to 'None'
[0.515s] Level 5:colcon.colcon_core.verb:set package 'imu_tools' build argument 'cmake_target' from command line to 'None'
[0.515s] Level 5:colcon.colcon_core.verb:set package 'imu_tools' build argument 'cmake_target_skip_unavailable' from command line to 'False'
[0.516s] Level 5:colcon.colcon_core.verb:set package 'imu_tools' build argument 'cmake_clean_cache' from command line to 'False'
[0.516s] Level 5:colcon.colcon_core.verb:set package 'imu_tools' build argument 'cmake_clean_first' from command line to 'False'
[0.516s] Level 5:colcon.colcon_core.verb:set package 'imu_tools' build argument 'cmake_force_configure' from command line to 'False'
[0.516s] Level 5:colcon.colcon_core.verb:set package 'imu_tools' build argument 'ament_cmake_args' from command line to 'None'
[0.516s] Level 5:colcon.colcon_core.verb:set package 'imu_tools' build argument 'catkin_cmake_args' from command line to 'None'
[0.516s] Level 5:colcon.colcon_core.verb:set package 'imu_tools' build argument 'catkin_skip_building_tests' from command line to 'False'
[0.517s] DEBUG:colcon.colcon_core.verb:Building package 'imu_tools' with the following arguments: {'ament_cmake_args': None, 'build_base': '/home/cc/ee106a/fa25/class/ee106a-abg/REAL-Real-Steel/build/imu_tools', 'catkin_cmake_args': None, 'catkin_skip_building_tests': False, 'cmake_args': None, 'cmake_clean_cache': False, 'cmake_clean_first': False, 'cmake_force_configure': False, 'cmake_target': None, 'cmake_target_skip_unavailable': False, 'install_base': '/home/cc/ee106a/fa25/class/ee106a-abg/REAL-Real-Steel/install/imu_tools', 'merge_install': False, 'path': '/home/cc/ee106a/fa25/class/ee106a-abg/REAL-Real-Steel/src/imu_tools/imu_tools', 'symlink_install': False, 'test_result_base': None}
[0.517s] INFO:colcon.colcon_core.executor:Executing jobs using 'parallel' executor
[0.529s] DEBUG:colcon.colcon_parallel_executor.executor.parallel:run_until_complete
[0.529s] INFO:colcon.colcon_ros.task.ament_cmake.build:Building ROS package in '/home/cc/ee106a/fa25/class/ee106a-abg/REAL-Real-Steel/src/imu_tools/imu_filter_madgwick' with build type 'ament_cmake'
[0.530s] INFO:colcon.colcon_cmake.task.cmake.build:Building CMake package in '/home/cc/ee106a/fa25/class/ee106a-abg/REAL-Real-Steel/src/imu_tools/imu_filter_madgwick'
[0.532s] INFO:colcon.colcon_core.plugin_system:Skipping extension 'colcon_core.shell.bat': Not used on non-Windows systems
[0.532s] INFO:colcon.colcon_core.shell:Skip shell extension 'powershell' for command environment: Not usable outside of PowerShell
[0.532s] DEBUG:colcon.colcon_core.shell:Skip shell extension 'dsv' for command environment
[0.533s] WARNING:colcon.colcon_core.prefix_path.colcon:The path '/home/cc/ee106a/fa25/class/ee106a-abg/REAL-Real-Steel/src/install' in the environment variable COLCON_PREFIX_PATH doesn't exist
[0.534s] WARNING:colcon.colcon_ros.prefix_path.ament:The path '/home/cc/ee106a/fa25/class/ee106a-abg/REAL-Real-Steel/install/imu_tools' in the environment variable AMENT_PREFIX_PATH doesn't exist
[0.534s] WARNING:colcon.colcon_ros.prefix_path.ament:The path '/home/cc/ee106a/fa25/class/ee106a-abg/REAL-Real-Steel/install/rviz_imu_plugin' in the environment variable AMENT_PREFIX_PATH doesn't exist
[0.534s] WARNING:colcon.colcon_ros.prefix_path.ament:The path '/home/cc/ee106a/fa25/class/ee106a-abg/REAL-Real-Steel/install/imu_filter_madgwick' in the environment variable AMENT_PREFIX_PATH doesn't exist
[0.534s] WARNING:colcon.colcon_ros.prefix_path.ament:The path '/home/cc/ee106a/fa25/class/ee106a-abg/REAL-Real-Steel/install/imu_complementary_filter' in the environment variable AMENT_PREFIX_PATH doesn't exist
[0.534s] WARNING:colcon.colcon_ros.prefix_path.ament:The path '/home/cc/ee106a/fa25/class/ee106a-abg/REAL-Real-Steel/src/install/imu_tools' in the environment variable AMENT_PREFIX_PATH doesn't exist
[0.535s] WARNING:colcon.colcon_ros.prefix_path.ament:The path '/home/cc/ee106a/fa25/class/ee106a-abg/REAL-Real-Steel/src/install/rviz_imu_plugin' in the environment variable AMENT_PREFIX_PATH doesn't exist
[0.535s] WARNING:colcon.colcon_ros.prefix_path.ament:The path '/home/cc/ee106a/fa25/class/ee106a-abg/REAL-Real-Steel/src/install/imu_filter_madgwick' in the environment variable AMENT_PREFIX_PATH doesn't exist
[0.535s] WARNING:colcon.colcon_ros.prefix_path.ament:The path '/home/cc/ee106a/fa25/class/ee106a-abg/REAL-Real-Steel/src/install/imu_complementary_filter' in the environment variable AMENT_PREFIX_PATH doesn't exist
[0.537s] WARNING:colcon.colcon_ros.prefix_path.catkin:The path '/home/cc/ee106a/fa25/class/ee106a-abg/REAL-Real-Steel/install/imu_tools' in the environment variable CMAKE_PREFIX_PATH doesn't exist
[0.537s] WARNING:colcon.colcon_ros.prefix_path.catkin:The path '/home/cc/ee106a/fa25/class/ee106a-abg/REAL-Real-Steel/install/rviz_imu_plugin' in the environment variable CMAKE_PREFIX_PATH doesn't exist
[0.537s] WARNING:colcon.colcon_ros.prefix_path.catkin:The path '/home/cc/ee106a/fa25/class/ee106a-abg/REAL-Real-Steel/install/imu_filter_madgwick' in the environment variable CMAKE_PREFIX_PATH doesn't exist
[0.537s] WARNING:colcon.colcon_ros.prefix_path.catkin:The path '/home/cc/ee106a/fa25/class/ee106a-abg/REAL-Real-Steel/install/imu_complementary_filter' in the environment variable CMAKE_PREFIX_PATH doesn't exist
[0.537s] WARNING:colcon.colcon_ros.prefix_path.catkin:The path '/home/cc/ee106a/fa25/class/ee106a-abg/REAL-Real-Steel/src/install/imu_tools' in the environment variable CMAKE_PREFIX_PATH doesn't exist
[0.537s] WARNING:colcon.colcon_ros.prefix_path.catkin:The path '/home/cc/ee106a/fa25/class/ee106a-abg/REAL-Real-Steel/src/install/rviz_imu_plugin' in the environment variable CMAKE_PREFIX_PATH doesn't exist
[0.538s] WARNING:colcon.colcon_ros.prefix_path.catkin:The path '/home/cc/ee106a/fa25/class/ee106a-abg/REAL-Real-Steel/src/install/imu_filter_madgwick' in the environment variable CMAKE_PREFIX_PATH doesn't exist
[0.538s] WARNING:colcon.colcon_ros.prefix_path.catkin:The path '/home/cc/ee106a/fa25/class/ee106a-abg/REAL-Real-Steel/src/install/imu_complementary_filter' in the environment variable CMAKE_PREFIX_PATH doesn't exist
[0.554s] INFO:colcon.colcon_ros.task.ament_cmake.build:Building ROS package in '/home/cc/ee106a/fa25/class/ee106a-abg/REAL-Real-Steel/src/imu_tools/imu_complementary_filter' with build type 'ament_cmake'
[0.554s] INFO:colcon.colcon_cmake.task.cmake.build:Building CMake package in '/home/cc/ee106a/fa25/class/ee106a-abg/REAL-Real-Steel/src/imu_tools/imu_complementary_filter'
[0.555s] INFO:colcon.colcon_core.shell:Skip shell extension 'powershell' for command environment: Not usable outside of PowerShell
[0.555s] DEBUG:colcon.colcon_core.shell:Skip shell extension 'dsv' for command environment
[0.571s] INFO:colcon.colcon_ros.task.ament_cmake.build:Building ROS package in '/home/cc/ee106a/fa25/class/ee106a-abg/REAL-Real-Steel/src/imu_tools/rviz_imu_plugin' with build type 'ament_cmake'
[0.571s] INFO:colcon.colcon_cmake.task.cmake.build:Building CMake package in '/home/cc/ee106a/fa25/class/ee106a-abg/REAL-Real-Steel/src/imu_tools/rviz_imu_plugin'
[0.572s] INFO:colcon.colcon_core.shell:Skip shell extension 'powershell' for command environment: Not usable outside of PowerShell
[0.572s] DEBUG:colcon.colcon_core.shell:Skip shell extension 'dsv' for command environment
[0.587s] INFO:colcon.colcon_core.task.python.build:Building Python package in '/home/cc/ee106a/fa25/class/ee106a-abg/REAL-Real-Steel/src/imu_pipeline'
[0.587s] INFO:colcon.colcon_core.shell:Skip shell extension 'powershell' for command environment: Not usable outside of PowerShell
[0.587s] DEBUG:colcon.colcon_core.shell:Skip shell extension 'dsv' for command environment
[0.619s] DEBUG:colcon.colcon_core.event_handler.log_command:Invoking command in '/home/cc/ee106a/fa25/class/ee106a-abg/REAL-Real-Steel/build/imu_filter_madgwick': CMAKE_PREFIX_PATH=${CMAKE_PREFIX_PATH}:/home/ff/ee106a/robot_workspaces/ur/install/ur7e_utils:/opt/ros/humble /usr/bin/cmake /home/cc/ee106a/fa25/class/ee106a-abg/REAL-Real-Steel/src/imu_tools/imu_filter_madgwick -DCMAKE_INSTALL_PREFIX=/home/cc/ee106a/fa25/class/ee106a-abg/REAL-Real-Steel/install/imu_filter_madgwick
[0.633s] DEBUG:colcon.colcon_core.event_handler.log_command:Invoking command in '/home/cc/ee106a/fa25/class/ee106a-abg/REAL-Real-Steel/build/imu_complementary_filter': CMAKE_PREFIX_PATH=${CMAKE_PREFIX_PATH}:/home/ff/ee106a/robot_workspaces/ur/install/ur7e_utils:/opt/ros/humble /usr/bin/cmake /home/cc/ee106a/fa25/class/ee106a-abg/REAL-Real-Steel/src/imu_tools/imu_complementary_filter -DCMAKE_INSTALL_PREFIX=/home/cc/ee106a/fa25/class/ee106a-abg/REAL-Real-Steel/install/imu_complementary_filter
[0.649s] DEBUG:colcon.colcon_core.event_handler.log_command:Invoking command in '/home/cc/ee106a/fa25/class/ee106a-abg/REAL-Real-Steel/build/rviz_imu_plugin': CMAKE_PREFIX_PATH=${CMAKE_PREFIX_PATH}:/home/ff/ee106a/robot_workspaces/ur/install/ur7e_utils:/opt/ros/humble /usr/bin/cmake /home/cc/ee106a/fa25/class/ee106a-abg/REAL-Real-Steel/src/imu_tools/rviz_imu_plugin -DCMAKE_INSTALL_PREFIX=/home/cc/ee106a/fa25/class/ee106a-abg/REAL-Real-Steel/install/rviz_imu_plugin
[1.347s] DEBUG:colcon.colcon_core.event_handler.log_command:Invoking command in '/home/cc/ee106a/fa25/class/ee106a-abg/REAL-Real-Steel/src/imu_pipeline': PYTHONPATH=/home/cc/ee106a/fa25/class/ee106a-abg/REAL-Real-Steel/build/imu_pipeline/prefix_override:/usr/lib/python3/dist-packages/colcon_core/task/python/colcon_distutils_commands:/home/cc/ee106a/fa25/class/ee106a-abg/REAL-Real-Steel/install/imu_pipeline/lib/python3.10/site-packages:${PYTHONPATH} /usr/bin/python3 -W ignore:setup.py install is deprecated -W ignore:easy_install command is deprecated setup.py egg_info --egg-base ../../build/imu_pipeline build --build-base /home/cc/ee106a/fa25/class/ee106a-abg/REAL-Real-Steel/build/imu_pipeline/build install --record /home/cc/ee106a/fa25/class/ee106a-abg/REAL-Real-Steel/build/imu_pipeline/install.log --single-version-externally-managed install_data
[1.737s] DEBUG:colcon.colcon_core.event_handler.log_command:Invoked command in '/home/cc/ee106a/fa25/class/ee106a-abg/REAL-Real-Steel/src/imu_pipeline' returned '0': PYTHONPATH=/home/cc/ee106a/fa25/class/ee106a-abg/REAL-Real-Steel/build/imu_pipeline/prefix_override:/usr/lib/python3/dist-packages/colcon_core/task/python/colcon_distutils_commands:/home/cc/ee106a/fa25/class/ee106a-abg/REAL-Real-Steel/install/imu_pipeline/lib/python3.10/site-packages:${PYTHONPATH} /usr/bin/python3 -W ignore:setup.py install is deprecated -W ignore:easy_install command is deprecated setup.py egg_info --egg-base ../../build/imu_pipeline build --build-base /home/cc/ee106a/fa25/class/ee106a-abg/REAL-Real-Steel/build/imu_pipeline/build install --record /home/cc/ee106a/fa25/class/ee106a-abg/REAL-Real-Steel/build/imu_pipeline/install.log --single-version-externally-managed install_data
[1.739s] Level 1:colcon.colcon_core.environment:checking '/home/cc/ee106a/fa25/class/ee106a-abg/REAL-Real-Steel/install/imu_pipeline' for CMake module files
[1.745s] Level 1:colcon.colcon_core.environment:checking '/home/cc/ee106a/fa25/class/ee106a-abg/REAL-Real-Steel/install/imu_pipeline' for CMake config files
[1.758s] Level 1:colcon.colcon_core.environment:checking '/home/cc/ee106a/fa25/class/ee106a-abg/REAL-Real-Steel/install/imu_pipeline/lib'
[1.759s] Level 1:colcon.colcon_core.environment:checking '/home/cc/ee106a/fa25/class/ee106a-abg/REAL-Real-Steel/install/imu_pipeline/bin'
[1.759s] Level 1:colcon.colcon_core.environment:checking '/home/cc/ee106a/fa25/class/ee106a-abg/REAL-Real-Steel/install/imu_pipeline/lib/pkgconfig/imu_pipeline.pc'
[1.760s] Level 1:colcon.colcon_core.environment:checking '/home/cc/ee106a/fa25/class/ee106a-abg/REAL-Real-Steel/install/imu_pipeline/lib/python3.10/site-packages'
[1.760s] Level 1:colcon.colcon_core.shell:create_environment_hook('imu_pipeline', 'pythonpath')
[1.761s] INFO:colcon.colcon_core.shell:Creating environment hook '/home/cc/ee106a/fa25/class/ee106a-abg/REAL-Real-Steel/install/imu_pipeline/share/imu_pipeline/hook/pythonpath.ps1'
[1.764s] INFO:colcon.colcon_core.shell:Creating environment descriptor '/home/cc/ee106a/fa25/class/ee106a-abg/REAL-Real-Steel/install/imu_pipeline/share/imu_pipeline/hook/pythonpath.dsv'
[1.768s] INFO:colcon.colcon_core.shell:Creating environment hook '/home/cc/ee106a/fa25/class/ee106a-abg/REAL-Real-Steel/install/imu_pipeline/share/imu_pipeline/hook/pythonpath.sh'
[1.772s] Level 1:colcon.colcon_core.environment:checking '/home/cc/ee106a/fa25/class/ee106a-abg/REAL-Real-Steel/install/imu_pipeline/bin'
[1.772s] Level 1:colcon.colcon_core.environment:create_environment_scripts_only(imu_pipeline)
[1.773s] INFO:colcon.colcon_core.shell:Creating package script '/home/cc/ee106a/fa25/class/ee106a-abg/REAL-Real-Steel/install/imu_pipeline/share/imu_pipeline/package.ps1'
[1.776s] INFO:colcon.colcon_core.shell:Creating package descriptor '/home/cc/ee106a/fa25/class/ee106a-abg/REAL-Real-Steel/install/imu_pipeline/share/imu_pipeline/package.dsv'
[1.779s] INFO:colcon.colcon_core.shell:Creating package script '/home/cc/ee106a/fa25/class/ee106a-abg/REAL-Real-Steel/install/imu_pipeline/share/imu_pipeline/package.sh'
[1.782s] INFO:colcon.colcon_core.shell:Creating package script '/home/cc/ee106a/fa25/class/ee106a-abg/REAL-Real-Steel/install/imu_pipeline/share/imu_pipeline/package.bash'
[1.784s] INFO:colcon.colcon_core.shell:Creating package script '/home/cc/ee106a/fa25/class/ee106a-abg/REAL-Real-Steel/install/imu_pipeline/share/imu_pipeline/package.zsh'
[1.787s] Level 1:colcon.colcon_core.environment:create_file_with_runtime_dependencies(/home/cc/ee106a/fa25/class/ee106a-abg/REAL-Real-Steel/install/imu_pipeline/share/colcon-core/packages/imu_pipeline)
[3.537s] DEBUG:colcon.colcon_core.event_handler.log_command:Invoked command in '/home/cc/ee106a/fa25/class/ee106a-abg/REAL-Real-Steel/build/imu_complementary_filter' returned '0': CMAKE_PREFIX_PATH=${CMAKE_PREFIX_PATH}:/home/ff/ee106a/robot_workspaces/ur/install/ur7e_utils:/opt/ros/humble /usr/bin/cmake /home/cc/ee106a/fa25/class/ee106a-abg/REAL-Real-Steel/src/imu_tools/imu_complementary_filter -DCMAKE_INSTALL_PREFIX=/home/cc/ee106a/fa25/class/ee106a-abg/REAL-Real-Steel/install/imu_complementary_filter
[3.541s] DEBUG:colcon.colcon_core.event_handler.log_command:Invoking command in '/home/cc/ee106a/fa25/class/ee106a-abg/REAL-Real-Steel/build/imu_complementary_filter': CMAKE_PREFIX_PATH=${CMAKE_PREFIX_PATH}:/home/ff/ee106a/robot_workspaces/ur/install/ur7e_utils:/opt/ros/humble /usr/bin/cmake --build /home/cc/ee106a/fa25/class/ee106a-abg/REAL-Real-Steel/build/imu_complementary_filter -- -j32 -l32
[3.901s] DEBUG:colcon.colcon_core.event_handler.log_command:Invoked command in '/home/cc/ee106a/fa25/class/ee106a-abg/REAL-Real-Steel/build/imu_filter_madgwick' returned '0': CMAKE_PREFIX_PATH=${CMAKE_PREFIX_PATH}:/home/ff/ee106a/robot_workspaces/ur/install/ur7e_utils:/opt/ros/humble /usr/bin/cmake /home/cc/ee106a/fa25/class/ee106a-abg/REAL-Real-Steel/src/imu_tools/imu_filter_madgwick -DCMAKE_INSTALL_PREFIX=/home/cc/ee106a/fa25/class/ee106a-abg/REAL-Real-Steel/install/imu_filter_madgwick
[3.905s] DEBUG:colcon.colcon_core.event_handler.log_command:Invoking command in '/home/cc/ee106a/fa25/class/ee106a-abg/REAL-Real-Steel/build/imu_filter_madgwick': CMAKE_PREFIX_PATH=${CMAKE_PREFIX_PATH}:/home/ff/ee106a/robot_workspaces/ur/install/ur7e_utils:/opt/ros/humble /usr/bin/cmake --build /home/cc/ee106a/fa25/class/ee106a-abg/REAL-Real-Steel/build/imu_filter_madgwick -- -j32 -l32
[5.059s] DEBUG:colcon.colcon_core.event_handler.log_command:Invoked command in '/home/cc/ee106a/fa25/class/ee106a-abg/REAL-Real-Steel/build/rviz_imu_plugin' returned '0': CMAKE_PREFIX_PATH=${CMAKE_PREFIX_PATH}:/home/ff/ee106a/robot_workspaces/ur/install/ur7e_utils:/opt/ros/humble /usr/bin/cmake /home/cc/ee106a/fa25/class/ee106a-abg/REAL-Real-Steel/src/imu_tools/rviz_imu_plugin -DCMAKE_INSTALL_PREFIX=/home/cc/ee106a/fa25/class/ee106a-abg/REAL-Real-Steel/install/rviz_imu_plugin
[5.062s] DEBUG:colcon.colcon_core.event_handler.log_command:Invoking command in '/home/cc/ee106a/fa25/class/ee106a-abg/REAL-Real-Steel/build/rviz_imu_plugin': CMAKE_PREFIX_PATH=${CMAKE_PREFIX_PATH}:/home/ff/ee106a/robot_workspaces/ur/install/ur7e_utils:/opt/ros/humble /usr/bin/cmake --build /home/cc/ee106a/fa25/class/ee106a-abg/REAL-Real-Steel/build/rviz_imu_plugin -- -j32 -l32
[15.908s] DEBUG:colcon.colcon_core.event_handler.log_command:Invoked command in '/home/cc/ee106a/fa25/class/ee106a-abg/REAL-Real-Steel/build/imu_complementary_filter' returned '0': CMAKE_PREFIX_PATH=${CMAKE_PREFIX_PATH}:/home/ff/ee106a/robot_workspaces/ur/install/ur7e_utils:/opt/ros/humble /usr/bin/cmake --build /home/cc/ee106a/fa25/class/ee106a-abg/REAL-Real-Steel/build/imu_complementary_filter -- -j32 -l32
[15.933s] DEBUG:colcon.colcon_core.event_handler.log_command:Invoking command in '/home/cc/ee106a/fa25/class/ee106a-abg/REAL-Real-Steel/build/imu_complementary_filter': CMAKE_PREFIX_PATH=${CMAKE_PREFIX_PATH}:/home/ff/ee106a/robot_workspaces/ur/install/ur7e_utils:/opt/ros/humble /usr/bin/cmake --install /home/cc/ee106a/fa25/class/ee106a-abg/REAL-Real-Steel/build/imu_complementary_filter
[16.477s] Level 1:colcon.colcon_core.environment:create_environment_scripts_only(imu_complementary_filter)
[16.477s] DEBUG:colcon.colcon_core.event_handler.log_command:Invoked command in '/home/cc/ee106a/fa25/class/ee106a-abg/REAL-Real-Steel/build/imu_complementary_filter' returned '0': CMAKE_PREFIX_PATH=${CMAKE_PREFIX_PATH}:/home/ff/ee106a/robot_workspaces/ur/install/ur7e_utils:/opt/ros/humble /usr/bin/cmake --install /home/cc/ee106a/fa25/class/ee106a-abg/REAL-Real-Steel/build/imu_complementary_filter
[16.477s] Level 1:colcon.colcon_core.environment:checking '/home/cc/ee106a/fa25/class/ee106a-abg/REAL-Real-Steel/install/imu_complementary_filter' for CMake module files
[16.483s] Level 1:colcon.colcon_core.environment:checking '/home/cc/ee106a/fa25/class/ee106a-abg/REAL-Real-Steel/install/imu_complementary_filter' for CMake config files
[16.488s] Level 1:colcon.colcon_core.shell:create_environment_hook('imu_complementary_filter', 'cmake_prefix_path')
[16.488s] INFO:colcon.colcon_core.shell:Creating environment hook '/home/cc/ee106a/fa25/class/ee106a-abg/REAL-Real-Steel/install/imu_complementary_filter/share/imu_complementary_filter/hook/cmake_prefix_path.ps1'
[16.492s] INFO:colcon.colcon_core.shell:Creating environment descriptor '/home/cc/ee106a/fa25/class/ee106a-abg/REAL-Real-Steel/install/imu_complementary_filter/share/imu_complementary_filter/hook/cmake_prefix_path.dsv'
[16.494s] INFO:colcon.colcon_core.shell:Creating environment hook '/home/cc/ee106a/fa25/class/ee106a-abg/REAL-Real-Steel/install/imu_complementary_filter/share/imu_complementary_filter/hook/cmake_prefix_path.sh'
[16.497s] Level 1:colcon.colcon_core.environment:checking '/home/cc/ee106a/fa25/class/ee106a-abg/REAL-Real-Steel/install/imu_complementary_filter/lib'
[16.498s] Level 1:colcon.colcon_core.shell:create_environment_hook('imu_complementary_filter', 'ld_library_path_lib')
[16.498s] INFO:colcon.colcon_core.shell:Creating environment hook '/home/cc/ee106a/fa25/class/ee106a-abg/REAL-Real-Steel/install/imu_complementary_filter/share/imu_complementary_filter/hook/ld_library_path_lib.ps1'
[16.501s] INFO:colcon.colcon_core.shell:Creating environment descriptor '/home/cc/ee106a/fa25/class/ee106a-abg/REAL-Real-Steel/install/imu_complementary_filter/share/imu_complementary_filter/hook/ld_library_path_lib.dsv'
[16.503s] INFO:colcon.colcon_core.shell:Creating environment hook '/home/cc/ee106a/fa25/class/ee106a-abg/REAL-Real-Steel/install/imu_complementary_filter/share/imu_complementary_filter/hook/ld_library_path_lib.sh'
[16.506s] Level 1:colcon.colcon_core.environment:checking '/home/cc/ee106a/fa25/class/ee106a-abg/REAL-Real-Steel/install/imu_complementary_filter/bin'
[16.506s] Level 1:colcon.colcon_core.environment:checking '/home/cc/ee106a/fa25/class/ee106a-abg/REAL-Real-Steel/install/imu_complementary_filter/lib/pkgconfig/imu_complementary_filter.pc'
[16.507s] Level 1:colcon.colcon_core.environment:checking '/home/cc/ee106a/fa25/class/ee106a-abg/REAL-Real-Steel/install/imu_complementary_filter/lib/python3.10/site-packages'
[16.507s] Level 1:colcon.colcon_core.environment:checking '/home/cc/ee106a/fa25/class/ee106a-abg/REAL-Real-Steel/install/imu_complementary_filter/bin'
[16.508s] INFO:colcon.colcon_core.shell:Creating package script '/home/cc/ee106a/fa25/class/ee106a-abg/REAL-Real-Steel/install/imu_complementary_filter/share/imu_complementary_filter/package.ps1'
[16.511s] INFO:colcon.colcon_core.shell:Creating package descriptor '/home/cc/ee106a/fa25/class/ee106a-abg/REAL-Real-Steel/install/imu_complementary_filter/share/imu_complementary_filter/package.dsv'
[16.513s] INFO:colcon.colcon_core.shell:Creating package script '/home/cc/ee106a/fa25/class/ee106a-abg/REAL-Real-Steel/install/imu_complementary_filter/share/imu_complementary_filter/package.sh'
[16.515s] INFO:colcon.colcon_core.shell:Creating package script '/home/cc/ee106a/fa25/class/ee106a-abg/REAL-Real-Steel/install/imu_complementary_filter/share/imu_complementary_filter/package.bash'
[16.518s] INFO:colcon.colcon_core.shell:Creating package script '/home/cc/ee106a/fa25/class/ee106a-abg/REAL-Real-Steel/install/imu_complementary_filter/share/imu_complementary_filter/package.zsh'
[16.521s] Level 1:colcon.colcon_core.environment:create_file_with_runtime_dependencies(/home/cc/ee106a/fa25/class/ee106a-abg/REAL-Real-Steel/install/imu_complementary_filter/share/colcon-core/packages/imu_complementary_filter)
[16.526s] Level 1:colcon.colcon_core.environment:create_environment_scripts_only(imu_complementary_filter)
[16.526s] Level 1:colcon.colcon_core.environment:checking '/home/cc/ee106a/fa25/class/ee106a-abg/REAL-Real-Steel/install/imu_complementary_filter' for CMake module files
[16.529s] Level 1:colcon.colcon_core.environment:checking '/home/cc/ee106a/fa25/class/ee106a-abg/REAL-Real-Steel/install/imu_complementary_filter' for CMake config files
[16.533s] Level 1:colcon.colcon_core.shell:create_environment_hook('imu_complementary_filter', 'cmake_prefix_path')
[16.533s] INFO:colcon.colcon_core.shell:Creating environment hook '/home/cc/ee106a/fa25/class/ee106a-abg/REAL-Real-Steel/install/imu_complementary_filter/share/imu_complementary_filter/hook/cmake_prefix_path.ps1'
[16.536s] INFO:colcon.colcon_core.shell:Creating environment descriptor '/home/cc/ee106a/fa25/class/ee106a-abg/REAL-Real-Steel/install/imu_complementary_filter/share/imu_complementary_filter/hook/cmake_prefix_path.dsv'
[16.539s] INFO:colcon.colcon_core.shell:Creating environment hook '/home/cc/ee106a/fa25/class/ee106a-abg/REAL-Real-Steel/install/imu_complementary_filter/share/imu_complementary_filter/hook/cmake_prefix_path.sh'
[16.541s] Level 1:colcon.colcon_core.environment:checking '/home/cc/ee106a/fa25/class/ee106a-abg/REAL-Real-Steel/install/imu_complementary_filter/lib'
[16.542s] Level 1:colcon.colcon_core.shell:create_environment_hook('imu_complementary_filter', 'ld_library_path_lib')
[16.542s] INFO:colcon.colcon_core.shell:Creating environment hook '/home/cc/ee106a/fa25/class/ee106a-abg/REAL-Real-Steel/install/imu_complementary_filter/share/imu_complementary_filter/hook/ld_library_path_lib.ps1'
[16.544s] INFO:colcon.colcon_core.shell:Creating environment descriptor '/home/cc/ee106a/fa25/class/ee106a-abg/REAL-Real-Steel/install/imu_complementary_filter/share/imu_complementary_filter/hook/ld_library_path_lib.dsv'
[16.546s] INFO:colcon.colcon_core.shell:Creating environment hook '/home/cc/ee106a/fa25/class/ee106a-abg/REAL-Real-Steel/install/imu_complementary_filter/share/imu_complementary_filter/hook/ld_library_path_lib.sh'
[16.549s] Level 1:colcon.colcon_core.environment:checking '/home/cc/ee106a/fa25/class/ee106a-abg/REAL-Real-Steel/install/imu_complementary_filter/bin'
[16.549s] Level 1:colcon.colcon_core.environment:checking '/home/cc/ee106a/fa25/class/ee106a-abg/REAL-Real-Steel/install/imu_complementary_filter/lib/pkgconfig/imu_complementary_filter.pc'
[16.549s] Level 1:colcon.colcon_core.environment:checking '/home/cc/ee106a/fa25/class/ee106a-abg/REAL-Real-Steel/install/imu_complementary_filter/lib/python3.10/site-packages'
[16.549s] Level 1:colcon.colcon_core.environment:checking '/home/cc/ee106a/fa25/class/ee106a-abg/REAL-Real-Steel/install/imu_complementary_filter/bin'
[16.550s] INFO:colcon.colcon_core.shell:Creating package script '/home/cc/ee106a/fa25/class/ee106a-abg/REAL-Real-Steel/install/imu_complementary_filter/share/imu_complementary_filter/package.ps1'
[16.554s] INFO:colcon.colcon_core.shell:Creating package descriptor '/home/cc/ee106a/fa25/class/ee106a-abg/REAL-Real-Steel/install/imu_complementary_filter/share/imu_complementary_filter/package.dsv'
[16.556s] INFO:colcon.colcon_core.shell:Creating package script '/home/cc/ee106a/fa25/class/ee106a-abg/REAL-Real-Steel/install/imu_complementary_filter/share/imu_complementary_filter/package.sh'
[16.559s] INFO:colcon.colcon_core.shell:Creating package script '/home/cc/ee106a/fa25/class/ee106a-abg/REAL-Real-Steel/install/imu_complementary_filter/share/imu_complementary_filter/package.bash'
[16.562s] INFO:colcon.colcon_core.shell:Creating package script '/home/cc/ee106a/fa25/class/ee106a-abg/REAL-Real-Steel/install/imu_complementary_filter/share/imu_complementary_filter/package.zsh'
[16.565s] Level 1:colcon.colcon_core.environment:create_file_with_runtime_dependencies(/home/cc/ee106a/fa25/class/ee106a-abg/REAL-Real-Steel/install/imu_complementary_filter/share/colcon-core/packages/imu_complementary_filter)
[17.156s] DEBUG:colcon.colcon_core.event_handler.log_command:Invoked command in '/home/cc/ee106a/fa25/class/ee106a-abg/REAL-Real-Steel/build/rviz_imu_plugin' returned '0': CMAKE_PREFIX_PATH=${CMAKE_PREFIX_PATH}:/home/ff/ee106a/robot_workspaces/ur/install/ur7e_utils:/opt/ros/humble /usr/bin/cmake --build /home/cc/ee106a/fa25/class/ee106a-abg/REAL-Real-Steel/build/rviz_imu_plugin -- -j32 -l32
[17.161s] DEBUG:colcon.colcon_core.event_handler.log_command:Invoking command in '/home/cc/ee106a/fa25/class/ee106a-abg/REAL-Real-Steel/build/rviz_imu_plugin': CMAKE_PREFIX_PATH=${CMAKE_PREFIX_PATH}:/home/ff/ee106a/robot_workspaces/ur/install/ur7e_utils:/opt/ros/humble /usr/bin/cmake --install /home/cc/ee106a/fa25/class/ee106a-abg/REAL-Real-Steel/build/rviz_imu_plugin
[17.493s] Level 1:colcon.colcon_core.environment:create_environment_scripts_only(rviz_imu_plugin)
[17.494s] Level 1:colcon.colcon_core.environment:checking '/home/cc/ee106a/fa25/class/ee106a-abg/REAL-Real-Steel/install/rviz_imu_plugin' for CMake module files
[17.494s] DEBUG:colcon.colcon_core.event_handler.log_command:Invoked command in '/home/cc/ee106a/fa25/class/ee106a-abg/REAL-Real-Steel/build/rviz_imu_plugin' returned '0': CMAKE_PREFIX_PATH=${CMAKE_PREFIX_PATH}:/home/ff/ee106a/robot_workspaces/ur/install/ur7e_utils:/opt/ros/humble /usr/bin/cmake --install /home/cc/ee106a/fa25/class/ee106a-abg/REAL-Real-Steel/build/rviz_imu_plugin
[17.498s] Level 1:colcon.colcon_core.environment:checking '/home/cc/ee106a/fa25/class/ee106a-abg/REAL-Real-Steel/install/rviz_imu_plugin' for CMake config files
[17.501s] Level 1:colcon.colcon_core.shell:create_environment_hook('rviz_imu_plugin', 'cmake_prefix_path')
[17.502s] INFO:colcon.colcon_core.shell:Creating environment hook '/home/cc/ee106a/fa25/class/ee106a-abg/REAL-Real-Steel/install/rviz_imu_plugin/share/rviz_imu_plugin/hook/cmake_prefix_path.ps1'
[17.505s] INFO:colcon.colcon_core.shell:Creating environment descriptor '/home/cc/ee106a/fa25/class/ee106a-abg/REAL-Real-Steel/install/rviz_imu_plugin/share/rviz_imu_plugin/hook/cmake_prefix_path.dsv'
[17.508s] INFO:colcon.colcon_core.shell:Creating environment hook '/home/cc/ee106a/fa25/class/ee106a-abg/REAL-Real-Steel/install/rviz_imu_plugin/share/rviz_imu_plugin/hook/cmake_prefix_path.sh'
[17.510s] Level 1:colcon.colcon_core.environment:checking '/home/cc/ee106a/fa25/class/ee106a-abg/REAL-Real-Steel/install/rviz_imu_plugin/lib'
[17.511s] Level 1:colcon.colcon_core.shell:create_environment_hook('rviz_imu_plugin', 'ld_library_path_lib')
[17.511s] INFO:colcon.colcon_core.shell:Creating environment hook '/home/cc/ee106a/fa25/class/ee106a-abg/REAL-Real-Steel/install/rviz_imu_plugin/share/rviz_imu_plugin/hook/ld_library_path_lib.ps1'
[17.515s] INFO:colcon.colcon_core.shell:Creating environment descriptor '/home/cc/ee106a/fa25/class/ee106a-abg/REAL-Real-Steel/install/rviz_imu_plugin/share/rviz_imu_plugin/hook/ld_library_path_lib.dsv'
[17.517s] INFO:colcon.colcon_core.shell:Creating environment hook '/home/cc/ee106a/fa25/class/ee106a-abg/REAL-Real-Steel/install/rviz_imu_plugin/share/rviz_imu_plugin/hook/ld_library_path_lib.sh'
[17.519s] Level 1:colcon.colcon_core.environment:checking '/home/cc/ee106a/fa25/class/ee106a-abg/REAL-Real-Steel/install/rviz_imu_plugin/bin'
[17.519s] Level 1:colcon.colcon_core.environment:checking '/home/cc/ee106a/fa25/class/ee106a-abg/REAL-Real-Steel/install/rviz_imu_plugin/lib/pkgconfig/rviz_imu_plugin.pc'
[17.520s] Level 1:colcon.colcon_core.environment:checking '/home/cc/ee106a/fa25/class/ee106a-abg/REAL-Real-Steel/install/rviz_imu_plugin/lib/python3.10/site-packages'
[17.520s] Level 1:colcon.colcon_core.environment:checking '/home/cc/ee106a/fa25/class/ee106a-abg/REAL-Real-Steel/install/rviz_imu_plugin/bin'
[17.521s] INFO:colcon.colcon_core.shell:Creating package script '/home/cc/ee106a/fa25/class/ee106a-abg/REAL-Real-Steel/install/rviz_imu_plugin/share/rviz_imu_plugin/package.ps1'
[17.524s] INFO:colcon.colcon_core.shell:Creating package descriptor '/home/cc/ee106a/fa25/class/ee106a-abg/REAL-Real-Steel/install/rviz_imu_plugin/share/rviz_imu_plugin/package.dsv'
[17.525s] INFO:colcon.colcon_core.shell:Creating package script '/home/cc/ee106a/fa25/class/ee106a-abg/REAL-Real-Steel/install/rviz_imu_plugin/share/rviz_imu_plugin/package.sh'
[17.528s] INFO:colcon.colcon_core.shell:Creating package script '/home/cc/ee106a/fa25/class/ee106a-abg/REAL-Real-Steel/install/rviz_imu_plugin/share/rviz_imu_plugin/package.bash'
[17.531s] INFO:colcon.colcon_core.shell:Creating package script '/home/cc/ee106a/fa25/class/ee106a-abg/REAL-Real-Steel/install/rviz_imu_plugin/share/rviz_imu_plugin/package.zsh'
[17.532s] Level 1:colcon.colcon_core.environment:create_file_with_runtime_dependencies(/home/cc/ee106a/fa25/class/ee106a-abg/REAL-Real-Steel/install/rviz_imu_plugin/share/colcon-core/packages/rviz_imu_plugin)
[17.538s] Level 1:colcon.colcon_core.environment:create_environment_scripts_only(rviz_imu_plugin)
[17.538s] Level 1:colcon.colcon_core.environment:checking '/home/cc/ee106a/fa25/class/ee106a-abg/REAL-Real-Steel/install/rviz_imu_plugin' for CMake module files
[17.540s] Level 1:colcon.colcon_core.environment:checking '/home/cc/ee106a/fa25/class/ee106a-abg/REAL-Real-Steel/install/rviz_imu_plugin' for CMake config files
[17.542s] Level 1:colcon.colcon_core.shell:create_environment_hook('rviz_imu_plugin', 'cmake_prefix_path')
[17.542s] INFO:colcon.colcon_core.shell:Creating environment hook '/home/cc/ee106a/fa25/class/ee106a-abg/REAL-Real-Steel/install/rviz_imu_plugin/share/rviz_imu_plugin/hook/cmake_prefix_path.ps1'
[17.545s] INFO:colcon.colcon_core.shell:Creating environment descriptor '/home/cc/ee106a/fa25/class/ee106a-abg/REAL-Real-Steel/install/rviz_imu_plugin/share/rviz_imu_plugin/hook/cmake_prefix_path.dsv'
[17.548s] INFO:colcon.colcon_core.shell:Creating environment hook '/home/cc/ee106a/fa25/class/ee106a-abg/REAL-Real-Steel/install/rviz_imu_plugin/share/rviz_imu_plugin/hook/cmake_prefix_path.sh'
[17.550s] Level 1:colcon.colcon_core.environment:checking '/home/cc/ee106a/fa25/class/ee106a-abg/REAL-Real-Steel/install/rviz_imu_plugin/lib'
[17.550s] Level 1:colcon.colcon_core.shell:create_environment_hook('rviz_imu_plugin', 'ld_library_path_lib')
[17.551s] INFO:colcon.colcon_core.shell:Creating environment hook '/home/cc/ee106a/fa25/class/ee106a-abg/REAL-Real-Steel/install/rviz_imu_plugin/share/rviz_imu_plugin/hook/ld_library_path_lib.ps1'
[17.553s] INFO:colcon.colcon_core.shell:Creating environment descriptor '/home/cc/ee106a/fa25/class/ee106a-abg/REAL-Real-Steel/install/rviz_imu_plugin/share/rviz_imu_plugin/hook/ld_library_path_lib.dsv'
[17.556s] INFO:colcon.colcon_core.shell:Creating environment hook '/home/cc/ee106a/fa25/class/ee106a-abg/REAL-Real-Steel/install/rviz_imu_plugin/share/rviz_imu_plugin/hook/ld_library_path_lib.sh'
[17.562s] Level 1:colcon.colcon_core.environment:checking '/home/cc/ee106a/fa25/class/ee106a-abg/REAL-Real-Steel/install/rviz_imu_plugin/bin'
[17.562s] Level 1:colcon.colcon_core.environment:checking '/home/cc/ee106a/fa25/class/ee106a-abg/REAL-Real-Steel/install/rviz_imu_plugin/lib/pkgconfig/rviz_imu_plugin.pc'
[17.562s] Level 1:colcon.colcon_core.environment:checking '/home/cc/ee106a/fa25/class/ee106a-abg/REAL-Real-Steel/install/rviz_imu_plugin/lib/python3.10/site-packages'
[17.562s] Level 1:colcon.colcon_core.environment:checking '/home/cc/ee106a/fa25/class/ee106a-abg/REAL-Real-Steel/install/rviz_imu_plugin/bin'
[17.564s] INFO:colcon.colcon_core.shell:Creating package script '/home/cc/ee106a/fa25/class/ee106a-abg/REAL-Real-Steel/install/rviz_imu_plugin/share/rviz_imu_plugin/package.ps1'
[17.571s] INFO:colcon.colcon_core.shell:Creating package descriptor '/home/cc/ee106a/fa25/class/ee106a-abg/REAL-Real-Steel/install/rviz_imu_plugin/share/rviz_imu_plugin/package.dsv'
[17.577s] INFO:colcon.colcon_core.shell:Creating package script '/home/cc/ee106a/fa25/class/ee106a-abg/REAL-Real-Steel/install/rviz_imu_plugin/share/rviz_imu_plugin/package.sh'
[17.586s] INFO:colcon.colcon_core.shell:Creating package script '/home/cc/ee106a/fa25/class/ee106a-abg/REAL-Real-Steel/install/rviz_imu_plugin/share/rviz_imu_plugin/package.bash'
[17.595s] INFO:colcon.colcon_core.shell:Creating package script '/home/cc/ee106a/fa25/class/ee106a-abg/REAL-Real-Steel/install/rviz_imu_plugin/share/rviz_imu_plugin/package.zsh'
[17.603s] Level 1:colcon.colcon_core.environment:create_file_with_runtime_dependencies(/home/cc/ee106a/fa25/class/ee106a-abg/REAL-Real-Steel/install/rviz_imu_plugin/share/colcon-core/packages/rviz_imu_plugin)
[18.746s] DEBUG:colcon.colcon_core.event_handler.log_command:Invoked command in '/home/cc/ee106a/fa25/class/ee106a-abg/REAL-Real-Steel/build/imu_filter_madgwick' returned '0': CMAKE_PREFIX_PATH=${CMAKE_PREFIX_PATH}:/home/ff/ee106a/robot_workspaces/ur/install/ur7e_utils:/opt/ros/humble /usr/bin/cmake --build /home/cc/ee106a/fa25/class/ee106a-abg/REAL-Real-Steel/build/imu_filter_madgwick -- -j32 -l32
[18.754s] DEBUG:colcon.colcon_core.event_handler.log_command:Invoking command in '/home/cc/ee106a/fa25/class/ee106a-abg/REAL-Real-Steel/build/imu_filter_madgwick': CMAKE_PREFIX_PATH=${CMAKE_PREFIX_PATH}:/home/ff/ee106a/robot_workspaces/ur/install/ur7e_utils:/opt/ros/humble /usr/bin/cmake --install /home/cc/ee106a/fa25/class/ee106a-abg/REAL-Real-Steel/build/imu_filter_madgwick
[19.242s] Level 1:colcon.colcon_core.environment:create_environment_scripts_only(imu_filter_madgwick)
[19.243s] Level 1:colcon.colcon_core.environment:checking '/home/cc/ee106a/fa25/class/ee106a-abg/REAL-Real-Steel/install/imu_filter_madgwick' for CMake module files
[19.244s] DEBUG:colcon.colcon_core.event_handler.log_command:Invoked command in '/home/cc/ee106a/fa25/class/ee106a-abg/REAL-Real-Steel/build/imu_filter_madgwick' returned '0': CMAKE_PREFIX_PATH=${CMAKE_PREFIX_PATH}:/home/ff/ee106a/robot_workspaces/ur/install/ur7e_utils:/opt/ros/humble /usr/bin/cmake --install /home/cc/ee106a/fa25/class/ee106a-abg/REAL-Real-Steel/build/imu_filter_madgwick
[19.249s] Level 1:colcon.colcon_core.environment:checking '/home/cc/ee106a/fa25/class/ee106a-abg/REAL-Real-Steel/install/imu_filter_madgwick' for CMake config files
[19.255s] Level 1:colcon.colcon_core.shell:create_environment_hook('imu_filter_madgwick', 'cmake_prefix_path')
[19.255s] INFO:colcon.colcon_core.shell:Creating environment hook '/home/cc/ee106a/fa25/class/ee106a-abg/REAL-Real-Steel/install/imu_filter_madgwick/share/imu_filter_madgwick/hook/cmake_prefix_path.ps1'
[19.259s] INFO:colcon.colcon_core.shell:Creating environment descriptor '/home/cc/ee106a/fa25/class/ee106a-abg/REAL-Real-Steel/install/imu_filter_madgwick/share/imu_filter_madgwick/hook/cmake_prefix_path.dsv'
[19.261s] INFO:colcon.colcon_core.shell:Creating environment hook '/home/cc/ee106a/fa25/class/ee106a-abg/REAL-Real-Steel/install/imu_filter_madgwick/share/imu_filter_madgwick/hook/cmake_prefix_path.sh'
[19.264s] Level 1:colcon.colcon_core.environment:checking '/home/cc/ee106a/fa25/class/ee106a-abg/REAL-Real-Steel/install/imu_filter_madgwick/lib'
[19.265s] Level 1:colcon.colcon_core.shell:create_environment_hook('imu_filter_madgwick', 'ld_library_path_lib')
[19.265s] INFO:colcon.colcon_core.shell:Creating environment hook '/home/cc/ee106a/fa25/class/ee106a-abg/REAL-Real-Steel/install/imu_filter_madgwick/share/imu_filter_madgwick/hook/ld_library_path_lib.ps1'
[19.268s] INFO:colcon.colcon_core.shell:Creating environment descriptor '/home/cc/ee106a/fa25/class/ee106a-abg/REAL-Real-Steel/install/imu_filter_madgwick/share/imu_filter_madgwick/hook/ld_library_path_lib.dsv'
[19.271s] INFO:colcon.colcon_core.shell:Creating environment hook '/home/cc/ee106a/fa25/class/ee106a-abg/REAL-Real-Steel/install/imu_filter_madgwick/share/imu_filter_madgwick/hook/ld_library_path_lib.sh'
[19.273s] Level 1:colcon.colcon_core.environment:checking '/home/cc/ee106a/fa25/class/ee106a-abg/REAL-Real-Steel/install/imu_filter_madgwick/bin'
[19.274s] Level 1:colcon.colcon_core.environment:checking '/home/cc/ee106a/fa25/class/ee106a-abg/REAL-Real-Steel/install/imu_filter_madgwick/lib/pkgconfig/imu_filter_madgwick.pc'
[19.275s] Level 1:colcon.colcon_core.environment:checking '/home/cc/ee106a/fa25/class/ee106a-abg/REAL-Real-Steel/install/imu_filter_madgwick/lib/python3.10/site-packages'
[19.275s] Level 1:colcon.colcon_core.environment:checking '/home/cc/ee106a/fa25/class/ee106a-abg/REAL-Real-Steel/install/imu_filter_madgwick/bin'
[19.276s] INFO:colcon.colcon_core.shell:Creating package script '/home/cc/ee106a/fa25/class/ee106a-abg/REAL-Real-Steel/install/imu_filter_madgwick/share/imu_filter_madgwick/package.ps1'
[19.279s] INFO:colcon.colcon_core.shell:Creating package descriptor '/home/cc/ee106a/fa25/class/ee106a-abg/REAL-Real-Steel/install/imu_filter_madgwick/share/imu_filter_madgwick/package.dsv'
[19.282s] INFO:colcon.colcon_core.shell:Creating package script '/home/cc/ee106a/fa25/class/ee106a-abg/REAL-Real-Steel/install/imu_filter_madgwick/share/imu_filter_madgwick/package.sh'
[19.284s] INFO:colcon.colcon_core.shell:Creating package script '/home/cc/ee106a/fa25/class/ee106a-abg/REAL-Real-Steel/install/imu_filter_madgwick/share/imu_filter_madgwick/package.bash'
[19.287s] INFO:colcon.colcon_core.shell:Creating package script '/home/cc/ee106a/fa25/class/ee106a-abg/REAL-Real-Steel/install/imu_filter_madgwick/share/imu_filter_madgwick/package.zsh'
[19.289s] Level 1:colcon.colcon_core.environment:create_file_with_runtime_dependencies(/home/cc/ee106a/fa25/class/ee106a-abg/REAL-Real-Steel/install/imu_filter_madgwick/share/colcon-core/packages/imu_filter_madgwick)
[19.295s] Level 1:colcon.colcon_core.environment:create_environment_scripts_only(imu_filter_madgwick)
[19.295s] Level 1:colcon.colcon_core.environment:checking '/home/cc/ee106a/fa25/class/ee106a-abg/REAL-Real-Steel/install/imu_filter_madgwick' for CMake module files
[19.297s] Level 1:colcon.colcon_core.environment:checking '/home/cc/ee106a/fa25/class/ee106a-abg/REAL-Real-Steel/install/imu_filter_madgwick' for CMake config files
[19.301s] Level 1:colcon.colcon_core.shell:create_environment_hook('imu_filter_madgwick', 'cmake_prefix_path')
[19.302s] INFO:colcon.colcon_core.shell:Creating environment hook '/home/cc/ee106a/fa25/class/ee106a-abg/REAL-Real-Steel/install/imu_filter_madgwick/share/imu_filter_madgwick/hook/cmake_prefix_path.ps1'
[19.304s] INFO:colcon.colcon_core.shell:Creating environment descriptor '/home/cc/ee106a/fa25/class/ee106a-abg/REAL-Real-Steel/install/imu_filter_madgwick/share/imu_filter_madgwick/hook/cmake_prefix_path.dsv'
[19.307s] INFO:colcon.colcon_core.shell:Creating environment hook '/home/cc/ee106a/fa25/class/ee106a-abg/REAL-Real-Steel/install/imu_filter_madgwick/share/imu_filter_madgwick/hook/cmake_prefix_path.sh'
[19.310s] Level 1:colcon.colcon_core.environment:checking '/home/cc/ee106a/fa25/class/ee106a-abg/REAL-Real-Steel/install/imu_filter_madgwick/lib'
[19.310s] Level 1:colcon.colcon_core.shell:create_environment_hook('imu_filter_madgwick', 'ld_library_path_lib')
[19.310s] INFO:colcon.colcon_core.shell:Creating environment hook '/home/cc/ee106a/fa25/class/ee106a-abg/REAL-Real-Steel/install/imu_filter_madgwick/share/imu_filter_madgwick/hook/ld_library_path_lib.ps1'
[19.313s] INFO:colcon.colcon_core.shell:Creating environment descriptor '/home/cc/ee106a/fa25/class/ee106a-abg/REAL-Real-Steel/install/imu_filter_madgwick/share/imu_filter_madgwick/hook/ld_library_path_lib.dsv'
[19.315s] INFO:colcon.colcon_core.shell:Creating environment hook '/home/cc/ee106a/fa25/class/ee106a-abg/REAL-Real-Steel/install/imu_filter_madgwick/share/imu_filter_madgwick/hook/ld_library_path_lib.sh'
[19.318s] Level 1:colcon.colcon_core.environment:checking '/home/cc/ee106a/fa25/class/ee106a-abg/REAL-Real-Steel/install/imu_filter_madgwick/bin'
[19.318s] Level 1:colcon.colcon_core.environment:checking '/home/cc/ee106a/fa25/class/ee106a-abg/REAL-Real-Steel/install/imu_filter_madgwick/lib/pkgconfig/imu_filter_madgwick.pc'
[19.319s] Level 1:colcon.colcon_core.environment:checking '/home/cc/ee106a/fa25/class/ee106a-abg/REAL-Real-Steel/install/imu_filter_madgwick/lib/python3.10/site-packages'
[19.319s] Level 1:colcon.colcon_core.environment:checking '/home/cc/ee106a/fa25/class/ee106a-abg/REAL-Real-Steel/install/imu_filter_madgwick/bin'
[19.320s] INFO:colcon.colcon_core.shell:Creating package script '/home/cc/ee106a/fa25/class/ee106a-abg/REAL-Real-Steel/install/imu_filter_madgwick/share/imu_filter_madgwick/package.ps1'
[19.323s] INFO:colcon.colcon_core.shell:Creating package descriptor '/home/cc/ee106a/fa25/class/ee106a-abg/REAL-Real-Steel/install/imu_filter_madgwick/share/imu_filter_madgwick/package.dsv'
[19.326s] INFO:colcon.colcon_core.shell:Creating package script '/home/cc/ee106a/fa25/class/ee106a-abg/REAL-Real-Steel/install/imu_filter_madgwick/share/imu_filter_madgwick/package.sh'
[19.329s] INFO:colcon.colcon_core.shell:Creating package script '/home/cc/ee106a/fa25/class/ee106a-abg/REAL-Real-Steel/install/imu_filter_madgwick/share/imu_filter_madgwick/package.bash'
[19.331s] INFO:colcon.colcon_core.shell:Creating package script '/home/cc/ee106a/fa25/class/ee106a-abg/REAL-Real-Steel/install/imu_filter_madgwick/share/imu_filter_madgwick/package.zsh'
[19.334s] Level 1:colcon.colcon_core.environment:create_file_with_runtime_dependencies(/home/cc/ee106a/fa25/class/ee106a-abg/REAL-Real-Steel/install/imu_filter_madgwick/share/colcon-core/packages/imu_filter_madgwick)
[19.336s] INFO:colcon.colcon_ros.task.ament_python.build:Building ROS package in '/home/cc/ee106a/fa25/class/ee106a-abg/REAL-Real-Steel/src/imu_pipe_test' with build type 'ament_python'
[19.337s] Level 1:colcon.colcon_core.shell:create_environment_hook('imu_pipe_test', 'ament_prefix_path')
[19.337s] INFO:colcon.colcon_core.shell:Creating environment hook '/home/cc/ee106a/fa25/class/ee106a-abg/REAL-Real-Steel/install/imu_pipe_test/share/imu_pipe_test/hook/ament_prefix_path.ps1'
[19.344s] INFO:colcon.colcon_core.shell:Creating environment descriptor '/home/cc/ee106a/fa25/class/ee106a-abg/REAL-Real-Steel/install/imu_pipe_test/share/imu_pipe_test/hook/ament_prefix_path.dsv'
[19.346s] INFO:colcon.colcon_core.shell:Creating environment hook '/home/cc/ee106a/fa25/class/ee106a-abg/REAL-Real-Steel/install/imu_pipe_test/share/imu_pipe_test/hook/ament_prefix_path.sh'
[19.349s] INFO:colcon.colcon_core.shell:Skip shell extension 'powershell' for command environment: Not usable outside of PowerShell
[19.349s] DEBUG:colcon.colcon_core.shell:Skip shell extension 'dsv' for command environment
[19.368s] INFO:colcon.colcon_ros.task.ament_cmake.build:Building ROS package in '/home/cc/ee106a/fa25/class/ee106a-abg/REAL-Real-Steel/src/imu_tools/imu_tools' with build type 'ament_cmake'
[19.368s] INFO:colcon.colcon_cmake.task.cmake.build:Building CMake package in '/home/cc/ee106a/fa25/class/ee106a-abg/REAL-Real-Steel/src/imu_tools/imu_tools'
[19.369s] INFO:colcon.colcon_core.shell:Skip shell extension 'powershell' for command environment: Not usable outside of PowerShell
[19.369s] DEBUG:colcon.colcon_core.shell:Skip shell extension 'dsv' for command environment
[19.621s] INFO:colcon.colcon_core.task.python.build:Building Python package in '/home/cc/ee106a/fa25/class/ee106a-abg/REAL-Real-Steel/src/imu_pipe_test'
[19.621s] INFO:colcon.colcon_core.shell:Skip shell extension 'powershell' for command environment: Not usable outside of PowerShell
[19.621s] DEBUG:colcon.colcon_core.shell:Skip shell extension 'dsv' for command environment
[19.648s] DEBUG:colcon.colcon_core.event_handler.log_command:Invoking command in '/home/cc/ee106a/fa25/class/ee106a-abg/REAL-Real-Steel/build/imu_tools': CMAKE_PREFIX_PATH=/home/cc/ee106a/fa25/class/ee106a-abg/REAL-Real-Steel/install/rviz_imu_plugin:/home/cc/ee106a/fa25/class/ee106a-abg/REAL-Real-Steel/install/imu_filter_madgwick:/home/cc/ee106a/fa25/class/ee106a-abg/REAL-Real-Steel/install/imu_complementary_filter:/home/cc/ee106a/fa25/class/ee106a-abg/REAL-Real-Steel/install/imu_tools:/home/cc/ee106a/fa25/class/ee106a-abg/REAL-Real-Steel/src/install/imu_tools:/home/cc/ee106a/fa25/class/ee106a-abg/REAL-Real-Steel/src/install/rviz_imu_plugin:/home/cc/ee106a/fa25/class/ee106a-abg/REAL-Real-Steel/src/install/imu_filter_madgwick:/home/cc/ee106a/fa25/class/ee106a-abg/REAL-Real-Steel/src/install/imu_complementary_filter:/home/ff/ee106a/robot_workspaces/ur/install/ur7e_utils:/opt/ros/humble /usr/bin/cmake /home/cc/ee106a/fa25/class/ee106a-abg/REAL-Real-Steel/src/imu_tools/imu_tools -DCMAKE_INSTALL_PREFIX=/home/cc/ee106a/fa25/class/ee106a-abg/REAL-Real-Steel/install/imu_tools
[20.003s] DEBUG:colcon.colcon_core.event_handler.log_command:Invoking command in '/home/cc/ee106a/fa25/class/ee106a-abg/REAL-Real-Steel/src/imu_pipe_test': CMAKE_PREFIX_PATH=/home/cc/ee106a/fa25/class/ee106a-abg/REAL-Real-Steel/install/imu_filter_madgwick:/home/cc/ee106a/fa25/class/ee106a-abg/REAL-Real-Steel/install/imu_tools:/home/cc/ee106a/fa25/class/ee106a-abg/REAL-Real-Steel/install/rviz_imu_plugin:/home/cc/ee106a/fa25/class/ee106a-abg/REAL-Real-Steel/install/imu_complementary_filter:/home/cc/ee106a/fa25/class/ee106a-abg/REAL-Real-Steel/src/install/imu_tools:/home/cc/ee106a/fa25/class/ee106a-abg/REAL-Real-Steel/src/install/rviz_imu_plugin:/home/cc/ee106a/fa25/class/ee106a-abg/REAL-Real-Steel/src/install/imu_filter_madgwick:/home/cc/ee106a/fa25/class/ee106a-abg/REAL-Real-Steel/src/install/imu_complementary_filter LD_LIBRARY_PATH=/home/cc/ee106a/fa25/class/ee106a-abg/REAL-Real-Steel/install/imu_filter_madgwick/lib:/home/cc/ee106a/fa25/class/ee106a-abg/REAL-Real-Steel/install/rviz_imu_plugin/lib:/home/cc/ee106a/fa25/class/ee106a-abg/REAL-Real-Steel/install/imu_complementary_filter/lib:/home/cc/ee106a/fa25/class/ee106a-abg/REAL-Real-Steel/src/install/rviz_imu_plugin/lib:/home/cc/ee106a/fa25/class/ee106a-abg/REAL-Real-Steel/src/install/imu_filter_madgwick/lib:/home/cc/ee106a/fa25/class/ee106a-abg/REAL-Real-Steel/src/install/imu_complementary_filter/lib:/home/ff/ee106a/librealsense/build/Release:/usr/lib/x86_64-linux-gnu/gazebo-11/plugins:/opt/ros/humble/opt/rviz_ogre_vendor/lib:/opt/ros/humble/lib/x86_64-linux-gnu:/opt/ros/humble/lib PYTHONPATH=/home/cc/ee106a/fa25/class/ee106a-abg/REAL-Real-Steel/build/imu_pipe_test/prefix_override:/usr/lib/python3/dist-packages/colcon_core/task/python/colcon_distutils_commands:/home/cc/ee106a/fa25/class/ee106a-abg/REAL-Real-Steel/install/imu_pipe_test/lib/python3.10/site-packages:${PYTHONPATH} /usr/bin/python3 -W ignore:setup.py install is deprecated -W ignore:easy_install command is deprecated setup.py egg_info --egg-base ../../build/imu_pipe_test build --build-base /home/cc/ee106a/fa25/class/ee106a-abg/REAL-Real-Steel/build/imu_pipe_test/build install --record /home/cc/ee106a/fa25/class/ee106a-abg/REAL-Real-Steel/build/imu_pipe_test/install.log --single-version-externally-managed install_data
[20.387s] Level 1:colcon.colcon_core.environment:checking '/home/cc/ee106a/fa25/class/ee106a-abg/REAL-Real-Steel/install/imu_pipe_test' for CMake module files
[20.387s] DEBUG:colcon.colcon_core.event_handler.log_command:Invoked command in '/home/cc/ee106a/fa25/class/ee106a-abg/REAL-Real-Steel/src/imu_pipe_test' returned '0': CMAKE_PREFIX_PATH=/home/cc/ee106a/fa25/class/ee106a-abg/REAL-Real-Steel/install/imu_filter_madgwick:/home/cc/ee106a/fa25/class/ee106a-abg/REAL-Real-Steel/install/imu_tools:/home/cc/ee106a/fa25/class/ee106a-abg/REAL-Real-Steel/install/rviz_imu_plugin:/home/cc/ee106a/fa25/class/ee106a-abg/REAL-Real-Steel/install/imu_complementary_filter:/home/cc/ee106a/fa25/class/ee106a-abg/REAL-Real-Steel/src/install/imu_tools:/home/cc/ee106a/fa25/class/ee106a-abg/REAL-Real-Steel/src/install/rviz_imu_plugin:/home/cc/ee106a/fa25/class/ee106a-abg/REAL-Real-Steel/src/install/imu_filter_madgwick:/home/cc/ee106a/fa25/class/ee106a-abg/REAL-Real-Steel/src/install/imu_complementary_filter LD_LIBRARY_PATH=/home/cc/ee106a/fa25/class/ee106a-abg/REAL-Real-Steel/install/imu_filter_madgwick/lib:/home/cc/ee106a/fa25/class/ee106a-abg/REAL-Real-Steel/install/rviz_imu_plugin/lib:/home/cc/ee106a/fa25/class/ee106a-abg/REAL-Real-Steel/install/imu_complementary_filter/lib:/home/cc/ee106a/fa25/class/ee106a-abg/REAL-Real-Steel/src/install/rviz_imu_plugin/lib:/home/cc/ee106a/fa25/class/ee106a-abg/REAL-Real-Steel/src/install/imu_filter_madgwick/lib:/home/cc/ee106a/fa25/class/ee106a-abg/REAL-Real-Steel/src/install/imu_complementary_filter/lib:/home/ff/ee106a/librealsense/build/Release:/usr/lib/x86_64-linux-gnu/gazebo-11/plugins:/opt/ros/humble/opt/rviz_ogre_vendor/lib:/opt/ros/humble/lib/x86_64-linux-gnu:/opt/ros/humble/lib PYTHONPATH=/home/cc/ee106a/fa25/class/ee106a-abg/REAL-Real-Steel/build/imu_pipe_test/prefix_override:/usr/lib/python3/dist-packages/colcon_core/task/python/colcon_distutils_commands:/home/cc/ee106a/fa25/class/ee106a-abg/REAL-Real-Steel/install/imu_pipe_test/lib/python3.10/site-packages:${PYTHONPATH} /usr/bin/python3 -W ignore:setup.py install is deprecated -W ignore:easy_install command is deprecated setup.py egg_info --egg-base ../../build/imu_pipe_test build --build-base /home/cc/ee106a/fa25/class/ee106a-abg/REAL-Real-Steel/build/imu_pipe_test/build install --record /home/cc/ee106a/fa25/class/ee106a-abg/REAL-Real-Steel/build/imu_pipe_test/install.log --single-version-externally-managed install_data
[20.391s] Level 1:colcon.colcon_core.environment:checking '/home/cc/ee106a/fa25/class/ee106a-abg/REAL-Real-Steel/install/imu_pipe_test' for CMake config files
[20.398s] Level 1:colcon.colcon_core.environment:checking '/home/cc/ee106a/fa25/class/ee106a-abg/REAL-Real-Steel/install/imu_pipe_test/lib'
[20.399s] Level 1:colcon.colcon_core.environment:checking '/home/cc/ee106a/fa25/class/ee106a-abg/REAL-Real-Steel/install/imu_pipe_test/bin'
[20.399s] Level 1:colcon.colcon_core.environment:checking '/home/cc/ee106a/fa25/class/ee106a-abg/REAL-Real-Steel/install/imu_pipe_test/lib/pkgconfig/imu_pipe_test.pc'
[20.400s] Level 1:colcon.colcon_core.environment:checking '/home/cc/ee106a/fa25/class/ee106a-abg/REAL-Real-Steel/install/imu_pipe_test/lib/python3.10/site-packages'
[20.400s] Level 1:colcon.colcon_core.shell:create_environment_hook('imu_pipe_test', 'pythonpath')
[20.401s] INFO:colcon.colcon_core.shell:Creating environment hook '/home/cc/ee106a/fa25/class/ee106a-abg/REAL-Real-Steel/install/imu_pipe_test/share/imu_pipe_test/hook/pythonpath.ps1'
[20.404s] INFO:colcon.colcon_core.shell:Creating environment descriptor '/home/cc/ee106a/fa25/class/ee106a-abg/REAL-Real-Steel/install/imu_pipe_test/share/imu_pipe_test/hook/pythonpath.dsv'
[20.406s] INFO:colcon.colcon_core.shell:Creating environment hook '/home/cc/ee106a/fa25/class/ee106a-abg/REAL-Real-Steel/install/imu_pipe_test/share/imu_pipe_test/hook/pythonpath.sh'
[20.409s] Level 1:colcon.colcon_core.environment:checking '/home/cc/ee106a/fa25/class/ee106a-abg/REAL-Real-Steel/install/imu_pipe_test/bin'
[20.409s] Level 1:colcon.colcon_core.environment:create_environment_scripts_only(imu_pipe_test)
[20.411s] INFO:colcon.colcon_core.shell:Creating package script '/home/cc/ee106a/fa25/class/ee106a-abg/REAL-Real-Steel/install/imu_pipe_test/share/imu_pipe_test/package.ps1'
[20.414s] INFO:colcon.colcon_core.shell:Creating package descriptor '/home/cc/ee106a/fa25/class/ee106a-abg/REAL-Real-Steel/install/imu_pipe_test/share/imu_pipe_test/package.dsv'
[20.417s] INFO:colcon.colcon_core.shell:Creating package script '/home/cc/ee106a/fa25/class/ee106a-abg/REAL-Real-Steel/install/imu_pipe_test/share/imu_pipe_test/package.sh'
[20.420s] INFO:colcon.colcon_core.shell:Creating package script '/home/cc/ee106a/fa25/class/ee106a-abg/REAL-Real-Steel/install/imu_pipe_test/share/imu_pipe_test/package.bash'
[20.423s] INFO:colcon.colcon_core.shell:Creating package script '/home/cc/ee106a/fa25/class/ee106a-abg/REAL-Real-Steel/install/imu_pipe_test/share/imu_pipe_test/package.zsh'
[20.426s] Level 1:colcon.colcon_core.environment:create_file_with_runtime_dependencies(/home/cc/ee106a/fa25/class/ee106a-abg/REAL-Real-Steel/install/imu_pipe_test/share/colcon-core/packages/imu_pipe_test)
[21.251s] DEBUG:colcon.colcon_core.event_handler.log_command:Invoked command in '/home/cc/ee106a/fa25/class/ee106a-abg/REAL-Real-Steel/build/imu_tools' returned '0': CMAKE_PREFIX_PATH=/home/cc/ee106a/fa25/class/ee106a-abg/REAL-Real-Steel/install/rviz_imu_plugin:/home/cc/ee106a/fa25/class/ee106a-abg/REAL-Real-Steel/install/imu_filter_madgwick:/home/cc/ee106a/fa25/class/ee106a-abg/REAL-Real-Steel/install/imu_complementary_filter:/home/cc/ee106a/fa25/class/ee106a-abg/REAL-Real-Steel/install/imu_tools:/home/cc/ee106a/fa25/class/ee106a-abg/REAL-Real-Steel/src/install/imu_tools:/home/cc/ee106a/fa25/class/ee106a-abg/REAL-Real-Steel/src/install/rviz_imu_plugin:/home/cc/ee106a/fa25/class/ee106a-abg/REAL-Real-Steel/src/install/imu_filter_madgwick:/home/cc/ee106a/fa25/class/ee106a-abg/REAL-Real-Steel/src/install/imu_complementary_filter:/home/ff/ee106a/robot_workspaces/ur/install/ur7e_utils:/opt/ros/humble /usr/bin/cmake /home/cc/ee106a/fa25/class/ee106a-abg/REAL-Real-Steel/src/imu_tools/imu_tools -DCMAKE_INSTALL_PREFIX=/home/cc/ee106a/fa25/class/ee106a-abg/REAL-Real-Steel/install/imu_tools
[21.256s] DEBUG:colcon.colcon_core.event_handler.log_command:Invoking command in '/home/cc/ee106a/fa25/class/ee106a-abg/REAL-Real-Steel/build/imu_tools': CMAKE_PREFIX_PATH=/home/cc/ee106a/fa25/class/ee106a-abg/REAL-Real-Steel/install/rviz_imu_plugin:/home/cc/ee106a/fa25/class/ee106a-abg/REAL-Real-Steel/install/imu_filter_madgwick:/home/cc/ee106a/fa25/class/ee106a-abg/REAL-Real-Steel/install/imu_complementary_filter:/home/cc/ee106a/fa25/class/ee106a-abg/REAL-Real-Steel/install/imu_tools:/home/cc/ee106a/fa25/class/ee106a-abg/REAL-Real-Steel/src/install/imu_tools:/home/cc/ee106a/fa25/class/ee106a-abg/REAL-Real-Steel/src/install/rviz_imu_plugin:/home/cc/ee106a/fa25/class/ee106a-abg/REAL-Real-Steel/src/install/imu_filter_madgwick:/home/cc/ee106a/fa25/class/ee106a-abg/REAL-Real-Steel/src/install/imu_complementary_filter:/home/ff/ee106a/robot_workspaces/ur/install/ur7e_utils:/opt/ros/humble /usr/bin/cmake --build /home/cc/ee106a/fa25/class/ee106a-abg/REAL-Real-Steel/build/imu_tools -- -j32 -l32
[21.362s] DEBUG:colcon.colcon_core.event_handler.log_command:Invoked command in '/home/cc/ee106a/fa25/class/ee106a-abg/REAL-Real-Steel/build/imu_tools' returned '0': CMAKE_PREFIX_PATH=/home/cc/ee106a/fa25/class/ee106a-abg/REAL-Real-Steel/install/rviz_imu_plugin:/home/cc/ee106a/fa25/class/ee106a-abg/REAL-Real-Steel/install/imu_filter_madgwick:/home/cc/ee106a/fa25/class/ee106a-abg/REAL-Real-Steel/install/imu_complementary_filter:/home/cc/ee106a/fa25/class/ee106a-abg/REAL-Real-Steel/install/imu_tools:/home/cc/ee106a/fa25/class/ee106a-abg/REAL-Real-Steel/src/install/imu_tools:/home/cc/ee106a/fa25/class/ee106a-abg/REAL-Real-Steel/src/install/rviz_imu_plugin:/home/cc/ee106a/fa25/class/ee106a-abg/REAL-Real-Steel/src/install/imu_filter_madgwick:/home/cc/ee106a/fa25/class/ee106a-abg/REAL-Real-Steel/src/install/imu_complementary_filter:/home/ff/ee106a/robot_workspaces/ur/install/ur7e_utils:/opt/ros/humble /usr/bin/cmake --build /home/cc/ee106a/fa25/class/ee106a-abg/REAL-Real-Steel/build/imu_tools -- -j32 -l32
[21.368s] DEBUG:colcon.colcon_core.event_handler.log_command:Invoking command in '/home/cc/ee106a/fa25/class/ee106a-abg/REAL-Real-Steel/build/imu_tools': CMAKE_PREFIX_PATH=/home/cc/ee106a/fa25/class/ee106a-abg/REAL-Real-Steel/install/rviz_imu_plugin:/home/cc/ee106a/fa25/class/ee106a-abg/REAL-Real-Steel/install/imu_filter_madgwick:/home/cc/ee106a/fa25/class/ee106a-abg/REAL-Real-Steel/install/imu_complementary_filter:/home/cc/ee106a/fa25/class/ee106a-abg/REAL-Real-Steel/install/imu_tools:/home/cc/ee106a/fa25/class/ee106a-abg/REAL-Real-Steel/src/install/imu_tools:/home/cc/ee106a/fa25/class/ee106a-abg/REAL-Real-Steel/src/install/rviz_imu_plugin:/home/cc/ee106a/fa25/class/ee106a-abg/REAL-Real-Steel/src/install/imu_filter_madgwick:/home/cc/ee106a/fa25/class/ee106a-abg/REAL-Real-Steel/src/install/imu_complementary_filter:/home/ff/ee106a/robot_workspaces/ur/install/ur7e_utils:/opt/ros/humble /usr/bin/cmake --install /home/cc/ee106a/fa25/class/ee106a-abg/REAL-Real-Steel/build/imu_tools
[21.510s] Level 1:colcon.colcon_core.environment:create_environment_scripts_only(imu_tools)
[21.510s] DEBUG:colcon.colcon_core.event_handler.log_command:Invoked command in '/home/cc/ee106a/fa25/class/ee106a-abg/REAL-Real-Steel/build/imu_tools' returned '0': CMAKE_PREFIX_PATH=/home/cc/ee106a/fa25/class/ee106a-abg/REAL-Real-Steel/install/rviz_imu_plugin:/home/cc/ee106a/fa25/class/ee106a-abg/REAL-Real-Steel/install/imu_filter_madgwick:/home/cc/ee106a/fa25/class/ee106a-abg/REAL-Real-Steel/install/imu_complementary_filter:/home/cc/ee106a/fa25/class/ee106a-abg/REAL-Real-Steel/install/imu_tools:/home/cc/ee106a/fa25/class/ee106a-abg/REAL-Real-Steel/src/install/imu_tools:/home/cc/ee106a/fa25/class/ee106a-abg/REAL-Real-Steel/src/install/rviz_imu_plugin:/home/cc/ee106a/fa25/class/ee106a-abg/REAL-Real-Steel/src/install/imu_filter_madgwick:/home/cc/ee106a/fa25/class/ee106a-abg/REAL-Real-Steel/src/install/imu_complementary_filter:/home/ff/ee106a/robot_workspaces/ur/install/ur7e_utils:/opt/ros/humble /usr/bin/cmake --install /home/cc/ee106a/fa25/class/ee106a-abg/REAL-Real-Steel/build/imu_tools
[21.511s] Level 1:colcon.colcon_core.environment:checking '/home/cc/ee106a/fa25/class/ee106a-abg/REAL-Real-Steel/install/imu_tools' for CMake module files
[21.516s] Level 1:colcon.colcon_core.environment:checking '/home/cc/ee106a/fa25/class/ee106a-abg/REAL-Real-Steel/install/imu_tools' for CMake config files
[21.523s] Level 1:colcon.colcon_core.shell:create_environment_hook('imu_tools', 'cmake_prefix_path')
[21.523s] INFO:colcon.colcon_core.shell:Creating environment hook '/home/cc/ee106a/fa25/class/ee106a-abg/REAL-Real-Steel/install/imu_tools/share/imu_tools/hook/cmake_prefix_path.ps1'
[21.527s] INFO:colcon.colcon_core.shell:Creating environment descriptor '/home/cc/ee106a/fa25/class/ee106a-abg/REAL-Real-Steel/install/imu_tools/share/imu_tools/hook/cmake_prefix_path.dsv'
[21.530s] INFO:colcon.colcon_core.shell:Creating environment hook '/home/cc/ee106a/fa25/class/ee106a-abg/REAL-Real-Steel/install/imu_tools/share/imu_tools/hook/cmake_prefix_path.sh'
[21.534s] Level 1:colcon.colcon_core.environment:checking '/home/cc/ee106a/fa25/class/ee106a-abg/REAL-Real-Steel/install/imu_tools/bin'
[21.534s] Level 1:colcon.colcon_core.environment:checking '/home/cc/ee106a/fa25/class/ee106a-abg/REAL-Real-Steel/install/imu_tools/lib/pkgconfig/imu_tools.pc'
[21.535s] Level 1:colcon.colcon_core.environment:checking '/home/cc/ee106a/fa25/class/ee106a-abg/REAL-Real-Steel/install/imu_tools/lib/python3.10/site-packages'
[21.535s] Level 1:colcon.colcon_core.environment:checking '/home/cc/ee106a/fa25/class/ee106a-abg/REAL-Real-Steel/install/imu_tools/bin'
[21.536s] INFO:colcon.colcon_core.shell:Creating package script '/home/cc/ee106a/fa25/class/ee106a-abg/REAL-Real-Steel/install/imu_tools/share/imu_tools/package.ps1'
[21.539s] INFO:colcon.colcon_core.shell:Creating package descriptor '/home/cc/ee106a/fa25/class/ee106a-abg/REAL-Real-Steel/install/imu_tools/share/imu_tools/package.dsv'
[21.542s] INFO:colcon.colcon_core.shell:Creating package script '/home/cc/ee106a/fa25/class/ee106a-abg/REAL-Real-Steel/install/imu_tools/share/imu_tools/package.sh'
[21.544s] INFO:colcon.colcon_core.shell:Creating package script '/home/cc/ee106a/fa25/class/ee106a-abg/REAL-Real-Steel/install/imu_tools/share/imu_tools/package.bash'
[21.547s] INFO:colcon.colcon_core.shell:Creating package script '/home/cc/ee106a/fa25/class/ee106a-abg/REAL-Real-Steel/install/imu_tools/share/imu_tools/package.zsh'
[21.550s] Level 1:colcon.colcon_core.environment:create_file_with_runtime_dependencies(/home/cc/ee106a/fa25/class/ee106a-abg/REAL-Real-Steel/install/imu_tools/share/colcon-core/packages/imu_tools)
[21.556s] Level 1:colcon.colcon_core.environment:create_environment_scripts_only(imu_tools)
[21.556s] Level 1:colcon.colcon_core.environment:checking '/home/cc/ee106a/fa25/class/ee106a-abg/REAL-Real-Steel/install/imu_tools' for CMake module files
[21.558s] Level 1:colcon.colcon_core.environment:checking '/home/cc/ee106a/fa25/class/ee106a-abg/REAL-Real-Steel/install/imu_tools' for CMake config files
[21.563s] Level 1:colcon.colcon_core.shell:create_environment_hook('imu_tools', 'cmake_prefix_path')
[21.563s] INFO:colcon.colcon_core.shell:Creating environment hook '/home/cc/ee106a/fa25/class/ee106a-abg/REAL-Real-Steel/install/imu_tools/share/imu_tools/hook/cmake_prefix_path.ps1'
[21.566s] INFO:colcon.colcon_core.shell:Creating environment descriptor '/home/cc/ee106a/fa25/class/ee106a-abg/REAL-Real-Steel/install/imu_tools/share/imu_tools/hook/cmake_prefix_path.dsv'
[21.569s] INFO:colcon.colcon_core.shell:Creating environment hook '/home/cc/ee106a/fa25/class/ee106a-abg/REAL-Real-Steel/install/imu_tools/share/imu_tools/hook/cmake_prefix_path.sh'
[21.573s] Level 1:colcon.colcon_core.environment:checking '/home/cc/ee106a/fa25/class/ee106a-abg/REAL-Real-Steel/install/imu_tools/bin'
[21.573s] Level 1:colcon.colcon_core.environment:checking '/home/cc/ee106a/fa25/class/ee106a-abg/REAL-Real-Steel/install/imu_tools/lib/pkgconfig/imu_tools.pc'
[21.574s] Level 1:colcon.colcon_core.environment:checking '/home/cc/ee106a/fa25/class/ee106a-abg/REAL-Real-Steel/install/imu_tools/lib/python3.10/site-packages'
[21.574s] Level 1:colcon.colcon_core.environment:checking '/home/cc/ee106a/fa25/class/ee106a-abg/REAL-Real-Steel/install/imu_tools/bin'
[21.575s] INFO:colcon.colcon_core.shell:Creating package script '/home/cc/ee106a/fa25/class/ee106a-abg/REAL-Real-Steel/install/imu_tools/share/imu_tools/package.ps1'
[21.578s] INFO:colcon.colcon_core.shell:Creating package descriptor '/home/cc/ee106a/fa25/class/ee106a-abg/REAL-Real-Steel/install/imu_tools/share/imu_tools/package.dsv'
[21.581s] INFO:colcon.colcon_core.shell:Creating package script '/home/cc/ee106a/fa25/class/ee106a-abg/REAL-Real-Steel/install/imu_tools/share/imu_tools/package.sh'
[21.583s] INFO:colcon.colcon_core.shell:Creating package script '/home/cc/ee106a/fa25/class/ee106a-abg/REAL-Real-Steel/install/imu_tools/share/imu_tools/package.bash'
[21.586s] INFO:colcon.colcon_core.shell:Creating package script '/home/cc/ee106a/fa25/class/ee106a-abg/REAL-Real-Steel/install/imu_tools/share/imu_tools/package.zsh'
[21.589s] Level 1:colcon.colcon_core.environment:create_file_with_runtime_dependencies(/home/cc/ee106a/fa25/class/ee106a-abg/REAL-Real-Steel/install/imu_tools/share/colcon-core/packages/imu_tools)
[21.591s] DEBUG:colcon.colcon_parallel_executor.executor.parallel:closing loop
[21.591s] DEBUG:colcon.colcon_parallel_executor.executor.parallel:loop closed
[21.592s] DEBUG:colcon.colcon_parallel_executor.executor.parallel:run_until_complete finished with '0'
[21.592s] DEBUG:colcon.colcon_core.event_reactor:joining thread
[21.609s] INFO:colcon.colcon_core.plugin_system:Skipping extension 'colcon_notification.desktop_notification.notify_send': Could not find 'notify-send'
[21.609s] INFO:colcon.colcon_core.plugin_system:Skipping extension 'colcon_notification.desktop_notification.terminal_notifier': Not used on non-Darwin systems
[21.609s] INFO:colcon.colcon_core.plugin_system:Skipping extension 'colcon_notification.desktop_notification.win32': Not used on non-Windows systems
[21.610s] INFO:colcon.colcon_notification.desktop_notification:Sending desktop notification using 'notify2'
[21.787s] DEBUG:colcon.colcon_core.event_reactor:joined thread
[21.788s] INFO:colcon.colcon_core.shell:Creating prefix script '/home/cc/ee106a/fa25/class/ee106a-abg/REAL-Real-Steel/install/local_setup.ps1'
[21.791s] INFO:colcon.colcon_core.shell:Creating prefix util module '/home/cc/ee106a/fa25/class/ee106a-abg/REAL-Real-Steel/install/_local_setup_util_ps1.py'
[21.794s] INFO:colcon.colcon_core.shell:Creating prefix chain script '/home/cc/ee106a/fa25/class/ee106a-abg/REAL-Real-Steel/install/setup.ps1'
[21.804s] INFO:colcon.colcon_core.shell:Creating prefix script '/home/cc/ee106a/fa25/class/ee106a-abg/REAL-Real-Steel/install/local_setup.sh'
[21.807s] INFO:colcon.colcon_core.shell:Creating prefix util module '/home/cc/ee106a/fa25/class/ee106a-abg/REAL-Real-Steel/install/_local_setup_util_sh.py'
[21.810s] INFO:colcon.colcon_core.shell:Creating prefix chain script '/home/cc/ee106a/fa25/class/ee106a-abg/REAL-Real-Steel/install/setup.sh'
[21.819s] INFO:colcon.colcon_core.shell:Creating prefix script '/home/cc/ee106a/fa25/class/ee106a-abg/REAL-Real-Steel/install/local_setup.bash'
[21.822s] INFO:colcon.colcon_core.shell:Creating prefix chain script '/home/cc/ee106a/fa25/class/ee106a-abg/REAL-Real-Steel/install/setup.bash'
[21.831s] INFO:colcon.colcon_core.shell:Creating prefix script '/home/cc/ee106a/fa25/class/ee106a-abg/REAL-Real-Steel/install/local_setup.zsh'
[21.834s] INFO:colcon.colcon_core.shell:Creating prefix chain script '/home/cc/ee106a/fa25/class/ee106a-abg/REAL-Real-Steel/install/setup.zsh'
