[0.116s] Invoking command in '/home/cc/ee106a/fa25/class/ee106a-abg/REAL-Real-Steel/build/imu_filter_madgwick': CMAKE_PREFIX_PATH=${CMAKE_PREFIX_PATH}:/home/cc/ee106a/fa25/class/ee106a-abg/REAL-Real-Steel/install/imu_pipeline:/home/ff/ee106a/robot_workspaces/ur/install/ur7e_utils:/opt/ros/humble /usr/bin/cmake --build /home/cc/ee106a/fa25/class/ee106a-abg/REAL-Real-Steel/build/imu_filter_madgwick -- -j32 -l32
[0.266s] [35m[1mConsolidate compiler generated dependencies of target gtest[0m
[0.267s] [35m[1mConsolidate compiler generated dependencies of target gtest_main[0m
[0.270s] [35m[1mConsolidate compiler generated dependencies of target imu_filter_madgwick[0m
[0.329s] [ 28%] Built target gtest
[0.329s] [ 28%] Built target gtest_main
[0.342s] [ 57%] Built target imu_filter_madgwick
[0.375s] [35m[1mConsolidate compiler generated dependencies of target madgwick_test[0m
[0.376s] [35m[1mConsolidate compiler generated dependencies of target imu_filter_madgwick_node[0m
[0.376s] [35m[1mConsolidate compiler generated dependencies of target stateless_orientation_test[0m
[0.435s] [ 85%] Built target madgwick_test
[0.436s] [ 85%] Built target stateless_orientation_test
[0.448s] [100%] Built target imu_filter_madgwick_node
[0.489s] Invoked command in '/home/cc/ee106a/fa25/class/ee106a-abg/REAL-Real-Steel/build/imu_filter_madgwick' returned '0': CMAKE_PREFIX_PATH=${CMAKE_PREFIX_PATH}:/home/cc/ee106a/fa25/class/ee106a-abg/REAL-Real-Steel/install/imu_pipeline:/home/ff/ee106a/robot_workspaces/ur/install/ur7e_utils:/opt/ros/humble /usr/bin/cmake --build /home/cc/ee106a/fa25/class/ee106a-abg/REAL-Real-Steel/build/imu_filter_madgwick -- -j32 -l32
[0.496s] Invoking command in '/home/cc/ee106a/fa25/class/ee106a-abg/REAL-Real-Steel/build/imu_filter_madgwick': CMAKE_PREFIX_PATH=${CMAKE_PREFIX_PATH}:/home/cc/ee106a/fa25/class/ee106a-abg/REAL-Real-Steel/install/imu_pipeline:/home/ff/ee106a/robot_workspaces/ur/install/ur7e_utils:/opt/ros/humble /usr/bin/cmake --install /home/cc/ee106a/fa25/class/ee106a-abg/REAL-Real-Steel/build/imu_filter_madgwick
[0.515s] -- Install configuration: ""
[0.516s] -- Up-to-date: /home/cc/ee106a/fa25/class/ee106a-abg/REAL-Real-Steel/install/imu_filter_madgwick/lib/libimu_filter_madgwick.so
[0.521s] -- Up-to-date: /home/cc/ee106a/fa25/class/ee106a-abg/REAL-Real-Steel/install/imu_filter_madgwick/include
[0.523s] -- Up-to-date: /home/cc/ee106a/fa25/class/ee106a-abg/REAL-Real-Steel/install/imu_filter_madgwick/include/imu_filter_madgwick
[0.525s] -- Up-to-date: /home/cc/ee106a/fa25/class/ee106a-abg/REAL-Real-Steel/install/imu_filter_madgwick/include/imu_filter_madgwick/base_node.hpp
[0.526s] -- Up-to-date: /home/cc/ee106a/fa25/class/ee106a-abg/REAL-Real-Steel/install/imu_filter_madgwick/include/imu_filter_madgwick/imu_filter.h
[0.532s] -- Up-to-date: /home/cc/ee106a/fa25/class/ee106a-abg/REAL-Real-Steel/install/imu_filter_madgwick/include/imu_filter_madgwick/imu_filter_ros.h
[0.532s] -- Up-to-date: /home/cc/ee106a/fa25/class/ee106a-abg/REAL-Real-Steel/install/imu_filter_madgwick/include/imu_filter_madgwick/stateless_orientation.h
[0.532s] -- Up-to-date: /home/cc/ee106a/fa25/class/ee106a-abg/REAL-Real-Steel/install/imu_filter_madgwick/include/imu_filter_madgwick/visibility_control.h
[0.532s] -- Up-to-date: /home/cc/ee106a/fa25/class/ee106a-abg/REAL-Real-Steel/install/imu_filter_madgwick/include/imu_filter_madgwick/world_frame.h
[0.532s] -- Up-to-date: /home/cc/ee106a/fa25/class/ee106a-abg/REAL-Real-Steel/install/imu_filter_madgwick/lib/imu_filter_madgwick/imu_filter_madgwick_node
[0.535s] -- Up-to-date: /home/cc/ee106a/fa25/class/ee106a-abg/REAL-Real-Steel/install/imu_filter_madgwick/share/imu_filter_madgwick/launch
[0.536s] -- Up-to-date: /home/cc/ee106a/fa25/class/ee106a-abg/REAL-Real-Steel/install/imu_filter_madgwick/share/imu_filter_madgwick/launch/imu_filter.launch.py
[0.537s] -- Up-to-date: /home/cc/ee106a/fa25/class/ee106a-abg/REAL-Real-Steel/install/imu_filter_madgwick/share/imu_filter_madgwick/launch/imu_filter_component.launch.py
[0.538s] -- Up-to-date: /home/cc/ee106a/fa25/class/ee106a-abg/REAL-Real-Steel/install/imu_filter_madgwick/share/imu_filter_madgwick/config
[0.539s] -- Up-to-date: /home/cc/ee106a/fa25/class/ee106a-abg/REAL-Real-Steel/install/imu_filter_madgwick/share/imu_filter_madgwick/config/imu_filter.yaml
[0.540s] -- Up-to-date: /home/cc/ee106a/fa25/class/ee106a-abg/REAL-Real-Steel/install/imu_filter_madgwick/share/imu_filter_madgwick/environment/library_path.sh
[0.541s] -- Up-to-date: /home/cc/ee106a/fa25/class/ee106a-abg/REAL-Real-Steel/install/imu_filter_madgwick/share/imu_filter_madgwick/environment/library_path.dsv
[0.542s] -- Up-to-date: /home/cc/ee106a/fa25/class/ee106a-abg/REAL-Real-Steel/install/imu_filter_madgwick/share/ament_index/resource_index/package_run_dependencies/imu_filter_madgwick
[0.543s] -- Up-to-date: /home/cc/ee106a/fa25/class/ee106a-abg/REAL-Real-Steel/install/imu_filter_madgwick/share/ament_index/resource_index/parent_prefix_path/imu_filter_madgwick
[0.543s] -- Up-to-date: /home/cc/ee106a/fa25/class/ee106a-abg/REAL-Real-Steel/install/imu_filter_madgwick/share/imu_filter_madgwick/environment/ament_prefix_path.sh
[0.545s] -- Up-to-date: /home/cc/ee106a/fa25/class/ee106a-abg/REAL-Real-Steel/install/imu_filter_madgwick/share/imu_filter_madgwick/environment/ament_prefix_path.dsv
[0.546s] -- Up-to-date: /home/cc/ee106a/fa25/class/ee106a-abg/REAL-Real-Steel/install/imu_filter_madgwick/share/imu_filter_madgwick/environment/path.sh
[0.547s] -- Up-to-date: /home/cc/ee106a/fa25/class/ee106a-abg/REAL-Real-Steel/install/imu_filter_madgwick/share/imu_filter_madgwick/environment/path.dsv
[0.548s] -- Up-to-date: /home/cc/ee106a/fa25/class/ee106a-abg/REAL-Real-Steel/install/imu_filter_madgwick/share/imu_filter_madgwick/local_setup.bash
[0.548s] -- Up-to-date: /home/cc/ee106a/fa25/class/ee106a-abg/REAL-Real-Steel/install/imu_filter_madgwick/share/imu_filter_madgwick/local_setup.sh
[0.549s] -- Up-to-date: /home/cc/ee106a/fa25/class/ee106a-abg/REAL-Real-Steel/install/imu_filter_madgwick/share/imu_filter_madgwick/local_setup.zsh
[0.551s] -- Up-to-date: /home/cc/ee106a/fa25/class/ee106a-abg/REAL-Real-Steel/install/imu_filter_madgwick/share/imu_filter_madgwick/local_setup.dsv
[0.552s] -- Installing: /home/cc/ee106a/fa25/class/ee106a-abg/REAL-Real-Steel/install/imu_filter_madgwick/share/imu_filter_madgwick/package.dsv
[0.576s] -- Up-to-date: /home/cc/ee106a/fa25/class/ee106a-abg/REAL-Real-Steel/install/imu_filter_madgwick/share/ament_index/resource_index/packages/imu_filter_madgwick
[0.577s] -- Up-to-date: /home/cc/ee106a/fa25/class/ee106a-abg/REAL-Real-Steel/install/imu_filter_madgwick/share/ament_index/resource_index/rclcpp_components/imu_filter_madgwick
[0.580s] -- Up-to-date: /home/cc/ee106a/fa25/class/ee106a-abg/REAL-Real-Steel/install/imu_filter_madgwick/share/imu_filter_madgwick/cmake/export_imu_filter_madgwickExport.cmake
[0.581s] -- Up-to-date: /home/cc/ee106a/fa25/class/ee106a-abg/REAL-Real-Steel/install/imu_filter_madgwick/share/imu_filter_madgwick/cmake/export_imu_filter_madgwickExport-noconfig.cmake
[0.582s] -- Up-to-date: /home/cc/ee106a/fa25/class/ee106a-abg/REAL-Real-Steel/install/imu_filter_madgwick/share/imu_filter_madgwick/cmake/ament_cmake_export_include_directories-extras.cmake
[0.583s] -- Up-to-date: /home/cc/ee106a/fa25/class/ee106a-abg/REAL-Real-Steel/install/imu_filter_madgwick/share/imu_filter_madgwick/cmake/ament_cmake_export_libraries-extras.cmake
[0.584s] -- Up-to-date: /home/cc/ee106a/fa25/class/ee106a-abg/REAL-Real-Steel/install/imu_filter_madgwick/share/imu_filter_madgwick/cmake/ament_cmake_export_targets-extras.cmake
[0.585s] -- Up-to-date: /home/cc/ee106a/fa25/class/ee106a-abg/REAL-Real-Steel/install/imu_filter_madgwick/share/imu_filter_madgwick/cmake/imu_filter_madgwickConfig.cmake
[0.586s] -- Up-to-date: /home/cc/ee106a/fa25/class/ee106a-abg/REAL-Real-Steel/install/imu_filter_madgwick/share/imu_filter_madgwick/cmake/imu_filter_madgwickConfig-version.cmake
[0.587s] -- Up-to-date: /home/cc/ee106a/fa25/class/ee106a-abg/REAL-Real-Steel/install/imu_filter_madgwick/share/imu_filter_madgwick/package.xml
[0.841s] Invoked command in '/home/cc/ee106a/fa25/class/ee106a-abg/REAL-Real-Steel/build/imu_filter_madgwick' returned '0': CMAKE_PREFIX_PATH=${CMAKE_PREFIX_PATH}:/home/cc/ee106a/fa25/class/ee106a-abg/REAL-Real-Steel/install/imu_pipeline:/home/ff/ee106a/robot_workspaces/ur/install/ur7e_utils:/opt/ros/humble /usr/bin/cmake --install /home/cc/ee106a/fa25/class/ee106a-abg/REAL-Real-Steel/build/imu_filter_madgwick
