running egg_info
writing ../../build/imu_pipeline/imu_pipeline.egg-info/PKG-INFO
writing dependency_links to ../../build/imu_pipeline/imu_pipeline.egg-info/dependency_links.txt
writing entry points to ../../build/imu_pipeline/imu_pipeline.egg-info/entry_points.txt
writing requirements to ../../build/imu_pipeline/imu_pipeline.egg-info/requires.txt
writing top-level names to ../../build/imu_pipeline/imu_pipeline.egg-info/top_level.txt
reading manifest file '../../build/imu_pipeline/imu_pipeline.egg-info/SOURCES.txt'
writing manifest file '../../build/imu_pipeline/imu_pipeline.egg-info/SOURCES.txt'
running build
running build_py
copying imu_pipeline/serial_imu_bridge.py -> /home/cc/ee106a/fa25/class/ee106a-abj/REAL-Real-Steel/build/imu_pipeline/build/lib/imu_pipeline
running install
running install_lib
copying /home/cc/ee106a/fa25/class/ee106a-abj/REAL-Real-Steel/build/imu_pipeline/build/lib/imu_pipeline/serial_imu_bridge.py -> /home/cc/ee106a/fa25/class/ee106a-abj/REAL-Real-Steel/install/imu_pipeline/lib/python3.10/site-packages/imu_pipeline
byte-compiling /home/cc/ee106a/fa25/class/ee106a-abj/REAL-Real-Steel/install/imu_pipeline/lib/python3.10/site-packages/imu_pipeline/serial_imu_bridge.py to serial_imu_bridge.cpython-310.pyc
running install_data
running install_egg_info
removing '/home/cc/ee106a/fa25/class/ee106a-abj/REAL-Real-Steel/install/imu_pipeline/lib/python3.10/site-packages/imu_pipeline-0.0.0-py3.10.egg-info' (and everything under it)
Copying ../../build/imu_pipeline/imu_pipeline.egg-info to /home/cc/ee106a/fa25/class/ee106a-abj/REAL-Real-Steel/install/imu_pipeline/lib/python3.10/site-packages/imu_pipeline-0.0.0-py3.10.egg-info
running install_scripts
Installing ble_imu_bridge script to /home/cc/ee106a/fa25/class/ee106a-abj/REAL-Real-Steel/install/imu_pipeline/lib/imu_pipeline
Installing serial_imu_bridge script to /home/cc/ee106a/fa25/class/ee106a-abj/REAL-Real-Steel/install/imu_pipeline/lib/imu_pipeline
writing list of installed files to '/home/cc/ee106a/fa25/class/ee106a-abj/REAL-Real-Steel/build/imu_pipeline/install.log'
