[0.658s] Invoking command in '/home/cc/ee106a/fa25/class/ee106a-abg/REAL-Real-Steel/src/imu_pipeline': AMENT_PREFIX_PATH=/home/cc/ee106a/fa25/class/ee106a-abg/REAL-Real-Steel/install/imu_filter_madgwick:${AMENT_PREFIX_PATH} CMAKE_PREFIX_PATH=/home/cc/ee106a/fa25/class/ee106a-abg/REAL-Real-Steel/install/imu_filter_madgwick LD_LIBRARY_PATH=/home/cc/ee106a/fa25/class/ee106a-abg/REAL-Real-Steel/install/imu_filter_madgwick/lib:${LD_LIBRARY_PATH} PYTHONPATH=/home/cc/ee106a/fa25/class/ee106a-abg/REAL-Real-Steel/build/imu_pipeline/prefix_override:/usr/lib/python3/dist-packages/colcon_core/task/python/colcon_distutils_commands:/home/cc/ee106a/fa25/class/ee106a-abg/REAL-Real-Steel/install/imu_pipeline/lib/python3.10/site-packages:${PYTHONPATH} /usr/bin/python3 -W ignore:setup.py install is deprecated -W ignore:easy_install command is deprecated setup.py egg_info --egg-base ../../build/imu_pipeline build --build-base /home/cc/ee106a/fa25/class/ee106a-abg/REAL-Real-Steel/build/imu_pipeline/build install --record /home/cc/ee106a/fa25/class/ee106a-abg/REAL-Real-Steel/build/imu_pipeline/install.log --single-version-externally-managed install_data
[0.864s] running egg_info
[0.865s] creating ../../build/imu_pipeline/imu_pipeline.egg-info
[0.866s] writing ../../build/imu_pipeline/imu_pipeline.egg-info/PKG-INFO
[0.871s] writing dependency_links to ../../build/imu_pipeline/imu_pipeline.egg-info/dependency_links.txt
[0.873s] writing entry points to ../../build/imu_pipeline/imu_pipeline.egg-info/entry_points.txt
[0.875s] writing requirements to ../../build/imu_pipeline/imu_pipeline.egg-info/requires.txt
[0.876s] writing top-level names to ../../build/imu_pipeline/imu_pipeline.egg-info/top_level.txt
[0.879s] writing manifest file '../../build/imu_pipeline/imu_pipeline.egg-info/SOURCES.txt'
[0.883s] reading manifest file '../../build/imu_pipeline/imu_pipeline.egg-info/SOURCES.txt'
[0.886s] writing manifest file '../../build/imu_pipeline/imu_pipeline.egg-info/SOURCES.txt'
[0.887s] running build
[0.888s] running build_py
[0.889s] creating /home/cc/ee106a/fa25/class/ee106a-abg/REAL-Real-Steel/build/imu_pipeline/build
[0.889s] creating /home/cc/ee106a/fa25/class/ee106a-abg/REAL-Real-Steel/build/imu_pipeline/build/lib
[0.890s] creating /home/cc/ee106a/fa25/class/ee106a-abg/REAL-Real-Steel/build/imu_pipeline/build/lib/imu_pipeline
[0.892s] copying imu_pipeline/ble_imu_bridge.py -> /home/cc/ee106a/fa25/class/ee106a-abg/REAL-Real-Steel/build/imu_pipeline/build/lib/imu_pipeline
[0.895s] copying imu_pipeline/__init__.py -> /home/cc/ee106a/fa25/class/ee106a-abg/REAL-Real-Steel/build/imu_pipeline/build/lib/imu_pipeline
[0.898s] copying imu_pipeline/serial_imu_bridge.py -> /home/cc/ee106a/fa25/class/ee106a-abg/REAL-Real-Steel/build/imu_pipeline/build/lib/imu_pipeline
[0.902s] running install
[0.902s] running install_lib
[0.906s] creating /home/cc/ee106a/fa25/class/ee106a-abg/REAL-Real-Steel/install/imu_pipeline/lib/python3.10/site-packages/imu_pipeline
[0.907s] copying /home/cc/ee106a/fa25/class/ee106a-abg/REAL-Real-Steel/build/imu_pipeline/build/lib/imu_pipeline/ble_imu_bridge.py -> /home/cc/ee106a/fa25/class/ee106a-abg/REAL-Real-Steel/install/imu_pipeline/lib/python3.10/site-packages/imu_pipeline
[0.911s] copying /home/cc/ee106a/fa25/class/ee106a-abg/REAL-Real-Steel/build/imu_pipeline/build/lib/imu_pipeline/__init__.py -> /home/cc/ee106a/fa25/class/ee106a-abg/REAL-Real-Steel/install/imu_pipeline/lib/python3.10/site-packages/imu_pipeline
[0.914s] copying /home/cc/ee106a/fa25/class/ee106a-abg/REAL-Real-Steel/build/imu_pipeline/build/lib/imu_pipeline/serial_imu_bridge.py -> /home/cc/ee106a/fa25/class/ee106a-abg/REAL-Real-Steel/install/imu_pipeline/lib/python3.10/site-packages/imu_pipeline
[0.920s] byte-compiling /home/cc/ee106a/fa25/class/ee106a-abg/REAL-Real-Steel/install/imu_pipeline/lib/python3.10/site-packages/imu_pipeline/ble_imu_bridge.py to ble_imu_bridge.cpython-310.pyc
[0.927s] byte-compiling /home/cc/ee106a/fa25/class/ee106a-abg/REAL-Real-Steel/install/imu_pipeline/lib/python3.10/site-packages/imu_pipeline/__init__.py to __init__.cpython-310.pyc
[0.930s] byte-compiling /home/cc/ee106a/fa25/class/ee106a-abg/REAL-Real-Steel/install/imu_pipeline/lib/python3.10/site-packages/imu_pipeline/serial_imu_bridge.py to serial_imu_bridge.cpython-310.pyc
[0.935s] running install_data
[0.936s] creating /home/cc/ee106a/fa25/class/ee106a-abg/REAL-Real-Steel/install/imu_pipeline/share/ament_index
[0.936s] creating /home/cc/ee106a/fa25/class/ee106a-abg/REAL-Real-Steel/install/imu_pipeline/share/ament_index/resource_index
[0.937s] creating /home/cc/ee106a/fa25/class/ee106a-abg/REAL-Real-Steel/install/imu_pipeline/share/ament_index/resource_index/packages
[0.939s] copying resource/imu_pipeline -> /home/cc/ee106a/fa25/class/ee106a-abg/REAL-Real-Steel/install/imu_pipeline/share/ament_index/resource_index/packages
[0.942s] copying package.xml -> /home/cc/ee106a/fa25/class/ee106a-abg/REAL-Real-Steel/install/imu_pipeline/share/imu_pipeline
[0.945s] running install_egg_info
[0.949s] Copying ../../build/imu_pipeline/imu_pipeline.egg-info to /home/cc/ee106a/fa25/class/ee106a-abg/REAL-Real-Steel/install/imu_pipeline/lib/python3.10/site-packages/imu_pipeline-0.0.0-py3.10.egg-info
[0.982s] running install_scripts
[1.010s] Installing serial_imu_bridge script to /home/cc/ee106a/fa25/class/ee106a-abg/REAL-Real-Steel/install/imu_pipeline/lib/imu_pipeline
[1.013s] writing list of installed files to '/home/cc/ee106a/fa25/class/ee106a-abg/REAL-Real-Steel/build/imu_pipeline/install.log'
[1.029s] Invoked command in '/home/cc/ee106a/fa25/class/ee106a-abg/REAL-Real-Steel/src/imu_pipeline' returned '0': AMENT_PREFIX_PATH=/home/cc/ee106a/fa25/class/ee106a-abg/REAL-Real-Steel/install/imu_filter_madgwick:${AMENT_PREFIX_PATH} CMAKE_PREFIX_PATH=/home/cc/ee106a/fa25/class/ee106a-abg/REAL-Real-Steel/install/imu_filter_madgwick LD_LIBRARY_PATH=/home/cc/ee106a/fa25/class/ee106a-abg/REAL-Real-Steel/install/imu_filter_madgwick/lib:${LD_LIBRARY_PATH} PYTHONPATH=/home/cc/ee106a/fa25/class/ee106a-abg/REAL-Real-Steel/build/imu_pipeline/prefix_override:/usr/lib/python3/dist-packages/colcon_core/task/python/colcon_distutils_commands:/home/cc/ee106a/fa25/class/ee106a-abg/REAL-Real-Steel/install/imu_pipeline/lib/python3.10/site-packages:${PYTHONPATH} /usr/bin/python3 -W ignore:setup.py install is deprecated -W ignore:easy_install command is deprecated setup.py egg_info --egg-base ../../build/imu_pipeline build --build-base /home/cc/ee106a/fa25/class/ee106a-abg/REAL-Real-Steel/build/imu_pipeline/build install --record /home/cc/ee106a/fa25/class/ee106a-abg/REAL-Real-Steel/build/imu_pipeline/install.log --single-version-externally-managed install_data
